=========================================
3-PLANE ED TRAINING - HTCondor Job
=========================================
Job started at: Tue Nov 18 09:04:53 AM CET 2025
Running on host: b9g47n9312.cern.ch
JSON config: json/v56_sweep_3.json
=========================================
Setting up environment using init.sh...
✓ Sourced LCG environment: LCG_106_cuda/x86_64-el9-gcc11-opt
✓ Added local packages to PYTHONPATH
[0;34m[INFO][0m ML for Pointing Environment
[0;34m[INFO][0m Repository: /afs/cern.ch/work/e/evilla/private/dune/refactor_ml
[0;34m[INFO][0m Python modules: /afs/cern.ch/work/e/evilla/private/dune/refactor_ml/python
[0;34m[INFO][0m Data directory: /eos/home-e/evilla/dune/sn-tps/images_test
[0;34m[INFO][0m Output directory: /eos/user/e/evilla/dune/sn-tps/neural_networks
[0;34m[INFO][0m Python version: 3.11.9
[0;32m[SUCCESS][0m TensorFlow 2.16.1 is available

GPU Information:
Tesla T4, 580.95.05, 15360 MiB

Working directory: /afs/cern.ch/work/e/evilla/private/dune/refactor_ml
PYTHONPATH: /afs/cern.ch/work/e/evilla/private/dune/refactor_ml/local_packages/lib/python3.11/site-packages:/afs/cern.ch/work/e/evilla/private/dune/refactor_ml/python:/cvmfs/sft.cern.ch/lcg/views/LCG_106_cuda/x86_64-el9-gcc11-opt/lib/python3.11/site-packages/itk:/cvmfs/sft.cern.ch/lcg/views/LCG_106_cuda/x86_64-el9-gcc11-opt/python:/cvmfs/sft.cern.ch/lcg/views/LCG_106_cuda/x86_64-el9-gcc11-opt/lib:/cvmfs/sft.cern.ch/lcg/views/LCG_106_cuda/x86_64-el9-gcc11-opt/lib/python3.11/site-packages

Starting training...
Command: python3 electron_direction/models/train_three_plane_simple.py -j json/v56_sweep_3.json

