000 (9063655.000.000) 11/18 09:04:19 Job submitted from host: <188.185.8.79:9618?addrs=188.185.8.79-9618+[2001-1458-d00-63--100-23a]-9618&alias=bigbird26.cern.ch&noUDP&sock=schedd_3453776_a447>
...
040 (9063655.000.000) 11/18 09:04:47 Started transferring input files
	Transferring to host: <188.184.195.47:9618?addrs=188.184.195.47-9618+[2001-1458-301-72--100-2d3]-9618&alias=b9g47n2619.cern.ch&noUDP&sock=slot1_1_15314_d928_8645>
...
040 (9063655.000.000) 11/18 09:04:47 Finished transferring input files
...
001 (9063655.000.000) 11/18 09:04:48 Job executing on host: <188.184.195.47:9618?addrs=188.184.195.47-9618+[2001-1458-301-72--100-2d3]-9618&alias=b9g47n2619.cern.ch&noUDP&sock=startd_14416_c162>
	SlotName: slot1_1@b9g47n2619.cern.ch
	AvailableGPUs = { GPUs_GPU_ce719f31 }
	CondorScratchDir = "/pool/condor/dir_2871918"
	Cpus = 4
	Disk = 2048
	GPUs = 1
	GPUs_GPU_ce719f31 = [ Id = "GPU-ce719f31"; ClockMhz = 1480.5; Capability = 6.0; CoresPerCU = 64; DeviceName = "Tesla P100-SXM2-16GB"; DeviceUuid = "ce719f31-903b-fd6c-c236-2c658455a73e"; ECCEnabled = false; ComputeUnits = 56; DriverVersion = 13.0; DevicePciBusId = "0000:06:00.0"; GlobalMemoryMb = 16269; MaxSupportedVersion = 13000 ]
	Memory = 12300
...
006 (9063655.000.000) 11/18 09:05:02 Image size of job updated: 95744
	94  -  MemoryUsage of job (MB)
	95744  -  ResidentSetSize of job (KB)
...
006 (9063655.000.000) 11/18 09:05:33 Image size of job updated: 260380
	95  -  MemoryUsage of job (MB)
	96380  -  ResidentSetSize of job (KB)
...
040 (9063655.000.000) 11/18 09:05:33 Started transferring output files
...
040 (9063655.000.000) 11/18 09:05:33 Finished transferring output files
...
005 (9063655.000.000) 11/18 09:05:33 Job terminated.
	(1) Normal termination (return value 1)
		Usr 0 00:00:15, Sys 0 00:00:10  -  Run Remote Usage
		Usr 0 00:00:00, Sys 0 00:00:00  -  Run Local Usage
		Usr 0 00:00:15, Sys 0 00:00:10  -  Total Remote Usage
		Usr 0 00:00:00, Sys 0 00:00:00  -  Total Local Usage
	2539  -  Run Bytes Sent By Job
	1658  -  Run Bytes Received By Job
	2539  -  Total Bytes Sent By Job
	1658  -  Total Bytes Received By Job
	Partitionable Resources :    Usage  Request Allocated Assigned
	   Cpus                 :                 4         4 
	   Disk (KB)            :       23        2      2048 
	   GPUs                 :                 1         1 "GPU-ce719f31"
	   Memory (MB)          :       95    12288     12300 
	   TimeExecute (s)      :       45                    
	   TimeSlotBusy (s)     :       47                    

	Job terminated of its own accord at 2025-11-18T08:05:33Z with exit-code 1.
...
