000 (9063817.002.000) 11/18 10:10:19 Job submitted from host: <188.185.8.79:9618?addrs=188.185.8.79-9618+[2001-1458-d00-63--100-23a]-9618&alias=bigbird26.cern.ch&noUDP&sock=schedd_3453776_a447>
...
040 (9063817.002.000) 11/18 10:10:26 Started transferring input files
	Transferring to host: <188.185.93.218:9618?addrs=188.185.93.218-9618+[2001-1458-d00-6c--100-34c]-9618&alias=b9g57n0991.cern.ch&noUDP&sock=slot1_1_4005_a27c_8363>
...
040 (9063817.002.000) 11/18 10:10:26 Finished transferring input files
...
001 (9063817.002.000) 11/18 10:10:27 Job executing on host: <188.185.93.218:9618?addrs=188.185.93.218-9618+[2001-1458-d00-6c--100-34c]-9618&alias=b9g57n0991.cern.ch&noUDP&sock=startd_3640_50d2>
	SlotName: slot1_1@b9g57n0991.cern.ch
	AvailableGPUs = { GPUs_GPU_481212f1 }
	CondorScratchDir = "/pool/condor/dir_27560"
	Cpus = 4
	Disk = 2098133
	GPUs = 1
	GPUs_GPU_481212f1 = [ Id = "GPU-481212f1"; ClockMhz = 1410.0; Capability = 8.0; CoresPerCU = 64; DeviceName = "NVIDIA A100-PCIE-40GB"; DeviceUuid = "481212f1-d5bc-e456-f450-346df9467bda"; ECCEnabled = true; ComputeUnits = 108; DriverVersion = 13.0; DevicePciBusId = "0000:06:00.0"; GlobalMemoryMb = 40441; MaxSupportedVersion = 13000 ]
	Memory = 12300
...
006 (9063817.002.000) 11/18 10:10:40 Image size of job updated: 28864
	29  -  MemoryUsage of job (MB)
	28864  -  ResidentSetSize of job (KB)
...
006 (9063817.002.000) 11/18 10:15:40 Image size of job updated: 7421824
	7247  -  MemoryUsage of job (MB)
	7420752  -  ResidentSetSize of job (KB)
...
006 (9063817.002.000) 11/18 10:18:39 Image size of job updated: 7487032
	7247  -  MemoryUsage of job (MB)
	7420752  -  ResidentSetSize of job (KB)
...
040 (9063817.002.000) 11/18 10:18:39 Started transferring output files
...
040 (9063817.002.000) 11/18 10:18:39 Finished transferring output files
...
005 (9063817.002.000) 11/18 10:18:39 Job terminated.
	(1) Normal termination (return value 0)
		Usr 0 00:04:01, Sys 0 00:04:51  -  Run Remote Usage
		Usr 0 00:00:00, Sys 0 00:00:00  -  Run Local Usage
		Usr 0 00:04:01, Sys 0 00:04:51  -  Total Remote Usage
		Usr 0 00:00:00, Sys 0 00:00:00  -  Total Local Usage
	873161  -  Run Bytes Sent By Job
	1696  -  Run Bytes Received By Job
	873161  -  Total Bytes Sent By Job
	1696  -  Total Bytes Received By Job
	Partitionable Resources :    Usage  Request Allocated Assigned
	   Cpus                 :     1.99        4         4 
	   Disk (KB)            :   879     2097152   2098133 
	   GPUs                 :     0.02        1         1 "GPU-481212f1"
	   GpusMemory (MB)      : 39456                       
	   Memory (MB)          :  7247       12288     12300 
	   TimeExecute (s)      :   492                       
	   TimeSlotBusy (s)     :   494                       

	Job terminated of its own accord at 2025-11-18T09:18:39Z with exit-code 0.
...
