000 (9063656.000.000) 11/18 09:13:49 Job submitted from host: <188.185.8.79:9618?addrs=188.185.8.79-9618+[2001-1458-d00-63--100-23a]-9618&alias=bigbird26.cern.ch&noUDP&sock=schedd_3453776_a447>
...
040 (9063656.000.000) 11/18 09:28:47 Started transferring input files
	Transferring to host: <188.185.238.10:9618?addrs=188.185.238.10-9618+[2001-1458-303-28--100-6]-9618&alias=b9pgpun002.cern.ch&noUDP&sock=slot1_3_1939520_0c0f_376>
...
040 (9063656.000.000) 11/18 09:28:47 Finished transferring input files
...
001 (9063656.000.000) 11/18 09:28:48 Job executing on host: <188.185.238.10:9618?addrs=188.185.238.10-9618+[2001-1458-303-28--100-6]-9618&alias=b9pgpun002.cern.ch&noUDP&sock=startd_1939478_2ae8>
	SlotName: slot1_3@b9pgpun002.cern.ch
	AvailableGPUs = { GPUs_GPU_9da60805 }
	CondorScratchDir = "/pool/condor/dir_2509852"
	Cpus = 6
	Disk = 7234
	GPUs = 1
	GPUs_GPU_9da60805 = [ Id = "GPU-9da60805"; ClockMhz = 1785.0; Capability = 9.0; CoresPerCU = 128; DeviceName = "NVIDIA H100 NVL"; DeviceUuid = "9da60805-d028-0dcf-913d-840a8f174736"; ECCEnabled = true; ComputeUnits = 132; DriverVersion = 13.0; DevicePciBusId = "0000:AD:00.0"; GlobalMemoryMb = 95320; MaxSupportedVersion = 13000 ]
	Memory = 18000
...
006 (9063656.000.000) 11/18 09:29:02 Image size of job updated: 262448
	257  -  MemoryUsage of job (MB)
	262448  -  ResidentSetSize of job (KB)
...
006 (9063656.000.000) 11/18 09:34:03 Image size of job updated: 11248308
	10985  -  MemoryUsage of job (MB)
	11248308  -  ResidentSetSize of job (KB)
...
006 (9063656.000.000) 11/18 09:39:04 Image size of job updated: 23067860
	22528  -  MemoryUsage of job (MB)
	23067860  -  ResidentSetSize of job (KB)
...
006 (9063656.000.000) 11/18 09:44:04 Image size of job updated: 29440024
	28751  -  MemoryUsage of job (MB)
	29440024  -  ResidentSetSize of job (KB)
...
006 (9063656.000.000) 11/18 09:49:05 Image size of job updated: 29471080
	28768  -  MemoryUsage of job (MB)
	29457848  -  ResidentSetSize of job (KB)
...
006 (9063656.000.000) 11/18 09:50:04 Image size of job updated: 29600304
	28768  -  MemoryUsage of job (MB)
	29457848  -  ResidentSetSize of job (KB)
...
040 (9063656.000.000) 11/18 09:50:04 Started transferring output files
...
040 (9063656.000.000) 11/18 09:50:04 Finished transferring output files
...
005 (9063656.000.000) 11/18 09:50:04 Job terminated.
	(1) Normal termination (return value 0)
		Usr 0 00:14:06, Sys 0 00:03:41  -  Run Remote Usage
		Usr 0 00:00:00, Sys 0 00:00:00  -  Run Local Usage
		Usr 0 00:14:06, Sys 0 00:03:41  -  Total Remote Usage
		Usr 0 00:00:00, Sys 0 00:00:00  -  Total Local Usage
	2188703  -  Run Bytes Sent By Job
	1696  -  Run Bytes Received By Job
	2188703  -  Total Bytes Sent By Job
	1696  -  Total Bytes Received By Job
	Partitionable Resources :    Usage  Request Allocated Assigned
	   Cpus                 :     1.72        6         6 
	   Disk (KB)            :  2164           2      7234 
	   GPUs                 :     0.33        1         1 "GPU-9da60805"
	   GpusMemory (MB)      : 94192                       
	   Memory (MB)          : 28768       18000     18000 
	   TimeExecute (s)      :  1276                       
	   TimeSlotBusy (s)     :  1281                       

	Job terminated of its own accord at 2025-11-18T08:50:04Z with exit-code 0.
...
