2025-11-18 09:32:00.895589: I tensorflow/core/util/port.cc:113] oneDNN custom operations are on. You may see slightly different numerical results due to floating-point round-off errors from different computation orders. To turn them off, set the environment variable `TF_ENABLE_ONEDNN_OPTS=0`.
2025-11-18 09:32:00.934091: I tensorflow/core/platform/cpu_feature_guard.cc:210] This TensorFlow binary is optimized to use available CPU instructions in performance-critical operations.
To enable the following instructions: AVX2 AVX512F AVX512_VNNI AVX512_BF16 AVX512_FP16 AVX_VNNI AMX_TILE AMX_INT8 AMX_BF16 FMA, in other operations, rebuild TensorFlow with the appropriate compiler flags.
2025-11-18 09:32:02.281844: W tensorflow/compiler/tf2tensorrt/utils/py_utils.cc:38] TF-TRT Warning: Could not find TensorRT
2025-11-18 09:33:43.778004: I tensorflow/core/common_runtime/gpu/gpu_device.cc:1928] Created device /job:localhost/replica:0/task:0/device:GPU:0 with 92992 MB memory:  -> device: 0, name: NVIDIA H100 NVL, pci bus id: 0000:ae:00.0, compute capability: 9.0
/cvmfs/sft.cern.ch/lcg/views/LCG_106_cuda/x86_64-el9-gcc11-opt/lib/python3.11/site-packages/keras/src/optimizers/base_optimizer.py:33: UserWarning: Argument `decay` is no longer supported and will be ignored.
  warnings.warn(
WARNING: All log messages before absl::InitializeLog() is called are written to STDERR
I0000 00:00:1763454833.405690     706 service.cc:145] XLA service 0x148de0036210 initialized for platform CUDA (this does not guarantee that XLA will be used). Devices:
I0000 00:00:1763454833.405748     706 service.cc:153]   StreamExecutor device (0): NVIDIA H100 NVL, Compute Capability 9.0
2025-11-18 09:33:53.624262: I tensorflow/compiler/mlir/tensorflow/utils/dump_mlir_util.cc:268] disabling MLIR crash reproducer, set env var `MLIR_CRASH_REPRODUCER_DIRECTORY` to enable.
2025-11-18 09:33:54.754693: I external/local_xla/xla/stream_executor/cuda/cuda_dnn.cc:465] Loaded cuDNN version 8907
I0000 00:00:1763454840.987905     706 device_compiler.h:188] Compiled cluster using XLA!  This line is logged at most once for the lifetime of the process.
WARNING: All log messages before absl::InitializeLog() is called are written to STDERR
I0000 00:00:1763454852.031091    1986 asm_compiler.cc:369] ptxas warning : Registers are spilled to local memory in function 'triton_gemm_dot_522', 4 bytes spill stores, 4 bytes spill loads

Traceback (most recent call last):
  File "/afs/cern.ch/work/e/evilla/private/dune/refactor_ml/electron_direction/models/train_three_plane_simple.py", line 284, in <module>
    main()
  File "/afs/cern.ch/work/e/evilla/private/dune/refactor_ml/electron_direction/models/train_three_plane_simple.py", line 215, in main
    history = model.fit(
              ^^^^^^^^^^
  File "/cvmfs/sft.cern.ch/lcg/views/LCG_106_cuda/x86_64-el9-gcc11-opt/lib/python3.11/site-packages/keras/src/utils/traceback_utils.py", line 122, in error_handler
    raise e.with_traceback(filtered_tb) from None
  File "/cvmfs/sft.cern.ch/lcg/views/LCG_106_cuda/x86_64-el9-gcc11-opt/lib/python3.11/site-packages/keras/src/saving/saving_lib.py", line 91, in save_model
    with open(filepath, "wb") as f:
         ^^^^^^^^^^^^^^^^^^^^
OSError: [Errno 122] Disk quota exceeded: '/eos/user/e/evilla/dune/sn-tps/neural_networks/electron_direction/three_plane_three_plane_v56_sweep_5_20251118_093344/checkpoints/model_epoch_01_val_loss_1.3840.keras'
