000 (9063657.001.000) 11/18 09:13:53 Job submitted from host: <188.185.8.79:9618?addrs=188.185.8.79-9618+[2001-1458-d00-63--100-23a]-9618&alias=bigbird26.cern.ch&noUDP&sock=schedd_3453776_a447>
...
040 (9063657.001.000) 11/18 09:18:20 Started transferring input files
	Transferring to host: <188.184.195.155:9618?addrs=188.184.195.155-9618+[2001-1458-301-72--100-180]-9618&alias=b9g47n7960.cern.ch&noUDP&sock=slot1_1_15243_d285_7619>
...
040 (9063657.001.000) 11/18 09:18:20 Finished transferring input files
...
001 (9063657.001.000) 11/18 09:18:21 Job executing on host: <188.184.195.155:9618?addrs=188.184.195.155-9618+[2001-1458-301-72--100-180]-9618&alias=b9g47n7960.cern.ch&noUDP&sock=startd_14216_9271>
	SlotName: slot1_1@b9g47n7960.cern.ch
	AvailableGPUs = { GPUs_GPU_d716e2e7 }
	CondorScratchDir = "/pool/condor/dir_2702347"
	Cpus = 4
	Disk = 2048
	GPUs = 1
	GPUs_GPU_d716e2e7 = [ Id = "GPU-d716e2e7"; ClockMhz = 1597.0; Capability = 7.0; CoresPerCU = 64; DeviceName = "Tesla V100S-PCIE-32GB"; DeviceUuid = "d716e2e7-e625-dbe0-a754-d0550785b292"; ECCEnabled = true; ComputeUnits = 80; DriverVersion = 13.0; DevicePciBusId = "0000:07:00.0"; GlobalMemoryMb = 32494; MaxSupportedVersion = 13000 ]
	Memory = 12300
...
006 (9063657.001.000) 11/18 09:18:34 Image size of job updated: 124852
	122  -  MemoryUsage of job (MB)
	124852  -  ResidentSetSize of job (KB)
...
006 (9063657.001.000) 11/18 09:23:34 Image size of job updated: 6490808
	6339  -  MemoryUsage of job (MB)
	6490808  -  ResidentSetSize of job (KB)
...
006 (9063657.001.000) 11/18 09:28:35 Image size of job updated: 6506340
	6354  -  MemoryUsage of job (MB)
	6506340  -  ResidentSetSize of job (KB)
...
006 (9063657.001.000) 11/18 09:28:59 Image size of job updated: 6523916
	6354  -  MemoryUsage of job (MB)
	6506340  -  ResidentSetSize of job (KB)
...
040 (9063657.001.000) 11/18 09:28:59 Started transferring output files
...
040 (9063657.001.000) 11/18 09:29:00 Finished transferring output files
...
005 (9063657.001.000) 11/18 09:29:00 Job terminated.
	(1) Normal termination (return value 0)
		Usr 0 00:07:49, Sys 0 00:00:47  -  Run Remote Usage
		Usr 0 00:00:00, Sys 0 00:00:00  -  Run Local Usage
		Usr 0 00:07:49, Sys 0 00:00:47  -  Total Remote Usage
		Usr 0 00:00:00, Sys 0 00:00:00  -  Total Local Usage
	1353346  -  Run Bytes Sent By Job
	1696  -  Run Bytes Received By Job
	1353346  -  Total Bytes Sent By Job
	1696  -  Total Bytes Received By Job
	Partitionable Resources :    Usage  Request Allocated Assigned
	   Cpus                 :     1.03        4         4 
	   Disk (KB)            :  1348           2      2048 
	   GPUs                 :     0.37        1         1 "GPU-d716e2e7"
	   GpusMemory (MB)      : 31754                       
	   Memory (MB)          :  6354       12288     12300 
	   TimeExecute (s)      :   638                       
	   TimeSlotBusy (s)     :   641                       

	Job terminated of its own accord at 2025-11-18T08:28:59Z with exit-code 0.
...
