000 (9063655.002.000) 11/18 09:04:19 Job submitted from host: <188.185.8.79:9618?addrs=188.185.8.79-9618+[2001-1458-d00-63--100-23a]-9618&alias=bigbird26.cern.ch&noUDP&sock=schedd_3453776_a447>
...
040 (9063655.002.000) 11/18 09:04:47 Started transferring input files
	Transferring to host: <188.184.195.82:9618?addrs=188.184.195.82-9618+[2001-1458-301-72--100-36]-9618&alias=b9g47n9312.cern.ch&noUDP&sock=slot1_1_20474_88fa_8189>
...
040 (9063655.002.000) 11/18 09:04:47 Finished transferring input files
...
001 (9063655.002.000) 11/18 09:04:48 Job executing on host: <188.184.195.82:9618?addrs=188.184.195.82-9618+[2001-1458-301-72--100-36]-9618&alias=b9g47n9312.cern.ch&noUDP&sock=startd_19526_ca55>
	SlotName: slot1_1@b9g47n9312.cern.ch
	AvailableGPUs = { GPUs_GPU_7dc62e0f }
	CondorScratchDir = "/pool/condor/dir_336378"
	Cpus = 4
	Disk = 2061
	GPUs = 1
	GPUs_GPU_7dc62e0f = [ Id = "GPU-7dc62e0f"; ClockMhz = 1590.0; Capability = 7.5; CoresPerCU = 64; DeviceName = "Tesla T4"; DeviceUuid = "7dc62e0f-c020-baff-d927-610538ea532d"; ECCEnabled = true; ComputeUnits = 40; DriverVersion = 13.0; DevicePciBusId = "0000:07:00.0"; GlobalMemoryMb = 14913; MaxSupportedVersion = 13000 ]
	Memory = 12300
...
006 (9063655.002.000) 11/18 09:05:02 Image size of job updated: 176936
	173  -  MemoryUsage of job (MB)
	176936  -  ResidentSetSize of job (KB)
...
006 (9063655.002.000) 11/18 09:05:24 Image size of job updated: 259668
	173  -  MemoryUsage of job (MB)
	176936  -  ResidentSetSize of job (KB)
...
040 (9063655.002.000) 11/18 09:05:24 Started transferring output files
...
040 (9063655.002.000) 11/18 09:05:24 Finished transferring output files
...
005 (9063655.002.000) 11/18 09:05:24 Job terminated.
	(1) Normal termination (return value 1)
		Usr 0 00:00:13, Sys 0 00:00:08  -  Run Remote Usage
		Usr 0 00:00:00, Sys 0 00:00:00  -  Run Local Usage
		Usr 0 00:00:13, Sys 0 00:00:08  -  Total Remote Usage
		Usr 0 00:00:00, Sys 0 00:00:00  -  Total Local Usage
	2841  -  Run Bytes Sent By Job
	1658  -  Run Bytes Received By Job
	2841  -  Total Bytes Sent By Job
	1658  -  Total Bytes Received By Job
	Partitionable Resources :    Usage  Request Allocated Assigned
	   Cpus                 :                 4         4 
	   Disk (KB)            :       24        2      2061 
	   GPUs                 :                 1         1 "GPU-7dc62e0f"
	   Memory (MB)          :      173    12288     12300 
	   TimeExecute (s)      :       36                    
	   TimeSlotBusy (s)     :       38                    

	Job terminated of its own accord at 2025-11-18T08:05:24Z with exit-code 1.
...
