000 (13791025.000.000) 11/19 15:54:20 Job submitted from host: <188.184.90.62:9618?addrs=188.184.90.62-9618+[2001-1458-201-e4--100-238]-9618&alias=bigbird16.cern.ch&noUDP&sock=schedd_5196_9a2f>
...
040 (13791025.000.000) 11/19 15:54:24 Started transferring input files
	Transferring to host: <188.184.195.60:9618?addrs=188.184.195.60-9618+[2001-1458-301-72--100-40b]-9618&alias=b9g47n8368.cern.ch&noUDP&sock=slot1_1_17911_ab71_9055>
...
040 (13791025.000.000) 11/19 15:54:24 Finished transferring input files
...
001 (13791025.000.000) 11/19 15:54:25 Job executing on host: <188.184.195.60:9618?addrs=188.184.195.60-9618+[2001-1458-301-72--100-40b]-9618&alias=b9g47n8368.cern.ch&noUDP&sock=startd_17076_4b4d>
	SlotName: slot1_1@b9g47n8368.cern.ch
	AvailableGPUs = { GPUs_GPU_0d3184cb }
	CondorScratchDir = "/pool/condor/dir_1119777"
	Cpus = 20
	Disk = 15729665
	GPUs = 1
	GPUs_GPU_0d3184cb = [ Id = "GPU-0d3184cb"; ClockMhz = 1590.0; Capability = 7.5; CoresPerCU = 64; DeviceName = "Tesla T4"; DeviceUuid = "0d3184cb-044b-6a85-e661-54a626111c00"; ECCEnabled = true; ComputeUnits = 40; DriverVersion = 13.0; DevicePciBusId = "0000:07:00.0"; GlobalMemoryMb = 14913; MaxSupportedVersion = 13000 ]
	Memory = 61500
...
006 (13791025.000.000) 11/19 15:54:38 Image size of job updated: 160020
	157  -  MemoryUsage of job (MB)
	160020  -  ResidentSetSize of job (KB)
...
006 (13791025.000.000) 11/19 15:59:38 Image size of job updated: 2691652
	1496  -  MemoryUsage of job (MB)
	1530940  -  ResidentSetSize of job (KB)
...
006 (13791025.000.000) 11/19 16:04:39 Image size of job updated: 2959832
	1830  -  MemoryUsage of job (MB)
	1873424  -  ResidentSetSize of job (KB)
...
006 (13791025.000.000) 11/19 16:09:39 Image size of job updated: 3263784
	2143  -  MemoryUsage of job (MB)
	2193572  -  ResidentSetSize of job (KB)
...
006 (13791025.000.000) 11/19 16:14:39 Image size of job updated: 3756968
	2764  -  MemoryUsage of job (MB)
	2829948  -  ResidentSetSize of job (KB)
...
006 (13791025.000.000) 11/19 16:19:40 Image size of job updated: 3977012
	3219  -  MemoryUsage of job (MB)
	3295564  -  ResidentSetSize of job (KB)
...
006 (13791025.000.000) 11/19 16:24:40 Image size of job updated: 4552076
	3802  -  MemoryUsage of job (MB)
	3893208  -  ResidentSetSize of job (KB)
...
006 (13791025.000.000) 11/19 16:29:40 Image size of job updated: 4759644
	4649  -  MemoryUsage of job (MB)
	4759644  -  ResidentSetSize of job (KB)
...
006 (13791025.000.000) 11/19 16:34:41 Image size of job updated: 5156932
	4649  -  MemoryUsage of job (MB)
	4760340  -  ResidentSetSize of job (KB)
...
006 (13791025.000.000) 11/19 16:39:41 Image size of job updated: 6303024
	5338  -  MemoryUsage of job (MB)
	5465584  -  ResidentSetSize of job (KB)
...
006 (13791025.000.000) 11/19 16:44:41 Image size of job updated: 6785364
	5456  -  MemoryUsage of job (MB)
	5586916  -  ResidentSetSize of job (KB)
...
006 (13791025.000.000) 11/19 16:49:42 Image size of job updated: 6918256
	6742  -  MemoryUsage of job (MB)
	6903212  -  ResidentSetSize of job (KB)
...
006 (13791025.000.000) 11/19 16:54:42 Image size of job updated: 7990240
	6743  -  MemoryUsage of job (MB)
	6903988  -  ResidentSetSize of job (KB)
...
006 (13791025.000.000) 11/19 16:59:42 Image size of job updated: 8941000
	8061  -  MemoryUsage of job (MB)
	8253620  -  ResidentSetSize of job (KB)
...
006 (13791025.000.000) 11/19 17:04:43 Image size of job updated: 9034340
	8062  -  MemoryUsage of job (MB)
	8254544  -  ResidentSetSize of job (KB)
...
006 (13791025.000.000) 11/19 17:09:43 Image size of job updated: 9551432
	9328  -  MemoryUsage of job (MB)
	9551432  -  ResidentSetSize of job (KB)
...
006 (13791025.000.000) 11/19 17:14:43 Image size of job updated: 32560888
	31043  -  MemoryUsage of job (MB)
	31787476  -  ResidentSetSize of job (KB)
...
006 (13791025.000.000) 11/19 17:19:44 Image size of job updated: 32560888
	31076  -  MemoryUsage of job (MB)
	31821212  -  ResidentSetSize of job (KB)
...
006 (13791025.000.000) 11/19 17:24:44 Image size of job updated: 33542416
	32757  -  MemoryUsage of job (MB)
	33542416  -  ResidentSetSize of job (KB)
...
006 (13791025.000.000) 11/19 17:29:44 Image size of job updated: 34740824
	33126  -  MemoryUsage of job (MB)
	33920404  -  ResidentSetSize of job (KB)
...
006 (13791025.000.000) 11/19 17:34:45 Image size of job updated: 35010516
	33591  -  MemoryUsage of job (MB)
	34397052  -  ResidentSetSize of job (KB)
...
006 (13791025.000.000) 11/19 17:39:45 Image size of job updated: 35633664
	34136  -  MemoryUsage of job (MB)
	34954712  -  ResidentSetSize of job (KB)
...
006 (13791025.000.000) 11/19 17:44:45 Image size of job updated: 36083048
	34564  -  MemoryUsage of job (MB)
	35392620  -  ResidentSetSize of job (KB)
...
006 (13791025.000.000) 11/19 17:49:46 Image size of job updated: 37081432
	35319  -  MemoryUsage of job (MB)
	36166064  -  ResidentSetSize of job (KB)
...
006 (13791025.000.000) 11/19 17:54:46 Image size of job updated: 37158924
	35552  -  MemoryUsage of job (MB)
	36404288  -  ResidentSetSize of job (KB)
...
006 (13791025.000.000) 11/19 17:59:46 Image size of job updated: 37943940
	35976  -  MemoryUsage of job (MB)
	36839228  -  ResidentSetSize of job (KB)
...
006 (13791025.000.000) 11/19 18:04:47 Image size of job updated: 38564752
	37216  -  MemoryUsage of job (MB)
	38108212  -  ResidentSetSize of job (KB)
...
006 (13791025.000.000) 11/19 18:09:47 Image size of job updated: 38986476
	37216  -  MemoryUsage of job (MB)
	38108212  -  ResidentSetSize of job (KB)
...
006 (13791025.000.000) 11/19 18:14:47 Image size of job updated: 39375772
	37646  -  MemoryUsage of job (MB)
	38549392  -  ResidentSetSize of job (KB)
...
006 (13791025.000.000) 11/19 18:19:48 Image size of job updated: 39785424
	37664  -  MemoryUsage of job (MB)
	38567268  -  ResidentSetSize of job (KB)
...
006 (13791025.000.000) 11/19 18:24:48 Image size of job updated: 40473400
	38679  -  MemoryUsage of job (MB)
	39606672  -  ResidentSetSize of job (KB)
...
006 (13791025.000.000) 11/19 18:29:48 Image size of job updated: 41285280
	39202  -  MemoryUsage of job (MB)
	40141928  -  ResidentSetSize of job (KB)
...
006 (13791025.000.000) 11/19 18:34:49 Image size of job updated: 54865864
	52134  -  MemoryUsage of job (MB)
	53385068  -  ResidentSetSize of job (KB)
...
006 (13791025.000.000) 11/19 18:39:49 Image size of job updated: 54865864
	53345  -  MemoryUsage of job (MB)
	54625168  -  ResidentSetSize of job (KB)
...
006 (13791025.000.000) 11/19 18:44:49 Image size of job updated: 55292900
	53800  -  MemoryUsage of job (MB)
	55090616  -  ResidentSetSize of job (KB)
...
006 (13791025.000.000) 11/19 18:49:50 Image size of job updated: 56840884
	55321  -  MemoryUsage of job (MB)
	56648048  -  ResidentSetSize of job (KB)
...
006 (13791025.000.000) 11/19 18:54:50 Image size of job updated: 57296220
	55321  -  MemoryUsage of job (MB)
	56648048  -  ResidentSetSize of job (KB)
...
006 (13791025.000.000) 11/19 18:59:51 Image size of job updated: 58000428
	55950  -  MemoryUsage of job (MB)
	57292152  -  ResidentSetSize of job (KB)
...
006 (13791025.000.000) 11/19 19:04:52 Image size of job updated: 58638332
	55951  -  MemoryUsage of job (MB)
	57292840  -  ResidentSetSize of job (KB)
...
006 (13791025.000.000) 11/19 19:09:52 Image size of job updated: 58855548
	56820  -  MemoryUsage of job (MB)
	58183008  -  ResidentSetSize of job (KB)
...
006 (13791025.000.000) 11/19 19:19:54 Image size of job updated: 59443164
	56820  -  MemoryUsage of job (MB)
	58183008  -  ResidentSetSize of job (KB)
...
006 (13791025.000.000) 11/19 19:24:54 Image size of job updated: 60249764
	58041  -  MemoryUsage of job (MB)
	59433136  -  ResidentSetSize of job (KB)
...
006 (13791025.000.000) 11/19 19:29:55 Image size of job updated: 60542692
	58988  -  MemoryUsage of job (MB)
	60403208  -  ResidentSetSize of job (KB)
...
006 (13791025.000.000) 11/19 19:34:56 Image size of job updated: 61200964
	59643  -  MemoryUsage of job (MB)
	61073728  -  ResidentSetSize of job (KB)
...
006 (13791025.000.000) 11/19 19:39:56 Image size of job updated: 61529336
	59644  -  MemoryUsage of job (MB)
	61074500  -  ResidentSetSize of job (KB)
...
006 (13791025.000.000) 11/19 19:44:56 Image size of job updated: 61924268
	59817  -  MemoryUsage of job (MB)
	61252036  -  ResidentSetSize of job (KB)
...
006 (13791025.000.000) 11/19 19:49:57 Image size of job updated: 62099884
	60645  -  MemoryUsage of job (MB)
	62099884  -  ResidentSetSize of job (KB)
...
006 (13791025.000.000) 11/19 19:54:57 Image size of job updated: 62537360
	60646  -  MemoryUsage of job (MB)
	62100564  -  ResidentSetSize of job (KB)
...
006 (13791025.000.000) 11/19 19:59:57 Image size of job updated: 62827652
	61347  -  MemoryUsage of job (MB)
	62818340  -  ResidentSetSize of job (KB)
...
006 (13791025.000.000) 11/19 20:04:58 Image size of job updated: 63584176
	62025  -  MemoryUsage of job (MB)
	63513444  -  ResidentSetSize of job (KB)
...
006 (13791025.000.000) 11/19 20:09:58 Image size of job updated: 63866368
	62033  -  MemoryUsage of job (MB)
	63521636  -  ResidentSetSize of job (KB)
...
006 (13791025.000.000) 11/19 21:30:06 Image size of job updated: 63956432
	62033  -  MemoryUsage of job (MB)
	63521636  -  ResidentSetSize of job (KB)
...
006 (13791025.000.000) 11/19 22:45:11 Image size of job updated: 63993076
	62494  -  MemoryUsage of job (MB)
	63993076  -  ResidentSetSize of job (KB)
...
006 (13791025.000.000) 11/19 22:50:12 Image size of job updated: 68568572
	62494  -  MemoryUsage of job (MB)
	63993076  -  ResidentSetSize of job (KB)
...
040 (13791025.000.000) 11/20 04:34:44 Started transferring output files
...
040 (13791025.000.000) 11/20 04:34:44 Finished transferring output files
...
005 (13791025.000.000) 11/20 04:34:44 Job terminated.
	(1) Normal termination (return value 1)
		Usr 1 19:01:50, Sys 0 02:06:20  -  Run Remote Usage
		Usr 0 00:00:00, Sys 0 00:00:00  -  Run Local Usage
		Usr 1 19:01:50, Sys 0 02:06:20  -  Total Remote Usage
		Usr 0 00:00:00, Sys 0 00:00:00  -  Total Local Usage
	2736795  -  Run Bytes Sent By Job
	320  -  Run Bytes Received By Job
	2736795  -  Total Bytes Sent By Job
	320  -  Total Bytes Received By Job
	Partitionable Resources :    Usage  Request Allocated Assigned
	   Cpus                 :     0.97       20        20 
	   Disk (KB)            :  2698    15728640  15729665 
	   GPUs                 :     0           1         1 "GPU-0d3184cb"
	   GpusMemory (MB)      :   573                       
	   Memory (MB)          : 62494       61440     61500 
	   TimeExecute (s)      : 45619                       
	   TimeSlotBusy (s)     : 45621                       

	Job terminated of its own accord at 2025-11-20T03:34:44Z with exit-code 1.
...
