000 (9063840.001.000) 11/18 10:49:47 Job submitted from host: <188.185.8.79:9618?addrs=188.185.8.79-9618+[2001-1458-d00-63--100-23a]-9618&alias=bigbird26.cern.ch&noUDP&sock=schedd_3453776_a447>
...
040 (9063840.001.000) 11/18 10:50:19 Started transferring input files
	Transferring to host: <188.185.190.90:9618?addrs=188.185.190.90-9618+[2001-1458-d03-b--100-83]-9618&alias=b9pgpun210.cern.ch&noUDP&sock=slot1_1_3804_0314_2736>
...
040 (9063840.001.000) 11/18 10:50:19 Finished transferring input files
...
001 (9063840.001.000) 11/18 10:50:20 Job executing on host: <188.185.190.90:9618?addrs=188.185.190.90-9618+[2001-1458-d03-b--100-83]-9618&alias=b9pgpun210.cern.ch&noUDP&sock=startd_3405_2011>
	SlotName: slot1_1@b9pgpun210.cern.ch
	AvailableGPUs = { GPUs_MIG_9ae26843_9166_5960_9b04_48cdd4d0fb04 }
	CondorScratchDir = "/pool/condor/dir_2911493"
	Cpus = 16
	Disk = 2098201
	GPUs = 1
	GPUs_MIG_9ae26843_9166_5960_9b04_48cdd4d0fb04 = [ Id = "MIG-9ae26843-9166-5960-9b04-48cdd4d0fb04"; DeviceName = "NVIDIA H100L-2-24C MIG 2g.24gb"; DeviceUuid = "MIG-9ae26843-9166-5960-9b04-48cdd4d0fb04"; ComputeUnits = 32; GlobalMemoryMb = 21547 ]
	Memory = 49200
...
006 (9063840.001.000) 11/18 10:50:33 Image size of job updated: 101212
	99  -  MemoryUsage of job (MB)
	101212  -  ResidentSetSize of job (KB)
...
006 (9063840.001.000) 11/18 10:55:33 Image size of job updated: 11311488
	11047  -  MemoryUsage of job (MB)
	11311488  -  ResidentSetSize of job (KB)
...
006 (9063840.001.000) 11/18 11:00:33 Image size of job updated: 21668896
	21162  -  MemoryUsage of job (MB)
	21668896  -  ResidentSetSize of job (KB)
...
006 (9063840.001.000) 11/18 11:05:34 Image size of job updated: 32242864
	31488  -  MemoryUsage of job (MB)
	32242864  -  ResidentSetSize of job (KB)
...
006 (9063840.001.000) 11/18 11:10:35 Image size of job updated: 35856072
	31488  -  MemoryUsage of job (MB)
	32242864  -  ResidentSetSize of job (KB)
...
040 (9063840.001.000) 11/18 11:38:34 Started transferring output files
...
040 (9063840.001.000) 11/18 11:38:34 Finished transferring output files
...
005 (9063840.001.000) 11/18 11:38:34 Job terminated.
	(1) Normal termination (return value 0)
		Usr 0 00:30:40, Sys 0 00:03:42  -  Run Remote Usage
		Usr 0 00:00:00, Sys 0 00:00:00  -  Run Local Usage
		Usr 0 00:30:40, Sys 0 00:03:42  -  Total Remote Usage
		Usr 0 00:00:00, Sys 0 00:00:00  -  Total Local Usage
	5372222  -  Run Bytes Sent By Job
	1696  -  Run Bytes Received By Job
	5372222  -  Total Bytes Sent By Job
	1696  -  Total Bytes Received By Job
	Partitionable Resources :    Usage  Request Allocated Assigned
	   Cpus                 :     1.15       16        16 
	   Disk (KB)            :  5272     2097152   2098201 
	   GPUs                 :                 1         1 "MIG-9ae26843-9166-5960-9b04-48cdd4d0fb04"
	   Memory (MB)          : 31488       49152     49200 
	   TimeExecute (s)      :  2894                       
	   TimeSlotBusy (s)     :  2897                       

	Job terminated of its own accord at 2025-11-18T10:38:34Z with exit-code 0.
...
