000 (9063817.000.000) 11/18 10:10:19 Job submitted from host: <188.185.8.79:9618?addrs=188.185.8.79-9618+[2001-1458-d00-63--100-23a]-9618&alias=bigbird26.cern.ch&noUDP&sock=schedd_3453776_a447>
...
040 (9063817.000.000) 11/18 10:10:25 Started transferring input files
	Transferring to host: <188.184.195.155:9618?addrs=188.184.195.155-9618+[2001-1458-301-72--100-180]-9618&alias=b9g47n7960.cern.ch&noUDP&sock=slot1_1_15243_d285_7649>
...
040 (9063817.000.000) 11/18 10:10:25 Finished transferring input files
...
001 (9063817.000.000) 11/18 10:10:26 Job executing on host: <188.184.195.155:9618?addrs=188.184.195.155-9618+[2001-1458-301-72--100-180]-9618&alias=b9g47n7960.cern.ch&noUDP&sock=startd_14216_9271>
	SlotName: slot1_1@b9g47n7960.cern.ch
	AvailableGPUs = { GPUs_GPU_d716e2e7 }
	CondorScratchDir = "/pool/condor/dir_2731717"
	Cpus = 4
	Disk = 2098176
	GPUs = 1
	GPUs_GPU_d716e2e7 = [ Id = "GPU-d716e2e7"; ClockMhz = 1597.0; Capability = 7.0; CoresPerCU = 64; DeviceName = "Tesla V100S-PCIE-32GB"; DeviceUuid = "d716e2e7-e625-dbe0-a754-d0550785b292"; ECCEnabled = true; ComputeUnits = 80; DriverVersion = 13.0; DevicePciBusId = "0000:07:00.0"; GlobalMemoryMb = 32494; MaxSupportedVersion = 13000 ]
	Memory = 12300
...
006 (9063817.000.000) 11/18 10:10:39 Image size of job updated: 145140
	142  -  MemoryUsage of job (MB)
	145140  -  ResidentSetSize of job (KB)
...
006 (9063817.000.000) 11/18 10:15:39 Image size of job updated: 6469736
	6319  -  MemoryUsage of job (MB)
	6469736  -  ResidentSetSize of job (KB)
...
006 (9063817.000.000) 11/18 10:18:05 Image size of job updated: 6490448
	6319  -  MemoryUsage of job (MB)
	6469736  -  ResidentSetSize of job (KB)
...
040 (9063817.000.000) 11/18 10:18:05 Started transferring output files
...
040 (9063817.000.000) 11/18 10:18:05 Finished transferring output files
...
005 (9063817.000.000) 11/18 10:18:05 Job terminated.
	(1) Normal termination (return value 0)
		Usr 0 00:05:21, Sys 0 00:00:41  -  Run Remote Usage
		Usr 0 00:00:00, Sys 0 00:00:00  -  Run Local Usage
		Usr 0 00:05:21, Sys 0 00:00:41  -  Total Remote Usage
		Usr 0 00:00:00, Sys 0 00:00:00  -  Total Local Usage
	759150  -  Run Bytes Sent By Job
	1696  -  Run Bytes Received By Job
	759150  -  Total Bytes Sent By Job
	1696  -  Total Bytes Received By Job
	Partitionable Resources :    Usage  Request Allocated Assigned
	   Cpus                 :     1.13        4         4 
	   Disk (KB)            :   768     2097152   2098176 
	   GPUs                 :     0.27        1         1 "GPU-d716e2e7"
	   GpusMemory (MB)      : 31754                       
	   Memory (MB)          :  6319       12288     12300 
	   TimeExecute (s)      :   459                       
	   TimeSlotBusy (s)     :   461                       

	Job terminated of its own accord at 2025-11-18T09:18:05Z with exit-code 0.
...
