2025-11-18 09:15:26.268289: I tensorflow/core/platform/cpu_feature_guard.cc:210] This TensorFlow binary is optimized to use available CPU instructions in performance-critical operations.
To enable the following instructions: AVX2 AVX512F FMA, in other operations, rebuild TensorFlow with the appropriate compiler flags.
2025-11-18 09:15:33.601934: W tensorflow/compiler/tf2tensorrt/utils/py_utils.cc:38] TF-TRT Warning: Could not find TensorRT
2025-11-18 09:18:26.153844: I external/local_xla/xla/stream_executor/cuda/cuda_executor.cc:998] successful NUMA node read from SysFS had negative value (-1), but there must be at least one NUMA node, so returning NUMA node zero. See more at https://github.com/torvalds/linux/blob/v6.0/Documentation/ABI/testing/sysfs-bus-pci#L344-L355
2025-11-18 09:18:28.249283: I external/local_xla/xla/stream_executor/cuda/cuda_executor.cc:998] successful NUMA node read from SysFS had negative value (-1), but there must be at least one NUMA node, so returning NUMA node zero. See more at https://github.com/torvalds/linux/blob/v6.0/Documentation/ABI/testing/sysfs-bus-pci#L344-L355
2025-11-18 09:18:28.251862: I external/local_xla/xla/stream_executor/cuda/cuda_executor.cc:998] successful NUMA node read from SysFS had negative value (-1), but there must be at least one NUMA node, so returning NUMA node zero. See more at https://github.com/torvalds/linux/blob/v6.0/Documentation/ABI/testing/sysfs-bus-pci#L344-L355
2025-11-18 09:18:28.261144: I external/local_xla/xla/stream_executor/cuda/cuda_executor.cc:998] successful NUMA node read from SysFS had negative value (-1), but there must be at least one NUMA node, so returning NUMA node zero. See more at https://github.com/torvalds/linux/blob/v6.0/Documentation/ABI/testing/sysfs-bus-pci#L344-L355
2025-11-18 09:18:28.263132: I external/local_xla/xla/stream_executor/cuda/cuda_executor.cc:998] successful NUMA node read from SysFS had negative value (-1), but there must be at least one NUMA node, so returning NUMA node zero. See more at https://github.com/torvalds/linux/blob/v6.0/Documentation/ABI/testing/sysfs-bus-pci#L344-L355
2025-11-18 09:18:28.265921: I external/local_xla/xla/stream_executor/cuda/cuda_executor.cc:998] successful NUMA node read from SysFS had negative value (-1), but there must be at least one NUMA node, so returning NUMA node zero. See more at https://github.com/torvalds/linux/blob/v6.0/Documentation/ABI/testing/sysfs-bus-pci#L344-L355
2025-11-18 09:18:28.547107: I external/local_xla/xla/stream_executor/cuda/cuda_executor.cc:998] successful NUMA node read from SysFS had negative value (-1), but there must be at least one NUMA node, so returning NUMA node zero. See more at https://github.com/torvalds/linux/blob/v6.0/Documentation/ABI/testing/sysfs-bus-pci#L344-L355
2025-11-18 09:18:28.548793: I external/local_xla/xla/stream_executor/cuda/cuda_executor.cc:998] successful NUMA node read from SysFS had negative value (-1), but there must be at least one NUMA node, so returning NUMA node zero. See more at https://github.com/torvalds/linux/blob/v6.0/Documentation/ABI/testing/sysfs-bus-pci#L344-L355
2025-11-18 09:18:28.550145: I external/local_xla/xla/stream_executor/cuda/cuda_executor.cc:998] successful NUMA node read from SysFS had negative value (-1), but there must be at least one NUMA node, so returning NUMA node zero. See more at https://github.com/torvalds/linux/blob/v6.0/Documentation/ABI/testing/sysfs-bus-pci#L344-L355
2025-11-18 09:18:28.551958: I tensorflow/core/common_runtime/gpu/gpu_device.cc:1928] Created device /job:localhost/replica:0/task:0/device:GPU:0 with 13757 MB memory:  -> device: 0, name: Tesla T4, pci bus id: 0000:07:00.0, compute capability: 7.5
/cvmfs/sft.cern.ch/lcg/views/LCG_106_cuda/x86_64-el9-gcc11-opt/lib/python3.11/site-packages/keras/src/optimizers/base_optimizer.py:33: UserWarning: Argument `decay` is no longer supported and will be ignored.
  warnings.warn(
WARNING: All log messages before absl::InitializeLog() is called are written to STDERR
I0000 00:00:1763453929.739105     361 service.cc:145] XLA service 0x14c14c02b3c0 initialized for platform CUDA (this does not guarantee that XLA will be used). Devices:
I0000 00:00:1763453929.739286     361 service.cc:153]   StreamExecutor device (0): Tesla T4, Compute Capability 7.5
2025-11-18 09:18:50.161777: I tensorflow/compiler/mlir/tensorflow/utils/dump_mlir_util.cc:268] disabling MLIR crash reproducer, set env var `MLIR_CRASH_REPRODUCER_DIRECTORY` to enable.
2025-11-18 09:18:52.694861: I external/local_xla/xla/stream_executor/cuda/cuda_dnn.cc:465] Loaded cuDNN version 8907
I0000 00:00:1763453952.689078     361 device_compiler.h:188] Compiled cluster using XLA!  This line is logged at most once for the lifetime of the process.
Traceback (most recent call last):
  File "/afs/cern.ch/work/e/evilla/private/dune/refactor_ml/electron_direction/models/train_three_plane_simple.py", line 284, in <module>
    main()
  File "/afs/cern.ch/work/e/evilla/private/dune/refactor_ml/electron_direction/models/train_three_plane_simple.py", line 215, in main
    history = model.fit(
              ^^^^^^^^^^
  File "/cvmfs/sft.cern.ch/lcg/views/LCG_106_cuda/x86_64-el9-gcc11-opt/lib/python3.11/site-packages/keras/src/utils/traceback_utils.py", line 122, in error_handler
    raise e.with_traceback(filtered_tb) from None
  File "/cvmfs/sft.cern.ch/lcg/views/LCG_106_cuda/x86_64-el9-gcc11-opt/lib/python3.11/site-packages/keras/src/saving/saving_lib.py", line 91, in save_model
    with open(filepath, "wb") as f:
         ^^^^^^^^^^^^^^^^^^^^
OSError: [Errno 122] Disk quota exceeded: '/eos/user/e/evilla/dune/sn-tps/neural_networks/electron_direction/three_plane_three_plane_v56_sweep_1_20251118_091829/checkpoints/model_epoch_37_val_loss_1.0921.keras'
