000 (9076235.000.000) 11/18 16:00:25 Job submitted from host: <188.185.8.79:9618?addrs=188.185.8.79-9618+[2001-1458-d00-63--100-23a]-9618&alias=bigbird26.cern.ch&noUDP&sock=schedd_3453776_a447>
...
040 (9076235.000.000) 11/18 16:06:21 Started transferring input files
	Transferring to host: <188.185.190.87:9618?addrs=188.185.190.87-9618+[2001-1458-d03-b--100-13d]-9618&alias=b9pgpun201.cern.ch&noUDP&sock=slot1_1_5075_8be7_2899>
...
040 (9076235.000.000) 11/18 16:06:21 Finished transferring input files
...
001 (9076235.000.000) 11/18 16:06:22 Job executing on host: <188.185.190.87:9618?addrs=188.185.190.87-9618+[2001-1458-d03-b--100-13d]-9618&alias=b9pgpun201.cern.ch&noUDP&sock=startd_4463_d344>
	SlotName: slot1_1@b9pgpun201.cern.ch
	AvailableGPUs = { GPUs_MIG_74270ab7_dab9_5a47_898b_f6d4c101c98c }
	CondorScratchDir = "/pool/condor/dir_2969664"
	Cpus = 11
	Disk = 2098029
	GPUs = 1
	GPUs_MIG_74270ab7_dab9_5a47_898b_f6d4c101c98c = [ Id = "MIG-74270ab7-dab9-5a47-898b-f6d4c101c98c"; DeviceName = "NVIDIA H100L-2-24C MIG 2g.24gb"; DeviceUuid = "MIG-74270ab7-dab9-5a47-898b-f6d4c101c98c"; ComputeUnits = 32; GlobalMemoryMb = 21547 ]
	Memory = 33000
...
006 (9076235.000.000) 11/18 16:06:30 Image size of job updated: 105676
	104  -  MemoryUsage of job (MB)
	105676  -  ResidentSetSize of job (KB)
...
006 (9076235.000.000) 11/18 16:11:30 Image size of job updated: 11894984
	11617  -  MemoryUsage of job (MB)
	11894984  -  ResidentSetSize of job (KB)
...
006 (9076235.000.000) 11/18 16:16:30 Image size of job updated: 23096600
	22556  -  MemoryUsage of job (MB)
	23096600  -  ResidentSetSize of job (KB)
...
006 (9076235.000.000) 11/18 16:21:31 Image size of job updated: 29575104
	28108  -  MemoryUsage of job (MB)
	28781784  -  ResidentSetSize of job (KB)
...
006 (9076235.000.000) 11/18 16:26:31 Image size of job updated: 29575104
	28121  -  MemoryUsage of job (MB)
	28795680  -  ResidentSetSize of job (KB)
...
006 (9076235.000.000) 11/18 16:31:31 Image size of job updated: 29575104
	28134  -  MemoryUsage of job (MB)
	28808224  -  ResidentSetSize of job (KB)
...
006 (9076235.000.000) 11/18 16:36:32 Image size of job updated: 29575104
	28145  -  MemoryUsage of job (MB)
	28820188  -  ResidentSetSize of job (KB)
...
006 (9076235.000.000) 11/18 16:41:33 Image size of job updated: 29575104
	28157  -  MemoryUsage of job (MB)
	28832196  -  ResidentSetSize of job (KB)
...
040 (9076235.000.000) 11/18 16:43:41 Started transferring output files
...
040 (9076235.000.000) 11/18 16:43:42 Finished transferring output files
...
005 (9076235.000.000) 11/18 16:43:42 Job terminated.
	(1) Normal termination (return value 0)
		Usr 0 00:28:57, Sys 0 00:03:24  -  Run Remote Usage
		Usr 0 00:00:00, Sys 0 00:00:00  -  Run Local Usage
		Usr 0 00:28:57, Sys 0 00:03:24  -  Total Remote Usage
		Usr 0 00:00:00, Sys 0 00:00:00  -  Total Local Usage
	5164056  -  Run Bytes Sent By Job
	1696  -  Run Bytes Received By Job
	5164056  -  Total Bytes Sent By Job
	1696  -  Total Bytes Received By Job
	Partitionable Resources :    Usage  Request Allocated Assigned
	   Cpus                 :     1.18       11        11 
	   Disk (KB)            :  5069     2097152   2098029 
	   GPUs                 :                 1         1 "MIG-74270ab7-dab9-5a47-898b-f6d4c101c98c"
	   Memory (MB)          : 28157       33000     33000 
	   TimeExecute (s)      :  2239                       
	   TimeSlotBusy (s)     :  2242                       

	Job terminated of its own accord at 2025-11-18T15:43:41Z with exit-code 0.
...
