000 (9063840.000.000) 11/18 10:49:47 Job submitted from host: <188.185.8.79:9618?addrs=188.185.8.79-9618+[2001-1458-d00-63--100-23a]-9618&alias=bigbird26.cern.ch&noUDP&sock=schedd_3453776_a447>
...
040 (9063840.000.000) 11/18 10:50:19 Started transferring input files
	Transferring to host: <188.185.190.47:9618?addrs=188.185.190.47-9618+[2001-1458-d03-b--100-171]-9618&alias=b9pgpun038.cern.ch&noUDP&sock=slot1_1_242425_17db_5832>
...
040 (9063840.000.000) 11/18 10:50:19 Finished transferring input files
...
001 (9063840.000.000) 11/18 10:50:20 Job executing on host: <188.185.190.47:9618?addrs=188.185.190.47-9618+[2001-1458-d03-b--100-171]-9618&alias=b9pgpun038.cern.ch&noUDP&sock=startd_233249_fddd>
	SlotName: slot1_1@b9pgpun038.cern.ch
	AvailableGPUs = { GPUs_OCL0 }
	CondorScratchDir = "/pool/condor/dir_1341724"
	Cpus = 11
	Disk = 2098174
	GPUs = 1
	GPUs_OCL0 = [ Id = "OCL0"; ClockMhz = 1785; DeviceName = "NVIDIA H100L-2-24C MIG 2g.24gb"; ECCEnabled = true; ComputeUnits = 32; OpenCLVersion = 3.0; GlobalMemoryMb = 24363 ]
	Memory = 33000
...
006 (9063840.000.000) 11/18 10:50:33 Image size of job updated: 59816
	59  -  MemoryUsage of job (MB)
	59816  -  ResidentSetSize of job (KB)
...
006 (9063840.000.000) 11/18 10:55:33 Image size of job updated: 11305156
	11041  -  MemoryUsage of job (MB)
	11305156  -  ResidentSetSize of job (KB)
...
006 (9063840.000.000) 11/18 11:00:33 Image size of job updated: 21832068
	21321  -  MemoryUsage of job (MB)
	21832068  -  ResidentSetSize of job (KB)
...
006 (9063840.000.000) 11/18 11:05:34 Image size of job updated: 28931804
	27296  -  MemoryUsage of job (MB)
	27950760  -  ResidentSetSize of job (KB)
...
006 (9063840.000.000) 11/18 11:10:35 Image size of job updated: 28931804
	27315  -  MemoryUsage of job (MB)
	27969696  -  ResidentSetSize of job (KB)
...
006 (9063840.000.000) 11/18 11:15:35 Image size of job updated: 28931804
	27325  -  MemoryUsage of job (MB)
	27980696  -  ResidentSetSize of job (KB)
...
006 (9063840.000.000) 11/18 11:20:36 Image size of job updated: 28931804
	27342  -  MemoryUsage of job (MB)
	27998076  -  ResidentSetSize of job (KB)
...
006 (9063840.000.000) 11/18 11:30:37 Image size of job updated: 28931804
	27350  -  MemoryUsage of job (MB)
	28006332  -  ResidentSetSize of job (KB)
...
006 (9063840.000.000) 11/18 11:35:38 Image size of job updated: 28931804
	27356  -  MemoryUsage of job (MB)
	28011940  -  ResidentSetSize of job (KB)
...
006 (9063840.000.000) 11/18 11:40:39 Image size of job updated: 28931804
	27364  -  MemoryUsage of job (MB)
	28020264  -  ResidentSetSize of job (KB)
...
006 (9063840.000.000) 11/18 11:45:39 Image size of job updated: 28931804
	27379  -  MemoryUsage of job (MB)
	28035920  -  ResidentSetSize of job (KB)
...
006 (9063840.000.000) 11/18 11:50:39 Image size of job updated: 28931804
	27388  -  MemoryUsage of job (MB)
	28044388  -  ResidentSetSize of job (KB)
...
006 (9063840.000.000) 11/18 11:55:40 Image size of job updated: 28931804
	27388  -  MemoryUsage of job (MB)
	28045252  -  ResidentSetSize of job (KB)
...
006 (9063840.000.000) 11/18 12:00:40 Image size of job updated: 28931804
	27401  -  MemoryUsage of job (MB)
	28058148  -  ResidentSetSize of job (KB)
...
006 (9063840.000.000) 11/18 12:10:41 Image size of job updated: 28931804
	27417  -  MemoryUsage of job (MB)
	28074848  -  ResidentSetSize of job (KB)
...
006 (9063840.000.000) 11/18 12:20:42 Image size of job updated: 28931804
	27425  -  MemoryUsage of job (MB)
	28082640  -  ResidentSetSize of job (KB)
...
006 (9063840.000.000) 11/18 12:25:43 Image size of job updated: 28931804
	27432  -  MemoryUsage of job (MB)
	28089584  -  ResidentSetSize of job (KB)
...
006 (9063840.000.000) 11/18 12:30:44 Image size of job updated: 28931804
	27442  -  MemoryUsage of job (MB)
	28100052  -  ResidentSetSize of job (KB)
...
006 (9063840.000.000) 11/18 12:35:44 Image size of job updated: 28931804
	27451  -  MemoryUsage of job (MB)
	28108820  -  ResidentSetSize of job (KB)
...
006 (9063840.000.000) 11/18 12:45:46 Image size of job updated: 28931804
	27457  -  MemoryUsage of job (MB)
	28115900  -  ResidentSetSize of job (KB)
...
006 (9063840.000.000) 11/18 12:50:46 Image size of job updated: 28931804
	27459  -  MemoryUsage of job (MB)
	28117628  -  ResidentSetSize of job (KB)
...
006 (9063840.000.000) 11/18 12:55:46 Image size of job updated: 28931804
	27460  -  MemoryUsage of job (MB)
	28118804  -  ResidentSetSize of job (KB)
...
006 (9063840.000.000) 11/18 13:00:47 Image size of job updated: 28931804
	27465  -  MemoryUsage of job (MB)
	28123320  -  ResidentSetSize of job (KB)
...
006 (9063840.000.000) 11/18 13:05:47 Image size of job updated: 28931804
	27466  -  MemoryUsage of job (MB)
	28124176  -  ResidentSetSize of job (KB)
...
006 (9063840.000.000) 11/18 13:10:47 Image size of job updated: 28931804
	27483  -  MemoryUsage of job (MB)
	28142400  -  ResidentSetSize of job (KB)
...
006 (9063840.000.000) 11/18 13:20:49 Image size of job updated: 28931804
	27491  -  MemoryUsage of job (MB)
	28150156  -  ResidentSetSize of job (KB)
...
006 (9063840.000.000) 11/18 13:25:49 Image size of job updated: 28931804
	27510  -  MemoryUsage of job (MB)
	28169836  -  ResidentSetSize of job (KB)
...
006 (9063840.000.000) 11/18 13:30:50 Image size of job updated: 28931804
	27511  -  MemoryUsage of job (MB)
	28170928  -  ResidentSetSize of job (KB)
...
006 (9063840.000.000) 11/18 13:40:51 Image size of job updated: 28931804
	27526  -  MemoryUsage of job (MB)
	28186432  -  ResidentSetSize of job (KB)
...
040 (9063840.000.000) 11/18 13:47:32 Started transferring output files
...
040 (9063840.000.000) 11/18 13:47:32 Finished transferring output files
...
004 (9063840.000.000) 11/18 13:47:32 Job was evicted.
	(0) CPU times
		Usr 1 12:20:28, Sys 0 01:12:07  -  Run Remote Usage
		Usr 0 00:00:00, Sys 0 00:00:00  -  Run Local Usage
	16631909  -  Run Bytes Sent By Job
	1696  -  Run Bytes Received By Job
	Partitionable Resources :    Usage  Request Allocated Assigned
	   Cpus                 :    13.72       11        11 
	   Disk (KB)            : 16267     2097152   2098174 
	   GPUs                 :                 1         1 "OCL0"
	   Memory (MB)          : 27526       33000     33000 
	   TimeExecute (s)      : 10632                       
	   TimeSlotBusy (s)     : 10635                       
...
009 (9063840.000.000) 11/18 13:47:32 Job was aborted.
	via condor_rm (by user evilla)
...
