000 (9075925.000.000) 11/18 15:51:14 Job submitted from host: <188.185.8.79:9618?addrs=188.185.8.79-9618+[2001-1458-d00-63--100-23a]-9618&alias=bigbird26.cern.ch&noUDP&sock=schedd_3453776_a447>
...
040 (9075925.000.000) 11/18 16:04:23 Started transferring input files
	Transferring to host: <188.184.195.60:9618?addrs=188.184.195.60-9618+[2001-1458-301-72--100-40b]-9618&alias=b9g47n8368.cern.ch&noUDP&sock=slot1_1_17911_ab71_8357>
...
040 (9075925.000.000) 11/18 16:04:23 Finished transferring input files
...
001 (9075925.000.000) 11/18 16:04:24 Job executing on host: <188.184.195.60:9618?addrs=188.184.195.60-9618+[2001-1458-301-72--100-40b]-9618&alias=b9g47n8368.cern.ch&noUDP&sock=startd_17076_4b4d>
	SlotName: slot1_1@b9g47n8368.cern.ch
	AvailableGPUs = { GPUs_GPU_0d3184cb }
	CondorScratchDir = "/pool/condor/dir_3570307"
	Cpus = 24
	Disk = 8389638
	GPUs = 1
	GPUs_GPU_0d3184cb = [ Id = "GPU-0d3184cb"; ClockMhz = 1590.0; Capability = 7.5; CoresPerCU = 64; DeviceName = "Tesla T4"; DeviceUuid = "0d3184cb-044b-6a85-e661-54a626111c00"; ECCEnabled = true; ComputeUnits = 40; DriverVersion = 13.0; DevicePciBusId = "0000:07:00.0"; GlobalMemoryMb = 14913; MaxSupportedVersion = 13000 ]
	Memory = 72000
...
006 (9075925.000.000) 11/18 16:04:37 Image size of job updated: 144132
	141  -  MemoryUsage of job (MB)
	144132  -  ResidentSetSize of job (KB)
...
006 (9075925.000.000) 11/18 16:09:37 Image size of job updated: 8884168
	8676  -  MemoryUsage of job (MB)
	8884168  -  ResidentSetSize of job (KB)
...
006 (9075925.000.000) 11/18 16:14:38 Image size of job updated: 19197768
	18748  -  MemoryUsage of job (MB)
	19197768  -  ResidentSetSize of job (KB)
...
006 (9075925.000.000) 11/18 16:19:38 Image size of job updated: 29456516
	28767  -  MemoryUsage of job (MB)
	29456516  -  ResidentSetSize of job (KB)
...
006 (9075925.000.000) 11/18 16:24:38 Image size of job updated: 47005544
	42751  -  MemoryUsage of job (MB)
	43776388  -  ResidentSetSize of job (KB)
...
006 (9075925.000.000) 11/18 16:29:39 Image size of job updated: 47005544
	42753  -  MemoryUsage of job (MB)
	43778164  -  ResidentSetSize of job (KB)
...
006 (9075925.000.000) 11/18 16:34:39 Image size of job updated: 47005544
	42769  -  MemoryUsage of job (MB)
	43794472  -  ResidentSetSize of job (KB)
...
006 (9075925.000.000) 11/18 16:39:39 Image size of job updated: 47005544
	42784  -  MemoryUsage of job (MB)
	43810676  -  ResidentSetSize of job (KB)
...
006 (9075925.000.000) 11/18 16:44:40 Image size of job updated: 51942140
	50725  -  MemoryUsage of job (MB)
	51942140  -  ResidentSetSize of job (KB)
...
006 (9075925.000.000) 11/18 16:49:40 Image size of job updated: 71680296
	70001  -  MemoryUsage of job (MB)
	71680296  -  ResidentSetSize of job (KB)
...
006 (9075925.000.000) 11/18 16:53:34 Image size of job updated: 73506276
	70001  -  MemoryUsage of job (MB)
	71680296  -  ResidentSetSize of job (KB)
...
040 (9075925.000.000) 11/18 16:53:34 Started transferring output files
...
040 (9075925.000.000) 11/18 16:53:34 Finished transferring output files
...
005 (9075925.000.000) 11/18 16:53:34 Job terminated.
	(1) Normal termination (return value 1)
		Usr 0 00:08:09, Sys 0 00:02:29  -  Run Remote Usage
		Usr 0 00:00:00, Sys 0 00:00:00  -  Run Local Usage
		Usr 0 00:08:09, Sys 0 00:02:29  -  Total Remote Usage
		Usr 0 00:00:00, Sys 0 00:00:00  -  Total Local Usage
	1954596  -  Run Bytes Sent By Job
	1696  -  Run Bytes Received By Job
	1954596  -  Total Bytes Sent By Job
	1696  -  Total Bytes Received By Job
	Partitionable Resources :    Usage  Request Allocated Assigned
	   Cpus                 :     1.06       24        24 
	   Disk (KB)            :  1935     8388608   8389638 
	   GPUs                 :     0.08        1         1 "GPU-0d3184cb"
	   GpusMemory (MB)      : 14339                       
	   Memory (MB)          : 70001       72000     72000 
	   TimeExecute (s)      :  2950                       
	   TimeSlotBusy (s)     :  2952                       

	Job terminated of its own accord at 2025-11-18T15:53:34Z with exit-code 1.
...
