000 (9063657.003.000) 11/18 09:13:53 Job submitted from host: <188.185.8.79:9618?addrs=188.185.8.79-9618+[2001-1458-d00-63--100-23a]-9618&alias=bigbird26.cern.ch&noUDP&sock=schedd_3453776_a447>
...
040 (9063657.003.000) 11/18 09:30:15 Started transferring input files
	Transferring to host: <188.184.195.24:9618?addrs=188.184.195.24-9618+[2001-1458-301-72--100-1fb]-9618&alias=b9g47n2453.cern.ch&noUDP&sock=slot1_2_14481_eca6_7805>
...
040 (9063657.003.000) 11/18 09:30:15 Finished transferring input files
...
001 (9063657.003.000) 11/18 09:30:16 Job executing on host: <188.184.195.24:9618?addrs=188.184.195.24-9618+[2001-1458-301-72--100-1fb]-9618&alias=b9g47n2453.cern.ch&noUDP&sock=startd_13914_6cd7>
	SlotName: slot1_2@b9g47n2453.cern.ch
	AvailableGPUs = { GPUs_GPU_6b601e6e }
	CondorScratchDir = "/pool/condor/dir_2635689"
	Cpus = 4
	Disk = 2014
	GPUs = 1
	GPUs_GPU_6b601e6e = [ Id = "GPU-6b601e6e"; ClockMhz = 1590.0; Capability = 7.5; CoresPerCU = 64; DeviceName = "Tesla T4"; DeviceUuid = "6b601e6e-7e29-a9d9-068f-792579d884bc"; ECCEnabled = true; ComputeUnits = 40; DriverVersion = 13.0; DevicePciBusId = "0000:07:00.0"; GlobalMemoryMb = 14913; MaxSupportedVersion = 13000 ]
	Memory = 12300
...
006 (9063657.003.000) 11/18 09:30:29 Image size of job updated: 67636
	67  -  MemoryUsage of job (MB)
	67636  -  ResidentSetSize of job (KB)
...
006 (9063657.003.000) 11/18 09:32:58 Image size of job updated: 6679200
	67  -  MemoryUsage of job (MB)
	67636  -  ResidentSetSize of job (KB)
...
040 (9063657.003.000) 11/18 09:32:58 Started transferring output files
...
040 (9063657.003.000) 11/18 09:32:58 Finished transferring output files
...
005 (9063657.003.000) 11/18 09:32:58 Job terminated.
	(1) Normal termination (return value 1)
		Usr 0 00:01:49, Sys 0 00:00:27  -  Run Remote Usage
		Usr 0 00:00:00, Sys 0 00:00:00  -  Run Local Usage
		Usr 0 00:01:49, Sys 0 00:00:27  -  Total Remote Usage
		Usr 0 00:00:00, Sys 0 00:00:00  -  Total Local Usage
	83822  -  Run Bytes Sent By Job
	1696  -  Run Bytes Received By Job
	83822  -  Total Bytes Sent By Job
	1696  -  Total Bytes Received By Job
	Partitionable Resources :    Usage  Request Allocated Assigned
	   Cpus                 :                 4         4 
	   Disk (KB)            :      100        2      2014 
	   GPUs                 :                 1         1 "GPU-6b601e6e"
	   Memory (MB)          :       67    12288     12300 
	   TimeExecute (s)      :      162                    
	   TimeSlotBusy (s)     :      163                    

	Job terminated of its own accord at 2025-11-18T08:32:58Z with exit-code 1.
...
