2025-11-19 15:54:33.615963: I tensorflow/core/util/port.cc:153] oneDNN custom operations are on. You may see slightly different numerical results due to floating-point round-off errors from different computation orders. To turn them off, set the environment variable `TF_ENABLE_ONEDNN_OPTS=0`.
2025-11-19 15:54:35.096286: I tensorflow/core/platform/cpu_feature_guard.cc:210] This TensorFlow binary is optimized to use available CPU instructions in performance-critical operations.
To enable the following instructions: AVX2 AVX512F AVX512_VNNI FMA, in other operations, rebuild TensorFlow with the appropriate compiler flags.
2025-11-19 15:54:40.806295: I tensorflow/core/util/port.cc:153] oneDNN custom operations are on. You may see slightly different numerical results due to floating-point round-off errors from different computation orders. To turn them off, set the environment variable `TF_ENABLE_ONEDNN_OPTS=0`.
/afs/cern.ch/user/e/evilla/.local/lib/python3.9/site-packages/keras/src/layers/convolutional/base_conv.py:113: UserWarning: Do not pass an `input_shape`/`input_dim` argument to a layer. When using Sequential models, prefer using an `Input(shape)` object as the first layer in the model instead.
  super().__init__(activity_regularizer=activity_regularizer, **kwargs)
WARNING: All log messages before absl::InitializeLog() is called are written to STDERR
W0000 00:00:1763568733.481223     114 gpu_device.cc:2342] Cannot dlopen some GPU libraries. Please make sure the missing libraries mentioned above are installed properly if you would like to use GPU. Follow the guide at https://www.tensorflow.org/install/gpu for how to download and setup the required libraries for your platform.
Skipping registering GPU devices...
Traceback (most recent call last):
  File "/afs/cern.ch/work/e/evilla/private/dune/refactor_ml/electron_direction/models/train_ed_volume_batch_reload.py", line 613, in <module>
    main()
  File "/afs/cern.ch/work/e/evilla/private/dune/refactor_ml/electron_direction/models/train_ed_volume_batch_reload.py", line 571, in main
    model, history, test_data = train_with_batch_reload(
  File "/afs/cern.ch/work/e/evilla/private/dune/refactor_ml/electron_direction/models/train_ed_volume_batch_reload.py", line 380, in train_with_batch_reload
    new_train_images, new_train_directions, _ = data_loader_fn(seed=reload_count * 1000)
  File "/afs/cern.ch/work/e/evilla/private/dune/refactor_ml/electron_direction/models/train_ed_volume_batch_reload.py", line 568, in data_loader_fn
    return load_volume_batch(data_dir, plane=plane, max_samples=max_samples, seed=seed)
  File "/afs/cern.ch/work/e/evilla/private/dune/refactor_ml/electron_direction/models/train_ed_volume_batch_reload.py", line 107, in load_volume_batch
    data = np.load(plane_file, allow_pickle=True)
  File "/afs/cern.ch/user/e/evilla/.local/lib/python3.9/site-packages/numpy/lib/npyio.py", line 436, in load
    raise EOFError("No data left in file")
EOFError: No data left in file
