000 (13790602.000.000) 11/19 12:06:18 Job submitted from host: <188.184.90.62:9618?addrs=188.184.90.62-9618+[2001-1458-201-e4--100-238]-9618&alias=bigbird16.cern.ch&noUDP&sock=schedd_5196_9a2f>
...
040 (13790602.000.000) 11/19 12:39:54 Started transferring input files
	Transferring to host: <188.184.195.226:9618?addrs=188.184.195.226-9618+[2001-1458-301-72--100-208]-9618&alias=b9g47n4984.cern.ch&noUDP&sock=slot1_1_258043_6316_89>
...
040 (13790602.000.000) 11/19 12:39:54 Finished transferring input files
...
001 (13790602.000.000) 11/19 12:39:55 Job executing on host: <188.184.195.226:9618?addrs=188.184.195.226-9618+[2001-1458-301-72--100-208]-9618&alias=b9g47n4984.cern.ch&noUDP&sock=startd_5603_c53b>
	SlotName: slot1_1@b9g47n4984.cern.ch
	AvailableGPUs = { GPUs_GPU_8ce30a61 }
	CondorScratchDir = "/pool/condor/dir_656303"
	Cpus = 27
	Disk = 10486813
	GPUs = 1
	GPUs_GPU_8ce30a61 = [ Id = "GPU-8ce30a61"; ClockMhz = 1590.0; Capability = 7.5; CoresPerCU = 64; DeviceName = "Tesla T4"; DeviceUuid = "8ce30a61-1c4d-d3ee-3956-d018ef656c0a"; ECCEnabled = true; ComputeUnits = 40; DriverVersion = 13.0; DevicePciBusId = "0000:07:00.0"; GlobalMemoryMb = 14913; MaxSupportedVersion = 13000 ]
	Memory = 81000
...
006 (13790602.000.000) 11/19 12:40:08 Image size of job updated: 1368
	2  -  MemoryUsage of job (MB)
	1368  -  ResidentSetSize of job (KB)
...
006 (13790602.000.000) 11/19 12:45:08 Image size of job updated: 70518944
	68867  -  MemoryUsage of job (MB)
	70518944  -  ResidentSetSize of job (KB)
...
006 (13790602.000.000) 11/19 12:50:09 Image size of job updated: 152693684
	149115  -  MemoryUsage of job (MB)
	152693684  -  ResidentSetSize of job (KB)
...
006 (13790602.000.000) 11/19 12:55:09 Image size of job updated: 164547144
	160165  -  MemoryUsage of job (MB)
	164008900  -  ResidentSetSize of job (KB)
...
006 (13790602.000.000) 11/19 13:00:09 Image size of job updated: 164547144
	160166  -  MemoryUsage of job (MB)
	164009836  -  ResidentSetSize of job (KB)
...
040 (13790602.000.000) 11/19 13:00:23 Started transferring output files
...
040 (13790602.000.000) 11/19 13:00:23 Finished transferring output files
...
009 (13790602.000.000) 11/19 13:00:23 Job was aborted.
	Job removed by SYSTEM_PERIODIC_REMOVE due to wall time exceeded allowed max.
...
