000 (9063657.004.000) 11/18 09:13:53 Job submitted from host: <188.185.8.79:9618?addrs=188.185.8.79-9618+[2001-1458-d00-63--100-23a]-9618&alias=bigbird26.cern.ch&noUDP&sock=schedd_3453776_a447>
...
040 (9063657.004.000) 11/18 09:31:45 Started transferring input files
	Transferring to host: <188.185.190.108:9618?addrs=188.185.190.108-9618+[2001-1458-d03-b--100-2ff]-9618&alias=b9pgpun015.cern.ch&noUDP&sock=slot1_4_1615979_24ca_1340>
...
040 (9063657.004.000) 11/18 09:31:45 Finished transferring input files
...
001 (9063657.004.000) 11/18 09:31:46 Job executing on host: <188.185.190.108:9618?addrs=188.185.190.108-9618+[2001-1458-d03-b--100-2ff]-9618&alias=b9pgpun015.cern.ch&noUDP&sock=startd_16497_25f7>
	SlotName: slot1_4@b9pgpun015.cern.ch
	AvailableGPUs = { GPUs_GPU_6c758778 }
	CondorScratchDir = "/pool/condor/dir_3758430"
	Cpus = 4
	Disk = 7168
	GPUs = 1
	GPUs_GPU_6c758778 = [ Id = "GPU-6c758778"; ClockMhz = 1785.0; Capability = 9.0; CoresPerCU = 128; DeviceName = "NVIDIA H100 NVL"; DeviceUuid = "6c758778-f190-832d-194b-c3fac08a8c33"; ECCEnabled = true; ComputeUnits = 132; DriverVersion = 13.0; DevicePciBusId = "0000:AE:00.0"; GlobalMemoryMb = 95320; MaxSupportedVersion = 13000 ]
	Memory = 12300
...
006 (9063657.004.000) 11/18 09:31:59 Image size of job updated: 219904
	190  -  MemoryUsage of job (MB)
	194248  -  ResidentSetSize of job (KB)
...
006 (9063657.004.000) 11/18 09:34:14 Image size of job updated: 8396272
	190  -  MemoryUsage of job (MB)
	194280  -  ResidentSetSize of job (KB)
...
040 (9063657.004.000) 11/18 09:34:14 Started transferring output files
...
040 (9063657.004.000) 11/18 09:34:14 Finished transferring output files
...
005 (9063657.004.000) 11/18 09:34:14 Job terminated.
	(1) Normal termination (return value 1)
		Usr 0 00:01:07, Sys 0 00:00:14  -  Run Remote Usage
		Usr 0 00:00:00, Sys 0 00:00:00  -  Run Local Usage
		Usr 0 00:01:07, Sys 0 00:00:14  -  Total Remote Usage
		Usr 0 00:00:00, Sys 0 00:00:00  -  Total Local Usage
	45287  -  Run Bytes Sent By Job
	1696  -  Run Bytes Received By Job
	45287  -  Total Bytes Sent By Job
	1696  -  Total Bytes Received By Job
	Partitionable Resources :    Usage  Request Allocated Assigned
	   Cpus                 :                 4         4 
	   Disk (KB)            :       63        2      7168 
	   GPUs                 :                 1         1 "GPU-6c758778"
	   Memory (MB)          :      190    12288     12300 
	   TimeExecute (s)      :      148                    
	   TimeSlotBusy (s)     :      154                    

	Job terminated of its own accord at 2025-11-18T08:34:14Z with exit-code 1.
...
