000 (9063817.003.000) 11/18 10:10:19 Job submitted from host: <188.185.8.79:9618?addrs=188.185.8.79-9618+[2001-1458-d00-63--100-23a]-9618&alias=bigbird26.cern.ch&noUDP&sock=schedd_3453776_a447>
...
040 (9063817.003.000) 11/18 10:10:26 Started transferring input files
	Transferring to host: <188.185.92.254:9618?addrs=188.185.92.254-9618+[2001-1458-d00-6c--100-8f]-9618&alias=b9g57n6544.cern.ch&noUDP&sock=slot1_3_21219_7478_8401>
...
040 (9063817.003.000) 11/18 10:10:26 Finished transferring input files
...
001 (9063817.003.000) 11/18 10:10:27 Job executing on host: <188.185.92.254:9618?addrs=188.185.92.254-9618+[2001-1458-d00-6c--100-8f]-9618&alias=b9g57n6544.cern.ch&noUDP&sock=startd_20748_fb11>
	SlotName: slot1_3@b9g57n6544.cern.ch
	AvailableGPUs = { GPUs_GPU_3476cdbf }
	CondorScratchDir = "/pool/condor/dir_3181057"
	Cpus = 4
	Disk = 2098584
	GPUs = 1
	GPUs_GPU_3476cdbf = [ Id = "GPU-3476cdbf"; ClockMhz = 1410.0; Capability = 8.0; CoresPerCU = 64; DeviceName = "NVIDIA A100-PCIE-40GB"; DeviceUuid = "3476cdbf-8987-add2-4b1f-d0698e25a142"; ECCEnabled = true; ComputeUnits = 108; DriverVersion = 13.0; DevicePciBusId = "0000:08:00.0"; GlobalMemoryMb = 40441; MaxSupportedVersion = 13000 ]
	Memory = 12300
...
006 (9063817.003.000) 11/18 10:10:40 Image size of job updated: 21408
	21  -  MemoryUsage of job (MB)
	21408  -  ResidentSetSize of job (KB)
...
006 (9063817.003.000) 11/18 10:15:40 Image size of job updated: 9672308
	9446  -  MemoryUsage of job (MB)
	9672308  -  ResidentSetSize of job (KB)
...
006 (9063817.003.000) 11/18 10:20:34 Image size of job updated: 9947288
	9446  -  MemoryUsage of job (MB)
	9672308  -  ResidentSetSize of job (KB)
...
040 (9063817.003.000) 11/18 10:20:34 Started transferring output files
...
040 (9063817.003.000) 11/18 10:20:34 Finished transferring output files
...
005 (9063817.003.000) 11/18 10:20:34 Job terminated.
	(1) Normal termination (return value 0)
		Usr 0 00:05:23, Sys 0 00:05:53  -  Run Remote Usage
		Usr 0 00:00:00, Sys 0 00:00:00  -  Run Local Usage
		Usr 0 00:05:23, Sys 0 00:05:53  -  Total Remote Usage
		Usr 0 00:00:00, Sys 0 00:00:00  -  Total Local Usage
	1131321  -  Run Bytes Sent By Job
	1696  -  Run Bytes Received By Job
	1131321  -  Total Bytes Sent By Job
	1696  -  Total Bytes Received By Job
	Partitionable Resources :    Usage  Request Allocated Assigned
	   Cpus                 :     0.17        4         4 
	   Disk (KB)            :  1131     2097152   2098584 
	   GPUs                 :     0           1         1 "GPU-3476cdbf"
	   GpusMemory (MB)      :   626                       
	   Memory (MB)          :  9446       12288     12300 
	   TimeExecute (s)      :   607                       
	   TimeSlotBusy (s)     :   609                       

	Job terminated of its own accord at 2025-11-18T09:20:34Z with exit-code 0.
...
