000 (13790873.000.000) 11/19 14:00:34 Job submitted from host: <188.184.90.62:9618?addrs=188.184.90.62-9618+[2001-1458-201-e4--100-238]-9618&alias=bigbird16.cern.ch&noUDP&sock=schedd_5196_9a2f>
...
040 (13790873.000.000) 11/19 14:01:13 Started transferring input files
	Transferring to host: <188.185.190.36:9618?addrs=188.185.190.36-9618+[2001-1458-d03-b--100-44]-9618&alias=b9pgpun206.cern.ch&noUDP&sock=slot1_1_3213_995c_3560>
...
040 (13790873.000.000) 11/19 14:01:13 Finished transferring input files
...
001 (13790873.000.000) 11/19 14:01:14 Job executing on host: <188.185.190.36:9618?addrs=188.185.190.36-9618+[2001-1458-d03-b--100-44]-9618&alias=b9pgpun206.cern.ch&noUDP&sock=startd_2639_b685>
	SlotName: slot1_1@b9pgpun206.cern.ch
	AvailableGPUs = { GPUs_MIG_3c3f03d5_8a61_5b82_ab18_5a74e0f14a8e }
	CondorScratchDir = "/pool/condor/dir_1519816"
	Cpus = 16
	Disk = 15729655
	GPUs = 1
	GPUs_MIG_3c3f03d5_8a61_5b82_ab18_5a74e0f14a8e = [ Id = "MIG-3c3f03d5-8a61-5b82-ab18-5a74e0f14a8e"; DeviceName = "NVIDIA H100L-2-24C MIG 2g.24gb"; DeviceUuid = "MIG-3c3f03d5-8a61-5b82-ab18-5a74e0f14a8e"; ComputeUnits = 32; GlobalMemoryMb = 21547 ]
	Memory = 49200
...
006 (13790873.000.000) 11/19 14:01:28 Image size of job updated: 332316
	325  -  MemoryUsage of job (MB)
	332316  -  ResidentSetSize of job (KB)
...
006 (13790873.000.000) 11/19 14:06:29 Image size of job updated: 9125188
	8912  -  MemoryUsage of job (MB)
	9125188  -  ResidentSetSize of job (KB)
...
006 (13790873.000.000) 11/19 14:11:30 Image size of job updated: 17267228
	16863  -  MemoryUsage of job (MB)
	17267228  -  ResidentSetSize of job (KB)
...
006 (13790873.000.000) 11/19 14:16:30 Image size of job updated: 24949052
	24365  -  MemoryUsage of job (MB)
	24949052  -  ResidentSetSize of job (KB)
...
006 (13790873.000.000) 11/19 14:21:30 Image size of job updated: 32302820
	31546  -  MemoryUsage of job (MB)
	32302820  -  ResidentSetSize of job (KB)
...
006 (13790873.000.000) 11/19 14:26:31 Image size of job updated: 36440420
	35224  -  MemoryUsage of job (MB)
	36068648  -  ResidentSetSize of job (KB)
...
006 (13790873.000.000) 11/19 14:31:31 Image size of job updated: 36440420
	35224  -  MemoryUsage of job (MB)
	36068936  -  ResidentSetSize of job (KB)
...
006 (13790873.000.000) 11/19 14:36:31 Image size of job updated: 36717856
	35498  -  MemoryUsage of job (MB)
	36349480  -  ResidentSetSize of job (KB)
...
006 (13790873.000.000) 11/19 14:41:51 Image size of job updated: 38160304
	37171  -  MemoryUsage of job (MB)
	38062108  -  ResidentSetSize of job (KB)
...
021 (13790873.000.000) 11/19 14:41:54 Error from starter on slot1_1@b9pgpun206.cern.ch:
	Job has gone over cgroup memory limit of 49200 megabytes. Last measured usage: 37265 megabytes.  Consider resubmitting with a higher request_memory.
	Code 34 Subcode 0
...
004 (13790873.000.000) 11/19 14:41:54 Job was evicted.
	(0) CPU times
		Usr 0 00:28:16, Sys 0 00:07:21  -  Run Remote Usage
		Usr 0 00:00:00, Sys 0 00:00:00  -  Run Local Usage
	0  -  Run Bytes Sent By Job
	298  -  Run Bytes Received By Job
	Error from slot1_1@b9pgpun206.cern.ch: Job has gone over cgroup memory limit of 49200 megabytes. Last measured usage: 37265 megabytes.  Consider resubmitting with a higher request_memory.
	Partitionable Resources :    Usage  Request Allocated Assigned
	   Cpus                 :     0.97       16        16 
	   Disk (KB)            :    31    15728640  15729655 
	   GPUs                 :                 1         1 "MIG-3c3f03d5-8a61-5b82-ab18-5a74e0f14a8e"
	   Memory (MB)          : 37171       49152     49200 
	   TimeSlotBusy (s)     :  2442                       
...
012 (13790873.000.000) 11/19 14:41:54 Job was held.
	Error from slot1_1@b9pgpun206.cern.ch: Job has gone over cgroup memory limit of 49200 megabytes. Last measured usage: 37265 megabytes.  Consider resubmitting with a higher request_memory.
	Code 34 Subcode 0
...
009 (13790873.000.000) 11/19 16:02:09 Job was aborted.
	via condor_rm (by user evilla)
...
