000 (9063657.002.000) 11/18 09:13:53 Job submitted from host: <188.185.8.79:9618?addrs=188.185.8.79-9618+[2001-1458-d00-63--100-23a]-9618&alias=bigbird26.cern.ch&noUDP&sock=schedd_3453776_a447>
...
040 (9063657.002.000) 11/18 09:29:00 Started transferring input files
	Transferring to host: <188.184.195.155:9618?addrs=188.184.195.155-9618+[2001-1458-301-72--100-180]-9618&alias=b9g47n7960.cern.ch&noUDP&sock=slot1_1_15243_d285_7624>
...
040 (9063657.002.000) 11/18 09:29:00 Finished transferring input files
...
001 (9063657.002.000) 11/18 09:29:01 Job executing on host: <188.184.195.155:9618?addrs=188.184.195.155-9618+[2001-1458-301-72--100-180]-9618&alias=b9g47n7960.cern.ch&noUDP&sock=startd_14216_9271>
	SlotName: slot1_1@b9g47n7960.cern.ch
	AvailableGPUs = { GPUs_GPU_d716e2e7 }
	CondorScratchDir = "/pool/condor/dir_2704554"
	Cpus = 4
	Disk = 2048
	GPUs = 1
	GPUs_GPU_d716e2e7 = [ Id = "GPU-d716e2e7"; ClockMhz = 1597.0; Capability = 7.0; CoresPerCU = 64; DeviceName = "Tesla V100S-PCIE-32GB"; DeviceUuid = "d716e2e7-e625-dbe0-a754-d0550785b292"; ECCEnabled = true; ComputeUnits = 80; DriverVersion = 13.0; DevicePciBusId = "0000:07:00.0"; GlobalMemoryMb = 32494; MaxSupportedVersion = 13000 ]
	Memory = 12300
...
006 (9063657.002.000) 11/18 09:29:15 Image size of job updated: 208204
	204  -  MemoryUsage of job (MB)
	208204  -  ResidentSetSize of job (KB)
...
006 (9063657.002.000) 11/18 09:31:38 Image size of job updated: 6450360
	204  -  MemoryUsage of job (MB)
	208208  -  ResidentSetSize of job (KB)
...
040 (9063657.002.000) 11/18 09:31:38 Started transferring output files
...
040 (9063657.002.000) 11/18 09:31:38 Finished transferring output files
...
005 (9063657.002.000) 11/18 09:31:38 Job terminated.
	(1) Normal termination (return value 1)
		Usr 0 00:01:12, Sys 0 00:00:18  -  Run Remote Usage
		Usr 0 00:00:00, Sys 0 00:00:00  -  Run Local Usage
		Usr 0 00:01:12, Sys 0 00:00:18  -  Total Remote Usage
		Usr 0 00:00:00, Sys 0 00:00:00  -  Total Local Usage
	52629  -  Run Bytes Sent By Job
	1696  -  Run Bytes Received By Job
	52629  -  Total Bytes Sent By Job
	1696  -  Total Bytes Received By Job
	Partitionable Resources :    Usage  Request Allocated Assigned
	   Cpus                 :        0        4         4 
	   Disk (KB)            :       79        2      2048 
	   GPUs                 :        0        1         1 "GPU-d716e2e7"
	   Memory (MB)          :      204    12288     12300 
	   TimeExecute (s)      :      157                    
	   TimeSlotBusy (s)     :      158                    

	Job terminated of its own accord at 2025-11-18T08:31:38Z with exit-code 1.
...
