000 (9063817.001.000) 11/18 10:10:19 Job submitted from host: <188.185.8.79:9618?addrs=188.185.8.79-9618+[2001-1458-d00-63--100-23a]-9618&alias=bigbird26.cern.ch&noUDP&sock=schedd_3453776_a447>
...
040 (9063817.001.000) 11/18 10:10:26 Started transferring input files
	Transferring to host: <188.185.92.229:9618?addrs=188.185.92.229-9618+[2001-1458-d00-6c--100-241]-9618&alias=b9g57n1136.cern.ch&noUDP&sock=slot1_1_19366_d94d_5424>
...
040 (9063817.001.000) 11/18 10:10:26 Finished transferring input files
...
001 (9063817.001.000) 11/18 10:10:27 Job executing on host: <188.185.92.229:9618?addrs=188.185.92.229-9618+[2001-1458-d00-6c--100-241]-9618&alias=b9g57n1136.cern.ch&noUDP&sock=startd_18488_cf07>
	SlotName: slot1_1@b9g57n1136.cern.ch
	AvailableGPUs = { GPUs_GPU_9576d3f1 }
	CondorScratchDir = "/pool/condor/dir_2668511"
	Cpus = 4
	Disk = 2098176
	GPUs = 1
	GPUs_GPU_9576d3f1 = [ Id = "GPU-9576d3f1"; ClockMhz = 1410.0; Capability = 8.0; CoresPerCU = 64; DeviceName = "NVIDIA A100-PCIE-40GB"; DeviceUuid = "9576d3f1-d05d-7c3b-136d-333dbbe9c5a1"; ECCEnabled = true; ComputeUnits = 108; DriverVersion = 13.0; DevicePciBusId = "0000:06:00.0"; GlobalMemoryMb = 40441; MaxSupportedVersion = 13000 ]
	Memory = 12300
...
006 (9063817.001.000) 11/18 10:10:40 Image size of job updated: 432
	1  -  MemoryUsage of job (MB)
	432  -  ResidentSetSize of job (KB)
...
006 (9063817.001.000) 11/18 10:15:40 Image size of job updated: 7472316
	7269  -  MemoryUsage of job (MB)
	7442912  -  ResidentSetSize of job (KB)
...
006 (9063817.001.000) 11/18 10:20:05 Image size of job updated: 7548508
	7269  -  MemoryUsage of job (MB)
	7442912  -  ResidentSetSize of job (KB)
...
040 (9063817.001.000) 11/18 10:20:05 Started transferring output files
...
040 (9063817.001.000) 11/18 10:20:05 Finished transferring output files
...
005 (9063817.001.000) 11/18 10:20:05 Job terminated.
	(1) Normal termination (return value 0)
		Usr 0 00:04:56, Sys 0 00:05:36  -  Run Remote Usage
		Usr 0 00:00:00, Sys 0 00:00:00  -  Run Local Usage
		Usr 0 00:04:56, Sys 0 00:05:36  -  Total Remote Usage
		Usr 0 00:00:00, Sys 0 00:00:00  -  Total Local Usage
	1158477  -  Run Bytes Sent By Job
	1696  -  Run Bytes Received By Job
	1158477  -  Total Bytes Sent By Job
	1696  -  Total Bytes Received By Job
	Partitionable Resources :    Usage  Request Allocated Assigned
	   Cpus                 :     0.19        4         4 
	   Disk (KB)            :  1158     2097152   2098176 
	   GPUs                 :     0           1         1 "GPU-9576d3f1"
	   GpusMemory (MB)      :   592                       
	   Memory (MB)          :  7269       12288     12300 
	   TimeExecute (s)      :   578                       
	   TimeSlotBusy (s)     :   581                       

	Job terminated of its own accord at 2025-11-18T09:20:05Z with exit-code 0.
...
