000 (8782604.000.000) 11/20 00:44:14 Job submitted from host: <188.185.6.50:9618?addrs=188.185.6.50-9618+[2001-1458-d00-62--100-2b1]-9618&alias=bigbird25.cern.ch&noUDP&sock=schedd_1627_90ad>
...
040 (8782604.000.000) 11/20 01:21:06 Started transferring input files
	Transferring to host: <188.185.92.254:9618?addrs=188.185.92.254-9618+[2001-1458-d00-6c--100-8f]-9618&alias=b9g57n6544.cern.ch&noUDP&sock=slot1_2_21219_7478_9580>
...
040 (8782604.000.000) 11/20 01:21:06 Finished transferring input files
...
001 (8782604.000.000) 11/20 01:21:07 Job executing on host: <188.185.92.254:9618?addrs=188.185.92.254-9618+[2001-1458-d00-6c--100-8f]-9618&alias=b9g57n6544.cern.ch&noUDP&sock=startd_20748_fb11>
	SlotName: slot1_2@b9g57n6544.cern.ch
	AvailableGPUs = { GPUs_GPU_486de2a4 }
	CondorScratchDir = "/pool/condor/dir_2773062"
	Cpus = 20
	Disk = 15730062
	GPUs = 1
	GPUs_GPU_486de2a4 = [ Id = "GPU-486de2a4"; ClockMhz = 1410.0; Capability = 8.0; CoresPerCU = 64; DeviceName = "NVIDIA A100-PCIE-40GB"; DeviceUuid = "486de2a4-09f0-beaa-a3c7-aeb8fe4639c5"; ECCEnabled = true; ComputeUnits = 108; DriverVersion = 13.0; DevicePciBusId = "0000:07:00.0"; GlobalMemoryMb = 40441; MaxSupportedVersion = 13000 ]
	Memory = 61500
...
006 (8782604.000.000) 11/20 01:21:20 Image size of job updated: 1230260
	1202  -  MemoryUsage of job (MB)
	1230260  -  ResidentSetSize of job (KB)
...
006 (8782604.000.000) 11/20 01:26:20 Image size of job updated: 7306692
	6580  -  MemoryUsage of job (MB)
	6737260  -  ResidentSetSize of job (KB)
...
006 (8782604.000.000) 11/20 01:31:21 Image size of job updated: 11795644
	11353  -  MemoryUsage of job (MB)
	11624516  -  ResidentSetSize of job (KB)
...
006 (8782604.000.000) 11/20 01:36:21 Image size of job updated: 16592272
	16204  -  MemoryUsage of job (MB)
	16592272  -  ResidentSetSize of job (KB)
...
006 (8782604.000.000) 11/20 01:41:21 Image size of job updated: 21270420
	20772  -  MemoryUsage of job (MB)
	21270420  -  ResidentSetSize of job (KB)
...
006 (8782604.000.000) 11/20 01:46:22 Image size of job updated: 25572824
	24779  -  MemoryUsage of job (MB)
	25373240  -  ResidentSetSize of job (KB)
...
006 (8782604.000.000) 11/20 01:51:22 Image size of job updated: 30346284
	29636  -  MemoryUsage of job (MB)
	30346284  -  ResidentSetSize of job (KB)
...
006 (8782604.000.000) 11/20 01:56:22 Image size of job updated: 34724068
	33911  -  MemoryUsage of job (MB)
	34724068  -  ResidentSetSize of job (KB)
...
006 (8782604.000.000) 11/20 02:01:23 Image size of job updated: 39104380
	37915  -  MemoryUsage of job (MB)
	38824184  -  ResidentSetSize of job (KB)
...
006 (8782604.000.000) 11/20 02:06:23 Image size of job updated: 125416172
	102598  -  MemoryUsage of job (MB)
	105060184  -  ResidentSetSize of job (KB)
...
006 (8782604.000.000) 11/20 02:11:23 Image size of job updated: 125416172
	122290  -  MemoryUsage of job (MB)
	125223992  -  ResidentSetSize of job (KB)
...
040 (8782604.000.000) 11/20 10:12:53 Started transferring output files
...
040 (8782604.000.000) 11/20 10:12:54 Finished transferring output files
...
005 (8782604.000.000) 11/20 10:12:54 Job terminated.
	(1) Normal termination (return value 0)
		Usr 5 05:54:45, Sys 2 08:37:56  -  Run Remote Usage
		Usr 0 00:00:00, Sys 0 00:00:00  -  Run Local Usage
		Usr 5 05:54:45, Sys 2 08:37:56  -  Total Remote Usage
		Usr 0 00:00:00, Sys 0 00:00:00  -  Total Local Usage
	4180673  -  Run Bytes Sent By Job
	261  -  Run Bytes Received By Job
	4180673  -  Total Bytes Sent By Job
	261  -  Total Bytes Received By Job
	Partitionable Resources :     Usage  Request Allocated Assigned
	   Cpus                 :     23.13       20        20 
	   Disk (KB)            :   4108    15728640  15730062 
	   GPUs                 :      0           1         1 "GPU-486de2a4"
	   GpusMemory (MB)      :    522                       
	   Memory (MB)          : 122290       61440     61500 
	   TimeExecute (s)      :  31906                       
	   TimeSlotBusy (s)     :  31908                       

	Job terminated of its own accord at 2025-11-20T09:12:53Z with exit-code 0.
...
