000 (9066677.000.000) 11/18 14:23:08 Job submitted from host: <188.185.8.79:9618?addrs=188.185.8.79-9618+[2001-1458-d00-63--100-23a]-9618&alias=bigbird26.cern.ch&noUDP&sock=schedd_3453776_a447>
...
040 (9066677.000.000) 11/18 14:27:44 Started transferring input files
	Transferring to host: <188.184.195.125:9618?addrs=188.184.195.125-9618+[2001-1458-301-72--100-46]-9618&alias=b9g47n4484.cern.ch&noUDP&sock=slot1_1_19949_a004_8285>
...
040 (9066677.000.000) 11/18 14:27:44 Finished transferring input files
...
001 (9066677.000.000) 11/18 14:27:45 Job executing on host: <188.184.195.125:9618?addrs=188.184.195.125-9618+[2001-1458-301-72--100-46]-9618&alias=b9g47n4484.cern.ch&noUDP&sock=startd_18735_3aec>
	SlotName: slot1_1@b9g47n4484.cern.ch
	AvailableGPUs = { GPUs_GPU_af018eac }
	CondorScratchDir = "/pool/condor/dir_3176592"
	Cpus = 24
	Disk = 2098182
	GPUs = 1
	GPUs_GPU_af018eac = [ Id = "GPU-af018eac"; ClockMhz = 1590.0; Capability = 7.5; CoresPerCU = 64; DeviceName = "Tesla T4"; DeviceUuid = "af018eac-0217-6a0c-1f02-a7671647c0bf"; ECCEnabled = true; ComputeUnits = 40; DriverVersion = 13.0; DevicePciBusId = "0000:07:00.0"; GlobalMemoryMb = 14913; MaxSupportedVersion = 13000 ]
	Memory = 72000
...
006 (9066677.000.000) 11/18 14:27:58 Image size of job updated: 143644
	141  -  MemoryUsage of job (MB)
	143644  -  ResidentSetSize of job (KB)
...
006 (9066677.000.000) 11/18 14:32:58 Image size of job updated: 8933392
	8725  -  MemoryUsage of job (MB)
	8933392  -  ResidentSetSize of job (KB)
...
006 (9066677.000.000) 11/18 14:37:59 Image size of job updated: 18955176
	18511  -  MemoryUsage of job (MB)
	18955176  -  ResidentSetSize of job (KB)
...
006 (9066677.000.000) 11/18 14:43:00 Image size of job updated: 28916004
	28239  -  MemoryUsage of job (MB)
	28916004  -  ResidentSetSize of job (KB)
...
006 (9066677.000.000) 11/18 14:48:00 Image size of job updated: 39122284
	38206  -  MemoryUsage of job (MB)
	39122284  -  ResidentSetSize of job (KB)
...
006 (9066677.000.000) 11/18 14:53:01 Image size of job updated: 46011836
	42754  -  MemoryUsage of job (MB)
	43779756  -  ResidentSetSize of job (KB)
...
006 (9066677.000.000) 11/18 14:58:02 Image size of job updated: 46011836
	42770  -  MemoryUsage of job (MB)
	43795616  -  ResidentSetSize of job (KB)
...
006 (9066677.000.000) 11/18 15:03:02 Image size of job updated: 46011836
	42785  -  MemoryUsage of job (MB)
	43811396  -  ResidentSetSize of job (KB)
...
006 (9066677.000.000) 11/18 15:08:03 Image size of job updated: 49182280
	48030  -  MemoryUsage of job (MB)
	49182280  -  ResidentSetSize of job (KB)
...
006 (9066677.000.000) 11/18 15:13:04 Image size of job updated: 62035436
	60582  -  MemoryUsage of job (MB)
	62035436  -  ResidentSetSize of job (KB)
...
006 (9066677.000.000) 11/18 15:18:04 Image size of job updated: 71775712
	70094  -  MemoryUsage of job (MB)
	71775712  -  ResidentSetSize of job (KB)
...
006 (9066677.000.000) 11/18 15:18:29 Image size of job updated: 73526264
	70094  -  MemoryUsage of job (MB)
	71775712  -  ResidentSetSize of job (KB)
...
040 (9066677.000.000) 11/18 15:18:29 Started transferring output files
...
040 (9066677.000.000) 11/18 15:18:34 Finished transferring output files
...
005 (9066677.000.000) 11/18 15:18:34 Job terminated.
	(1) Normal termination (return value 1)
		Usr 0 00:07:38, Sys 0 00:02:27  -  Run Remote Usage
		Usr 0 00:00:00, Sys 0 00:00:00  -  Run Local Usage
		Usr 0 00:07:38, Sys 0 00:02:27  -  Total Remote Usage
		Usr 0 00:00:00, Sys 0 00:00:00  -  Total Local Usage
	1952827  -  Run Bytes Sent By Job
	1696  -  Run Bytes Received By Job
	1952827  -  Total Bytes Sent By Job
	1696  -  Total Bytes Received By Job
	Partitionable Resources :    Usage  Request Allocated Assigned
	   Cpus                 :     0.58       24        24 
	   Disk (KB)            :  1933     2097152   2098182 
	   GPUs                 :     0           1         1 "GPU-af018eac"
	   GpusMemory (MB)      :   491                       
	   Memory (MB)          : 70094       72000     72000 
	   TimeExecute (s)      :  3044                       
	   TimeSlotBusy (s)     :  3051                       

	Job terminated of its own accord at 2025-11-18T14:18:29Z with exit-code 1.
...
