000 (9063655.001.000) 11/18 09:04:19 Job submitted from host: <188.185.8.79:9618?addrs=188.185.8.79-9618+[2001-1458-d00-63--100-23a]-9618&alias=bigbird26.cern.ch&noUDP&sock=schedd_3453776_a447>
...
040 (9063655.001.000) 11/18 09:04:46 Started transferring input files
	Transferring to host: <188.184.195.60:9618?addrs=188.184.195.60-9618+[2001-1458-301-72--100-40b]-9618&alias=b9g47n8368.cern.ch&noUDP&sock=slot1_1_17911_ab71_8151>
...
040 (9063655.001.000) 11/18 09:04:46 Finished transferring input files
...
001 (9063655.001.000) 11/18 09:04:47 Job executing on host: <188.184.195.60:9618?addrs=188.184.195.60-9618+[2001-1458-301-72--100-40b]-9618&alias=b9g47n8368.cern.ch&noUDP&sock=startd_17076_4b4d>
	SlotName: slot1_1@b9g47n8368.cern.ch
	AvailableGPUs = { GPUs_GPU_0d3184cb }
	CondorScratchDir = "/pool/condor/dir_3100582"
	Cpus = 4
	Disk = 2054
	GPUs = 1
	GPUs_GPU_0d3184cb = [ Id = "GPU-0d3184cb"; ClockMhz = 1590.0; Capability = 7.5; CoresPerCU = 64; DeviceName = "Tesla T4"; DeviceUuid = "0d3184cb-044b-6a85-e661-54a626111c00"; ECCEnabled = true; ComputeUnits = 40; DriverVersion = 13.0; DevicePciBusId = "0000:07:00.0"; GlobalMemoryMb = 14913; MaxSupportedVersion = 13000 ]
	Memory = 12300
...
006 (9063655.001.000) 11/18 09:05:01 Image size of job updated: 170896
	167  -  MemoryUsage of job (MB)
	170896  -  ResidentSetSize of job (KB)
...
006 (9063655.001.000) 11/18 09:05:23 Image size of job updated: 260080
	167  -  MemoryUsage of job (MB)
	171000  -  ResidentSetSize of job (KB)
...
040 (9063655.001.000) 11/18 09:05:23 Started transferring output files
...
040 (9063655.001.000) 11/18 09:05:23 Finished transferring output files
...
005 (9063655.001.000) 11/18 09:05:23 Job terminated.
	(1) Normal termination (return value 1)
		Usr 0 00:00:12, Sys 0 00:00:08  -  Run Remote Usage
		Usr 0 00:00:00, Sys 0 00:00:00  -  Run Local Usage
		Usr 0 00:00:12, Sys 0 00:00:08  -  Total Remote Usage
		Usr 0 00:00:00, Sys 0 00:00:00  -  Total Local Usage
	2841  -  Run Bytes Sent By Job
	1658  -  Run Bytes Received By Job
	2841  -  Total Bytes Sent By Job
	1658  -  Total Bytes Received By Job
	Partitionable Resources :    Usage  Request Allocated Assigned
	   Cpus                 :        0        4         4 
	   Disk (KB)            :       32        2      2054 
	   GPUs                 :                 1         1 "GPU-0d3184cb"
	   Memory (MB)          :      167    12288     12300 
	   TimeExecute (s)      :       36                    
	   TimeSlotBusy (s)     :       38                    

	Job terminated of its own accord at 2025-11-18T08:05:23Z with exit-code 1.
...
