000 (9076736.000.000) 11/18 17:19:58 Job submitted from host: <188.185.8.79:9618?addrs=188.185.8.79-9618+[2001-1458-d00-63--100-23a]-9618&alias=bigbird26.cern.ch&noUDP&sock=schedd_3453776_a447>
...
040 (9076736.000.000) 11/18 17:20:52 Started transferring input files
	Transferring to host: <188.185.92.49:9618?addrs=188.185.92.49-9618+[2001-1458-d00-6c--100-1fe]-9618&alias=b9g57n2594.cern.ch&noUDP&sock=slot1_1_17486_3800_8441>
...
040 (9076736.000.000) 11/18 17:20:52 Finished transferring input files
...
001 (9076736.000.000) 11/18 17:20:53 Job executing on host: <188.185.92.49:9618?addrs=188.185.92.49-9618+[2001-1458-d00-6c--100-1fe]-9618&alias=b9g57n2594.cern.ch&noUDP&sock=startd_16369_59d8>
	SlotName: slot1_1@b9g57n2594.cern.ch
	AvailableGPUs = { GPUs_GPU_f9650dc5 }
	CondorScratchDir = "/pool/condor/dir_1246709"
	Cpus = 16
	Disk = 2098170
	GPUs = 1
	GPUs_GPU_f9650dc5 = [ Id = "GPU-f9650dc5"; ClockMhz = 1410.0; Capability = 8.0; CoresPerCU = 64; DeviceName = "NVIDIA A100-PCIE-40GB"; DeviceUuid = "f9650dc5-3e28-19ee-e3e7-01f95cfb3164"; ECCEnabled = true; ComputeUnits = 108; DriverVersion = 13.0; DevicePciBusId = "0000:06:00.0"; GlobalMemoryMb = 40441; MaxSupportedVersion = 13000 ]
	Memory = 49200
...
006 (9076736.000.000) 11/18 17:21:06 Image size of job updated: 79448
	78  -  MemoryUsage of job (MB)
	79448  -  ResidentSetSize of job (KB)
...
006 (9076736.000.000) 11/18 17:26:06 Image size of job updated: 7218268
	7050  -  MemoryUsage of job (MB)
	7218268  -  ResidentSetSize of job (KB)
...
006 (9076736.000.000) 11/18 17:31:07 Image size of job updated: 15753144
	15384  -  MemoryUsage of job (MB)
	15753144  -  ResidentSetSize of job (KB)
...
006 (9076736.000.000) 11/18 17:36:07 Image size of job updated: 27778324
	27128  -  MemoryUsage of job (MB)
	27778324  -  ResidentSetSize of job (KB)
...
006 (9076736.000.000) 11/18 17:41:07 Image size of job updated: 27780312
	27130  -  MemoryUsage of job (MB)
	27780312  -  ResidentSetSize of job (KB)
...
006 (9076736.000.000) 11/18 17:46:08 Image size of job updated: 27793096
	27142  -  MemoryUsage of job (MB)
	27793096  -  ResidentSetSize of job (KB)
...
006 (9076736.000.000) 11/18 17:51:08 Image size of job updated: 39428004
	38504  -  MemoryUsage of job (MB)
	39428004  -  ResidentSetSize of job (KB)
...
006 (9076736.000.000) 11/18 17:56:08 Image size of job updated: 39813916
	38802  -  MemoryUsage of job (MB)
	39733040  -  ResidentSetSize of job (KB)
...
006 (9076736.000.000) 11/18 18:01:09 Image size of job updated: 39858168
	38879  -  MemoryUsage of job (MB)
	39811480  -  ResidentSetSize of job (KB)
...
006 (9076736.000.000) 11/18 18:06:09 Image size of job updated: 39871664
	38879  -  MemoryUsage of job (MB)
	39811480  -  ResidentSetSize of job (KB)
...
006 (9076736.000.000) 11/18 18:11:09 Image size of job updated: 39975660
	39006  -  MemoryUsage of job (MB)
	39941360  -  ResidentSetSize of job (KB)
...
006 (9076736.000.000) 11/18 18:16:10 Image size of job updated: 40119608
	39179  -  MemoryUsage of job (MB)
	40119276  -  ResidentSetSize of job (KB)
...
006 (9076736.000.000) 11/18 18:21:10 Image size of job updated: 40160196
	39192  -  MemoryUsage of job (MB)
	40131912  -  ResidentSetSize of job (KB)
...
006 (9076736.000.000) 11/18 18:26:10 Image size of job updated: 40220468
	39259  -  MemoryUsage of job (MB)
	40200428  -  ResidentSetSize of job (KB)
...
006 (9076736.000.000) 11/18 18:31:11 Image size of job updated: 40229728
	39287  -  MemoryUsage of job (MB)
	40229728  -  ResidentSetSize of job (KB)
...
006 (9076736.000.000) 11/18 18:36:11 Image size of job updated: 40283056
	39339  -  MemoryUsage of job (MB)
	40283056  -  ResidentSetSize of job (KB)
...
006 (9076736.000.000) 11/18 18:37:33 Image size of job updated: 40283396
	39339  -  MemoryUsage of job (MB)
	40283060  -  ResidentSetSize of job (KB)
...
040 (9076736.000.000) 11/18 18:37:33 Started transferring output files
...
040 (9076736.000.000) 11/18 18:37:34 Finished transferring output files
...
005 (9076736.000.000) 11/18 18:37:34 Job terminated.
	(1) Normal termination (return value 0)
		Usr 0 00:37:08, Sys 0 00:40:19  -  Run Remote Usage
		Usr 0 00:00:00, Sys 0 00:00:00  -  Run Local Usage
		Usr 0 00:37:08, Sys 0 00:40:19  -  Total Remote Usage
		Usr 0 00:00:00, Sys 0 00:00:00  -  Total Local Usage
	9308077  -  Run Bytes Sent By Job
	1696  -  Run Bytes Received By Job
	9308077  -  Total Bytes Sent By Job
	1696  -  Total Bytes Received By Job
	Partitionable Resources :    Usage  Request Allocated Assigned
	   Cpus                 :     1.67       16        16 
	   Disk (KB)            :  9116     2097152   2098170 
	   GPUs                 :     0.31        1         1 "GPU-f9650dc5"
	   GpusMemory (MB)      : 39456                       
	   Memory (MB)          : 39339       49152     49200 
	   TimeExecute (s)      :  4600                       
	   TimeSlotBusy (s)     :  4603                       

	Job terminated of its own accord at 2025-11-18T17:37:33Z with exit-code 0.
...
