000 (13789435.000.000) 11/19 08:11:49 Job submitted from host: <188.184.90.62:9618?addrs=188.184.90.62-9618+[2001-1458-201-e4--100-238]-9618&alias=bigbird16.cern.ch&noUDP&sock=schedd_5196_9a2f>
...
040 (13789435.000.000) 11/19 08:12:41 Started transferring input files
	Transferring to host: <188.184.195.226:9618?addrs=188.184.195.226-9618+[2001-1458-301-72--100-208]-9618&alias=b9g47n4984.cern.ch&noUDP&sock=slot1_1_5647_927f_6388>
...
040 (13789435.000.000) 11/19 08:12:41 Finished transferring input files
...
001 (13789435.000.000) 11/19 08:12:42 Job executing on host: <188.184.195.226:9618?addrs=188.184.195.226-9618+[2001-1458-301-72--100-208]-9618&alias=b9g47n4984.cern.ch&noUDP&sock=startd_5603_c53b>
	SlotName: slot1_1@b9g47n4984.cern.ch
	AvailableGPUs = { GPUs_GPU_8ce30a61 }
	CondorScratchDir = "/pool/condor/dir_248569"
	Cpus = 27
	Disk = 10486815
	GPUs = 1
	GPUs_GPU_8ce30a61 = [ Id = "GPU-8ce30a61"; ClockMhz = 1590.0; Capability = 7.5; CoresPerCU = 64; DeviceName = "Tesla T4"; DeviceUuid = "8ce30a61-1c4d-d3ee-3956-d018ef656c0a"; ECCEnabled = true; ComputeUnits = 40; DriverVersion = 13.0; DevicePciBusId = "0000:07:00.0"; GlobalMemoryMb = 14913; MaxSupportedVersion = 13000 ]
	Memory = 81000
...
006 (13789435.000.000) 11/19 08:12:55 Image size of job updated: 26008
	26  -  MemoryUsage of job (MB)
	26008  -  ResidentSetSize of job (KB)
...
006 (13789435.000.000) 11/19 08:17:55 Image size of job updated: 73370940
	71652  -  MemoryUsage of job (MB)
	73370940  -  ResidentSetSize of job (KB)
...
006 (13789435.000.000) 11/19 08:22:56 Image size of job updated: 149301832
	145803  -  MemoryUsage of job (MB)
	149301832  -  ResidentSetSize of job (KB)
...
006 (13789435.000.000) 11/19 08:27:56 Image size of job updated: 163309640
	159467  -  MemoryUsage of job (MB)
	163293276  -  ResidentSetSize of job (KB)
...
006 (13789435.000.000) 11/19 08:32:56 Image size of job updated: 163916900
	159467  -  MemoryUsage of job (MB)
	163293276  -  ResidentSetSize of job (KB)
...
006 (13789435.000.000) 11/19 08:44:32 Image size of job updated: 163916900
	160023  -  MemoryUsage of job (MB)
	163863480  -  ResidentSetSize of job (KB)
...
006 (13789435.000.000) 11/19 08:51:33 Image size of job updated: 163945028
	160103  -  MemoryUsage of job (MB)
	163945028  -  ResidentSetSize of job (KB)
...
006 (13789435.000.000) 11/19 08:58:31 Image size of job updated: 164155920
	160309  -  MemoryUsage of job (MB)
	164155920  -  ResidentSetSize of job (KB)
...
006 (13789435.000.000) 11/19 09:23:28 Image size of job updated: 164282336
	160432  -  MemoryUsage of job (MB)
	164282336  -  ResidentSetSize of job (KB)
...
006 (13789435.000.000) 11/19 10:11:48 Image size of job updated: 164524072
	160550  -  MemoryUsage of job (MB)
	164402364  -  ResidentSetSize of job (KB)
...
022 (13789435.000.000) 11/19 10:29:23 Job disconnected, attempting to reconnect
    Socket between submit and execute hosts closed unexpectedly
    Trying to reconnect to slot1_1@b9g47n4984.cern.ch <188.184.195.226:9618?addrs=188.184.195.226-9618+[2001-1458-301-72--100-208]-9618&alias=b9g47n4984.cern.ch&noUDP&sock=startd_5603_c53b>
...
024 (13789435.000.000) 11/19 11:59:23 Job reconnection failed
    Job disconnected too long: JobLeaseDuration (5400 seconds) expired
    Can not reconnect to slot1_1@b9g47n4984.cern.ch, rescheduling job
...
004 (13789435.000.000) 11/19 11:59:33 Job was evicted.
	(0) CPU times
		Usr 0 00:17:02, Sys 0 00:06:42  -  Run Remote Usage
		Usr 0 00:00:00, Sys 0 00:00:00  -  Run Local Usage
	0  -  Run Bytes Sent By Job
	1134  -  Run Bytes Received By Job
	Job disconnected too long: JobLeaseDuration (5400 seconds) expired
	Partitionable Resources :     Usage  Request Allocated Assigned
	   Cpus                 :      0.07       27        27 
	   Disk (KB)            :     34    10485760  10486815 
	   GPUs                 :      0           1         1 "GPU-8ce30a61"
	   GpusMemory (MB)      :    501                       
	   Memory (MB)          : 160550       81000     81000 
...
009 (13789435.000.000) 11/19 12:05:54 Job was aborted.
	via condor_rm (by user evilla)
...
