2025-11-12 00:58:23.256455: I tensorflow/core/util/port.cc:113] oneDNN custom operations are on. You may see slightly different numerical results due to floating-point round-off errors from different computation orders. To turn them off, set the environment variable `TF_ENABLE_ONEDNN_OPTS=0`.
2025-11-12 00:58:23.320397: I tensorflow/core/platform/cpu_feature_guard.cc:210] This TensorFlow binary is optimized to use available CPU instructions in performance-critical operations.
To enable the following instructions: AVX2 AVX512F AVX512_VNNI FMA, in other operations, rebuild TensorFlow with the appropriate compiler flags.
2025-11-12 00:58:26.855259: W tensorflow/compiler/tf2tensorrt/utils/py_utils.cc:38] TF-TRT Warning: Could not find TensorRT
Traceback (most recent call last):
  File "/afs/cern.ch/work/e/evilla/private/dune/refactor_ml/mt_identifier/models/main_production.py", line 402, in <module>
    main()
  File "/afs/cern.ch/work/e/evilla/private/dune/refactor_ml/mt_identifier/models/main_production.py", line 326, in main
    train, val, test, history_dict = cl.prepare_data_from_multiple_npz(
                                     ^^^^^^^^^^^^^^^^^^^^^^^^^^^^^^^^^^
  File "/afs/cern.ch/work/e/evilla/private/dune/refactor_ml/python/classification_libs.py", line 635, in prepare_data_from_multiple_npz
    dataset_img, metadata = dl.load_dataset_from_multiple_directories(
                            ^^^^^^^^^^^^^^^^^^^^^^^^^^^^^^^^^^^^^^^^^^
  File "/afs/cern.ch/work/e/evilla/private/dune/refactor_ml/python/data_loader.py", line 427, in load_dataset_from_multiple_directories
    images, metadata = load_dataset_from_directory(
                       ^^^^^^^^^^^^^^^^^^^^^^^^^^^^
  File "/afs/cern.ch/work/e/evilla/private/dune/refactor_ml/python/data_loader.py", line 178, in load_dataset_from_directory
    warnings.warn(f"Skipping corrupted file (0 bytes): {batch_file}")
    ^^^^^^^^
NameError: name 'warnings' is not defined. Did you mean: 'Warning'?
