=========================================
MT IDENTIFIER TRAINING - HTCondor Job
=========================================
Job started at: Mon Nov 10 06:32:49 PM CET 2025
Running on host: b9g34p5265.cern.ch
Plane: X
JSON config: mt_identifier/json/production_v8_simple_10k.json
=========================================
Setting up LCG environment: LCG_106_cuda/x86_64-el9-gcc11-opt
Using LCG Python: /cvmfs/sft.cern.ch/lcg/views/LCG_106_cuda/x86_64-el9-gcc11-opt/bin/python3
Python 3.11.9


GPU Information:
No GPU available (CPU-only training)


Python version: Python 3.11.9
Python path: /cvmfs/sft.cern.ch/lcg/views/LCG_106_cuda/x86_64-el9-gcc11-opt/bin/python3
Checking TensorFlow...
2025-11-10 18:33:19.356732: I tensorflow/core/platform/cpu_feature_guard.cc:210] This TensorFlow binary is optimized to use available CPU instructions in performance-critical operations.
To enable the following instructions: AVX2 FMA, in other operations, rebuild TensorFlow with the appropriate compiler flags.
2025-11-10 18:33:41.302565: W tensorflow/compiler/tf2tensorrt/utils/py_utils.cc:38] TF-TRT Warning: Could not find TensorRT
TensorFlow version: 2.16.1
GPUs detected: 0

Working directory: /afs/cern.ch/work/e/evilla/private/dune/refactor_ml

Starting training...
Command: python3 mt_identifier/models/main_production.py -j mt_identifier/json/production_v8_simple_10k.json --plane X

