000 (10280765.000.000) 11/11 16:31:58 Job submitted from host: <188.185.71.83:9618?addrs=188.185.71.83-9618+[2001-1458-d00-7--100-34d]-9618&alias=bigbird18.cern.ch&noUDP&sock=schedd_5052_d48c>
...
040 (10280765.000.000) 11/11 16:34:02 Started transferring input files
	Transferring to host: <188.185.190.90:9618?addrs=188.185.190.90-9618+[2001-1458-d03-b--100-4b]-9618&alias=b9pgpun050.cern.ch&noUDP&sock=slot1_1_8721_7bbc_9272>
...
040 (10280765.000.000) 11/11 16:34:02 Finished transferring input files
...
001 (10280765.000.000) 11/11 16:34:03 Job executing on host: <188.185.190.90:9618?addrs=188.185.190.90-9618+[2001-1458-d03-b--100-4b]-9618&alias=b9pgpun050.cern.ch&noUDP&sock=startd_8675_e82b>
	SlotName: slot1_1@b9pgpun050.cern.ch
	AvailableGPUs = { GPUs_MIG_9e11ea22_b8f3_5c99_926e_cd3a6fa0f1f1 }
	CondorScratchDir = "/pool/condor/dir_2858909"
	Cpus = 6
	Disk = 2048
	GPUs = 1
	GPUs_MIG_9e11ea22_b8f3_5c99_926e_cd3a6fa0f1f1 = [ Id = "MIG-9e11ea22-b8f3-5c99-926e-cd3a6fa0f1f1"; DeviceName = "NVIDIA H100L-1-12C MIG 1g.12gb"; DeviceUuid = "MIG-9e11ea22-b8f3-5c99-926e-cd3a6fa0f1f1"; ComputeUnits = 16; GlobalMemoryMb = 10564 ]
	Memory = 18000
...
006 (10280765.000.000) 11/11 16:34:16 Image size of job updated: 206292
	202  -  MemoryUsage of job (MB)
	206292  -  ResidentSetSize of job (KB)
...
006 (10280765.000.000) 11/11 16:39:16 Image size of job updated: 12013920
	11733  -  MemoryUsage of job (MB)
	12013920  -  ResidentSetSize of job (KB)
...
006 (10280765.000.000) 11/11 16:40:54 Image size of job updated: 14192788
	11733  -  MemoryUsage of job (MB)
	12013920  -  ResidentSetSize of job (KB)
...
040 (10280765.000.000) 11/11 16:40:54 Started transferring output files
...
040 (10280765.000.000) 11/11 16:40:54 Finished transferring output files
...
005 (10280765.000.000) 11/11 16:40:54 Job terminated.
	(1) Normal termination (return value 1)
		Usr 0 00:00:28, Sys 0 00:00:29  -  Run Remote Usage
		Usr 0 00:00:00, Sys 0 00:00:00  -  Run Local Usage
		Usr 0 00:00:28, Sys 0 00:00:29  -  Total Remote Usage
		Usr 0 00:00:00, Sys 0 00:00:00  -  Total Local Usage
	673902  -  Run Bytes Sent By Job
	1887  -  Run Bytes Received By Job
	673902  -  Total Bytes Sent By Job
	1887  -  Total Bytes Received By Job
	Partitionable Resources :    Usage  Request Allocated Assigned
	   Cpus                 :     0.37        6         6 
	   Disk (KB)            :   684           2      2048 
	   GPUs                 :                 1         1 "MIG-9e11ea22-b8f3-5c99-926e-cd3a6fa0f1f1"
	   Memory (MB)          : 11733       18000     18000 
	   TimeExecute (s)      :   411                       
	   TimeSlotBusy (s)     :   413                       

	Job terminated of its own accord at 2025-11-11T15:40:54Z with exit-code 1.
...
