000 (10627902.000.000) 11/10 18:47:09 Job submitted from host: <188.185.70.244:9618?addrs=188.185.70.244-9618+[2001-1458-d00-7--100-2ee]-9618&alias=bigbird10.cern.ch&noUDP&sock=schedd_3518298_5df3>
...
040 (10627902.000.000) 11/10 18:49:04 Started transferring input files
	Transferring to host: <128.142.33.49:9618?addrs=128.142.33.49-9618+[2001-1458-301-53--100-2e]-9618&alias=b9g34p0153.cern.ch&noUDP&sock=slot1_8_5706_24a1_50038>
...
040 (10627902.000.000) 11/10 18:49:04 Finished transferring input files
...
001 (10627902.000.000) 11/10 18:49:05 Job executing on host: <128.142.33.49:9618?addrs=128.142.33.49-9618+[2001-1458-301-53--100-2e]-9618&alias=b9g34p0153.cern.ch&noUDP&sock=startd_4557_4d2b>
	SlotName: slot1_8@b9g34p0153.cern.ch
	CondorScratchDir = "/pool/condor/dir_2510165"
	Cpus = 3
	Disk = 5245638
	GPUs = 0
	Memory = 9000
...
006 (10627902.000.000) 11/10 18:49:19 Image size of job updated: 34416
	29  -  MemoryUsage of job (MB)
	28884  -  ResidentSetSize of job (KB)
...
006 (10627902.000.000) 11/10 18:50:15 Image size of job updated: 341596
	29  -  MemoryUsage of job (MB)
	28884  -  ResidentSetSize of job (KB)
...
040 (10627902.000.000) 11/10 18:50:15 Started transferring output files
...
040 (10627902.000.000) 11/10 18:50:15 Finished transferring output files
...
005 (10627902.000.000) 11/10 18:50:15 Job terminated.
	(1) Normal termination (return value 1)
		Usr 0 00:00:21, Sys 0 00:00:06  -  Run Remote Usage
		Usr 0 00:00:00, Sys 0 00:00:00  -  Run Local Usage
		Usr 0 00:00:21, Sys 0 00:00:06  -  Total Remote Usage
		Usr 0 00:00:00, Sys 0 00:00:00  -  Total Local Usage
	10758  -  Run Bytes Sent By Job
	2476  -  Run Bytes Received By Job
	10758  -  Total Bytes Sent By Job
	2476  -  Total Bytes Received By Job
	Partitionable Resources :    Usage  Request Allocated 
	   Cpus                 :        0        3         3 
	   Disk (KB)            :       52  5242880   5245638 
	   GPUs                 :                           0 
	   Memory (MB)          :       29     9000      9000 
	   TimeExecute (s)      :       70                    
	   TimeSlotBusy (s)     :       72                    

	Job terminated of its own accord at 2025-11-10T17:50:15Z with exit-code 1.
...
