000 (10630292.000.000) 11/11 13:29:51 Job submitted from host: <188.185.70.244:9618?addrs=188.185.70.244-9618+[2001-1458-d00-7--100-2ee]-9618&alias=bigbird10.cern.ch&noUDP&sock=schedd_3518298_5df3>
...
040 (10630292.000.000) 11/11 13:30:34 Started transferring input files
	Transferring to host: <188.185.190.90:9618?addrs=188.185.190.90-9618+[2001-1458-d03-b--100-4b]-9618&alias=b9pgpun050.cern.ch&noUDP&sock=slot1_1_8721_7bbc_9170>
...
040 (10630292.000.000) 11/11 13:30:34 Finished transferring input files
...
001 (10630292.000.000) 11/11 13:30:35 Job executing on host: <188.185.190.90:9618?addrs=188.185.190.90-9618+[2001-1458-d03-b--100-4b]-9618&alias=b9pgpun050.cern.ch&noUDP&sock=startd_8675_e82b>
	SlotName: slot1_1@b9pgpun050.cern.ch
	AvailableGPUs = { GPUs_MIG_9e11ea22_b8f3_5c99_926e_cd3a6fa0f1f1 }
	CondorScratchDir = "/pool/condor/dir_2768442"
	Cpus = 6
	Disk = 2048
	GPUs = 1
	GPUs_MIG_9e11ea22_b8f3_5c99_926e_cd3a6fa0f1f1 = [ Id = "MIG-9e11ea22-b8f3-5c99-926e-cd3a6fa0f1f1"; DeviceName = "NVIDIA H100L-1-12C MIG 1g.12gb"; DeviceUuid = "MIG-9e11ea22-b8f3-5c99-926e-cd3a6fa0f1f1"; ComputeUnits = 16; GlobalMemoryMb = 10564 ]
	Memory = 18000
...
006 (10630292.000.000) 11/11 13:30:40 Image size of job updated: 168
	0  -  MemoryUsage of job (MB)
	0  -  ResidentSetSize of job (KB)
...
040 (10630292.000.000) 11/11 13:30:40 Started transferring output files
...
040 (10630292.000.000) 11/11 13:30:40 Finished transferring output files
...
005 (10630292.000.000) 11/11 13:30:40 Job terminated.
	(1) Normal termination (return value 1)
		Usr 0 00:00:00, Sys 0 00:00:00  -  Run Remote Usage
		Usr 0 00:00:00, Sys 0 00:00:00  -  Run Local Usage
		Usr 0 00:00:00, Sys 0 00:00:00  -  Total Remote Usage
		Usr 0 00:00:00, Sys 0 00:00:00  -  Total Local Usage
	19  -  Run Bytes Sent By Job
	1887  -  Run Bytes Received By Job
	19  -  Total Bytes Sent By Job
	1887  -  Total Bytes Received By Job
	Partitionable Resources :    Usage  Request Allocated Assigned
	   Cpus                 :        0        6         6 
	   Disk (KB)            :       29        2      2048 
	   GPUs                 :                 1         1 "MIG-9e11ea22-b8f3-5c99-926e-cd3a6fa0f1f1"
	   Memory (MB)          :        0    18000     18000 
	   TimeExecute (s)      :        5                    
	   TimeSlotBusy (s)     :        7                    

	Job terminated of its own accord at 2025-11-11T12:30:40Z with exit-code 1.
...
