000 (13722799.000.000) 11/12 00:52:59 Job submitted from host: <188.184.90.62:9618?addrs=188.184.90.62-9618+[2001-1458-201-e4--100-238]-9618&alias=bigbird16.cern.ch&noUDP&sock=schedd_2089_756e>
...
040 (13722799.000.000) 11/12 00:57:53 Started transferring input files
	Transferring to host: <188.184.195.125:9618?addrs=188.184.195.125-9618+[2001-1458-301-72--100-46]-9618&alias=b9g47n4484.cern.ch&noUDP&sock=slot1_1_19949_a004_3820>
...
040 (13722799.000.000) 11/12 00:57:53 Finished transferring input files
...
001 (13722799.000.000) 11/12 00:57:54 Job executing on host: <188.184.195.125:9618?addrs=188.184.195.125-9618+[2001-1458-301-72--100-46]-9618&alias=b9g47n4484.cern.ch&noUDP&sock=startd_18735_3aec>
	SlotName: slot1_1@b9g47n4484.cern.ch
	AvailableGPUs = { GPUs_GPU_af018eac }
	CondorScratchDir = "/pool/condor/dir_1091473"
	Cpus = 6
	Disk = 2048
	GPUs = 1
	GPUs_GPU_af018eac = [ Id = "GPU-af018eac"; ClockMhz = 1590.0; Capability = 7.5; CoresPerCU = 64; DeviceName = "Tesla T4"; DeviceUuid = "af018eac-0217-6a0c-1f02-a7671647c0bf"; ECCEnabled = true; ComputeUnits = 40; DriverVersion = 13.0; DevicePciBusId = "0000:07:00.0"; GlobalMemoryMb = 14913; MaxSupportedVersion = 13000 ]
	Memory = 18000
...
006 (13722799.000.000) 11/12 00:58:07 Image size of job updated: 145992
	143  -  MemoryUsage of job (MB)
	145992  -  ResidentSetSize of job (KB)
...
006 (13722799.000.000) 11/12 01:00:12 Image size of job updated: 3682032
	143  -  MemoryUsage of job (MB)
	145992  -  ResidentSetSize of job (KB)
...
040 (13722799.000.000) 11/12 01:00:12 Started transferring output files
...
040 (13722799.000.000) 11/12 01:00:12 Finished transferring output files
...
005 (13722799.000.000) 11/12 01:00:13 Job terminated.
	(1) Normal termination (return value 1)
		Usr 0 00:00:22, Sys 0 00:00:20  -  Run Remote Usage
		Usr 0 00:00:00, Sys 0 00:00:00  -  Run Local Usage
		Usr 0 00:00:22, Sys 0 00:00:20  -  Total Remote Usage
		Usr 0 00:00:00, Sys 0 00:00:00  -  Total Local Usage
	161345  -  Run Bytes Sent By Job
	1887  -  Run Bytes Received By Job
	161345  -  Total Bytes Sent By Job
	1887  -  Total Bytes Received By Job
	Partitionable Resources :    Usage  Request Allocated Assigned
	   Cpus                 :        0        6         6 
	   Disk (KB)            :      184        2      2048 
	   GPUs                 :                 1         1 "GPU-af018eac"
	   Memory (MB)          :      143    18000     18000 
	   TimeExecute (s)      :      138                    
	   TimeSlotBusy (s)     :      142                    

	Job terminated of its own accord at 2025-11-12T00:00:12Z with exit-code 1.
...
