2025-11-10 23:26:58.563297: I tensorflow/core/platform/cpu_feature_guard.cc:210] This TensorFlow binary is optimized to use available CPU instructions in performance-critical operations.
To enable the following instructions: AVX2 FMA, in other operations, rebuild TensorFlow with the appropriate compiler flags.
2025-11-10 23:27:02.701444: W tensorflow/compiler/tf2tensorrt/utils/py_utils.cc:38] TF-TRT Warning: Could not find TensorRT
Traceback (most recent call last):
  File "/afs/cern.ch/work/e/evilla/private/dune/refactor_ml/mt_identifier/models/main_production.py", line 402, in <module>
    main()
  File "/afs/cern.ch/work/e/evilla/private/dune/refactor_ml/mt_identifier/models/main_production.py", line 326, in main
    train, val, test, history_dict = cl.prepare_data_from_multiple_npz(
                                     ^^^^^^^^^^^^^^^^^^^^^^^^^^^^^^^^^^
  File "/afs/cern.ch/work/e/evilla/private/dune/refactor_ml/python/classification_libs.py", line 635, in prepare_data_from_multiple_npz
    dataset_img, metadata = dl.load_dataset_from_multiple_directories(
                            ^^^^^^^^^^^^^^^^^^^^^^^^^^^^^^^^^^^^^^^^^^
  File "/afs/cern.ch/work/e/evilla/private/dune/refactor_ml/python/data_loader.py", line 413, in load_dataset_from_multiple_directories
    images, metadata = load_dataset_from_directory(
                       ^^^^^^^^^^^^^^^^^^^^^^^^^^^^
  File "/afs/cern.ch/work/e/evilla/private/dune/refactor_ml/python/data_loader.py", line 176, in load_dataset_from_directory
    images, metadata = load_npz_batch(str(batch_file))
                       ^^^^^^^^^^^^^^^^^^^^^^^^^^^^^^^
  File "/afs/cern.ch/work/e/evilla/private/dune/refactor_ml/python/data_loader.py", line 94, in load_npz_batch
    data = np.load(file_path, allow_pickle=True)
           ^^^^^^^^^^^^^^^^^^^^^^^^^^^^^^^^^^^^^
  File "/cvmfs/sft.cern.ch/lcg/views/LCG_106_cuda/x86_64-el9-gcc11-opt/lib/python3.11/site-packages/numpy/lib/npyio.py", line 434, in load
    magic = fid.read(N)
            ^^^^^^^^^^^
OSError: [Errno 5] Input/output error
