000 (10630041.000.000) 11/11 10:11:30 Job submitted from host: <188.185.70.244:9618?addrs=188.185.70.244-9618+[2001-1458-d00-7--100-2ee]-9618&alias=bigbird10.cern.ch&noUDP&sock=schedd_3518298_5df3>
...
040 (10630041.000.000) 11/11 10:13:17 Started transferring input files
	Transferring to host: <128.142.192.174:9618?addrs=128.142.192.174-9618+[2001-1458-301-56--100-2a]-9618&alias=b9g18p7459.cern.ch&noUDP&sock=slot1_8_4234_fc65_50982>
...
040 (10630041.000.000) 11/11 10:13:17 Finished transferring input files
...
001 (10630041.000.000) 11/11 10:13:18 Job executing on host: <128.142.192.174:9618?addrs=128.142.192.174-9618+[2001-1458-301-56--100-2a]-9618&alias=b9g18p7459.cern.ch&noUDP&sock=startd_3303_2968>
	SlotName: slot1_8@b9g18p7459.cern.ch
	CondorScratchDir = "/pool/condor/dir_3579127"
	Cpus = 3
	Disk = 5245514
	GPUs = 0
	Memory = 9000
...
006 (10630041.000.000) 11/11 10:13:32 Image size of job updated: 37292
	37  -  MemoryUsage of job (MB)
	37292  -  ResidentSetSize of job (KB)
...
006 (10630041.000.000) 11/11 10:18:33 Image size of job updated: 7755080
	7574  -  MemoryUsage of job (MB)
	7755080  -  ResidentSetSize of job (KB)
...
006 (10630041.000.000) 11/11 10:23:34 Image size of job updated: 18086484
	13816  -  MemoryUsage of job (MB)
	14147052  -  ResidentSetSize of job (KB)
...
006 (10630041.000.000) 11/11 10:28:34 Image size of job updated: 18157448
	17732  -  MemoryUsage of job (MB)
	18157448  -  ResidentSetSize of job (KB)
...
006 (10630041.000.000) 11/11 10:33:36 Image size of job updated: 18217260
	17732  -  MemoryUsage of job (MB)
	18157448  -  ResidentSetSize of job (KB)
...
006 (10630041.000.000) 11/11 10:38:36 Image size of job updated: 18300376
	17732  -  MemoryUsage of job (MB)
	18157448  -  ResidentSetSize of job (KB)
...
040 (10630041.000.000) 11/11 10:52:29 Started transferring output files
...
040 (10630041.000.000) 11/11 10:52:29 Finished transferring output files
...
005 (10630041.000.000) 11/11 10:52:29 Job terminated.
	(1) Normal termination (return value 1)
		Usr 0 00:01:44, Sys 0 00:06:27  -  Run Remote Usage
		Usr 0 00:00:00, Sys 0 00:00:00  -  Run Local Usage
		Usr 0 00:01:44, Sys 0 00:06:27  -  Total Remote Usage
		Usr 0 00:00:00, Sys 0 00:00:00  -  Total Local Usage
	1522477  -  Run Bytes Sent By Job
	1887  -  Run Bytes Received By Job
	1522477  -  Total Bytes Sent By Job
	1887  -  Total Bytes Received By Job
	Partitionable Resources :    Usage  Request Allocated 
	   Cpus                 :     0.12        3         3 
	   Disk (KB)            :  1518     5242880   5245514 
	   GPUs                 :                           0 
	   Memory (MB)          : 17732        9000      9000 
	   TimeExecute (s)      :  2351                       
	   TimeSlotBusy (s)     :  2353                       

	Job terminated of its own accord at 2025-11-11T09:52:29Z with exit-code 1.
...
