000 (10627900.000.000) 11/10 18:32:16 Job submitted from host: <188.185.70.244:9618?addrs=188.185.70.244-9618+[2001-1458-d00-7--100-2ee]-9618&alias=bigbird10.cern.ch&noUDP&sock=schedd_3518298_5df3>
...
040 (10627900.000.000) 11/10 18:32:34 Started transferring input files
	Transferring to host: <128.142.33.58:9618?addrs=128.142.33.58-9618+[2001-1458-301-53--100-37]-9618&alias=b9g34p5265.cern.ch&noUDP&sock=slot1_10_7890_f7fa_48622>
...
040 (10627900.000.000) 11/10 18:32:34 Finished transferring input files
...
001 (10627900.000.000) 11/10 18:32:37 Job executing on host: <128.142.33.58:9618?addrs=128.142.33.58-9618+[2001-1458-301-53--100-37]-9618&alias=b9g34p5265.cern.ch&noUDP&sock=startd_6968_0c01>
	SlotName: slot1_10@b9g34p5265.cern.ch
	CondorScratchDir = "/pool/condor/dir_252396"
	Cpus = 3
	Disk = 5245663
	GPUs = 0
	Memory = 9000
...
006 (10627900.000.000) 11/10 18:32:50 Image size of job updated: 876
	1  -  MemoryUsage of job (MB)
	524  -  ResidentSetSize of job (KB)
...
006 (10627900.000.000) 11/10 18:34:17 Image size of job updated: 297728
	1  -  MemoryUsage of job (MB)
	524  -  ResidentSetSize of job (KB)
...
040 (10627900.000.000) 11/10 18:34:17 Started transferring output files
...
040 (10627900.000.000) 11/10 18:34:17 Finished transferring output files
...
005 (10627900.000.000) 11/10 18:34:17 Job terminated.
	(1) Normal termination (return value 1)
		Usr 0 00:00:17, Sys 0 00:00:05  -  Run Remote Usage
		Usr 0 00:00:00, Sys 0 00:00:00  -  Run Local Usage
		Usr 0 00:00:17, Sys 0 00:00:05  -  Total Remote Usage
		Usr 0 00:00:00, Sys 0 00:00:00  -  Total Local Usage
	8858  -  Run Bytes Sent By Job
	2297  -  Run Bytes Received By Job
	8858  -  Total Bytes Sent By Job
	2297  -  Total Bytes Received By Job
	Partitionable Resources :    Usage  Request Allocated 
	   Cpus                 :        0        3         3 
	   Disk (KB)            :       50  5242880   5245663 
	   GPUs                 :                           0 
	   Memory (MB)          :        1     9000      9000 
	   TimeExecute (s)      :      102                    
	   TimeSlotBusy (s)     :      104                    

	Job terminated of its own accord at 2025-11-10T17:34:17Z with exit-code 1.
...
