=========================================
MT IDENTIFIER TRAINING - HTCondor Job
=========================================
Job started at: Tue Nov 11 09:36:34 PM CET 2025
Running on host: b9pgpun051.cern.ch
Plane: X
JSON config: json/production_v9_nov11_10k.json
=========================================
Setting up environment using init.sh...
✓ Sourced LCG environment: LCG_106_cuda/x86_64-el9-gcc11-opt
✓ Added local packages to PYTHONPATH
[0;34m[INFO][0m ML for Pointing Environment
[0;34m[INFO][0m Repository: /afs/cern.ch/work/e/evilla/private/dune/refactor_ml
[0;34m[INFO][0m Python modules: /afs/cern.ch/work/e/evilla/private/dune/refactor_ml/python
[0;34m[INFO][0m Data directory: /eos/home-e/evilla/dune/sn-tps/images_test
[0;34m[INFO][0m Output directory: /eos/user/e/evilla/dune/sn-tps/neural_networks
[0;34m[INFO][0m Python version: 3.11.9
[0;32m[SUCCESS][0m TensorFlow 2.16.1 is available


GPU Information:
Tue Nov 11 21:36:49 2025       
+-----------------------------------------------------------------------------------------+
| NVIDIA-SMI 570.133.20             Driver Version: 570.133.20     CUDA Version: 12.8     |
|-----------------------------------------+------------------------+----------------------+
| GPU  Name                 Persistence-M | Bus-Id          Disp.A | Volatile Uncorr. ECC |
| Fan  Temp   Perf          Pwr:Usage/Cap |           Memory-Usage | GPU-Util  Compute M. |
|                                         |                        |               MIG M. |
|=========================================+========================+======================|
|   0  NVIDIA H100L-1-12C             On  |   00000000:06:00.0 Off |                   On |
| N/A   N/A    P0            N/A  /  N/A  |       1MiB /  12288MiB |     N/A      Default |
|                                         |                        |              Enabled |
+-----------------------------------------+------------------------+----------------------+

+-----------------------------------------------------------------------------------------+
| MIG devices:                                                                            |
+------------------+----------------------------------+-----------+-----------------------+
| GPU  GI  CI  MIG |                     Memory-Usage |        Vol|        Shared         |
|      ID  ID  Dev |                       BAR1-Usage | SM     Unc| CE ENC  DEC  OFA  JPG |
|                  |                                  |        ECC|                       |
|==================+==================================+===========+=======================|
|  0    0   0   0  |               1MiB / 10565MiB    | 16      0 |  1   0    1    0    1 |
|                  |                 0MiB /  4096MiB  |           |                       |
+------------------+----------------------------------+-----------+-----------------------+
                                                                                         
+-----------------------------------------------------------------------------------------+
| Processes:                                                                              |
|  GPU   GI   CI              PID   Type   Process name                        GPU Memory |
|        ID   ID                                                               Usage      |
|=========================================================================================|
|  No running processes found                                                             |
+-----------------------------------------------------------------------------------------+

Working directory: /afs/cern.ch/work/e/evilla/private/dune/refactor_ml
PYTHONPATH: /afs/cern.ch/work/e/evilla/private/dune/refactor_ml/local_packages/lib/python3.11/site-packages:/afs/cern.ch/work/e/evilla/private/dune/refactor_ml/python:/cvmfs/sft.cern.ch/lcg/views/LCG_106_cuda/x86_64-el9-gcc11-opt/lib/python3.11/site-packages/itk:/cvmfs/sft.cern.ch/lcg/views/LCG_106_cuda/x86_64-el9-gcc11-opt/python:/cvmfs/sft.cern.ch/lcg/views/LCG_106_cuda/x86_64-el9-gcc11-opt/lib:/cvmfs/sft.cern.ch/lcg/views/LCG_106_cuda/x86_64-el9-gcc11-opt/lib/python3.11/site-packages

Starting training...
Command: python3 mt_identifier/models/main_production.py -j json/production_v9_nov11_10k.json --plane X


============================================================
MAIN TRACK IDENTIFIER TRAINING
============================================================

Loading configuration from: json/production_v9_nov11_10k.json
