000 (13737398.000.000) 11/12 09:57:09 Job submitted from host: <188.184.90.62:9618?addrs=188.184.90.62-9618+[2001-1458-201-e4--100-238]-9618&alias=bigbird16.cern.ch&noUDP&sock=schedd_2089_756e>
...
040 (13737398.000.000) 11/12 10:56:29 Started transferring input files
	Transferring to host: <188.185.190.94:9618?addrs=188.185.190.94-9618+[2001-1458-d03-b--100-15]-9618&alias=b9pgpun004.cern.ch&noUDP&sock=slot1_1_24573_a6c0_3651>
...
040 (13737398.000.000) 11/12 10:56:29 Finished transferring input files
...
001 (13737398.000.000) 11/12 10:56:30 Job executing on host: <188.185.190.94:9618?addrs=188.185.190.94-9618+[2001-1458-d03-b--100-15]-9618&alias=b9pgpun004.cern.ch&noUDP&sock=startd_24526_5fde>
	SlotName: slot1_1@b9pgpun004.cern.ch
	AvailableGPUs = { GPUs_GPU_29d335f4 }
	CondorScratchDir = "/pool/condor/dir_2997829"
	Cpus = 6
	Disk = 3612
	GPUs = 1
	GPUs_GPU_29d335f4 = [ Id = "GPU-29d335f4"; ClockMhz = 1785.0; Capability = 9.0; CoresPerCU = 128; DeviceName = "NVIDIA H100 NVL"; DeviceUuid = "29d335f4-82a4-5335-6e31-1a784066a300"; ECCEnabled = true; ComputeUnits = 132; DriverVersion = 13.0; DevicePciBusId = "0000:06:00.0"; GlobalMemoryMb = 95320; MaxSupportedVersion = 13000 ]
	Memory = 18000
...
006 (13737398.000.000) 11/12 10:56:43 Image size of job updated: 82560
	81  -  MemoryUsage of job (MB)
	82560  -  ResidentSetSize of job (KB)
...
006 (13737398.000.000) 11/12 11:01:43 Image size of job updated: 10214244
	9975  -  MemoryUsage of job (MB)
	10214244  -  ResidentSetSize of job (KB)
...
006 (13737398.000.000) 11/12 11:06:43 Image size of job updated: 24984468
	21171  -  MemoryUsage of job (MB)
	21678912  -  ResidentSetSize of job (KB)
...
006 (13737398.000.000) 11/12 11:11:44 Image size of job updated: 36671036
	35809  -  MemoryUsage of job (MB)
	36667548  -  ResidentSetSize of job (KB)
...
006 (13737398.000.000) 11/12 11:16:44 Image size of job updated: 36741560
	35809  -  MemoryUsage of job (MB)
	36667768  -  ResidentSetSize of job (KB)
...
040 (13737398.000.000) 11/12 11:26:54 Started transferring output files
...
040 (13737398.000.000) 11/12 11:27:01 Finished transferring output files
...
005 (13737398.000.000) 11/12 11:27:01 Job terminated.
	(1) Normal termination (return value 1)
		Usr 0 00:00:59, Sys 0 00:05:00  -  Run Remote Usage
		Usr 0 00:00:00, Sys 0 00:00:00  -  Run Local Usage
		Usr 0 00:00:59, Sys 0 00:05:00  -  Total Remote Usage
		Usr 0 00:00:00, Sys 0 00:00:00  -  Total Local Usage
	1431636  -  Run Bytes Sent By Job
	1887  -  Run Bytes Received By Job
	1431636  -  Total Bytes Sent By Job
	1887  -  Total Bytes Received By Job
	Partitionable Resources :    Usage  Request Allocated Assigned
	   Cpus                 :     0.35        6         6 
	   Disk (KB)            :  1425           2      3612 
	   GPUs                 :     0           1         1 "GPU-29d335f4"
	   GpusMemory (MB)      :   514                       
	   Memory (MB)          : 35809       18000     18000 
	   TimeExecute (s)      :  1824                       
	   TimeSlotBusy (s)     :  1834                       

	Job terminated of its own accord at 2025-11-12T10:26:54Z with exit-code 1.
...
