000 (10280701.000.000) 11/11 15:21:35 Job submitted from host: <188.185.71.83:9618?addrs=188.185.71.83-9618+[2001-1458-d00-7--100-34d]-9618&alias=bigbird18.cern.ch&noUDP&sock=schedd_5052_d48c>
...
040 (10280701.000.000) 11/11 15:30:09 Started transferring input files
	Transferring to host: <188.185.190.77:9618?addrs=188.185.190.77-9618+[2001-1458-d03-b--100-175]-9618&alias=b9pgpun018.cern.ch&noUDP&sock=slot1_1_8321_a5ab_32611>
...
040 (10280701.000.000) 11/11 15:30:09 Finished transferring input files
...
001 (10280701.000.000) 11/11 15:30:10 Job executing on host: <188.185.190.77:9618?addrs=188.185.190.77-9618+[2001-1458-d03-b--100-175]-9618&alias=b9pgpun018.cern.ch&noUDP&sock=startd_6918_c045>
	SlotName: slot1_1@b9pgpun018.cern.ch
	AvailableGPUs = { GPUs_MIG_aa5b2ff1_f086_5cce_a24d_4990ad311e4a }
	CondorScratchDir = "/pool/condor/dir_3557655"
	Cpus = 6
	Disk = 2048
	GPUs = 1
	GPUs_MIG_aa5b2ff1_f086_5cce_a24d_4990ad311e4a = [ Id = "MIG-aa5b2ff1-f086-5cce-a24d-4990ad311e4a"; DeviceName = "NVIDIA H100L-1-12C MIG 1g.12gb"; DeviceUuid = "MIG-aa5b2ff1-f086-5cce-a24d-4990ad311e4a"; ComputeUnits = 16; GlobalMemoryMb = 10564 ]
	Memory = 18000
...
006 (10280701.000.000) 11/11 15:30:24 Image size of job updated: 580
	1  -  MemoryUsage of job (MB)
	580  -  ResidentSetSize of job (KB)
...
006 (10280701.000.000) 11/11 15:35:25 Image size of job updated: 10668328
	10419  -  MemoryUsage of job (MB)
	10668328  -  ResidentSetSize of job (KB)
...
006 (10280701.000.000) 11/11 15:37:32 Image size of job updated: 14297496
	10419  -  MemoryUsage of job (MB)
	10668328  -  ResidentSetSize of job (KB)
...
040 (10280701.000.000) 11/11 15:37:32 Started transferring output files
...
040 (10280701.000.000) 11/11 15:37:32 Finished transferring output files
...
005 (10280701.000.000) 11/11 15:37:32 Job terminated.
	(1) Normal termination (return value 1)
		Usr 0 00:00:29, Sys 0 00:00:29  -  Run Remote Usage
		Usr 0 00:00:00, Sys 0 00:00:00  -  Run Local Usage
		Usr 0 00:00:29, Sys 0 00:00:29  -  Total Remote Usage
		Usr 0 00:00:00, Sys 0 00:00:00  -  Total Local Usage
	673902  -  Run Bytes Sent By Job
	1887  -  Run Bytes Received By Job
	673902  -  Total Bytes Sent By Job
	1887  -  Total Bytes Received By Job
	Partitionable Resources :    Usage  Request Allocated Assigned
	   Cpus                 :        0        6         6 
	   Disk (KB)            :      683        2      2048 
	   GPUs                 :                 1         1 "MIG-aa5b2ff1-f086-5cce-a24d-4990ad311e4a"
	   Memory (MB)          :    10419    18000     18000 
	   TimeExecute (s)      :      442                    
	   TimeSlotBusy (s)     :      444                    

	Job terminated of its own accord at 2025-11-11T14:37:32Z with exit-code 1.
...
