000 (10630297.000.000) 11/11 13:34:03 Job submitted from host: <188.185.70.244:9618?addrs=188.185.70.244-9618+[2001-1458-d00-7--100-2ee]-9618&alias=bigbird10.cern.ch&noUDP&sock=schedd_3518298_5df3>
...
040 (10630297.000.000) 11/11 13:34:31 Started transferring input files
	Transferring to host: <188.185.190.90:9618?addrs=188.185.190.90-9618+[2001-1458-d03-b--100-4b]-9618&alias=b9pgpun050.cern.ch&noUDP&sock=slot1_1_8721_7bbc_9174>
...
040 (10630297.000.000) 11/11 13:34:31 Finished transferring input files
...
001 (10630297.000.000) 11/11 13:34:32 Job executing on host: <188.185.190.90:9618?addrs=188.185.190.90-9618+[2001-1458-d03-b--100-4b]-9618&alias=b9pgpun050.cern.ch&noUDP&sock=startd_8675_e82b>
	SlotName: slot1_1@b9pgpun050.cern.ch
	AvailableGPUs = { GPUs_MIG_9e11ea22_b8f3_5c99_926e_cd3a6fa0f1f1 }
	CondorScratchDir = "/pool/condor/dir_2768749"
	Cpus = 6
	Disk = 2048
	GPUs = 1
	GPUs_MIG_9e11ea22_b8f3_5c99_926e_cd3a6fa0f1f1 = [ Id = "MIG-9e11ea22-b8f3-5c99-926e-cd3a6fa0f1f1"; DeviceName = "NVIDIA H100L-1-12C MIG 1g.12gb"; DeviceUuid = "MIG-9e11ea22-b8f3-5c99-926e-cd3a6fa0f1f1"; ComputeUnits = 16; GlobalMemoryMb = 10564 ]
	Memory = 18000
...
006 (10630297.000.000) 11/11 13:34:45 Image size of job updated: 210272
	206  -  MemoryUsage of job (MB)
	210272  -  ResidentSetSize of job (KB)
...
006 (10630297.000.000) 11/11 13:39:45 Image size of job updated: 11517200
	11248  -  MemoryUsage of job (MB)
	11517200  -  ResidentSetSize of job (KB)
...
006 (10630297.000.000) 11/11 13:41:35 Image size of job updated: 14107960
	11248  -  MemoryUsage of job (MB)
	11517200  -  ResidentSetSize of job (KB)
...
040 (10630297.000.000) 11/11 13:41:35 Started transferring output files
...
040 (10630297.000.000) 11/11 13:41:35 Finished transferring output files
...
005 (10630297.000.000) 11/11 13:41:35 Job terminated.
	(1) Normal termination (return value 1)
		Usr 0 00:00:33, Sys 0 00:00:32  -  Run Remote Usage
		Usr 0 00:00:00, Sys 0 00:00:00  -  Run Local Usage
		Usr 0 00:00:33, Sys 0 00:00:32  -  Total Remote Usage
		Usr 0 00:00:00, Sys 0 00:00:00  -  Total Local Usage
	673902  -  Run Bytes Sent By Job
	1887  -  Run Bytes Received By Job
	673902  -  Total Bytes Sent By Job
	1887  -  Total Bytes Received By Job
	Partitionable Resources :    Usage  Request Allocated Assigned
	   Cpus                 :     0.11        6         6 
	   Disk (KB)            :   684           2      2048 
	   GPUs                 :                 1         1 "MIG-9e11ea22-b8f3-5c99-926e-cd3a6fa0f1f1"
	   Memory (MB)          : 11248       18000     18000 
	   TimeExecute (s)      :   423                       
	   TimeSlotBusy (s)     :   424                       

	Job terminated of its own accord at 2025-11-11T12:41:35Z with exit-code 1.
...
