000 (10629869.000.000) 11/11 00:18:07 Job submitted from host: <188.185.70.244:9618?addrs=188.185.70.244-9618+[2001-1458-d00-7--100-2ee]-9618&alias=bigbird10.cern.ch&noUDP&sock=schedd_3518298_5df3>
...
040 (10629869.000.000) 11/11 00:19:46 Started transferring input files
	Transferring to host: <128.142.33.49:9618?addrs=128.142.33.49-9618+[2001-1458-301-53--100-2e]-9618&alias=b9g34p0153.cern.ch&noUDP&sock=slot1_13_5706_24a1_50364>
...
040 (10629869.000.000) 11/11 00:19:46 Finished transferring input files
...
001 (10629869.000.000) 11/11 00:19:47 Job executing on host: <128.142.33.49:9618?addrs=128.142.33.49-9618+[2001-1458-301-53--100-2e]-9618&alias=b9g34p0153.cern.ch&noUDP&sock=startd_4557_4d2b>
	SlotName: slot1_13@b9g34p0153.cern.ch
	CondorScratchDir = "/pool/condor/dir_2888366"
	Cpus = 3
	Disk = 5243599
	GPUs = 0
	Memory = 9000
...
006 (10629869.000.000) 11/11 00:20:01 Image size of job updated: 110612
	109  -  MemoryUsage of job (MB)
	110612  -  ResidentSetSize of job (KB)
...
006 (10629869.000.000) 11/11 00:25:02 Image size of job updated: 8378756
	8183  -  MemoryUsage of job (MB)
	8378756  -  ResidentSetSize of job (KB)
...
006 (10629869.000.000) 11/11 00:30:03 Image size of job updated: 18148472
	15616  -  MemoryUsage of job (MB)
	15990612  -  ResidentSetSize of job (KB)
...
006 (10629869.000.000) 11/11 00:35:03 Image size of job updated: 18256656
	17809  -  MemoryUsage of job (MB)
	18235872  -  ResidentSetSize of job (KB)
...
040 (10629869.000.000) 11/11 00:49:35 Started transferring output files
...
040 (10629869.000.000) 11/11 00:49:35 Finished transferring output files
...
005 (10629869.000.000) 11/11 00:49:35 Job terminated.
	(1) Normal termination (return value 1)
		Usr 0 00:01:42, Sys 0 00:05:03  -  Run Remote Usage
		Usr 0 00:00:00, Sys 0 00:00:00  -  Run Local Usage
		Usr 0 00:01:42, Sys 0 00:05:03  -  Total Remote Usage
		Usr 0 00:00:00, Sys 0 00:00:00  -  Total Local Usage
	1523314  -  Run Bytes Sent By Job
	1887  -  Run Bytes Received By Job
	1523314  -  Total Bytes Sent By Job
	1887  -  Total Bytes Received By Job
	Partitionable Resources :    Usage  Request Allocated 
	   Cpus                 :     0.32        3         3 
	   Disk (KB)            :  1528     5242880   5243599 
	   GPUs                 :                           0 
	   Memory (MB)          : 17809        9000      9000 
	   TimeExecute (s)      :  1788                       
	   TimeSlotBusy (s)     :  1790                       

	Job terminated of its own accord at 2025-11-10T23:49:35Z with exit-code 1.
...
