000 (13722821.000.000) 11/12 01:38:29 Job submitted from host: <188.184.90.62:9618?addrs=188.184.90.62-9618+[2001-1458-201-e4--100-238]-9618&alias=bigbird16.cern.ch&noUDP&sock=schedd_2089_756e>
...
040 (13722821.000.000) 11/12 01:43:24 Started transferring input files
	Transferring to host: <188.185.92.254:9618?addrs=188.185.92.254-9618+[2001-1458-d00-6c--100-8f]-9618&alias=b9g57n6544.cern.ch&noUDP&sock=slot1_3_21219_7478_3906>
...
040 (13722821.000.000) 11/12 01:43:24 Finished transferring input files
...
001 (13722821.000.000) 11/12 01:43:25 Job executing on host: <188.185.92.254:9618?addrs=188.185.92.254-9618+[2001-1458-d00-6c--100-8f]-9618&alias=b9g57n6544.cern.ch&noUDP&sock=startd_20748_fb11>
	SlotName: slot1_3@b9g57n6544.cern.ch
	AvailableGPUs = { GPUs_GPU_3476cdbf }
	CondorScratchDir = "/pool/condor/dir_2517476"
	Cpus = 6
	Disk = 2436
	GPUs = 1
	GPUs_GPU_3476cdbf = [ Id = "GPU-3476cdbf"; ClockMhz = 1410.0; Capability = 8.0; CoresPerCU = 64; DeviceName = "NVIDIA A100-PCIE-40GB"; DeviceUuid = "3476cdbf-8987-add2-4b1f-d0698e25a142"; ECCEnabled = true; ComputeUnits = 108; DriverVersion = 13.0; DevicePciBusId = "0000:08:00.0"; GlobalMemoryMb = 40441; MaxSupportedVersion = 13000 ]
	Memory = 18000
...
006 (13722821.000.000) 11/12 01:43:38 Image size of job updated: 103228
	101  -  MemoryUsage of job (MB)
	103228  -  ResidentSetSize of job (KB)
...
006 (13722821.000.000) 11/12 01:48:38 Image size of job updated: 8092100
	7903  -  MemoryUsage of job (MB)
	8092100  -  ResidentSetSize of job (KB)
...
006 (13722821.000.000) 11/12 01:53:39 Image size of job updated: 28213108
	17040  -  MemoryUsage of job (MB)
	17448376  -  ResidentSetSize of job (KB)
...
006 (13722821.000.000) 11/12 01:58:39 Image size of job updated: 28213108
	27070  -  MemoryUsage of job (MB)
	27719480  -  ResidentSetSize of job (KB)
...
006 (13722821.000.000) 11/12 02:03:40 Image size of job updated: 36722032
	35731  -  MemoryUsage of job (MB)
	36587896  -  ResidentSetSize of job (KB)
...
006 (13722821.000.000) 11/12 02:08:41 Image size of job updated: 36722032
	35731  -  MemoryUsage of job (MB)
	36588248  -  ResidentSetSize of job (KB)
...
040 (13722821.000.000) 11/12 02:15:56 Started transferring output files
...
040 (13722821.000.000) 11/12 02:15:58 Finished transferring output files
...
005 (13722821.000.000) 11/12 02:15:58 Job terminated.
	(1) Normal termination (return value 1)
		Usr 0 00:01:09, Sys 0 00:09:54  -  Run Remote Usage
		Usr 0 00:00:00, Sys 0 00:00:00  -  Run Local Usage
		Usr 0 00:01:09, Sys 0 00:09:54  -  Total Remote Usage
		Usr 0 00:00:00, Sys 0 00:00:00  -  Total Local Usage
	1427307  -  Run Bytes Sent By Job
	1887  -  Run Bytes Received By Job
	1427307  -  Total Bytes Sent By Job
	1887  -  Total Bytes Received By Job
	Partitionable Resources :    Usage  Request Allocated Assigned
	   Cpus                 :     0.32        6         6 
	   Disk (KB)            :  1420           2      2436 
	   GPUs                 :     0           1         1 "GPU-3476cdbf"
	   GpusMemory (MB)      :   522                       
	   Memory (MB)          : 35731       18000     18000 
	   TimeExecute (s)      :  1951                       
	   TimeSlotBusy (s)     :  1955                       

	Job terminated of its own accord at 2025-11-12T01:15:56Z with exit-code 1.
...
