=========================================
MT IDENTIFIER TRAINING - HTCondor Job
=========================================
Job started at: Mon Nov 10 06:49:12 PM CET 2025
Running on host: b9g34p0153.cern.ch
Plane: X
JSON config: mt_identifier/json/production_v8_simple_10k.json
=========================================
Setting up LCG environment: LCG_106_cuda/x86_64-el9-gcc11-opt
Using LCG Python: /cvmfs/sft.cern.ch/lcg/views/LCG_106_cuda/x86_64-el9-gcc11-opt/bin/python3
Python 3.11.9


GPU Information:
No GPU available (CPU-only training)


Python version: Python 3.11.9
Python path: /cvmfs/sft.cern.ch/lcg/views/LCG_106_cuda/x86_64-el9-gcc11-opt/bin/python3
Checking TensorFlow...
2025-11-10 18:49:25.030813: I tensorflow/core/platform/cpu_feature_guard.cc:210] This TensorFlow binary is optimized to use available CPU instructions in performance-critical operations.
To enable the following instructions: AVX2 FMA, in other operations, rebuild TensorFlow with the appropriate compiler flags.
2025-11-10 18:49:34.329691: W tensorflow/compiler/tf2tensorrt/utils/py_utils.cc:38] TF-TRT Warning: Could not find TensorRT
TensorFlow version: 2.16.1
GPUs detected: 0

Working directory: /afs/cern.ch/work/e/evilla/private/dune/refactor_ml
PYTHONPATH: /afs/cern.ch/work/e/evilla/private/dune/refactor_ml/python:/afs/cern.ch/work/e/evilla/private/dune/refactor_ml:/cvmfs/sft.cern.ch/lcg/views/LCG_106_cuda/x86_64-el9-gcc11-opt/lib/python3.11/site-packages/itk:/cvmfs/sft.cern.ch/lcg/views/LCG_106_cuda/x86_64-el9-gcc11-opt/python:/cvmfs/sft.cern.ch/lcg/views/LCG_106_cuda/x86_64-el9-gcc11-opt/lib:/cvmfs/sft.cern.ch/lcg/views/LCG_106_cuda/x86_64-el9-gcc11-opt/lib/python3.11/site-packages:/cvmfs/sft.cern.ch/lcg/views/LCG_104/x86_64-el9-gcc11-opt/lib/python3.9/site-packages/itk:/cvmfs/sft.cern.ch/lcg/views/LCG_104/x86_64-el9-gcc11-opt/python:/cvmfs/sft.cern.ch/lcg/views/LCG_104/x86_64-el9-gcc11-opt/lib:/cvmfs/sft.cern.ch/lcg/views/LCG_104/x86_64-el9-gcc11-opt/lib/python3.9/site-packages::/afs/cern.ch/work/e/evilla/private/dune/daq/lib/python3.10/site-packages/:/afs/cern.ch/work/e/evilla/private/dune/daq/lib/python3.10/site-packages/

Starting training...
Command: python3 mt_identifier/models/main_production.py -j mt_identifier/json/production_v8_simple_10k.json --plane X


============================================================
MAIN TRACK IDENTIFIER TRAINING
============================================================

Loading configuration from: mt_identifier/json/production_v8_simple_10k.json

Output directory: /eos/user/e/evilla/dune/sn-tps/neural_networks/mt_identifier/v8_simple_10k/mt_identifier_simple_cnn_20251110_185005

Selecting model...
