000 (10630021.000.000) 11/11 08:33:25 Job submitted from host: <188.185.70.244:9618?addrs=188.185.70.244-9618+[2001-1458-d00-7--100-2ee]-9618&alias=bigbird10.cern.ch&noUDP&sock=schedd_3518298_5df3>
...
040 (10630021.000.000) 11/11 08:34:38 Started transferring input files
	Transferring to host: <128.142.33.41:9618?addrs=128.142.33.41-9618+[2001-1458-301-53--100-26]-9618&alias=b9g34p3999.cern.ch&noUDP&sock=slot1_16_4600_ddb4_50562>
...
040 (10630021.000.000) 11/11 08:34:38 Finished transferring input files
...
001 (10630021.000.000) 11/11 08:34:39 Job executing on host: <128.142.33.41:9618?addrs=128.142.33.41-9618+[2001-1458-301-53--100-26]-9618&alias=b9g34p3999.cern.ch&noUDP&sock=startd_3623_a7b6>
	SlotName: slot1_16@b9g34p3999.cern.ch
	CondorScratchDir = "/pool/condor/dir_1332422"
	Cpus = 3
	Disk = 5245607
	GPUs = 0
	Memory = 9000
...
006 (10630021.000.000) 11/11 08:34:52 Image size of job updated: 80500
	79  -  MemoryUsage of job (MB)
	80500  -  ResidentSetSize of job (KB)
...
006 (10630021.000.000) 11/11 08:39:52 Image size of job updated: 7984768
	7798  -  MemoryUsage of job (MB)
	7984768  -  ResidentSetSize of job (KB)
...
006 (10630021.000.000) 11/11 08:44:52 Image size of job updated: 18138640
	14573  -  MemoryUsage of job (MB)
	14922556  -  ResidentSetSize of job (KB)
...
006 (10630021.000.000) 11/11 08:49:53 Image size of job updated: 18220136
	17685  -  MemoryUsage of job (MB)
	18108524  -  ResidentSetSize of job (KB)
...
006 (10630021.000.000) 11/11 08:54:53 Image size of job updated: 18284500
	17688  -  MemoryUsage of job (MB)
	18111912  -  ResidentSetSize of job (KB)
...
040 (10630021.000.000) 11/11 09:07:26 Started transferring output files
...
040 (10630021.000.000) 11/11 09:07:26 Finished transferring output files
...
005 (10630021.000.000) 11/11 09:07:26 Job terminated.
	(1) Normal termination (return value 1)
		Usr 0 00:01:45, Sys 0 00:06:42  -  Run Remote Usage
		Usr 0 00:00:00, Sys 0 00:00:00  -  Run Local Usage
		Usr 0 00:01:45, Sys 0 00:06:42  -  Total Remote Usage
		Usr 0 00:00:00, Sys 0 00:00:00  -  Total Local Usage
	1522798  -  Run Bytes Sent By Job
	1887  -  Run Bytes Received By Job
	1522798  -  Total Bytes Sent By Job
	1887  -  Total Bytes Received By Job
	Partitionable Resources :    Usage  Request Allocated 
	   Cpus                 :     0.28        3         3 
	   Disk (KB)            :  1518     5242880   5245607 
	   GPUs                 :                           0 
	   Memory (MB)          : 17688        9000      9000 
	   TimeExecute (s)      :  1967                       
	   TimeSlotBusy (s)     :  1970                       

	Job terminated of its own accord at 2025-11-11T08:07:26Z with exit-code 1.
...
