000 (10287151.000.000) 11/11 22:16:29 Job submitted from host: <188.185.71.83:9618?addrs=188.185.71.83-9618+[2001-1458-d00-7--100-34d]-9618&alias=bigbird18.cern.ch&noUDP&sock=schedd_5052_d48c>
...
040 (10287151.000.000) 11/11 22:16:53 Started transferring input files
	Transferring to host: <188.185.190.46:9618?addrs=188.185.190.46-9618+[2001-1458-d03-b--100-21b]-9618&alias=b9pgpun051.cern.ch&noUDP&sock=slot1_1_8546_2e15_33332>
...
040 (10287151.000.000) 11/11 22:16:53 Finished transferring input files
...
001 (10287151.000.000) 11/11 22:16:54 Job executing on host: <188.185.190.46:9618?addrs=188.185.190.46-9618+[2001-1458-d03-b--100-21b]-9618&alias=b9pgpun051.cern.ch&noUDP&sock=startd_7379_f56e>
	SlotName: slot1_1@b9pgpun051.cern.ch
	AvailableGPUs = { GPUs_MIG_0289a0df_3087_5601_9e41_cbb90ce88294 }
	CondorScratchDir = "/pool/condor/dir_778357"
	Cpus = 6
	Disk = 2047
	GPUs = 1
	GPUs_MIG_0289a0df_3087_5601_9e41_cbb90ce88294 = [ Id = "MIG-0289a0df-3087-5601-9e41-cbb90ce88294"; DeviceName = "NVIDIA H100L-1-12C MIG 1g.12gb"; DeviceUuid = "MIG-0289a0df-3087-5601-9e41-cbb90ce88294"; ComputeUnits = 16; GlobalMemoryMb = 10564 ]
	Memory = 18000
...
006 (10287151.000.000) 11/11 22:17:07 Image size of job updated: 259872
	254  -  MemoryUsage of job (MB)
	259872  -  ResidentSetSize of job (KB)
...
006 (10287151.000.000) 11/11 22:22:07 Image size of job updated: 12467632
	12176  -  MemoryUsage of job (MB)
	12467632  -  ResidentSetSize of job (KB)
...
006 (10287151.000.000) 11/11 22:23:30 Image size of job updated: 14102804
	12176  -  MemoryUsage of job (MB)
	12467632  -  ResidentSetSize of job (KB)
...
040 (10287151.000.000) 11/11 22:23:30 Started transferring output files
...
040 (10287151.000.000) 11/11 22:23:30 Finished transferring output files
...
005 (10287151.000.000) 11/11 22:23:30 Job terminated.
	(1) Normal termination (return value 1)
		Usr 0 00:00:33, Sys 0 00:00:30  -  Run Remote Usage
		Usr 0 00:00:00, Sys 0 00:00:00  -  Run Local Usage
		Usr 0 00:00:33, Sys 0 00:00:30  -  Total Remote Usage
		Usr 0 00:00:00, Sys 0 00:00:00  -  Total Local Usage
	673837  -  Run Bytes Sent By Job
	1887  -  Run Bytes Received By Job
	673837  -  Total Bytes Sent By Job
	1887  -  Total Bytes Received By Job
	Partitionable Resources :    Usage  Request Allocated Assigned
	   Cpus                 :                 6         6 
	   Disk (KB)            :      675        2      2047 
	   GPUs                 :                 1         1 "MIG-0289a0df-3087-5601-9e41-cbb90ce88294"
	   Memory (MB)          :    12176    18000     18000 
	   TimeExecute (s)      :      396                    
	   TimeSlotBusy (s)     :      397                    

	Job terminated of its own accord at 2025-11-11T21:23:30Z with exit-code 1.
...
