000 (10629250.000.000) 11/10 23:25:46 Job submitted from host: <188.185.70.244:9618?addrs=188.185.70.244-9618+[2001-1458-d00-7--100-2ee]-9618&alias=bigbird10.cern.ch&noUDP&sock=schedd_3518298_5df3>
...
040 (10629250.000.000) 11/10 23:26:20 Started transferring input files
	Transferring to host: <128.142.33.17:9618?addrs=128.142.33.17-9618+[2001-1458-301-53--100-3e]-9618&alias=b9g34p8058.cern.ch&noUDP&sock=slot1_3_6830_1a4f_50132>
...
040 (10629250.000.000) 11/10 23:26:20 Finished transferring input files
...
001 (10629250.000.000) 11/10 23:26:21 Job executing on host: <128.142.33.17:9618?addrs=128.142.33.17-9618+[2001-1458-301-53--100-3e]-9618&alias=b9g34p8058.cern.ch&noUDP&sock=startd_5881_748f>
	SlotName: slot1_3@b9g34p8058.cern.ch
	CondorScratchDir = "/pool/condor/dir_3014050"
	Cpus = 3
	Disk = 5245689
	GPUs = 0
	Memory = 9000
...
006 (10629250.000.000) 11/10 23:26:35 Image size of job updated: 90724
	89  -  MemoryUsage of job (MB)
	90724  -  ResidentSetSize of job (KB)
...
006 (10629250.000.000) 11/10 23:31:35 Image size of job updated: 7577452
	7400  -  MemoryUsage of job (MB)
	7577452  -  ResidentSetSize of job (KB)
...
006 (10629250.000.000) 11/10 23:36:35 Image size of job updated: 18192364
	11301  -  MemoryUsage of job (MB)
	11571756  -  ResidentSetSize of job (KB)
...
006 (10629250.000.000) 11/10 23:41:36 Image size of job updated: 18192364
	11381  -  MemoryUsage of job (MB)
	11653572  -  ResidentSetSize of job (KB)
...
006 (10629250.000.000) 11/10 23:46:36 Image size of job updated: 18192364
	11766  -  MemoryUsage of job (MB)
	12048044  -  ResidentSetSize of job (KB)
...
006 (10629250.000.000) 11/10 23:51:36 Image size of job updated: 18192364
	17553  -  MemoryUsage of job (MB)
	17973632  -  ResidentSetSize of job (KB)
...
040 (10629250.000.000) 11/10 23:55:14 Started transferring output files
...
040 (10629250.000.000) 11/10 23:55:14 Finished transferring output files
...
005 (10629250.000.000) 11/10 23:55:14 Job terminated.
	(1) Normal termination (return value 1)
		Usr 0 00:01:15, Sys 0 00:01:17  -  Run Remote Usage
		Usr 0 00:00:00, Sys 0 00:00:00  -  Run Local Usage
		Usr 0 00:01:15, Sys 0 00:01:17  -  Total Remote Usage
		Usr 0 00:00:00, Sys 0 00:00:00  -  Total Local Usage
	1301985  -  Run Bytes Sent By Job
	1887  -  Run Bytes Received By Job
	1301985  -  Total Bytes Sent By Job
	1887  -  Total Bytes Received By Job
	Partitionable Resources :    Usage  Request Allocated 
	   Cpus                 :        0        3         3 
	   Disk (KB)            :     1315  5242880   5245689 
	   GPUs                 :                           0 
	   Memory (MB)          :    17553     9000      9000 
	   TimeExecute (s)      :     1733                    
	   TimeSlotBusy (s)     :     1735                    

	Job terminated of its own accord at 2025-11-10T22:55:14Z with exit-code 1.
...
