000 (10627901.000.000) 11/10 18:36:49 Job submitted from host: <188.185.70.244:9618?addrs=188.185.70.244-9618+[2001-1458-d00-7--100-2ee]-9618&alias=bigbird10.cern.ch&noUDP&sock=schedd_3518298_5df3>
...
040 (10627901.000.000) 11/10 18:38:01 Started transferring input files
	Transferring to host: <128.142.33.17:9618?addrs=128.142.33.17-9618+[2001-1458-301-53--100-3e]-9618&alias=b9g34p8058.cern.ch&noUDP&sock=slot1_3_6830_1a4f_49917>
...
040 (10627901.000.000) 11/10 18:38:01 Finished transferring input files
...
001 (10627901.000.000) 11/10 18:38:02 Job executing on host: <128.142.33.17:9618?addrs=128.142.33.17-9618+[2001-1458-301-53--100-3e]-9618&alias=b9g34p8058.cern.ch&noUDP&sock=startd_5881_748f>
	SlotName: slot1_3@b9g34p8058.cern.ch
	CondorScratchDir = "/pool/condor/dir_2685256"
	Cpus = 3
	Disk = 5245649
	GPUs = 0
	Memory = 9000
...
006 (10627901.000.000) 11/10 18:38:16 Image size of job updated: 34416
	23  -  MemoryUsage of job (MB)
	23004  -  ResidentSetSize of job (KB)
...
006 (10627901.000.000) 11/10 18:39:27 Image size of job updated: 292796
	23  -  MemoryUsage of job (MB)
	23004  -  ResidentSetSize of job (KB)
...
040 (10627901.000.000) 11/10 18:39:27 Started transferring output files
...
040 (10627901.000.000) 11/10 18:39:27 Finished transferring output files
...
005 (10627901.000.000) 11/10 18:39:27 Job terminated.
	(1) Normal termination (return value 1)
		Usr 0 00:00:18, Sys 0 00:00:05  -  Run Remote Usage
		Usr 0 00:00:00, Sys 0 00:00:00  -  Run Local Usage
		Usr 0 00:00:18, Sys 0 00:00:05  -  Total Remote Usage
		Usr 0 00:00:00, Sys 0 00:00:00  -  Total Local Usage
	9699  -  Run Bytes Sent By Job
	2429  -  Run Bytes Received By Job
	9699  -  Total Bytes Sent By Job
	2429  -  Total Bytes Received By Job
	Partitionable Resources :    Usage  Request Allocated 
	   Cpus                 :        0        3         3 
	   Disk (KB)            :       51  5242880   5245649 
	   GPUs                 :                           0 
	   Memory (MB)          :       23     9000      9000 
	   TimeExecute (s)      :       85                    
	   TimeSlotBusy (s)     :       87                    

	Job terminated of its own accord at 2025-11-10T17:39:27Z with exit-code 1.
...
