000 (13791033.000.000) 11/19 16:10:43 Job submitted from host: <188.184.90.62:9618?addrs=188.184.90.62-9618+[2001-1458-201-e4--100-238]-9618&alias=bigbird16.cern.ch&noUDP&sock=schedd_5196_9a2f>
...
040 (13791033.000.000) 11/19 16:11:10 Started transferring input files
	Transferring to host: <188.184.195.125:9618?addrs=188.184.195.125-9618+[2001-1458-301-72--100-46]-9618&alias=b9g47n4484.cern.ch&noUDP&sock=slot1_1_19949_a004_9038>
...
040 (13791033.000.000) 11/19 16:11:10 Finished transferring input files
...
001 (13791033.000.000) 11/19 16:11:11 Job executing on host: <188.184.195.125:9618?addrs=188.184.195.125-9618+[2001-1458-301-72--100-46]-9618&alias=b9g47n4484.cern.ch&noUDP&sock=startd_18735_3aec>
	SlotName: slot1_1@b9g47n4484.cern.ch
	AvailableGPUs = { GPUs_GPU_af018eac }
	CondorScratchDir = "/pool/condor/dir_862867"
	Cpus = 27
	Disk = 15729442
	GPUs = 1
	GPUs_GPU_af018eac = [ Id = "GPU-af018eac"; ClockMhz = 1590.0; Capability = 7.5; CoresPerCU = 64; DeviceName = "Tesla T4"; DeviceUuid = "af018eac-0217-6a0c-1f02-a7671647c0bf"; ECCEnabled = true; ComputeUnits = 40; DriverVersion = 13.0; DevicePciBusId = "0000:07:00.0"; GlobalMemoryMb = 14913; MaxSupportedVersion = 13000 ]
	Memory = 81000
...
006 (13791033.000.000) 11/19 16:11:24 Image size of job updated: 38272
	38  -  MemoryUsage of job (MB)
	38272  -  ResidentSetSize of job (KB)
...
006 (13791033.000.000) 11/19 16:16:24 Image size of job updated: 6738544
	6581  -  MemoryUsage of job (MB)
	6738544  -  ResidentSetSize of job (KB)
...
006 (13791033.000.000) 11/19 16:21:25 Image size of job updated: 13248936
	12900  -  MemoryUsage of job (MB)
	13208660  -  ResidentSetSize of job (KB)
...
006 (13791033.000.000) 11/19 16:26:26 Image size of job updated: 19727908
	19266  -  MemoryUsage of job (MB)
	19727908  -  ResidentSetSize of job (KB)
...
006 (13791033.000.000) 11/19 16:31:26 Image size of job updated: 25890536
	25284  -  MemoryUsage of job (MB)
	25890536  -  ResidentSetSize of job (KB)
...
006 (13791033.000.000) 11/19 16:36:27 Image size of job updated: 32155976
	31403  -  MemoryUsage of job (MB)
	32155976  -  ResidentSetSize of job (KB)
...
006 (13791033.000.000) 11/19 16:41:28 Image size of job updated: 38405052
	37505  -  MemoryUsage of job (MB)
	38405052  -  ResidentSetSize of job (KB)
...
006 (13791033.000.000) 11/19 16:46:28 Image size of job updated: 44674232
	43628  -  MemoryUsage of job (MB)
	44674232  -  ResidentSetSize of job (KB)
...
006 (13791033.000.000) 11/19 16:51:29 Image size of job updated: 51089592
	49893  -  MemoryUsage of job (MB)
	51089592  -  ResidentSetSize of job (KB)
...
006 (13791033.000.000) 11/19 16:56:30 Image size of job updated: 57153424
	55814  -  MemoryUsage of job (MB)
	57153424  -  ResidentSetSize of job (KB)
...
006 (13791033.000.000) 11/19 17:01:30 Image size of job updated: 63364436
	61860  -  MemoryUsage of job (MB)
	63344636  -  ResidentSetSize of job (KB)
...
006 (13791033.000.000) 11/19 17:06:31 Image size of job updated: 69457768
	67830  -  MemoryUsage of job (MB)
	69457768  -  ResidentSetSize of job (KB)
...
006 (13791033.000.000) 11/19 17:11:32 Image size of job updated: 75595736
	73824  -  MemoryUsage of job (MB)
	75595736  -  ResidentSetSize of job (KB)
...
006 (13791033.000.000) 11/19 17:16:32 Image size of job updated: 81606204
	79648  -  MemoryUsage of job (MB)
	81558744  -  ResidentSetSize of job (KB)
...
006 (13791033.000.000) 11/19 17:21:33 Image size of job updated: 87819344
	85762  -  MemoryUsage of job (MB)
	87819344  -  ResidentSetSize of job (KB)
...
006 (13791033.000.000) 11/19 17:26:34 Image size of job updated: 94219584
	92012  -  MemoryUsage of job (MB)
	94219584  -  ResidentSetSize of job (KB)
...
006 (13791033.000.000) 11/19 17:31:34 Image size of job updated: 100410144
	98057  -  MemoryUsage of job (MB)
	100410144  -  ResidentSetSize of job (KB)
...
006 (13791033.000.000) 11/19 17:36:35 Image size of job updated: 162710012
	158824  -  MemoryUsage of job (MB)
	162634804  -  ResidentSetSize of job (KB)
...
006 (13791033.000.000) 11/19 17:41:36 Image size of job updated: 163024076
	159160  -  MemoryUsage of job (MB)
	162979800  -  ResidentSetSize of job (KB)
...
006 (13791033.000.000) 11/19 18:51:45 Image size of job updated: 163207240
	159383  -  MemoryUsage of job (MB)
	163207240  -  ResidentSetSize of job (KB)
...
006 (13791033.000.000) 11/19 18:56:46 Image size of job updated: 163982052
	159732  -  MemoryUsage of job (MB)
	163565184  -  ResidentSetSize of job (KB)
...
006 (13791033.000.000) 11/19 23:40:06 Image size of job updated: 164531896
	160676  -  MemoryUsage of job (MB)
	164531896  -  ResidentSetSize of job (KB)
...
006 (13791033.000.000) 11/19 23:49:38 Image size of job updated: 164538160
	160682  -  MemoryUsage of job (MB)
	164538160  -  ResidentSetSize of job (KB)
...
022 (13791033.000.000) 11/20 00:56:39 Job disconnected, attempting to reconnect
    Socket between submit and execute hosts closed unexpectedly
    Trying to reconnect to slot1_1@b9g47n4484.cern.ch <188.184.195.125:9618?addrs=188.184.195.125-9618+[2001-1458-301-72--100-46]-9618&alias=b9g47n4484.cern.ch&noUDP&sock=startd_18735_3aec>
...
024 (13791033.000.000) 11/20 02:26:39 Job reconnection failed
    Job disconnected too long: JobLeaseDuration (5400 seconds) expired
    Can not reconnect to slot1_1@b9g47n4484.cern.ch, rescheduling job
...
004 (13791033.000.000) 11/20 02:26:49 Job was evicted.
	(0) CPU times
		Usr 1 08:43:43, Sys 0 02:30:32  -  Run Remote Usage
		Usr 0 00:00:00, Sys 0 00:00:00  -  Run Local Usage
	0  -  Run Bytes Sent By Job
	641  -  Run Bytes Received By Job
	Job disconnected too long: JobLeaseDuration (5400 seconds) expired
	Partitionable Resources :     Usage  Request Allocated Assigned
	   Cpus                 :      0.99       27        27 
	   Disk (KB)            :   5079    15728640  15729442 
	   GPUs                 :      0           1         1 "GPU-af018eac"
	   GpusMemory (MB)      :    491                       
	   Memory (MB)          : 160682       81000     81000 
...
040 (13791033.000.000) 11/20 02:26:56 Started transferring input files
	Transferring to host: <188.184.195.72:9618?addrs=188.184.195.72-9618+[2001-1458-301-72--100-3bf]-9618&alias=b9g47n6462.cern.ch&noUDP&sock=slot1_1_18519_0f8a_9303>
...
040 (13791033.000.000) 11/20 02:26:56 Finished transferring input files
...
001 (13791033.000.000) 11/20 02:26:57 Job executing on host: <188.184.195.72:9618?addrs=188.184.195.72-9618+[2001-1458-301-72--100-3bf]-9618&alias=b9g47n6462.cern.ch&noUDP&sock=startd_17580_ff09>
	SlotName: slot1_1@b9g47n6462.cern.ch
	AvailableGPUs = { GPUs_GPU_097ed6ab }
	CondorScratchDir = "/pool/condor/dir_188914"
	Cpus = 27
	Disk = 15729675
	GPUs = 1
	GPUs_GPU_097ed6ab = [ Id = "GPU-097ed6ab"; ClockMhz = 1590.0; Capability = 7.5; CoresPerCU = 64; DeviceName = "Tesla T4"; DeviceUuid = "097ed6ab-2e6f-8d98-37a3-6ad09a369fc4"; ECCEnabled = true; ComputeUnits = 40; DriverVersion = 13.0; DevicePciBusId = "0000:07:00.0"; GlobalMemoryMb = 14913; MaxSupportedVersion = 13000 ]
	Memory = 81000
...
021 (13791033.000.000) 11/20 06:19:58 Error from starter on slot1_1@b9g47n6462.cern.ch:
	Job has gone over cgroup memory limit of 81000 megabytes. Last measured usage: 160871 megabytes.  Consider resubmitting with a higher request_memory.
	Code 34 Subcode 0
...
004 (13791033.000.000) 11/20 06:19:58 Job was evicted.
	(0) CPU times
		Usr 0 02:29:21, Sys 0 00:52:06  -  Run Remote Usage
		Usr 0 00:00:00, Sys 0 00:00:00  -  Run Local Usage
	0  -  Run Bytes Sent By Job
	641  -  Run Bytes Received By Job
	Error from slot1_1@b9g47n6462.cern.ch: Job has gone over cgroup memory limit of 81000 megabytes. Last measured usage: 160871 megabytes.  Consider resubmitting with a higher request_memory.
	Partitionable Resources :     Usage  Request Allocated Assigned
	   Cpus                 :      0.67       27        27 
	   Disk (KB)            :     35    15728640  15729675 
	   GPUs                 :      0           1         1 "GPU-097ed6ab"
	   GpusMemory (MB)      :    567                       
	   Memory (MB)          : 170899       81000     81000 
	   TimeSlotBusy (s)     :  13982                       
...
012 (13791033.000.000) 11/20 06:19:58 Job was held.
	Error from slot1_1@b9g47n6462.cern.ch: Job has gone over cgroup memory limit of 81000 megabytes. Last measured usage: 160871 megabytes.  Consider resubmitting with a higher request_memory.
	Code 34 Subcode 0
...
009 (13791033.000.000) 11/20 10:19:51 Job was aborted.
	via condor_rm (by user evilla)
...
