000 (9080771.000.000) 11/18 23:38:21 Job submitted from host: <188.185.8.79:9618?addrs=188.185.8.79-9618+[2001-1458-d00-63--100-23a]-9618&alias=bigbird26.cern.ch&noUDP&sock=schedd_5212_93b3>
...
040 (9080771.000.000) 11/19 05:44:20 Started transferring input files
	Transferring to host: <188.185.190.36:9618?addrs=188.185.190.36-9618+[2001-1458-d03-b--100-44]-9618&alias=b9pgpun206.cern.ch&noUDP&sock=slot1_1_3213_995c_3305>
...
040 (9080771.000.000) 11/19 05:44:20 Finished transferring input files
...
001 (9080771.000.000) 11/19 05:44:21 Job executing on host: <188.185.190.36:9618?addrs=188.185.190.36-9618+[2001-1458-d03-b--100-44]-9618&alias=b9pgpun206.cern.ch&noUDP&sock=startd_2639_b685>
	SlotName: slot1_1@b9pgpun206.cern.ch
	AvailableGPUs = { GPUs_MIG_3c3f03d5_8a61_5b82_ab18_5a74e0f14a8e }
	CondorScratchDir = "/pool/condor/dir_248088"
	Cpus = 11
	Disk = 15729656
	GPUs = 1
	GPUs_MIG_3c3f03d5_8a61_5b82_ab18_5a74e0f14a8e = [ Id = "MIG-3c3f03d5-8a61-5b82-ab18-5a74e0f14a8e"; DeviceName = "NVIDIA H100L-2-24C MIG 2g.24gb"; DeviceUuid = "MIG-3c3f03d5-8a61-5b82-ab18-5a74e0f14a8e"; ComputeUnits = 32; GlobalMemoryMb = 21547 ]
	Memory = 33000
...
006 (9080771.000.000) 11/19 05:44:34 Image size of job updated: 50332
	50  -  MemoryUsage of job (MB)
	50332  -  ResidentSetSize of job (KB)
...
006 (9080771.000.000) 11/19 05:44:51 Image size of job updated: 276052
	50  -  MemoryUsage of job (MB)
	50332  -  ResidentSetSize of job (KB)
...
040 (9080771.000.000) 11/19 05:44:51 Started transferring output files
...
040 (9080771.000.000) 11/19 05:44:51 Finished transferring output files
...
005 (9080771.000.000) 11/19 05:44:51 Job terminated.
	(1) Normal termination (return value 1)
		Usr 0 00:00:05, Sys 0 00:00:04  -  Run Remote Usage
		Usr 0 00:00:00, Sys 0 00:00:00  -  Run Local Usage
		Usr 0 00:00:05, Sys 0 00:00:04  -  Total Remote Usage
		Usr 0 00:00:00, Sys 0 00:00:00  -  Total Local Usage
	9521  -  Run Bytes Sent By Job
	641  -  Run Bytes Received By Job
	9521  -  Total Bytes Sent By Job
	641  -  Total Bytes Received By Job
	Partitionable Resources :    Usage  Request Allocated Assigned
	   Cpus                 :        0       11        11 
	   Disk (KB)            :       34 15728640  15729656 
	   GPUs                 :                 1         1 "MIG-3c3f03d5-8a61-5b82-ab18-5a74e0f14a8e"
	   Memory (MB)          :       50    33000     33000 
	   TimeExecute (s)      :       30                    
	   TimeSlotBusy (s)     :       32                    

	Job terminated of its own accord at 2025-11-19T04:44:51Z with exit-code 1.
...
