000 (13791048.000.000) 11/19 17:05:42 Job submitted from host: <188.184.90.62:9618?addrs=188.184.90.62-9618+[2001-1458-201-e4--100-238]-9618&alias=bigbird16.cern.ch&noUDP&sock=schedd_5196_9a2f>
...
040 (13791048.000.000) 11/19 17:06:33 Started transferring input files
	Transferring to host: <188.185.190.99:9618?addrs=188.185.190.99-9618+[2001-1458-d03-b--100-8c]-9618&alias=b9pgpun030.cern.ch&noUDP&sock=slot1_1_257793_3d4c_6670>
...
040 (13791048.000.000) 11/19 17:06:33 Finished transferring input files
...
001 (13791048.000.000) 11/19 17:06:35 Job executing on host: <188.185.190.99:9618?addrs=188.185.190.99-9618+[2001-1458-d03-b--100-8c]-9618&alias=b9pgpun030.cern.ch&noUDP&sock=startd_253307_1c7e>
	SlotName: slot1_1@b9pgpun030.cern.ch
	AvailableGPUs = { GPUs_MIG_d4ac3753_c76f_51f7_81a7_569b1bfcb6e0 }
	CondorScratchDir = "/pool/condor/dir_2985924"
	Cpus = 14
	Disk = 15729671
	GPUs = 1
	GPUs_MIG_d4ac3753_c76f_51f7_81a7_569b1bfcb6e0 = [ Id = "MIG-d4ac3753-c76f-51f7-81a7-569b1bfcb6e0"; DeviceName = "NVIDIA H100L-2-24C MIG 2g.24gb"; DeviceUuid = "MIG-d4ac3753-c76f-51f7-81a7-569b1bfcb6e0"; ComputeUnits = 32; GlobalMemoryMb = 21547 ]
	Memory = 42000
...
006 (13791048.000.000) 11/19 17:06:49 Image size of job updated: 37868
	37  -  MemoryUsage of job (MB)
	37868  -  ResidentSetSize of job (KB)
...
006 (13791048.000.000) 11/19 17:08:15 Image size of job updated: 4734396
	37  -  MemoryUsage of job (MB)
	37868  -  ResidentSetSize of job (KB)
...
040 (13791048.000.000) 11/19 17:08:15 Started transferring output files
...
040 (13791048.000.000) 11/19 17:08:15 Finished transferring output files
...
005 (13791048.000.000) 11/19 17:08:15 Job terminated.
	(1) Normal termination (return value 0)
		Usr 0 00:02:12, Sys 0 00:00:38  -  Run Remote Usage
		Usr 0 00:00:00, Sys 0 00:00:00  -  Run Local Usage
		Usr 0 00:02:12, Sys 0 00:00:38  -  Total Remote Usage
		Usr 0 00:00:00, Sys 0 00:00:00  -  Total Local Usage
	77403  -  Run Bytes Sent By Job
	783  -  Run Bytes Received By Job
	77403  -  Total Bytes Sent By Job
	783  -  Total Bytes Received By Job
	Partitionable Resources :    Usage  Request Allocated Assigned
	   Cpus                 :        0       14        14 
	   Disk (KB)            :      102 15728640  15729671 
	   GPUs                 :                 1         1 "MIG-d4ac3753-c76f-51f7-81a7-569b1bfcb6e0"
	   Memory (MB)          :       37    42000     42000 
	   TimeExecute (s)      :      100                    
	   TimeSlotBusy (s)     :      104                    

	Job terminated of its own accord at 2025-11-19T16:08:15Z with exit-code 0.
...
