000 (6417219.000.000) 11/20 16:20:25 Job submitted from host: <188.185.125.71:9618?addrs=188.185.125.71-9618+[2001-1458-d00-4a--100-15e]-9618&alias=bigbird28.cern.ch&noUDP&sock=schedd_2239_58a3>
...
040 (6417219.000.000) 11/20 16:56:19 Started transferring input files
	Transferring to host: <188.185.238.10:9618?addrs=188.185.238.10-9618+[2001-1458-303-28--100-6]-9618&alias=b9pgpun002.cern.ch&noUDP&sock=slot1_4_1939520_0c0f_2234>
...
040 (6417219.000.000) 11/20 16:56:19 Finished transferring input files
...
001 (6417219.000.000) 11/20 16:56:20 Job executing on host: <188.185.238.10:9618?addrs=188.185.238.10-9618+[2001-1458-303-28--100-6]-9618&alias=b9pgpun002.cern.ch&noUDP&sock=startd_1939478_2ae8>
	SlotName: slot1_4@b9pgpun002.cern.ch
	AvailableGPUs = { GPUs_GPU_a111cc3f }
	CondorScratchDir = "/pool/condor/dir_2825736"
	Cpus = 34
	Disk = 15734840
	GPUs = 1
	GPUs_GPU_a111cc3f = [ Id = "GPU-a111cc3f"; ClockMhz = 1785.0; Capability = 9.0; CoresPerCU = 128; DeviceName = "NVIDIA H100 NVL"; DeviceUuid = "a111cc3f-b0ac-64c9-aeec-748e3fd5b066"; ECCEnabled = true; ComputeUnits = 132; DriverVersion = 13.0; DevicePciBusId = "0000:AE:00.0"; GlobalMemoryMb = 95320; MaxSupportedVersion = 13000 ]
	Memory = 102000
...
006 (6417219.000.000) 11/20 16:56:34 Image size of job updated: 202568
	198  -  MemoryUsage of job (MB)
	202568  -  ResidentSetSize of job (KB)
...
006 (6417219.000.000) 11/20 17:01:35 Image size of job updated: 9694212
	9468  -  MemoryUsage of job (MB)
	9694212  -  ResidentSetSize of job (KB)
...
006 (6417219.000.000) 11/20 17:06:36 Image size of job updated: 17724628
	17241  -  MemoryUsage of job (MB)
	17654764  -  ResidentSetSize of job (KB)
...
006 (6417219.000.000) 11/20 17:11:36 Image size of job updated: 25442956
	24847  -  MemoryUsage of job (MB)
	25442956  -  ResidentSetSize of job (KB)
...
006 (6417219.000.000) 11/20 17:16:37 Image size of job updated: 32795456
	31989  -  MemoryUsage of job (MB)
	32755872  -  ResidentSetSize of job (KB)
...
006 (6417219.000.000) 11/20 17:21:37 Image size of job updated: 39914732
	38980  -  MemoryUsage of job (MB)
	39914732  -  ResidentSetSize of job (KB)
...
006 (6417219.000.000) 11/20 17:26:37 Image size of job updated: 120956652
	91166  -  MemoryUsage of job (MB)
	93353488  -  ResidentSetSize of job (KB)
...
006 (6417219.000.000) 11/20 17:31:38 Image size of job updated: 120956652
	91177  -  MemoryUsage of job (MB)
	93364368  -  ResidentSetSize of job (KB)
...
006 (6417219.000.000) 11/20 17:36:38 Image size of job updated: 120956652
	91690  -  MemoryUsage of job (MB)
	93890308  -  ResidentSetSize of job (KB)
...
006 (6417219.000.000) 11/20 17:41:39 Image size of job updated: 120956652
	91711  -  MemoryUsage of job (MB)
	93911464  -  ResidentSetSize of job (KB)
...
006 (6417219.000.000) 11/20 17:46:40 Image size of job updated: 120956652
	91715  -  MemoryUsage of job (MB)
	93915588  -  ResidentSetSize of job (KB)
...
006 (6417219.000.000) 11/20 17:51:40 Image size of job updated: 120956652
	91721  -  MemoryUsage of job (MB)
	93921724  -  ResidentSetSize of job (KB)
...
006 (6417219.000.000) 11/20 18:36:46 Image size of job updated: 146187840
	142217  -  MemoryUsage of job (MB)
	145629208  -  ResidentSetSize of job (KB)
...
006 (6417219.000.000) 11/20 18:41:46 Image size of job updated: 154105216
	142217  -  MemoryUsage of job (MB)
	145629208  -  ResidentSetSize of job (KB)
...
006 (6417219.000.000) 11/20 21:02:00 Image size of job updated: 161577272
	142217  -  MemoryUsage of job (MB)
	145629208  -  ResidentSetSize of job (KB)
...
006 (6417219.000.000) 11/21 03:02:36 Image size of job updated: 165043200
	142217  -  MemoryUsage of job (MB)
	145629208  -  ResidentSetSize of job (KB)
...
006 (6417219.000.000) 11/21 06:27:57 Image size of job updated: 165043200
	142989  -  MemoryUsage of job (MB)
	146420316  -  ResidentSetSize of job (KB)
...
006 (6417219.000.000) 11/21 06:28:38 Image size of job updated: 165043200
	142989  -  MemoryUsage of job (MB)
	146420320  -  ResidentSetSize of job (KB)
...
040 (6417219.000.000) 11/21 06:28:38 Started transferring output files
...
040 (6417219.000.000) 11/21 06:28:38 Finished transferring output files
...
004 (6417219.000.000) 11/21 06:28:38 Job was evicted.
	(0) CPU times
		Usr 8 10:17:02, Sys 0 06:21:37  -  Run Remote Usage
		Usr 0 00:00:00, Sys 0 00:00:00  -  Run Local Usage
	22588264  -  Run Bytes Sent By Job
	646  -  Run Bytes Received By Job
	Partitionable Resources :     Usage  Request Allocated Assigned
	   Cpus                 :      0.58       34        34 
	   Disk (KB)            :  22084    15728640  15734840 
	   GPUs                 :      0           1         1 "GPU-a111cc3f"
	   GpusMemory (MB)      :    514                       
	   Memory (MB)          : 142989      102000    102000 
	   TimeExecute (s)      :  48738                       
	   TimeSlotBusy (s)     :  48739                       
...
009 (6417219.000.000) 11/21 06:28:38 Job was aborted.
	via condor_rm (by user evilla)
...
