000 (9076726.000.000) 11/18 17:18:20 Job submitted from host: <188.185.8.79:9618?addrs=188.185.8.79-9618+[2001-1458-d00-63--100-23a]-9618&alias=bigbird26.cern.ch&noUDP&sock=schedd_3453776_a447>
...
040 (9076726.000.000) 11/18 17:20:52 Started transferring input files
	Transferring to host: <188.185.93.172:9618?addrs=188.185.93.172-9618+[2001-1458-d00-6c--100-16d]-9618&alias=b9g57n5389.cern.ch&noUDP&sock=slot1_1_17568_fec3_8445>
...
040 (9076726.000.000) 11/18 17:20:52 Finished transferring input files
...
001 (9076726.000.000) 11/18 17:20:53 Job executing on host: <188.185.93.172:9618?addrs=188.185.93.172-9618+[2001-1458-d00-6c--100-16d]-9618&alias=b9g57n5389.cern.ch&noUDP&sock=startd_16935_9473>
	SlotName: slot1_1@b9g57n5389.cern.ch
	AvailableGPUs = { GPUs_GPU_d5bc3a72 }
	CondorScratchDir = "/pool/condor/dir_2734652"
	Cpus = 11
	Disk = 15729727
	GPUs = 1
	GPUs_GPU_d5bc3a72 = [ Id = "GPU-d5bc3a72"; ClockMhz = 1410.0; Capability = 8.0; CoresPerCU = 64; DeviceName = "NVIDIA A100-PCIE-40GB"; DeviceUuid = "d5bc3a72-c3ca-7ccb-bb9b-d16ce43fa8e3"; ECCEnabled = true; ComputeUnits = 108; DriverVersion = 13.0; DevicePciBusId = "0000:06:00.0"; GlobalMemoryMb = 40441; MaxSupportedVersion = 13000 ]
	Memory = 33000
...
006 (9076726.000.000) 11/18 17:21:06 Image size of job updated: 18904
	19  -  MemoryUsage of job (MB)
	18904  -  ResidentSetSize of job (KB)
...
006 (9076726.000.000) 11/18 17:26:06 Image size of job updated: 7546864
	7254  -  MemoryUsage of job (MB)
	7427248  -  ResidentSetSize of job (KB)
...
006 (9076726.000.000) 11/18 17:31:07 Image size of job updated: 14746000
	14276  -  MemoryUsage of job (MB)
	14617952  -  ResidentSetSize of job (KB)
...
006 (9076726.000.000) 11/18 17:36:07 Image size of job updated: 20787244
	20301  -  MemoryUsage of job (MB)
	20787244  -  ResidentSetSize of job (KB)
...
006 (9076726.000.000) 11/18 17:41:07 Image size of job updated: 26683988
	26059  -  MemoryUsage of job (MB)
	26683988  -  ResidentSetSize of job (KB)
...
006 (9076726.000.000) 11/18 17:46:08 Image size of job updated: 32119080
	31367  -  MemoryUsage of job (MB)
	32119080  -  ResidentSetSize of job (KB)
...
006 (9076726.000.000) 11/18 17:51:08 Image size of job updated: 37505072
	36627  -  MemoryUsage of job (MB)
	37505072  -  ResidentSetSize of job (KB)
...
006 (9076726.000.000) 11/18 17:56:08 Image size of job updated: 42961640
	41922  -  MemoryUsage of job (MB)
	42927196  -  ResidentSetSize of job (KB)
...
006 (9076726.000.000) 11/18 18:01:09 Image size of job updated: 48610540
	47472  -  MemoryUsage of job (MB)
	48610540  -  ResidentSetSize of job (KB)
...
006 (9076726.000.000) 11/18 18:06:09 Image size of job updated: 54211472
	52941  -  MemoryUsage of job (MB)
	54211472  -  ResidentSetSize of job (KB)
...
006 (9076726.000.000) 11/18 18:11:09 Image size of job updated: 59743580
	58344  -  MemoryUsage of job (MB)
	59743580  -  ResidentSetSize of job (KB)
...
006 (9076726.000.000) 11/18 18:16:10 Image size of job updated: 65288496
	63759  -  MemoryUsage of job (MB)
	65288496  -  ResidentSetSize of job (KB)
...
006 (9076726.000.000) 11/18 18:21:10 Image size of job updated: 67026128
	63759  -  MemoryUsage of job (MB)
	65288496  -  ResidentSetSize of job (KB)
...
006 (9076726.000.000) 11/18 18:36:11 Image size of job updated: 67026128
	63906  -  MemoryUsage of job (MB)
	65439616  -  ResidentSetSize of job (KB)
...
006 (9076726.000.000) 11/18 18:41:11 Image size of job updated: 67026128
	63996  -  MemoryUsage of job (MB)
	65531024  -  ResidentSetSize of job (KB)
...
006 (9076726.000.000) 11/18 18:46:12 Image size of job updated: 67026128
	64166  -  MemoryUsage of job (MB)
	65705888  -  ResidentSetSize of job (KB)
...
006 (9076726.000.000) 11/18 18:51:12 Image size of job updated: 67026128
	64415  -  MemoryUsage of job (MB)
	65960328  -  ResidentSetSize of job (KB)
...
006 (9076726.000.000) 11/18 18:56:12 Image size of job updated: 67026128
	65155  -  MemoryUsage of job (MB)
	66718420  -  ResidentSetSize of job (KB)
...
006 (9076726.000.000) 11/18 19:01:13 Image size of job updated: 67129804
	65155  -  MemoryUsage of job (MB)
	66718684  -  ResidentSetSize of job (KB)
...
006 (9076726.000.000) 11/18 19:06:13 Image size of job updated: 67131396
	65538  -  MemoryUsage of job (MB)
	67110120  -  ResidentSetSize of job (KB)
...
006 (9076726.000.000) 11/18 19:11:13 Image size of job updated: 67177360
	65538  -  MemoryUsage of job (MB)
	67110120  -  ResidentSetSize of job (KB)
...
021 (9076726.000.000) 11/18 19:25:57 Error from starter on slot1_1@b9g57n5389.cern.ch:
	Job has gone over cgroup memory limit of 33000 megabytes. Last measured usage: 65602 megabytes.  Consider resubmitting with a higher request_memory.
	Code 34 Subcode 0
...
004 (9076726.000.000) 11/18 19:25:57 Job was evicted.
	(0) CPU times
		Usr 0 01:18:46, Sys 0 00:35:06  -  Run Remote Usage
		Usr 0 00:00:00, Sys 0 00:00:00  -  Run Local Usage
	0  -  Run Bytes Sent By Job
	641  -  Run Bytes Received By Job
	Error from slot1_1@b9g57n5389.cern.ch: Job has gone over cgroup memory limit of 33000 megabytes. Last measured usage: 65602 megabytes.  Consider resubmitting with a higher request_memory.
	Partitionable Resources :    Usage  Request Allocated Assigned
	   Cpus                 :     0.78       11        11 
	   Disk (KB)            :    32    15728640  15729727 
	   GPUs                 :     0           1         1 "GPU-d5bc3a72"
	   GpusMemory (MB)      :   522                       
	   Memory (MB)          : 65538       33000     33000 
	   TimeSlotBusy (s)     :  7506                       
...
012 (9076726.000.000) 11/18 19:25:57 Job was held.
	Error from slot1_1@b9g57n5389.cern.ch: Job has gone over cgroup memory limit of 33000 megabytes. Last measured usage: 65602 megabytes.  Consider resubmitting with a higher request_memory.
	Code 34 Subcode 0
...
009 (9076726.000.000) 11/18 23:38:21 Job was aborted.
	via condor_rm (by user evilla)
...
