000 (13791093.000.000) 11/19 17:54:47 Job submitted from host: <188.184.90.62:9618?addrs=188.184.90.62-9618+[2001-1458-201-e4--100-238]-9618&alias=bigbird16.cern.ch&noUDP&sock=schedd_5196_9a2f>
...
040 (13791093.000.000) 11/19 17:55:52 Started transferring input files
	Transferring to host: <188.185.190.36:9618?addrs=188.185.190.36-9618+[2001-1458-d03-b--100-44]-9618&alias=b9pgpun206.cern.ch&noUDP&sock=slot1_1_3213_995c_3672>
...
040 (13791093.000.000) 11/19 17:55:52 Finished transferring input files
...
001 (13791093.000.000) 11/19 17:55:53 Job executing on host: <188.185.190.36:9618?addrs=188.185.190.36-9618+[2001-1458-d03-b--100-44]-9618&alias=b9pgpun206.cern.ch&noUDP&sock=startd_2639_b685>
	SlotName: slot1_1@b9pgpun206.cern.ch
	AvailableGPUs = { GPUs_MIG_3c3f03d5_8a61_5b82_ab18_5a74e0f14a8e }
	CondorScratchDir = "/pool/condor/dir_1693289"
	Cpus = 14
	Disk = 15729663
	GPUs = 1
	GPUs_MIG_3c3f03d5_8a61_5b82_ab18_5a74e0f14a8e = [ Id = "MIG-3c3f03d5-8a61-5b82-ab18-5a74e0f14a8e"; DeviceName = "NVIDIA H100L-2-24C MIG 2g.24gb"; DeviceUuid = "MIG-3c3f03d5-8a61-5b82-ab18-5a74e0f14a8e"; ComputeUnits = 32; GlobalMemoryMb = 21547 ]
	Memory = 42000
...
006 (13791093.000.000) 11/19 17:56:07 Image size of job updated: 48476
	48  -  MemoryUsage of job (MB)
	48476  -  ResidentSetSize of job (KB)
...
006 (13791093.000.000) 11/19 17:56:56 Image size of job updated: 1804936
	48  -  MemoryUsage of job (MB)
	48540  -  ResidentSetSize of job (KB)
...
040 (13791093.000.000) 11/19 17:56:56 Started transferring output files
...
040 (13791093.000.000) 11/19 17:56:56 Finished transferring output files
...
005 (13791093.000.000) 11/19 17:56:56 Job terminated.
	(1) Normal termination (return value 0)
		Usr 0 00:00:07, Sys 0 00:00:06  -  Run Remote Usage
		Usr 0 00:00:00, Sys 0 00:00:00  -  Run Local Usage
		Usr 0 00:00:07, Sys 0 00:00:06  -  Total Remote Usage
		Usr 0 00:00:00, Sys 0 00:00:00  -  Total Local Usage
	9494  -  Run Bytes Sent By Job
	783  -  Run Bytes Received By Job
	9494  -  Total Bytes Sent By Job
	783  -  Total Bytes Received By Job
	Partitionable Resources :    Usage  Request Allocated Assigned
	   Cpus                 :        0       14        14 
	   Disk (KB)            :       34 15728640  15729663 
	   GPUs                 :                 1         1 "MIG-3c3f03d5-8a61-5b82-ab18-5a74e0f14a8e"
	   Memory (MB)          :       48    42000     42000 
	   TimeExecute (s)      :       63                    
	   TimeSlotBusy (s)     :       65                    

	Job terminated of its own accord at 2025-11-19T16:56:56Z with exit-code 0.
...
