000 (13791043.000.000) 11/19 16:44:22 Job submitted from host: <188.184.90.62:9618?addrs=188.184.90.62-9618+[2001-1458-201-e4--100-238]-9618&alias=bigbird16.cern.ch&noUDP&sock=schedd_5196_9a2f>
...
040 (13791043.000.000) 11/19 16:52:06 Started transferring input files
	Transferring to host: <188.185.190.70:9618?addrs=188.185.190.70-9618+[2001-1458-d03-b--100-d1]-9618&alias=b9pgpun035.cern.ch&noUDP&sock=slot1_1_263595_45f8_6667>
...
040 (13791043.000.000) 11/19 16:52:06 Finished transferring input files
...
001 (13791043.000.000) 11/19 16:52:07 Job executing on host: <188.185.190.70:9618?addrs=188.185.190.70-9618+[2001-1458-d03-b--100-d1]-9618&alias=b9pgpun035.cern.ch&noUDP&sock=startd_254377_0ad4>
	SlotName: slot1_1@b9pgpun035.cern.ch
	AvailableGPUs = { GPUs_MIG_c353432c_164b_5fe9_aa9c_d517e29055c9 }
	CondorScratchDir = "/pool/condor/dir_3607039"
	Cpus = 14
	Disk = 15731860
	GPUs = 1
	GPUs_MIG_c353432c_164b_5fe9_aa9c_d517e29055c9 = [ Id = "MIG-c353432c-164b-5fe9-aa9c-d517e29055c9"; DeviceName = "NVIDIA H100L-2-24C MIG 2g.24gb"; DeviceUuid = "MIG-c353432c-164b-5fe9-aa9c-d517e29055c9"; ComputeUnits = 32; GlobalMemoryMb = 21547 ]
	Memory = 42000
...
006 (13791043.000.000) 11/19 16:52:20 Image size of job updated: 45168
	45  -  MemoryUsage of job (MB)
	45168  -  ResidentSetSize of job (KB)
...
006 (13791043.000.000) 11/19 16:54:10 Image size of job updated: 4736464
	45  -  MemoryUsage of job (MB)
	45168  -  ResidentSetSize of job (KB)
...
040 (13791043.000.000) 11/19 16:54:10 Started transferring output files
...
040 (13791043.000.000) 11/19 16:54:10 Finished transferring output files
...
005 (13791043.000.000) 11/19 16:54:10 Job terminated.
	(1) Normal termination (return value 0)
		Usr 0 00:02:30, Sys 0 00:00:38  -  Run Remote Usage
		Usr 0 00:00:00, Sys 0 00:00:00  -  Run Local Usage
		Usr 0 00:02:30, Sys 0 00:00:38  -  Total Remote Usage
		Usr 0 00:00:00, Sys 0 00:00:00  -  Total Local Usage
	83166  -  Run Bytes Sent By Job
	783  -  Run Bytes Received By Job
	83166  -  Total Bytes Sent By Job
	783  -  Total Bytes Received By Job
	Partitionable Resources :    Usage  Request Allocated Assigned
	   Cpus                 :        0       14        14 
	   Disk (KB)            :      108 15728640  15731860 
	   GPUs                 :                 1         1 "MIG-c353432c-164b-5fe9-aa9c-d517e29055c9"
	   Memory (MB)          :       45    42000     42000 
	   TimeExecute (s)      :      123                    
	   TimeSlotBusy (s)     :      124                    

	Job terminated of its own accord at 2025-11-19T15:54:10Z with exit-code 0.
...
