000 (13791101.000.000) 11/19 18:07:21 Job submitted from host: <188.184.90.62:9618?addrs=188.184.90.62-9618+[2001-1458-201-e4--100-238]-9618&alias=bigbird16.cern.ch&noUDP&sock=schedd_5196_9a2f>
...
040 (13791101.000.000) 11/19 18:07:54 Started transferring input files
	Transferring to host: <188.185.190.56:9618?addrs=188.185.190.56-9618+[2001-1458-d03-b--100-20b]-9618&alias=b9pgpun204.cern.ch&noUDP&sock=slot1_1_5370_6693_6439>
...
040 (13791101.000.000) 11/19 18:07:54 Finished transferring input files
...
001 (13791101.000.000) 11/19 18:07:55 Job executing on host: <188.185.190.56:9618?addrs=188.185.190.56-9618+[2001-1458-d03-b--100-20b]-9618&alias=b9pgpun204.cern.ch&noUDP&sock=startd_5323_b6b6>
	SlotName: slot1_1@b9pgpun204.cern.ch
	AvailableGPUs = { GPUs_MIG_785f1036_02a2_5242_b3ec_adc5d18df03d }
	CondorScratchDir = "/pool/condor/dir_729995"
	Cpus = 14
	Disk = 15729012
	GPUs = 1
	GPUs_MIG_785f1036_02a2_5242_b3ec_adc5d18df03d = [ Id = "MIG-785f1036-02a2-5242-b3ec-adc5d18df03d"; DeviceName = "NVIDIA H100L-2-24C MIG 2g.24gb"; DeviceUuid = "MIG-785f1036-02a2-5242-b3ec-adc5d18df03d"; ComputeUnits = 32; GlobalMemoryMb = 21547 ]
	Memory = 42000
...
006 (13791101.000.000) 11/19 18:08:10 Image size of job updated: 47056
	46  -  MemoryUsage of job (MB)
	47056  -  ResidentSetSize of job (KB)
...
006 (13791101.000.000) 11/19 18:13:10 Image size of job updated: 4848168
	4735  -  MemoryUsage of job (MB)
	4848168  -  ResidentSetSize of job (KB)
...
006 (13791101.000.000) 11/19 18:18:10 Image size of job updated: 5163252
	4753  -  MemoryUsage of job (MB)
	4866576  -  ResidentSetSize of job (KB)
...
006 (13791101.000.000) 11/19 18:23:11 Image size of job updated: 7010452
	4768  -  MemoryUsage of job (MB)
	4882408  -  ResidentSetSize of job (KB)
...
006 (13791101.000.000) 11/19 18:28:12 Image size of job updated: 8348332
	4778  -  MemoryUsage of job (MB)
	4891676  -  ResidentSetSize of job (KB)
...
006 (13791101.000.000) 11/19 18:33:12 Image size of job updated: 8348332
	4783  -  MemoryUsage of job (MB)
	4897204  -  ResidentSetSize of job (KB)
...
006 (13791101.000.000) 11/19 18:38:12 Image size of job updated: 8348332
	4788  -  MemoryUsage of job (MB)
	4902904  -  ResidentSetSize of job (KB)
...
006 (13791101.000.000) 11/19 18:43:13 Image size of job updated: 8348332
	4795  -  MemoryUsage of job (MB)
	4909536  -  ResidentSetSize of job (KB)
...
006 (13791101.000.000) 11/19 18:48:13 Image size of job updated: 8348332
	4801  -  MemoryUsage of job (MB)
	4916024  -  ResidentSetSize of job (KB)
...
006 (13791101.000.000) 11/19 18:53:13 Image size of job updated: 8348332
	4806  -  MemoryUsage of job (MB)
	4920760  -  ResidentSetSize of job (KB)
...
006 (13791101.000.000) 11/19 18:58:14 Image size of job updated: 8348332
	4811  -  MemoryUsage of job (MB)
	4925780  -  ResidentSetSize of job (KB)
...
040 (13791101.000.000) 11/19 19:01:50 Started transferring output files
...
040 (13791101.000.000) 11/19 19:01:50 Finished transferring output files
...
005 (13791101.000.000) 11/19 19:01:50 Job terminated.
	(1) Normal termination (return value 0)
		Usr 0 04:56:46, Sys 0 00:57:34  -  Run Remote Usage
		Usr 0 00:00:00, Sys 0 00:00:00  -  Run Local Usage
		Usr 0 04:56:46, Sys 0 00:57:34  -  Total Remote Usage
		Usr 0 00:00:00, Sys 0 00:00:00  -  Total Local Usage
	6826074  -  Run Bytes Sent By Job
	783  -  Run Bytes Received By Job
	6826074  -  Total Bytes Sent By Job
	783  -  Total Bytes Received By Job
	Partitionable Resources :    Usage  Request Allocated Assigned
	   Cpus                 :     7.22       14        14 
	   Disk (KB)            :  6694    15728640  15729012 
	   GPUs                 :                 1         1 "MIG-785f1036-02a2-5242-b3ec-adc5d18df03d"
	   Memory (MB)          :  4811       42000     42000 
	   TimeExecute (s)      :  3235                       
	   TimeSlotBusy (s)     :  3239                       

	Job terminated of its own accord at 2025-11-19T18:01:50Z with exit-code 0.
...
