000 (13790789.000.000) 11/19 13:36:40 Job submitted from host: <188.184.90.62:9618?addrs=188.184.90.62-9618+[2001-1458-201-e4--100-238]-9618&alias=bigbird16.cern.ch&noUDP&sock=schedd_5196_9a2f>
...
040 (13790789.000.000) 11/19 13:44:15 Started transferring input files
	Transferring to host: <188.184.195.72:9618?addrs=188.184.195.72-9618+[2001-1458-301-72--100-3bf]-9618&alias=b9g47n6462.cern.ch&noUDP&sock=slot1_1_18519_0f8a_8942>
...
040 (13790789.000.000) 11/19 13:44:15 Finished transferring input files
...
001 (13790789.000.000) 11/19 13:44:16 Job executing on host: <188.184.195.72:9618?addrs=188.184.195.72-9618+[2001-1458-301-72--100-3bf]-9618&alias=b9g47n6462.cern.ch&noUDP&sock=startd_17580_ff09>
	SlotName: slot1_1@b9g47n6462.cern.ch
	AvailableGPUs = { GPUs_GPU_097ed6ab }
	CondorScratchDir = "/pool/condor/dir_46363"
	Cpus = 20
	Disk = 15729675
	GPUs = 1
	GPUs_GPU_097ed6ab = [ Id = "GPU-097ed6ab"; ClockMhz = 1590.0; Capability = 7.5; CoresPerCU = 64; DeviceName = "Tesla T4"; DeviceUuid = "097ed6ab-2e6f-8d98-37a3-6ad09a369fc4"; ECCEnabled = true; ComputeUnits = 40; DriverVersion = 13.0; DevicePciBusId = "0000:07:00.0"; GlobalMemoryMb = 14913; MaxSupportedVersion = 13000 ]
	Memory = 61500
...
006 (13790789.000.000) 11/19 13:44:29 Image size of job updated: 179992
	176  -  MemoryUsage of job (MB)
	179992  -  ResidentSetSize of job (KB)
...
006 (13790789.000.000) 11/19 13:49:29 Image size of job updated: 7471684
	7175  -  MemoryUsage of job (MB)
	7346940  -  ResidentSetSize of job (KB)
...
006 (13790789.000.000) 11/19 13:54:30 Image size of job updated: 14007424
	13490  -  MemoryUsage of job (MB)
	13812972  -  ResidentSetSize of job (KB)
...
006 (13790789.000.000) 11/19 13:59:30 Image size of job updated: 20288204
	19813  -  MemoryUsage of job (MB)
	20288204  -  ResidentSetSize of job (KB)
...
006 (13790789.000.000) 11/19 14:04:30 Image size of job updated: 26332168
	25716  -  MemoryUsage of job (MB)
	26332168  -  ResidentSetSize of job (KB)
...
006 (13790789.000.000) 11/19 14:09:31 Image size of job updated: 32488972
	31728  -  MemoryUsage of job (MB)
	32488972  -  ResidentSetSize of job (KB)
...
006 (13790789.000.000) 11/19 14:14:31 Image size of job updated: 38728860
	37822  -  MemoryUsage of job (MB)
	38728860  -  ResidentSetSize of job (KB)
...
006 (13790789.000.000) 11/19 14:19:31 Image size of job updated: 45069628
	44014  -  MemoryUsage of job (MB)
	45069628  -  ResidentSetSize of job (KB)
...
006 (13790789.000.000) 11/19 14:24:32 Image size of job updated: 51300296
	50098  -  MemoryUsage of job (MB)
	51300296  -  ResidentSetSize of job (KB)
...
006 (13790789.000.000) 11/19 14:29:33 Image size of job updated: 57600204
	56251  -  MemoryUsage of job (MB)
	57600204  -  ResidentSetSize of job (KB)
...
006 (13790789.000.000) 11/19 14:34:33 Image size of job updated: 63795296
	62301  -  MemoryUsage of job (MB)
	63795296  -  ResidentSetSize of job (KB)
...
006 (13790789.000.000) 11/19 14:39:34 Image size of job updated: 70281132
	68634  -  MemoryUsage of job (MB)
	70281132  -  ResidentSetSize of job (KB)
...
006 (13790789.000.000) 11/19 14:44:35 Image size of job updated: 76585912
	74791  -  MemoryUsage of job (MB)
	76585912  -  ResidentSetSize of job (KB)
...
006 (13790789.000.000) 11/19 14:49:35 Image size of job updated: 83080972
	81134  -  MemoryUsage of job (MB)
	83080972  -  ResidentSetSize of job (KB)
...
006 (13790789.000.000) 11/19 14:54:36 Image size of job updated: 89310732
	87218  -  MemoryUsage of job (MB)
	89310732  -  ResidentSetSize of job (KB)
...
006 (13790789.000.000) 11/19 14:59:37 Image size of job updated: 95490352
	93194  -  MemoryUsage of job (MB)
	95429828  -  ResidentSetSize of job (KB)
...
006 (13790789.000.000) 11/19 15:04:37 Image size of job updated: 101740760
	99357  -  MemoryUsage of job (MB)
	101740760  -  ResidentSetSize of job (KB)
...
006 (13790789.000.000) 11/19 15:09:38 Image size of job updated: 124291816
	119621  -  MemoryUsage of job (MB)
	122490976  -  ResidentSetSize of job (KB)
...
006 (13790789.000.000) 11/19 15:14:39 Image size of job updated: 124291816
	120414  -  MemoryUsage of job (MB)
	123303360  -  ResidentSetSize of job (KB)
...
006 (13790789.000.000) 11/19 15:19:39 Image size of job updated: 124291816
	120998  -  MemoryUsage of job (MB)
	123901008  -  ResidentSetSize of job (KB)
...
006 (13790789.000.000) 11/19 15:24:40 Image size of job updated: 124291816
	121186  -  MemoryUsage of job (MB)
	124093840  -  ResidentSetSize of job (KB)
...
006 (13790789.000.000) 11/19 15:29:41 Image size of job updated: 124291816
	121186  -  MemoryUsage of job (MB)
	124093992  -  ResidentSetSize of job (KB)
...
006 (13790789.000.000) 11/19 15:34:41 Image size of job updated: 124412660
	121497  -  MemoryUsage of job (MB)
	124412660  -  ResidentSetSize of job (KB)
...
006 (13790789.000.000) 11/19 15:39:42 Image size of job updated: 125046340
	122116  -  MemoryUsage of job (MB)
	125046340  -  ResidentSetSize of job (KB)
...
006 (13790789.000.000) 11/19 15:44:43 Image size of job updated: 125307760
	122116  -  MemoryUsage of job (MB)
	125046340  -  ResidentSetSize of job (KB)
...
021 (13790789.000.000) 11/19 17:23:11 Error from starter on slot1_1@b9g47n6462.cern.ch:
	Job has gone over cgroup memory limit of 61500 megabytes. Last measured usage: 122370 megabytes.  Consider resubmitting with a higher request_memory.
	Code 34 Subcode 0
...
004 (13790789.000.000) 11/19 17:23:46 Job was evicted.
	(0) CPU times
		Usr 0 01:14:50, Sys 0 02:00:56  -  Run Remote Usage
		Usr 0 00:00:00, Sys 0 00:00:00  -  Run Local Usage
	0  -  Run Bytes Sent By Job
	641  -  Run Bytes Received By Job
	Error from slot1_1@b9g47n6462.cern.ch: Job has gone over cgroup memory limit of 61500 megabytes. Last measured usage: 122370 megabytes.  Consider resubmitting with a higher request_memory.
	Partitionable Resources :     Usage  Request Allocated Assigned
	   Cpus                 :      0.92       20        20 
	   Disk (KB)            :     33    15728640  15729675 
	   GPUs                 :      0           1         1 "GPU-097ed6ab"
	   GpusMemory (MB)      :    567                       
	   Memory (MB)          : 122116       61440     61500 
	   TimeSlotBusy (s)     :  13136                       
...
012 (13790789.000.000) 11/19 17:23:56 Job was held.
	Error from slot1_1@b9g47n6462.cern.ch: Job has gone over cgroup memory limit of 61500 megabytes. Last measured usage: 122370 megabytes.  Consider resubmitting with a higher request_memory.
	Code 34 Subcode 0
...
009 (13790789.000.000) 11/19 17:31:00 Job was aborted.
	via condor_rm (by user evilla)
...
