000 (9080837.000.000) 11/18 23:40:07 Job submitted from host: <188.185.8.79:9618?addrs=188.185.8.79-9618+[2001-1458-d00-63--100-23a]-9618&alias=bigbird26.cern.ch&noUDP&sock=schedd_5212_93b3>
...
040 (9080837.000.000) 11/19 05:44:35 Started transferring input files
	Transferring to host: <188.185.92.254:9618?addrs=188.185.92.254-9618+[2001-1458-d00-6c--100-8f]-9618&alias=b9g57n6544.cern.ch&noUDP&sock=slot1_3_21219_7478_8998>
...
040 (9080837.000.000) 11/19 05:44:35 Finished transferring input files
...
001 (9080837.000.000) 11/19 05:44:36 Job executing on host: <188.185.92.254:9618?addrs=188.185.92.254-9618+[2001-1458-d00-6c--100-8f]-9618&alias=b9g57n6544.cern.ch&noUDP&sock=startd_20748_fb11>
	SlotName: slot1_3@b9g57n6544.cern.ch
	AvailableGPUs = { GPUs_GPU_8f5f97a2 }
	CondorScratchDir = "/pool/condor/dir_1657806"
	Cpus = 40
	Disk = 20972923
	GPUs = 1
	GPUs_GPU_8f5f97a2 = [ Id = "GPU-8f5f97a2"; ClockMhz = 1410.0; Capability = 8.0; CoresPerCU = 64; DeviceName = "NVIDIA A100-PCIE-40GB"; DeviceUuid = "8f5f97a2-c8cf-cf5d-bd1a-0a219e343c73"; ECCEnabled = true; ComputeUnits = 108; DriverVersion = 13.0; DevicePciBusId = "0000:09:00.0"; GlobalMemoryMb = 40441; MaxSupportedVersion = 13000 ]
	Memory = 122900
...
006 (9080837.000.000) 11/19 05:44:50 Image size of job updated: 93176
	91  -  MemoryUsage of job (MB)
	93176  -  ResidentSetSize of job (KB)
...
006 (9080837.000.000) 11/19 05:45:17 Image size of job updated: 324652
	92  -  MemoryUsage of job (MB)
	93532  -  ResidentSetSize of job (KB)
...
040 (9080837.000.000) 11/19 05:45:17 Started transferring output files
...
040 (9080837.000.000) 11/19 05:45:17 Finished transferring output files
...
005 (9080837.000.000) 11/19 05:45:18 Job terminated.
	(1) Normal termination (return value 1)
		Usr 0 00:00:06, Sys 0 00:00:09  -  Run Remote Usage
		Usr 0 00:00:00, Sys 0 00:00:00  -  Run Local Usage
		Usr 0 00:00:06, Sys 0 00:00:09  -  Total Remote Usage
		Usr 0 00:00:00, Sys 0 00:00:00  -  Total Local Usage
	9147  -  Run Bytes Sent By Job
	641  -  Run Bytes Received By Job
	9147  -  Total Bytes Sent By Job
	641  -  Total Bytes Received By Job
	Partitionable Resources :    Usage  Request Allocated Assigned
	   Cpus                 :        0       40        40 
	   Disk (KB)            :       34 20971520  20972923 
	   GPUs                 :                 1         1 "GPU-8f5f97a2"
	   Memory (MB)          :       92   122880    122900 
	   TimeExecute (s)      :       41                    
	   TimeSlotBusy (s)     :       43                    

	Job terminated of its own accord at 2025-11-19T04:45:17Z with exit-code 1.
...
