000 (13791723.000.000) 11/20 10:21:47 Job submitted from host: <188.184.90.62:9618?addrs=188.184.90.62-9618+[2001-1458-201-e4--100-238]-9618&alias=bigbird16.cern.ch&noUDP&sock=schedd_5196_9a2f>
...
040 (13791723.000.000) 11/20 10:31:15 Started transferring input files
	Transferring to host: <188.185.238.10:9618?addrs=188.185.238.10-9618+[2001-1458-303-28--100-6]-9618&alias=b9pgpun002.cern.ch&noUDP&sock=slot1_4_1939520_0c0f_1989>
...
040 (13791723.000.000) 11/20 10:31:15 Finished transferring input files
...
001 (13791723.000.000) 11/20 10:31:16 Job executing on host: <188.185.238.10:9618?addrs=188.185.238.10-9618+[2001-1458-303-28--100-6]-9618&alias=b9pgpun002.cern.ch&noUDP&sock=startd_1939478_2ae8>
	SlotName: slot1_4@b9pgpun002.cern.ch
	AvailableGPUs = { GPUs_GPU_a111cc3f }
	CondorScratchDir = "/pool/condor/dir_2749363"
	Cpus = 34
	Disk = 15734841
	GPUs = 1
	GPUs_GPU_a111cc3f = [ Id = "GPU-a111cc3f"; ClockMhz = 1785.0; Capability = 9.0; CoresPerCU = 128; DeviceName = "NVIDIA H100 NVL"; DeviceUuid = "a111cc3f-b0ac-64c9-aeec-748e3fd5b066"; ECCEnabled = true; ComputeUnits = 132; DriverVersion = 13.0; DevicePciBusId = "0000:AE:00.0"; GlobalMemoryMb = 95320; MaxSupportedVersion = 13000 ]
	Memory = 102000
...
006 (13791723.000.000) 11/20 10:31:30 Image size of job updated: 167300
	164  -  MemoryUsage of job (MB)
	167300  -  ResidentSetSize of job (KB)
...
006 (13791723.000.000) 11/20 10:36:31 Image size of job updated: 11103564
	10844  -  MemoryUsage of job (MB)
	11103564  -  ResidentSetSize of job (KB)
...
006 (13791723.000.000) 11/20 10:41:32 Image size of job updated: 20189940
	19717  -  MemoryUsage of job (MB)
	20189940  -  ResidentSetSize of job (KB)
...
006 (13791723.000.000) 11/20 10:46:32 Image size of job updated: 28551420
	27883  -  MemoryUsage of job (MB)
	28551420  -  ResidentSetSize of job (KB)
...
006 (13791723.000.000) 11/20 10:51:33 Image size of job updated: 36513848
	35659  -  MemoryUsage of job (MB)
	36513848  -  ResidentSetSize of job (KB)
...
006 (13791723.000.000) 11/20 10:56:34 Image size of job updated: 42649932
	35659  -  MemoryUsage of job (MB)
	36513848  -  ResidentSetSize of job (KB)
...
006 (13791723.000.000) 11/20 11:01:34 Image size of job updated: 42886688
	41882  -  MemoryUsage of job (MB)
	42886688  -  ResidentSetSize of job (KB)
...
006 (13791723.000.000) 11/20 11:06:35 Image size of job updated: 46273220
	41882  -  MemoryUsage of job (MB)
	42886688  -  ResidentSetSize of job (KB)
...
006 (13791723.000.000) 11/20 11:26:37 Image size of job updated: 46273220
	43988  -  MemoryUsage of job (MB)
	45043688  -  ResidentSetSize of job (KB)
...
006 (13791723.000.000) 11/20 11:31:37 Image size of job updated: 51688984
	50478  -  MemoryUsage of job (MB)
	51688984  -  ResidentSetSize of job (KB)
...
006 (13791723.000.000) 11/20 11:36:38 Image size of job updated: 72913368
	71205  -  MemoryUsage of job (MB)
	72913368  -  ResidentSetSize of job (KB)
...
006 (13791723.000.000) 11/20 11:41:38 Image size of job updated: 123013484
	111215  -  MemoryUsage of job (MB)
	113883760  -  ResidentSetSize of job (KB)
...
006 (13791723.000.000) 11/20 11:46:38 Image size of job updated: 153295688
	145759  -  MemoryUsage of job (MB)
	149256284  -  ResidentSetSize of job (KB)
...
006 (13791723.000.000) 11/20 11:51:39 Image size of job updated: 168311008
	156417  -  MemoryUsage of job (MB)
	160170460  -  ResidentSetSize of job (KB)
...
006 (13791723.000.000) 11/20 11:56:39 Image size of job updated: 169379224
	156417  -  MemoryUsage of job (MB)
	160170816  -  ResidentSetSize of job (KB)
...
006 (13791723.000.000) 11/20 12:06:40 Image size of job updated: 177135488
	156417  -  MemoryUsage of job (MB)
	160170816  -  ResidentSetSize of job (KB)
...
006 (13791723.000.000) 11/20 14:56:56 Image size of job updated: 177135488
	172376  -  MemoryUsage of job (MB)
	176512364  -  ResidentSetSize of job (KB)
...
006 (13791723.000.000) 11/20 15:01:57 Image size of job updated: 192961184
	188439  -  MemoryUsage of job (MB)
	192961184  -  ResidentSetSize of job (KB)
...
006 (13791723.000.000) 11/20 15:06:57 Image size of job updated: 206515016
	195153  -  MemoryUsage of job (MB)
	199835992  -  ResidentSetSize of job (KB)
...
006 (13791723.000.000) 11/20 15:11:58 Image size of job updated: 207169604
	202303  -  MemoryUsage of job (MB)
	207157692  -  ResidentSetSize of job (KB)
...
006 (13791723.000.000) 11/20 15:13:00 Image size of job updated: 207177152
	202303  -  MemoryUsage of job (MB)
	207157692  -  ResidentSetSize of job (KB)
...
021 (13791723.000.000) 11/20 15:13:00 Error from starter on slot1_4@b9pgpun002.cern.ch:
	Job has gone over cgroup memory limit of 102000 megabytes. Last measured usage: 202321 megabytes.  Consider resubmitting with a higher request_memory.
	Code 34 Subcode 0
...
004 (13791723.000.000) 11/20 15:13:00 Job was evicted.
	(0) CPU times
		Usr 1 17:29:32, Sys 0 01:46:13  -  Run Remote Usage
		Usr 0 00:00:00, Sys 0 00:00:00  -  Run Local Usage
	0  -  Run Bytes Sent By Job
	646  -  Run Bytes Received By Job
	Error from slot1_4@b9pgpun002.cern.ch: Job has gone over cgroup memory limit of 102000 megabytes. Last measured usage: 202321 megabytes.  Consider resubmitting with a higher request_memory.
	Partitionable Resources :     Usage  Request Allocated Assigned
	   Cpus                 :      0.42       34        34 
	   Disk (KB)            :   5070    15728640  15734841 
	   GPUs                 :      0           1         1 "GPU-a111cc3f"
	   GpusMemory (MB)      :    514                       
	   Memory (MB)          : 202303      102000    102000 
	   TimeSlotBusy (s)     :  16905                       
...
012 (13791723.000.000) 11/20 15:13:01 Job was held.
	Error from slot1_4@b9pgpun002.cern.ch: Job has gone over cgroup memory limit of 102000 megabytes. Last measured usage: 202321 megabytes.  Consider resubmitting with a higher request_memory.
	Code 34 Subcode 0
...
009 (13791723.000.000) 11/20 16:19:06 Job was aborted.
	via condor_rm (by user evilla)
...
