000 (13791050.000.000) 11/19 17:11:13 Job submitted from host: <188.184.90.62:9618?addrs=188.184.90.62-9618+[2001-1458-201-e4--100-238]-9618&alias=bigbird16.cern.ch&noUDP&sock=schedd_5196_9a2f>
...
040 (13791050.000.000) 11/19 17:11:45 Started transferring input files
	Transferring to host: <188.185.190.47:9618?addrs=188.185.190.47-9618+[2001-1458-d03-b--100-171]-9618&alias=b9pgpun038.cern.ch&noUDP&sock=slot1_1_242425_17db_6782>
...
040 (13791050.000.000) 11/19 17:11:45 Finished transferring input files
...
001 (13791050.000.000) 11/19 17:11:46 Job executing on host: <188.185.190.47:9618?addrs=188.185.190.47-9618+[2001-1458-d03-b--100-171]-9618&alias=b9pgpun038.cern.ch&noUDP&sock=startd_233249_fddd>
	SlotName: slot1_1@b9pgpun038.cern.ch
	AvailableGPUs = { GPUs_OCL0 }
	CondorScratchDir = "/pool/condor/dir_2400762"
	Cpus = 14
	Disk = 15728828
	GPUs = 1
	GPUs_OCL0 = [ Id = "OCL0"; ClockMhz = 1785; DeviceName = "NVIDIA H100L-2-24C MIG 2g.24gb"; ECCEnabled = true; ComputeUnits = 32; OpenCLVersion = 3.0; GlobalMemoryMb = 24363 ]
	Memory = 42000
...
006 (13791050.000.000) 11/19 17:12:00 Image size of job updated: 81380
	80  -  MemoryUsage of job (MB)
	81380  -  ResidentSetSize of job (KB)
...
006 (13791050.000.000) 11/19 17:17:01 Image size of job updated: 5006248
	4882  -  MemoryUsage of job (MB)
	4998556  -  ResidentSetSize of job (KB)
...
006 (13791050.000.000) 11/19 17:22:01 Image size of job updated: 8070400
	4897  -  MemoryUsage of job (MB)
	5013692  -  ResidentSetSize of job (KB)
...
006 (13791050.000.000) 11/19 17:27:01 Image size of job updated: 8070400
	4909  -  MemoryUsage of job (MB)
	5026240  -  ResidentSetSize of job (KB)
...
006 (13791050.000.000) 11/19 17:32:02 Image size of job updated: 8070400
	4920  -  MemoryUsage of job (MB)
	5037976  -  ResidentSetSize of job (KB)
...
006 (13791050.000.000) 11/19 17:37:03 Image size of job updated: 8070400
	4937  -  MemoryUsage of job (MB)
	5054876  -  ResidentSetSize of job (KB)
...
040 (13791050.000.000) 11/19 17:37:22 Started transferring output files
...
040 (13791050.000.000) 11/19 17:37:22 Finished transferring output files
...
005 (13791050.000.000) 11/19 17:37:23 Job terminated.
	(1) Normal termination (return value 0)
		Usr 0 01:47:38, Sys 0 00:26:27  -  Run Remote Usage
		Usr 0 00:00:00, Sys 0 00:00:00  -  Run Local Usage
		Usr 0 01:47:38, Sys 0 00:26:27  -  Total Remote Usage
		Usr 0 00:00:00, Sys 0 00:00:00  -  Total Local Usage
	3319415  -  Run Bytes Sent By Job
	783  -  Run Bytes Received By Job
	3319415  -  Total Bytes Sent By Job
	783  -  Total Bytes Received By Job
	Partitionable Resources :    Usage  Request Allocated Assigned
	   Cpus                 :     0.10       14        14 
	   Disk (KB)            :  3269    15728640  15728828 
	   GPUs                 :                 1         1 "OCL0"
	   Memory (MB)          :  4937       42000     42000 
	   TimeExecute (s)      :  1536                       
	   TimeSlotBusy (s)     :  1539                       

	Job terminated of its own accord at 2025-11-19T16:37:22Z with exit-code 0.
...
