000 (8781246.000.000) 11/19 22:08:05 Job submitted from host: <188.185.6.50:9618?addrs=188.185.6.50-9618+[2001-1458-d00-62--100-2b1]-9618&alias=bigbird25.cern.ch&noUDP&sock=schedd_1627_90ad>
...
040 (8781246.000.000) 11/19 22:08:58 Started transferring input files
	Transferring to host: <188.184.195.226:9618?addrs=188.184.195.226-9618+[2001-1458-301-72--100-208]-9618&alias=b9g47n4984.cern.ch&noUDP&sock=slot1_1_258043_6316_358>
...
040 (8781246.000.000) 11/19 22:08:58 Finished transferring input files
...
001 (8781246.000.000) 11/19 22:08:59 Job executing on host: <188.184.195.226:9618?addrs=188.184.195.226-9618+[2001-1458-301-72--100-208]-9618&alias=b9g47n4984.cern.ch&noUDP&sock=startd_5603_c53b>
	SlotName: slot1_1@b9g47n4984.cern.ch
	AvailableGPUs = { GPUs_GPU_8ce30a61 }
	CondorScratchDir = "/pool/condor/dir_1080348"
	Cpus = 27
	Disk = 15729693
	GPUs = 1
	GPUs_GPU_8ce30a61 = [ Id = "GPU-8ce30a61"; ClockMhz = 1590.0; Capability = 7.5; CoresPerCU = 64; DeviceName = "Tesla T4"; DeviceUuid = "8ce30a61-1c4d-d3ee-3956-d018ef656c0a"; ECCEnabled = true; ComputeUnits = 40; DriverVersion = 13.0; DevicePciBusId = "0000:07:00.0"; GlobalMemoryMb = 14913; MaxSupportedVersion = 13000 ]
	Memory = 81000
...
006 (8781246.000.000) 11/19 22:09:13 Image size of job updated: 1492
	2  -  MemoryUsage of job (MB)
	1492  -  ResidentSetSize of job (KB)
...
006 (8781246.000.000) 11/19 22:14:14 Image size of job updated: 2606156
	2170  -  MemoryUsage of job (MB)
	2221168  -  ResidentSetSize of job (KB)
...
006 (8781246.000.000) 11/19 22:19:14 Image size of job updated: 4138568
	4035  -  MemoryUsage of job (MB)
	4131384  -  ResidentSetSize of job (KB)
...
006 (8781246.000.000) 11/19 22:24:15 Image size of job updated: 5608612
	5478  -  MemoryUsage of job (MB)
	5608612  -  ResidentSetSize of job (KB)
...
006 (8781246.000.000) 11/19 22:29:16 Image size of job updated: 21959644
	21445  -  MemoryUsage of job (MB)
	21959644  -  ResidentSetSize of job (KB)
...
006 (8781246.000.000) 11/19 22:34:16 Image size of job updated: 22103992
	21586  -  MemoryUsage of job (MB)
	22103992  -  ResidentSetSize of job (KB)
...
006 (8781246.000.000) 11/19 22:39:17 Image size of job updated: 22116504
	21597  -  MemoryUsage of job (MB)
	22114456  -  ResidentSetSize of job (KB)
...
006 (8781246.000.000) 11/19 22:44:18 Image size of job updated: 22127280
	21609  -  MemoryUsage of job (MB)
	22127280  -  ResidentSetSize of job (KB)
...
006 (8781246.000.000) 11/19 22:49:18 Image size of job updated: 22217000
	21695  -  MemoryUsage of job (MB)
	22214924  -  ResidentSetSize of job (KB)
...
006 (8781246.000.000) 11/19 22:54:19 Image size of job updated: 22224620
	21702  -  MemoryUsage of job (MB)
	22222820  -  ResidentSetSize of job (KB)
...
006 (8781246.000.000) 11/19 22:56:08 Image size of job updated: 22382604
	21702  -  MemoryUsage of job (MB)
	22222820  -  ResidentSetSize of job (KB)
...
040 (8781246.000.000) 11/19 22:56:08 Started transferring output files
...
040 (8781246.000.000) 11/19 22:56:08 Finished transferring output files
...
005 (8781246.000.000) 11/19 22:56:08 Job terminated.
	(1) Normal termination (return value 0)
		Usr 0 09:55:47, Sys 0 00:14:21  -  Run Remote Usage
		Usr 0 00:00:00, Sys 0 00:00:00  -  Run Local Usage
		Usr 0 09:55:47, Sys 0 00:14:21  -  Total Remote Usage
		Usr 0 00:00:00, Sys 0 00:00:00  -  Total Local Usage
	1050990  -  Run Bytes Sent By Job
	278  -  Run Bytes Received By Job
	1050990  -  Total Bytes Sent By Job
	278  -  Total Bytes Received By Job
	Partitionable Resources :    Usage  Request Allocated Assigned
	   Cpus                 :    20.29       27        27 
	   Disk (KB)            :  1051    15728640  15729693 
	   GPUs                 :     0           1         1 "GPU-8ce30a61"
	   GpusMemory (MB)      :   451                       
	   Memory (MB)          : 21702       81000     81000 
	   TimeExecute (s)      :  2829                       
	   TimeSlotBusy (s)     :  2830                       

	Job terminated of its own accord at 2025-11-19T21:56:08Z with exit-code 0.
...
