==========================================
CT v73 - Cluster Images Training
==========================================
Start time: Wed Nov 19 05:55:59 PM CET 2025
Host: b9pgpun206.cern.ch
Working directory: /pool/condor/dir_1693289

Python: /cvmfs/sft.cern.ch/lcg/views/LCG_105/x86_64-el9-gcc13-opt/bin/python3
Python version: Python 3.9.12

Starting training...

======================================================================
CHANNEL TAGGING - CLUSTER IMAGES WITH BATCH RELOAD
Model: ct_cluster_v73_batch_reload
======================================================================

Output folder: /eos/user/e/evilla/dune/sn-tps/neural_networks/channel_tagging/ct_cluster_v73_batch_reload_20251119_175619

Loading initial batch...

Loading cluster batch for plane X (seed=42)...
Maximum 50000 samples per class
Found 4040 ES files, 4349 CC files
  Loaded 50000 ES samples...
  Loaded 50000 CC samples...
Total loaded: 50000 ES samples, 50000 CC samples
Final batch shape: (100000, 128, 32, 1), labels: (100000,)
Split: train=70000, val=15000, test=15000

Image shape: (128, 32, 1)

Building model...

Training finished: Wed Nov 19 05:56:56 PM CET 2025
==========================================
