000 (13791102.000.000) 11/19 18:07:26 Job submitted from host: <188.184.90.62:9618?addrs=188.184.90.62-9618+[2001-1458-201-e4--100-238]-9618&alias=bigbird16.cern.ch&noUDP&sock=schedd_5196_9a2f>
...
040 (13791102.000.000) 11/19 18:07:58 Started transferring input files
	Transferring to host: <188.185.190.99:9618?addrs=188.185.190.99-9618+[2001-1458-d03-b--100-8c]-9618&alias=b9pgpun030.cern.ch&noUDP&sock=slot1_1_257793_3d4c_6699>
...
040 (13791102.000.000) 11/19 18:07:58 Finished transferring input files
...
001 (13791102.000.000) 11/19 18:07:59 Job executing on host: <188.185.190.99:9618?addrs=188.185.190.99-9618+[2001-1458-d03-b--100-8c]-9618&alias=b9pgpun030.cern.ch&noUDP&sock=startd_253307_1c7e>
	SlotName: slot1_1@b9pgpun030.cern.ch
	AvailableGPUs = { GPUs_MIG_d4ac3753_c76f_51f7_81a7_569b1bfcb6e0 }
	CondorScratchDir = "/pool/condor/dir_2991747"
	Cpus = 14
	Disk = 15729676
	GPUs = 1
	GPUs_MIG_d4ac3753_c76f_51f7_81a7_569b1bfcb6e0 = [ Id = "MIG-d4ac3753-c76f-51f7-81a7-569b1bfcb6e0"; DeviceName = "NVIDIA H100L-2-24C MIG 2g.24gb"; DeviceUuid = "MIG-d4ac3753-c76f-51f7-81a7-569b1bfcb6e0"; ComputeUnits = 32; GlobalMemoryMb = 21547 ]
	Memory = 42000
...
006 (13791102.000.000) 11/19 18:08:13 Image size of job updated: 244896
	240  -  MemoryUsage of job (MB)
	244896  -  ResidentSetSize of job (KB)
...
006 (13791102.000.000) 11/19 18:13:15 Image size of job updated: 5098872
	4980  -  MemoryUsage of job (MB)
	5098872  -  ResidentSetSize of job (KB)
...
006 (13791102.000.000) 11/19 18:18:15 Image size of job updated: 5187568
	4993  -  MemoryUsage of job (MB)
	5112792  -  ResidentSetSize of job (KB)
...
006 (13791102.000.000) 11/19 18:23:15 Image size of job updated: 5187568
	5007  -  MemoryUsage of job (MB)
	5127076  -  ResidentSetSize of job (KB)
...
006 (13791102.000.000) 11/19 18:28:16 Image size of job updated: 5187568
	5020  -  MemoryUsage of job (MB)
	5139584  -  ResidentSetSize of job (KB)
...
006 (13791102.000.000) 11/19 18:33:17 Image size of job updated: 5187568
	5027  -  MemoryUsage of job (MB)
	5146632  -  ResidentSetSize of job (KB)
...
006 (13791102.000.000) 11/19 18:38:17 Image size of job updated: 5205396
	5031  -  MemoryUsage of job (MB)
	5150972  -  ResidentSetSize of job (KB)
...
006 (13791102.000.000) 11/19 18:43:18 Image size of job updated: 5205396
	5035  -  MemoryUsage of job (MB)
	5155568  -  ResidentSetSize of job (KB)
...
006 (13791102.000.000) 11/19 18:48:19 Image size of job updated: 6527352
	5040  -  MemoryUsage of job (MB)
	5160076  -  ResidentSetSize of job (KB)
...
006 (13791102.000.000) 11/19 18:53:19 Image size of job updated: 6527352
	5045  -  MemoryUsage of job (MB)
	5165340  -  ResidentSetSize of job (KB)
...
006 (13791102.000.000) 11/19 18:58:19 Image size of job updated: 6527352
	5050  -  MemoryUsage of job (MB)
	5170552  -  ResidentSetSize of job (KB)
...
040 (13791102.000.000) 11/19 19:03:10 Started transferring output files
...
040 (13791102.000.000) 11/19 19:03:10 Finished transferring output files
...
005 (13791102.000.000) 11/19 19:03:10 Job terminated.
	(1) Normal termination (return value 0)
		Usr 0 05:06:24, Sys 0 00:56:10  -  Run Remote Usage
		Usr 0 00:00:00, Sys 0 00:00:00  -  Run Local Usage
		Usr 0 05:06:24, Sys 0 00:56:10  -  Total Remote Usage
		Usr 0 00:00:00, Sys 0 00:00:00  -  Total Local Usage
	7558136  -  Run Bytes Sent By Job
	783  -  Run Bytes Received By Job
	7558136  -  Total Bytes Sent By Job
	783  -  Total Bytes Received By Job
	Partitionable Resources :    Usage  Request Allocated Assigned
	   Cpus                 :     7.56       14        14 
	   Disk (KB)            :  7409    15728640  15729676 
	   GPUs                 :                 1         1 "MIG-d4ac3753-c76f-51f7-81a7-569b1bfcb6e0"
	   Memory (MB)          :  5050       42000     42000 
	   TimeExecute (s)      :  3311                       
	   TimeSlotBusy (s)     :  3313                       

	Job terminated of its own accord at 2025-11-19T18:03:10Z with exit-code 0.
...
