000 (6417207.000.000) 11/20 16:20:22 Job submitted from host: <188.185.125.71:9618?addrs=188.185.125.71-9618+[2001-1458-d00-4a--100-15e]-9618&alias=bigbird28.cern.ch&noUDP&sock=schedd_2239_58a3>
...
040 (6417207.000.000) 11/20 16:56:19 Started transferring input files
	Transferring to host: <188.185.238.10:9618?addrs=188.185.238.10-9618+[2001-1458-303-28--100-6]-9618&alias=b9pgpun002.cern.ch&noUDP&sock=slot1_1_1939520_0c0f_2233>
...
040 (6417207.000.000) 11/20 16:56:19 Finished transferring input files
...
001 (6417207.000.000) 11/20 16:56:20 Job executing on host: <188.185.238.10:9618?addrs=188.185.238.10-9618+[2001-1458-303-28--100-6]-9618&alias=b9pgpun002.cern.ch&noUDP&sock=startd_1939478_2ae8>
	SlotName: slot1_1@b9pgpun002.cern.ch
	AvailableGPUs = { GPUs_GPU_1164dceb }
	CondorScratchDir = "/pool/condor/dir_2825735"
	Cpus = 34
	Disk = 15734840
	GPUs = 1
	GPUs_GPU_1164dceb = [ Id = "GPU-1164dceb"; ClockMhz = 1785.0; Capability = 9.0; CoresPerCU = 128; DeviceName = "NVIDIA H100 NVL"; DeviceUuid = "1164dceb-fef9-9731-e6b7-4c427dea8cb4"; ECCEnabled = true; ComputeUnits = 132; DriverVersion = 13.0; DevicePciBusId = "0000:3A:00.0"; GlobalMemoryMb = 95320; MaxSupportedVersion = 13000 ]
	Memory = 102000
...
006 (6417207.000.000) 11/20 16:56:34 Image size of job updated: 200548
	196  -  MemoryUsage of job (MB)
	200548  -  ResidentSetSize of job (KB)
...
006 (6417207.000.000) 11/20 17:01:35 Image size of job updated: 8972060
	8762  -  MemoryUsage of job (MB)
	8972060  -  ResidentSetSize of job (KB)
...
006 (6417207.000.000) 11/20 17:06:36 Image size of job updated: 16923268
	16527  -  MemoryUsage of job (MB)
	16923268  -  ResidentSetSize of job (KB)
...
006 (6417207.000.000) 11/20 17:11:36 Image size of job updated: 61302784
	40141  -  MemoryUsage of job (MB)
	41103488  -  ResidentSetSize of job (KB)
...
006 (6417207.000.000) 11/20 17:16:37 Image size of job updated: 61302784
	43097  -  MemoryUsage of job (MB)
	44130972  -  ResidentSetSize of job (KB)
...
006 (6417207.000.000) 11/20 17:21:37 Image size of job updated: 61302784
	43266  -  MemoryUsage of job (MB)
	44303484  -  ResidentSetSize of job (KB)
...
006 (6417207.000.000) 11/20 17:31:38 Image size of job updated: 61302784
	49964  -  MemoryUsage of job (MB)
	51162908  -  ResidentSetSize of job (KB)
...
006 (6417207.000.000) 11/20 17:36:38 Image size of job updated: 61302784
	57192  -  MemoryUsage of job (MB)
	58563952  -  ResidentSetSize of job (KB)
...
006 (6417207.000.000) 11/20 17:41:39 Image size of job updated: 65261612
	63733  -  MemoryUsage of job (MB)
	65261612  -  ResidentSetSize of job (KB)
...
006 (6417207.000.000) 11/20 17:46:40 Image size of job updated: 102619124
	63733  -  MemoryUsage of job (MB)
	65261612  -  ResidentSetSize of job (KB)
...
006 (6417207.000.000) 11/20 18:11:42 Image size of job updated: 102619124
	67076  -  MemoryUsage of job (MB)
	68684936  -  ResidentSetSize of job (KB)
...
006 (6417207.000.000) 11/20 18:16:43 Image size of job updated: 102619124
	71632  -  MemoryUsage of job (MB)
	73350392  -  ResidentSetSize of job (KB)
...
006 (6417207.000.000) 11/20 18:21:44 Image size of job updated: 113652392
	71632  -  MemoryUsage of job (MB)
	73350392  -  ResidentSetSize of job (KB)
...
006 (6417207.000.000) 11/20 18:46:47 Image size of job updated: 113652392
	72360  -  MemoryUsage of job (MB)
	74095780  -  ResidentSetSize of job (KB)
...
006 (6417207.000.000) 11/20 18:51:47 Image size of job updated: 113652392
	72382  -  MemoryUsage of job (MB)
	74118308  -  ResidentSetSize of job (KB)
...
006 (6417207.000.000) 11/20 21:07:02 Image size of job updated: 113652392
	84090  -  MemoryUsage of job (MB)
	86108008  -  ResidentSetSize of job (KB)
...
006 (6417207.000.000) 11/20 21:12:02 Image size of job updated: 113652392
	84106  -  MemoryUsage of job (MB)
	86124392  -  ResidentSetSize of job (KB)
...
006 (6417207.000.000) 11/21 02:52:36 Image size of job updated: 113652392
	95207  -  MemoryUsage of job (MB)
	97491636  -  ResidentSetSize of job (KB)
...
006 (6417207.000.000) 11/21 02:57:36 Image size of job updated: 113652392
	95214  -  MemoryUsage of job (MB)
	97498184  -  ResidentSetSize of job (KB)
...
040 (6417207.000.000) 11/21 04:19:27 Started transferring output files
...
040 (6417207.000.000) 11/21 04:19:27 Finished transferring output files
...
005 (6417207.000.000) 11/21 04:19:27 Job terminated.
	(1) Normal termination (return value 0)
		Usr 6 18:55:04, Sys 0 06:07:18  -  Run Remote Usage
		Usr 0 00:00:00, Sys 0 00:00:00  -  Run Local Usage
		Usr 6 18:55:04, Sys 0 06:07:18  -  Total Remote Usage
		Usr 0 00:00:00, Sys 0 00:00:00  -  Total Local Usage
	20193940  -  Run Bytes Sent By Job
	646  -  Run Bytes Received By Job
	20193940  -  Total Bytes Sent By Job
	646  -  Total Bytes Received By Job
	Partitionable Resources :    Usage  Request Allocated Assigned
	   Cpus                 :     0.85       34        34 
	   Disk (KB)            : 19746    15728640  15734840 
	   GPUs                 :     0           1         1 "GPU-1164dceb"
	   GpusMemory (MB)      :   514                       
	   Memory (MB)          : 95214      102000    102000 
	   TimeExecute (s)      : 40987                       
	   TimeSlotBusy (s)     : 40988                       

	Job terminated of its own accord at 2025-11-21T03:19:27Z with exit-code 0.
...
