000 (8780227.000.000) 11/19 21:32:50 Job submitted from host: <188.185.6.50:9618?addrs=188.185.6.50-9618+[2001-1458-d00-62--100-2b1]-9618&alias=bigbird25.cern.ch&noUDP&sock=schedd_1627_90ad>
...
040 (8780227.000.000) 11/19 21:33:42 Started transferring input files
	Transferring to host: <188.185.92.254:9618?addrs=188.185.92.254-9618+[2001-1458-d00-6c--100-8f]-9618&alias=b9g57n6544.cern.ch&noUDP&sock=slot1_3_21219_7478_9468>
...
040 (8780227.000.000) 11/19 21:33:42 Finished transferring input files
...
001 (8780227.000.000) 11/19 21:33:43 Job executing on host: <188.185.92.254:9618?addrs=188.185.92.254-9618+[2001-1458-d00-6c--100-8f]-9618&alias=b9g57n6544.cern.ch&noUDP&sock=startd_20748_fb11>
	SlotName: slot1_3@b9g57n6544.cern.ch
	AvailableGPUs = { GPUs_GPU_8f5f97a2 }
	CondorScratchDir = "/pool/condor/dir_2738260"
	Cpus = 10
	Disk = 10487183
	GPUs = 1
	GPUs_GPU_8f5f97a2 = [ Id = "GPU-8f5f97a2"; ClockMhz = 1410.0; Capability = 8.0; CoresPerCU = 64; DeviceName = "NVIDIA A100-PCIE-40GB"; DeviceUuid = "8f5f97a2-c8cf-cf5d-bd1a-0a219e343c73"; ECCEnabled = true; ComputeUnits = 108; DriverVersion = 13.0; DevicePciBusId = "0000:09:00.0"; GlobalMemoryMb = 40441; MaxSupportedVersion = 13000 ]
	Memory = 30800
...
006 (8780227.000.000) 11/19 21:33:56 Image size of job updated: 77236
	76  -  MemoryUsage of job (MB)
	77236  -  ResidentSetSize of job (KB)
...
006 (8780227.000.000) 11/19 21:38:56 Image size of job updated: 2638352
	2484  -  MemoryUsage of job (MB)
	2543324  -  ResidentSetSize of job (KB)
...
006 (8780227.000.000) 11/19 21:43:57 Image size of job updated: 3931168
	3784  -  MemoryUsage of job (MB)
	3874120  -  ResidentSetSize of job (KB)
...
006 (8780227.000.000) 11/19 21:48:57 Image size of job updated: 5214320
	5038  -  MemoryUsage of job (MB)
	5158464  -  ResidentSetSize of job (KB)
...
006 (8780227.000.000) 11/19 21:53:57 Image size of job updated: 6493064
	6341  -  MemoryUsage of job (MB)
	6492408  -  ResidentSetSize of job (KB)
...
006 (8780227.000.000) 11/19 21:58:58 Image size of job updated: 20622220
	20139  -  MemoryUsage of job (MB)
	20622220  -  ResidentSetSize of job (KB)
...
006 (8780227.000.000) 11/19 22:03:58 Image size of job updated: 21749228
	20703  -  MemoryUsage of job (MB)
	21199140  -  ResidentSetSize of job (KB)
...
006 (8780227.000.000) 11/19 22:08:58 Image size of job updated: 23252828
	22694  -  MemoryUsage of job (MB)
	23237708  -  ResidentSetSize of job (KB)
...
006 (8780227.000.000) 11/19 22:13:59 Image size of job updated: 24119304
	23546  -  MemoryUsage of job (MB)
	24110464  -  ResidentSetSize of job (KB)
...
006 (8780227.000.000) 11/19 22:18:59 Image size of job updated: 24539040
	23546  -  MemoryUsage of job (MB)
	24110464  -  ResidentSetSize of job (KB)
...
006 (8780227.000.000) 11/19 22:24:00 Image size of job updated: 24925204
	24032  -  MemoryUsage of job (MB)
	24608600  -  ResidentSetSize of job (KB)
...
006 (8780227.000.000) 11/19 22:29:00 Image size of job updated: 25610196
	24773  -  MemoryUsage of job (MB)
	25367424  -  ResidentSetSize of job (KB)
...
006 (8780227.000.000) 11/19 22:34:01 Image size of job updated: 25950320
	24773  -  MemoryUsage of job (MB)
	25367424  -  ResidentSetSize of job (KB)
...
006 (8780227.000.000) 11/19 22:39:02 Image size of job updated: 27150860
	26053  -  MemoryUsage of job (MB)
	26677968  -  ResidentSetSize of job (KB)
...
006 (8780227.000.000) 11/19 22:44:02 Image size of job updated: 27772768
	26919  -  MemoryUsage of job (MB)
	27564896  -  ResidentSetSize of job (KB)
...
006 (8780227.000.000) 11/19 22:49:03 Image size of job updated: 28127540
	26919  -  MemoryUsage of job (MB)
	27564896  -  ResidentSetSize of job (KB)
...
006 (8780227.000.000) 11/19 22:59:04 Image size of job updated: 28349504
	27151  -  MemoryUsage of job (MB)
	27801948  -  ResidentSetSize of job (KB)
...
006 (8780227.000.000) 11/19 23:04:05 Image size of job updated: 28399528
	27313  -  MemoryUsage of job (MB)
	27967576  -  ResidentSetSize of job (KB)
...
006 (8780227.000.000) 11/19 23:09:05 Image size of job updated: 28859152
	28183  -  MemoryUsage of job (MB)
	28859152  -  ResidentSetSize of job (KB)
...
006 (8780227.000.000) 11/19 23:14:06 Image size of job updated: 29175600
	28252  -  MemoryUsage of job (MB)
	28929940  -  ResidentSetSize of job (KB)
...
006 (8780227.000.000) 11/19 23:19:06 Image size of job updated: 29284280
	28252  -  MemoryUsage of job (MB)
	28929940  -  ResidentSetSize of job (KB)
...
006 (8780227.000.000) 11/19 23:24:08 Image size of job updated: 29722548
	28252  -  MemoryUsage of job (MB)
	28929940  -  ResidentSetSize of job (KB)
...
006 (8780227.000.000) 11/19 23:29:08 Image size of job updated: 29722548
	28401  -  MemoryUsage of job (MB)
	29082476  -  ResidentSetSize of job (KB)
...
006 (8780227.000.000) 11/19 23:34:08 Image size of job updated: 29740496
	28879  -  MemoryUsage of job (MB)
	29571200  -  ResidentSetSize of job (KB)
...
006 (8780227.000.000) 11/19 23:39:09 Image size of job updated: 30227880
	28896  -  MemoryUsage of job (MB)
	29588980  -  ResidentSetSize of job (KB)
...
006 (8780227.000.000) 11/19 23:49:10 Image size of job updated: 30227880
	28932  -  MemoryUsage of job (MB)
	29625860  -  ResidentSetSize of job (KB)
...
006 (8780227.000.000) 11/19 23:59:11 Image size of job updated: 30246232
	29168  -  MemoryUsage of job (MB)
	29868004  -  ResidentSetSize of job (KB)
...
040 (8780227.000.000) 11/20 00:02:28 Started transferring output files
...
040 (8780227.000.000) 11/20 00:02:28 Finished transferring output files
...
005 (8780227.000.000) 11/20 00:02:28 Job terminated.
	(1) Normal termination (return value 1)
		Usr 1 06:34:55, Sys 0 13:01:14  -  Run Remote Usage
		Usr 0 00:00:00, Sys 0 00:00:00  -  Run Local Usage
		Usr 1 06:34:55, Sys 0 13:01:14  -  Total Remote Usage
		Usr 0 00:00:00, Sys 0 00:00:00  -  Total Local Usage
	1730881  -  Run Bytes Sent By Job
	652  -  Run Bytes Received By Job
	1730881  -  Total Bytes Sent By Job
	652  -  Total Bytes Received By Job
	Partitionable Resources :    Usage  Request Allocated Assigned
	   Cpus                 :    21.85       10        10 
	   Disk (KB)            :  1716    10485760  10487183 
	   GPUs                 :     0           1         1 "GPU-8f5f97a2"
	   GpusMemory (MB)      :   596                       
	   Memory (MB)          : 29168       30720     30800 
	   TimeExecute (s)      :  8925                       
	   TimeSlotBusy (s)     :  8926                       

	Job terminated of its own accord at 2025-11-19T23:02:28Z with exit-code 1.
...
