000 (13789441.000.000) 11/19 08:25:45 Job submitted from host: <188.184.90.62:9618?addrs=188.184.90.62-9618+[2001-1458-201-e4--100-238]-9618&alias=bigbird16.cern.ch&noUDP&sock=schedd_5196_9a2f>
...
040 (13789441.000.000) 11/19 08:26:13 Started transferring input files
	Transferring to host: <188.185.190.108:9618?addrs=188.185.190.108-9618+[2001-1458-d03-b--100-2ff]-9618&alias=b9pgpun015.cern.ch&noUDP&sock=slot1_4_1615979_24ca_2046>
...
040 (13789441.000.000) 11/19 08:26:13 Finished transferring input files
...
001 (13789441.000.000) 11/19 08:26:14 Job executing on host: <188.185.190.108:9618?addrs=188.185.190.108-9618+[2001-1458-d03-b--100-2ff]-9618&alias=b9pgpun015.cern.ch&noUDP&sock=startd_16497_25f7>
	SlotName: slot1_4@b9pgpun015.cern.ch
	AvailableGPUs = { GPUs_GPU_6c758778 }
	CondorScratchDir = "/pool/condor/dir_3095473"
	Cpus = 11
	Disk = 15734778
	GPUs = 1
	GPUs_GPU_6c758778 = [ Id = "GPU-6c758778"; ClockMhz = 1785.0; Capability = 9.0; CoresPerCU = 128; DeviceName = "NVIDIA H100 NVL"; DeviceUuid = "6c758778-f190-832d-194b-c3fac08a8c33"; ECCEnabled = true; ComputeUnits = 132; DriverVersion = 13.0; DevicePciBusId = "0000:AE:00.0"; GlobalMemoryMb = 95320; MaxSupportedVersion = 13000 ]
	Memory = 33000
...
006 (13789441.000.000) 11/19 08:26:28 Image size of job updated: 81100
	80  -  MemoryUsage of job (MB)
	81100  -  ResidentSetSize of job (KB)
...
006 (13789441.000.000) 11/19 08:31:29 Image size of job updated: 10032532
	9798  -  MemoryUsage of job (MB)
	10032532  -  ResidentSetSize of job (KB)
...
006 (13789441.000.000) 11/19 08:36:29 Image size of job updated: 19806612
	19343  -  MemoryUsage of job (MB)
	19806612  -  ResidentSetSize of job (KB)
...
006 (13789441.000.000) 11/19 08:41:29 Image size of job updated: 28873160
	28197  -  MemoryUsage of job (MB)
	28873160  -  ResidentSetSize of job (KB)
...
006 (13789441.000.000) 11/19 08:46:30 Image size of job updated: 37923088
	37035  -  MemoryUsage of job (MB)
	37923088  -  ResidentSetSize of job (KB)
...
006 (13789441.000.000) 11/19 08:51:30 Image size of job updated: 46930768
	45822  -  MemoryUsage of job (MB)
	46921256  -  ResidentSetSize of job (KB)
...
006 (13789441.000.000) 11/19 08:56:30 Image size of job updated: 56072352
	54759  -  MemoryUsage of job (MB)
	56072352  -  ResidentSetSize of job (KB)
...
006 (13789441.000.000) 11/19 09:01:31 Image size of job updated: 64962244
	63440  -  MemoryUsage of job (MB)
	64962244  -  ResidentSetSize of job (KB)
...
006 (13789441.000.000) 11/19 09:06:31 Image size of job updated: 66916124
	63512  -  MemoryUsage of job (MB)
	65035488  -  ResidentSetSize of job (KB)
...
006 (13789441.000.000) 11/19 09:11:31 Image size of job updated: 66916124
	63702  -  MemoryUsage of job (MB)
	65230416  -  ResidentSetSize of job (KB)
...
006 (13789441.000.000) 11/19 09:16:32 Image size of job updated: 66916124
	64020  -  MemoryUsage of job (MB)
	65555628  -  ResidentSetSize of job (KB)
...
006 (13789441.000.000) 11/19 09:21:32 Image size of job updated: 66916124
	64400  -  MemoryUsage of job (MB)
	65945200  -  ResidentSetSize of job (KB)
...
006 (13789441.000.000) 11/19 09:26:32 Image size of job updated: 67234076
	65216  -  MemoryUsage of job (MB)
	66781176  -  ResidentSetSize of job (KB)
...
006 (13789441.000.000) 11/19 09:31:33 Image size of job updated: 67234076
	65527  -  MemoryUsage of job (MB)
	67099220  -  ResidentSetSize of job (KB)
...
006 (13789441.000.000) 11/19 09:36:33 Image size of job updated: 67234076
	65527  -  MemoryUsage of job (MB)
	67099576  -  ResidentSetSize of job (KB)
...
021 (13789441.000.000) 11/19 15:58:14 Error from starter on slot1_4@b9pgpun015.cern.ch:
	Job has gone over cgroup memory limit of 33000 megabytes. Last measured usage: 65658 megabytes.  Consider resubmitting with a higher request_memory.
	Code 34 Subcode 0
...
004 (13789441.000.000) 11/19 15:58:14 Job was evicted.
	(0) CPU times
		Usr 3 08:23:21, Sys 0 03:21:11  -  Run Remote Usage
		Usr 0 00:00:00, Sys 0 00:00:00  -  Run Local Usage
	0  -  Run Bytes Sent By Job
	641  -  Run Bytes Received By Job
	Error from slot1_4@b9pgpun015.cern.ch: Job has gone over cgroup memory limit of 33000 megabytes. Last measured usage: 65658 megabytes.  Consider resubmitting with a higher request_memory.
	Partitionable Resources :    Usage  Request Allocated Assigned
	   Cpus                 :     0.26       11        11 
	   Disk (KB)            : 10087    15728640  15734778 
	   GPUs                 :     0           1         1 "GPU-6c758778"
	   GpusMemory (MB)      :   514                       
	   Memory (MB)          : 65527       33000     33000 
	   TimeSlotBusy (s)     : 27122                       
...
012 (13789441.000.000) 11/19 15:58:14 Job was held.
	Error from slot1_4@b9pgpun015.cern.ch: Job has gone over cgroup memory limit of 33000 megabytes. Last measured usage: 65658 megabytes.  Consider resubmitting with a higher request_memory.
	Code 34 Subcode 0
...
009 (13789441.000.000) 11/19 16:10:25 Job was aborted.
	via condor_rm (by user evilla)
...
