000 (10607299.000.000) 11/05 15:04:59 Job submitted from host: <188.185.70.244:9618?addrs=188.185.70.244-9618+[2001-1458-d00-7--100-2ee]-9618&alias=bigbird10.cern.ch&noUDP&sock=schedd_3518298_5df3>
...
040 (10607299.000.000) 11/05 15:08:00 Started transferring input files
	Transferring to host: <188.185.204.183:9618?addrs=188.185.204.183-9618+[2001-1458-303-8--100-ab]-9618&alias=b9p02p1447.cern.ch&noUDP&sock=slot1_3_4254_13e6_40747>
...
040 (10607299.000.000) 11/05 15:08:00 Finished transferring input files
...
001 (10607299.000.000) 11/05 15:08:01 Job executing on host: <188.185.204.183:9618?addrs=188.185.204.183-9618+[2001-1458-303-8--100-ab]-9618&alias=b9p02p1447.cern.ch&noUDP&sock=startd_3622_f81e>
	SlotName: slot1_3@b9p02p1447.cern.ch
	CondorScratchDir = "/pool/condor/dir_2121666"
	Cpus = 14
	Disk = 20974206
	GPUs = 0
	Memory = 42000
...
006 (10607299.000.000) 11/05 15:08:15 Image size of job updated: 64744
	64  -  MemoryUsage of job (MB)
	64744  -  ResidentSetSize of job (KB)
...
006 (10607299.000.000) 11/05 15:08:40 Image size of job updated: 293176
	64  -  MemoryUsage of job (MB)
	64780  -  ResidentSetSize of job (KB)
...
040 (10607299.000.000) 11/05 15:08:40 Started transferring output files
...
040 (10607299.000.000) 11/05 15:08:40 Finished transferring output files
...
005 (10607299.000.000) 11/05 15:08:40 Job terminated.
	(1) Normal termination (return value 1)
		Usr 0 00:00:08, Sys 0 00:00:05  -  Run Remote Usage
		Usr 0 00:00:00, Sys 0 00:00:00  -  Run Local Usage
		Usr 0 00:00:08, Sys 0 00:00:05  -  Total Remote Usage
		Usr 0 00:00:00, Sys 0 00:00:00  -  Total Local Usage
	1683  -  Run Bytes Sent By Job
	1389072  -  Run Bytes Received By Job
	1683  -  Total Bytes Sent By Job
	1389072  -  Total Bytes Received By Job
	Partitionable Resources :    Usage  Request Allocated 
	   Cpus                 :        0       14        14 
	   Disk (KB)            :     1387 20971520  20974206 
	   GPUs                 :                           0 
	   Memory (MB)          :       64    42000     42000 
	   TimeExecute (s)      :       39                    
	   TimeSlotBusy (s)     :       41                    

	Job terminated of its own accord at 2025-11-05T14:08:40Z with exit-code 1.
...
