000 (10607294.000.000) 11/05 14:56:46 Job submitted from host: <188.185.70.244:9618?addrs=188.185.70.244-9618+[2001-1458-d00-7--100-2ee]-9618&alias=bigbird10.cern.ch&noUDP&sock=schedd_3518298_5df3>
...
040 (10607294.000.000) 11/05 14:58:11 Started transferring input files
	Transferring to host: <188.185.213.156:9618?addrs=188.185.213.156-9618+[2001-1458-303-1b--100-18]-9618&alias=b9p28p0116.cern.ch&noUDP&sock=slot1_8_9940_610d_55696>
...
040 (10607294.000.000) 11/05 14:58:11 Finished transferring input files
...
001 (10607294.000.000) 11/05 14:58:12 Job executing on host: <188.185.213.156:9618?addrs=188.185.213.156-9618+[2001-1458-303-1b--100-18]-9618&alias=b9p28p0116.cern.ch&noUDP&sock=startd_9089_e061>
	SlotName: slot1_8@b9p28p0116.cern.ch
	CondorScratchDir = "/pool/condor/dir_1893382"
	Cpus = 14
	Disk = 20974391
	GPUs = 0
	Memory = 42000
...
006 (10607294.000.000) 11/05 14:58:26 Image size of job updated: 76952
	76  -  MemoryUsage of job (MB)
	76952  -  ResidentSetSize of job (KB)
...
006 (10607294.000.000) 11/05 14:58:46 Image size of job updated: 269856
	76  -  MemoryUsage of job (MB)
	76952  -  ResidentSetSize of job (KB)
...
040 (10607294.000.000) 11/05 14:58:46 Started transferring output files
...
040 (10607294.000.000) 11/05 14:58:46 Finished transferring output files
...
005 (10607294.000.000) 11/05 14:58:46 Job terminated.
	(1) Normal termination (return value 1)
		Usr 0 00:00:07, Sys 0 00:00:04  -  Run Remote Usage
		Usr 0 00:00:00, Sys 0 00:00:00  -  Run Local Usage
		Usr 0 00:00:07, Sys 0 00:00:04  -  Total Remote Usage
		Usr 0 00:00:00, Sys 0 00:00:00  -  Total Local Usage
	1270  -  Run Bytes Sent By Job
	1389072  -  Run Bytes Received By Job
	1270  -  Total Bytes Sent By Job
	1389072  -  Total Bytes Received By Job
	Partitionable Resources :    Usage  Request Allocated 
	   Cpus                 :        0       14        14 
	   Disk (KB)            :     1385 20971520  20974391 
	   GPUs                 :                           0 
	   Memory (MB)          :       76    42000     42000 
	   TimeExecute (s)      :       34                    
	   TimeSlotBusy (s)     :       36                    

	Job terminated of its own accord at 2025-11-05T13:58:46Z with exit-code 1.
...
