000 (10607333.000.000) 11/05 15:26:45 Job submitted from host: <188.185.70.244:9618?addrs=188.185.70.244-9618+[2001-1458-d00-7--100-2ee]-9618&alias=bigbird10.cern.ch&noUDP&sock=schedd_3518298_5df3>
...
040 (10607333.000.000) 11/05 15:27:38 Started transferring input files
	Transferring to host: <188.185.207.36:9618?addrs=188.185.207.36-9618+[2001-1458-303-d--100-21]-9618&alias=b9p07p7288.cern.ch&noUDP&sock=slot1_2_5665_413f_37782>
...
040 (10607333.000.000) 11/05 15:27:38 Finished transferring input files
...
001 (10607333.000.000) 11/05 15:27:39 Job executing on host: <188.185.207.36:9618?addrs=188.185.207.36-9618+[2001-1458-303-d--100-21]-9618&alias=b9p07p7288.cern.ch&noUDP&sock=startd_4707_305f>
	SlotName: slot1_2@b9p07p7288.cern.ch
	CondorScratchDir = "/pool/condor/dir_2132651"
	Cpus = 14
	Disk = 20974017
	GPUs = 0
	Memory = 42000
...
006 (10607333.000.000) 11/05 15:27:52 Image size of job updated: 107636
	106  -  MemoryUsage of job (MB)
	107636  -  ResidentSetSize of job (KB)
...
006 (10607333.000.000) 11/05 15:32:52 Image size of job updated: 64364768
	62857  -  MemoryUsage of job (MB)
	64364768  -  ResidentSetSize of job (KB)
...
006 (10607333.000.000) 11/05 15:37:52 Image size of job updated: 85396320
	81909  -  MemoryUsage of job (MB)
	83874580  -  ResidentSetSize of job (KB)
...
006 (10607333.000.000) 11/05 15:42:53 Image size of job updated: 85396320
	82817  -  MemoryUsage of job (MB)
	84803660  -  ResidentSetSize of job (KB)
...
006 (10607333.000.000) 11/05 15:47:53 Image size of job updated: 85396320
	82818  -  MemoryUsage of job (MB)
	84804788  -  ResidentSetSize of job (KB)
...
021 (10607333.000.000) 11/05 16:16:35 Error from starter on slot1_2@b9p07p7288.cern.ch:
	Job has gone over cgroup memory limit of 42000 megabytes. Last measured usage: 83394 megabytes.  Consider resubmitting with a higher request_memory.
	Code 34 Subcode 0
...
004 (10607333.000.000) 11/05 16:16:35 Job was evicted.
	(0) CPU times
		Usr 0 00:28:25, Sys 0 00:18:09  -  Run Remote Usage
		Usr 0 00:00:00, Sys 0 00:00:00  -  Run Local Usage
	0  -  Run Bytes Sent By Job
	1389072  -  Run Bytes Received By Job
	Error from slot1_2@b9p07p7288.cern.ch: Job has gone over cgroup memory limit of 42000 megabytes. Last measured usage: 83394 megabytes.  Consider resubmitting with a higher request_memory.
	Partitionable Resources :    Usage  Request Allocated 
	   Cpus                 :     0.96       14        14 
	   Disk (KB)            :  1555    20971520  20974017 
	   GPUs                 :                           0 
	   Memory (MB)          : 82818       42000     42000 
	   TimeSlotBusy (s)     :  2939                       
...
012 (10607333.000.000) 11/05 16:16:35 Job was held.
	Error from slot1_2@b9p07p7288.cern.ch: Job has gone over cgroup memory limit of 42000 megabytes. Last measured usage: 83394 megabytes.  Consider resubmitting with a higher request_memory.
	Code 34 Subcode 0
...
013 (10607333.000.000) 11/05 16:18:45 Job was released.
	via condor_release (by user evilla)
...
040 (10607333.000.000) 11/05 16:21:01 Started transferring input files
	Transferring to host: <188.185.213.180:9618?addrs=188.185.213.180-9618+[2001-1458-303-1b--100-30]-9618&alias=b9p28p7628.cern.ch&noUDP&sock=slot1_1_4281_1a07_57081>
...
040 (10607333.000.000) 11/05 16:21:01 Finished transferring input files
...
001 (10607333.000.000) 11/05 16:21:02 Job executing on host: <188.185.213.180:9618?addrs=188.185.213.180-9618+[2001-1458-303-1b--100-30]-9618&alias=b9p28p7628.cern.ch&noUDP&sock=startd_3596_22a7>
	SlotName: slot1_1@b9p28p7628.cern.ch
	CondorScratchDir = "/pool/condor/dir_1057257"
	Cpus = 14
	Disk = 20974244
	GPUs = 0
	Memory = 42000
...
021 (10607333.000.000) 11/05 16:53:40 Error from starter on slot1_1@b9p28p7628.cern.ch:
	Job has gone over cgroup memory limit of 42000 megabytes. Last measured usage: 83555 megabytes.  Consider resubmitting with a higher request_memory.
	Code 34 Subcode 0
...
004 (10607333.000.000) 11/05 16:53:40 Job was evicted.
	(0) CPU times
		Usr 0 00:16:47, Sys 0 00:13:51  -  Run Remote Usage
		Usr 0 00:00:00, Sys 0 00:00:00  -  Run Local Usage
	0  -  Run Bytes Sent By Job
	1389072  -  Run Bytes Received By Job
	Error from slot1_1@b9p28p7628.cern.ch: Job has gone over cgroup memory limit of 42000 megabytes. Last measured usage: 83555 megabytes.  Consider resubmitting with a higher request_memory.
	Partitionable Resources :    Usage  Request Allocated 
	   Cpus                 :     0.95       14        14 
	   Disk (KB)            :  1500    20971520  20974244 
	   GPUs                 :                           0 
	   Memory (MB)          : 97657       42000     42000 
	   TimeSlotBusy (s)     :  1960                       
...
012 (10607333.000.000) 11/05 16:53:40 Job was held.
	Error from slot1_1@b9p28p7628.cern.ch: Job has gone over cgroup memory limit of 42000 megabytes. Last measured usage: 83555 megabytes.  Consider resubmitting with a higher request_memory.
	Code 34 Subcode 0
...
009 (10607333.000.000) 11/05 16:57:36 Job was aborted.
	via condor_rm (by user evilla)
...
