000 (10607289.000.000) 11/05 14:53:36 Job submitted from host: <188.185.70.244:9618?addrs=188.185.70.244-9618+[2001-1458-d00-7--100-2ee]-9618&alias=bigbird10.cern.ch&noUDP&sock=schedd_3518298_5df3>
...
040 (10607289.000.000) 11/05 14:53:52 Started transferring input files
	Transferring to host: <128.142.192.142:9618?addrs=128.142.192.142-9618+[2001-1458-301-56--100-a]-9618&alias=b9g18p1267.cern.ch&noUDP&sock=slot1_4_3574_f4ca_58332>
...
040 (10607289.000.000) 11/05 14:53:52 Finished transferring input files
...
001 (10607289.000.000) 11/05 14:53:53 Job executing on host: <128.142.192.142:9618?addrs=128.142.192.142-9618+[2001-1458-301-56--100-a]-9618&alias=b9g18p1267.cern.ch&noUDP&sock=startd_3310_f691>
	SlotName: slot1_4@b9g18p1267.cern.ch
	CondorScratchDir = "/pool/condor/dir_1324002"
	Cpus = 14
	Disk = 20974224
	GPUs = 0
	Memory = 42000
...
006 (10607289.000.000) 11/05 14:54:07 Image size of job updated: 81412
	80  -  MemoryUsage of job (MB)
	81412  -  ResidentSetSize of job (KB)
...
006 (10607289.000.000) 11/05 14:54:29 Image size of job updated: 298264
	80  -  MemoryUsage of job (MB)
	81424  -  ResidentSetSize of job (KB)
...
040 (10607289.000.000) 11/05 14:54:29 Started transferring output files
...
040 (10607289.000.000) 11/05 14:54:29 Finished transferring output files
...
005 (10607289.000.000) 11/05 14:54:29 Job terminated.
	(1) Normal termination (return value 2)
		Usr 0 00:00:09, Sys 0 00:00:03  -  Run Remote Usage
		Usr 0 00:00:00, Sys 0 00:00:00  -  Run Local Usage
		Usr 0 00:00:09, Sys 0 00:00:03  -  Total Remote Usage
		Usr 0 00:00:00, Sys 0 00:00:00  -  Total Local Usage
	789  -  Run Bytes Sent By Job
	1389072  -  Run Bytes Received By Job
	789  -  Total Bytes Sent By Job
	1389072  -  Total Bytes Received By Job
	Partitionable Resources :    Usage  Request Allocated 
	   Cpus                 :        0       14        14 
	   Disk (KB)            :     1411 20971520  20974224 
	   GPUs                 :                           0 
	   Memory (MB)          :       80    42000     42000 
	   TimeExecute (s)      :       36                    
	   TimeSlotBusy (s)     :       39                    

	Job terminated of its own accord at 2025-11-05T13:54:29Z with exit-code 2.
...
