000 (10607389.000.000) 11/05 16:04:13 Job submitted from host: <188.185.70.244:9618?addrs=188.185.70.244-9618+[2001-1458-d00-7--100-2ee]-9618&alias=bigbird10.cern.ch&noUDP&sock=schedd_3518298_5df3>
...
040 (10607389.000.000) 11/05 16:08:02 Started transferring input files
	Transferring to host: <188.185.204.176:9618?addrs=188.185.204.176-9618+[2001-1458-303-8--100-a4]-9618&alias=b9p02p2870.cern.ch&noUDP&sock=slot1_1_9316_b6f4_43862>
...
040 (10607389.000.000) 11/05 16:08:02 Finished transferring input files
...
001 (10607389.000.000) 11/05 16:08:03 Job executing on host: <188.185.204.176:9618?addrs=188.185.204.176-9618+[2001-1458-303-8--100-a4]-9618&alias=b9p02p2870.cern.ch&noUDP&sock=startd_8261_eff6>
	SlotName: slot1_1@b9p02p2870.cern.ch
	CondorScratchDir = "/pool/condor/dir_692828"
	Cpus = 14
	Disk = 20974063
	GPUs = 0
	Memory = 42000
...
006 (10607389.000.000) 11/05 16:08:17 Image size of job updated: 38988
	39  -  MemoryUsage of job (MB)
	38988  -  ResidentSetSize of job (KB)
...
006 (10607389.000.000) 11/05 16:09:27 Image size of job updated: 365184
	39  -  MemoryUsage of job (MB)
	38988  -  ResidentSetSize of job (KB)
...
040 (10607389.000.000) 11/05 16:09:27 Started transferring output files
...
040 (10607389.000.000) 11/05 16:09:27 Finished transferring output files
...
005 (10607389.000.000) 11/05 16:09:27 Job terminated.
	(1) Normal termination (return value 1)
		Usr 0 00:00:22, Sys 0 00:00:16  -  Run Remote Usage
		Usr 0 00:00:00, Sys 0 00:00:00  -  Run Local Usage
		Usr 0 00:00:22, Sys 0 00:00:16  -  Total Remote Usage
		Usr 0 00:00:00, Sys 0 00:00:00  -  Total Local Usage
	11430  -  Run Bytes Sent By Job
	885  -  Run Bytes Received By Job
	11430  -  Total Bytes Sent By Job
	885  -  Total Bytes Received By Job
	Partitionable Resources :    Usage  Request Allocated 
	   Cpus                 :                14        14 
	   Disk (KB)            :       28 20971520  20974063 
	   GPUs                 :                           0 
	   Memory (MB)          :       39    42000     42000 
	   TimeExecute (s)      :       84                    
	   TimeSlotBusy (s)     :       86                    

	Job terminated of its own accord at 2025-11-05T15:09:27Z with exit-code 1.
...
