000 (10607399.000.000) 11/05 16:48:01 Job submitted from host: <188.185.70.244:9618?addrs=188.185.70.244-9618+[2001-1458-d00-7--100-2ee]-9618&alias=bigbird10.cern.ch&noUDP&sock=schedd_3518298_5df3>
...
040 (10607399.000.000) 11/05 16:50:06 Started transferring input files
	Transferring to host: <188.185.206.91:9618?addrs=188.185.206.91-9618+[2001-1458-303-b--100-58]-9618&alias=b9p05p8426.cern.ch&noUDP&sock=slot1_1_4037_2e7d_40624>
...
040 (10607399.000.000) 11/05 16:50:06 Finished transferring input files
...
001 (10607399.000.000) 11/05 16:50:08 Job executing on host: <188.185.206.91:9618?addrs=188.185.206.91-9618+[2001-1458-303-b--100-58]-9618&alias=b9p05p8426.cern.ch&noUDP&sock=startd_3573_5bfa>
	SlotName: slot1_1@b9p05p8426.cern.ch
	CondorScratchDir = "/pool/condor/dir_2928853"
	Cpus = 14
	Disk = 20974067
	GPUs = 0
	Memory = 42000
...
006 (10607399.000.000) 11/05 16:50:21 Image size of job updated: 20476
	20  -  MemoryUsage of job (MB)
	20476  -  ResidentSetSize of job (KB)
...
006 (10607399.000.000) 11/05 16:51:30 Image size of job updated: 374616
	20  -  MemoryUsage of job (MB)
	20476  -  ResidentSetSize of job (KB)
...
040 (10607399.000.000) 11/05 16:51:30 Started transferring output files
...
040 (10607399.000.000) 11/05 16:51:30 Finished transferring output files
...
005 (10607399.000.000) 11/05 16:51:30 Job terminated.
	(1) Normal termination (return value 1)
		Usr 0 00:00:22, Sys 0 00:00:16  -  Run Remote Usage
		Usr 0 00:00:00, Sys 0 00:00:00  -  Run Local Usage
		Usr 0 00:00:22, Sys 0 00:00:16  -  Total Remote Usage
		Usr 0 00:00:00, Sys 0 00:00:00  -  Total Local Usage
	13196  -  Run Bytes Sent By Job
	885  -  Run Bytes Received By Job
	13196  -  Total Bytes Sent By Job
	885  -  Total Bytes Received By Job
	Partitionable Resources :    Usage  Request Allocated 
	   Cpus                 :     0.08       14        14 
	   Disk (KB)            :    39    20971520  20974067 
	   GPUs                 :                           0 
	   Memory (MB)          :    20       42000     42000 
	   TimeExecute (s)      :    82                       
	   TimeSlotBusy (s)     :    85                       

	Job terminated of its own accord at 2025-11-05T15:51:30Z with exit-code 1.
...
