000 (10608231.000.000) 11/05 17:11:30 Job submitted from host: <188.185.70.244:9618?addrs=188.185.70.244-9618+[2001-1458-d00-7--100-2ee]-9618&alias=bigbird10.cern.ch&noUDP&sock=schedd_3518298_5df3>
...
040 (10608231.000.000) 11/05 17:12:55 Started transferring input files
	Transferring to host: <188.185.208.56:9618?addrs=188.185.208.56-9618+[2001-1458-303-f--100-35]-9618&alias=b9p09p6178.cern.ch&noUDP&sock=slot1_1_6255_f697_40280>
...
040 (10608231.000.000) 11/05 17:12:55 Finished transferring input files
...
001 (10608231.000.000) 11/05 17:12:56 Job executing on host: <188.185.208.56:9618?addrs=188.185.208.56-9618+[2001-1458-303-f--100-35]-9618&alias=b9p09p6178.cern.ch&noUDP&sock=startd_5361_c750>
	SlotName: slot1_1@b9p09p6178.cern.ch
	CondorScratchDir = "/pool/condor/dir_1582083"
	Cpus = 14
	Disk = 20974057
	GPUs = 0
	Memory = 42000
...
006 (10608231.000.000) 11/05 17:13:09 Image size of job updated: 1808
	2  -  MemoryUsage of job (MB)
	1808  -  ResidentSetSize of job (KB)
...
006 (10608231.000.000) 11/05 17:14:23 Image size of job updated: 369264
	2  -  MemoryUsage of job (MB)
	1960  -  ResidentSetSize of job (KB)
...
040 (10608231.000.000) 11/05 17:14:23 Started transferring output files
...
040 (10608231.000.000) 11/05 17:14:23 Finished transferring output files
...
005 (10608231.000.000) 11/05 17:14:23 Job terminated.
	(1) Normal termination (return value 1)
		Usr 0 00:00:22, Sys 0 00:00:17  -  Run Remote Usage
		Usr 0 00:00:00, Sys 0 00:00:00  -  Run Local Usage
		Usr 0 00:00:22, Sys 0 00:00:17  -  Total Remote Usage
		Usr 0 00:00:00, Sys 0 00:00:00  -  Total Local Usage
	2753  -  Run Bytes Sent By Job
	885  -  Run Bytes Received By Job
	2753  -  Total Bytes Sent By Job
	885  -  Total Bytes Received By Job
	Partitionable Resources :    Usage  Request Allocated 
	   Cpus                 :                14        14 
	   Disk (KB)            :       24 20971520  20974057 
	   GPUs                 :                           0 
	   Memory (MB)          :        2    42000     42000 
	   TimeExecute (s)      :       87                    
	   TimeSlotBusy (s)     :       90                    

	Job terminated of its own accord at 2025-11-05T16:14:23Z with exit-code 1.
...
