=========================================
HTCondor Electron Direction Training
Job started: Wed Nov  5 05:13:01 PM CET 2025 | Host: b9p09p6178.cern.ch
Config: json/electron_direction/production_training_new.json | Plane: X
=========================================
No GPU
Running: ./scripts/train_electron_direction.sh -j json/electron_direction/production_training_new.json --plane X
✓ Sourced LCG environment: LCG_106_cuda/x86_64-el9-gcc11-opt
✓ Added local packages to PYTHONPATH
[0;34m[INFO][0m ML for Pointing Environment
[0;34m[INFO][0m Repository: /afs/cern.ch/work/e/evilla/private/dune/ml_for_pointing
[0;34m[INFO][0m Python modules: /afs/cern.ch/work/e/evilla/private/dune/ml_for_pointing/python
[0;34m[INFO][0m Data directory: /eos/home-e/evilla/dune/sn-tps/images_test
[0;34m[INFO][0m Output directory: /eos/user/e/evilla/dune/sn-tps/neural_networks
[0;34m[INFO][0m Python version: 3.11.9
[0;32m[SUCCESS][0m TensorFlow 2.16.1 is available
Running: python3 electron_direction/ed_training.py --input_json json/electron_direction/production_training_new.json --plane X

======================================================================
MAIN TRACK IDENTIFIER TRAINING
======================================================================

⚠ GPU is NOT available - training will use CPU

Loading configuration from: json/electron_direction/production_training_new.json


✗ Error during training: [Errno 2] No such file or directory: 'json/electron_direction/production_training_new.json'
