000 (10607297.000.000) 11/05 14:56:48 Job submitted from host: <188.185.70.244:9618?addrs=188.185.70.244-9618+[2001-1458-d00-7--100-2ee]-9618&alias=bigbird10.cern.ch&noUDP&sock=schedd_3518298_5df3>
...
040 (10607297.000.000) 11/05 14:58:12 Started transferring input files
	Transferring to host: <128.142.161.114:9618?addrs=128.142.161.114-9618+[2001-1458-301-b8--100-30]-9618&alias=b9g03p3124.cern.ch&noUDP&sock=slot1_1_505982_d799_26673>
...
040 (10607297.000.000) 11/05 14:58:12 Finished transferring input files
...
001 (10607297.000.000) 11/05 14:58:13 Job executing on host: <128.142.161.114:9618?addrs=128.142.161.114-9618+[2001-1458-301-b8--100-30]-9618&alias=b9g03p3124.cern.ch&noUDP&sock=startd_3171104_294e>
	SlotName: slot1_1@b9g03p3124.cern.ch
	CondorScratchDir = "/pool/condor/dir_3838731"
	Cpus = 14
	Disk = 20974451
	GPUs = 0
	Memory = 42000
...
006 (10607297.000.000) 11/05 14:58:27 Image size of job updated: 19872
	2  -  MemoryUsage of job (MB)
	1716  -  ResidentSetSize of job (KB)
...
006 (10607297.000.000) 11/05 14:59:49 Image size of job updated: 295968
	2  -  MemoryUsage of job (MB)
	1716  -  ResidentSetSize of job (KB)
...
040 (10607297.000.000) 11/05 14:59:49 Started transferring output files
...
040 (10607297.000.000) 11/05 14:59:49 Finished transferring output files
...
005 (10607297.000.000) 11/05 14:59:49 Job terminated.
	(1) Normal termination (return value 1)
		Usr 0 00:00:18, Sys 0 00:00:09  -  Run Remote Usage
		Usr 0 00:00:00, Sys 0 00:00:00  -  Run Local Usage
		Usr 0 00:00:18, Sys 0 00:00:09  -  Total Remote Usage
		Usr 0 00:00:00, Sys 0 00:00:00  -  Total Local Usage
	1023  -  Run Bytes Sent By Job
	1389072  -  Run Bytes Received By Job
	1023  -  Total Bytes Sent By Job
	1389072  -  Total Bytes Received By Job
	Partitionable Resources :    Usage  Request Allocated 
	   Cpus                 :     0.25       14        14 
	   Disk (KB)            :  1384    20971520  20974451 
	   GPUs                 :                           0 
	   Memory (MB)          :     2       42000     42000 
	   TimeExecute (s)      :    96                       
	   TimeSlotBusy (s)     :    98                       

	Job terminated of its own accord at 2025-11-05T13:59:49Z with exit-code 1.
...
