/pool/condor/dir_2928853/condor_wrapper_electron_direction.sh: line 16: nvidia-smi: command not found
2025-11-05 16:50:56.535000: I tensorflow/core/platform/cpu_feature_guard.cc:210] This TensorFlow binary is optimized to use available CPU instructions in performance-critical operations.
To enable the following instructions: AVX2 FMA, in other operations, rebuild TensorFlow with the appropriate compiler flags.
2025-11-05 16:51:00.201597: W tensorflow/compiler/tf2tensorrt/utils/py_utils.cc:38] TF-TRT Warning: Could not find TensorRT
/cvmfs/sft.cern.ch/lcg/views/LCG_106_cuda/x86_64-el9-gcc11-opt/lib/python3.11/site-packages/keras/src/layers/convolutional/base_conv.py:107: UserWarning: Do not pass an `input_shape`/`input_dim` argument to a layer. When using Sequential models, prefer using an `Input(shape)` object as the first layer in the model instead.
  super().__init__(activity_regularizer=activity_regularizer, **kwargs)
/cvmfs/sft.cern.ch/lcg/views/LCG_106_cuda/x86_64-el9-gcc11-opt/lib/python3.11/site-packages/keras/src/layers/activations/leaky_relu.py:41: UserWarning: Argument `alpha` is deprecated. Use `negative_slope` instead.
  warnings.warn(
Traceback (most recent call last):
  File "/afs/cern.ch/work/e/evilla/private/dune/ml_for_pointing/electron_direction/ed_training.py", line 304, in <module>
    main()
  File "/afs/cern.ch/work/e/evilla/private/dune/ml_for_pointing/electron_direction/ed_training.py", line 229, in main
    model, history = selected_model.create_and_train_model(
                     ^^^^^^^^^^^^^^^^^^^^^^^^^^^^^^^^^^^^^^
  File "/afs/cern.ch/work/e/evilla/private/dune/ml_for_pointing/electron_direction/models/simple_cnn.py", line 72, in create_and_train_model
    model, history = build_model(n_outputs, build_parameters, train, validation, output_folder, input_shape, loss_function=loss_function)
                     ^^^^^^^^^^^^^^^^^^^^^^^^^^^^^^^^^^^^^^^^^^^^^^^^^^^^^^^^^^^^^^^^^^^^^^^^^^^^^^^^^^^^^^^^^^^^^^^^^^^^^^^^^^^^^^^^^^^^
  File "/afs/cern.ch/work/e/evilla/private/dune/ml_for_pointing/electron_direction/models/simple_cnn.py", line 52, in build_model
    history = model.fit(train,
             ^^^^^^^^^^^^^^^^
  File "/cvmfs/sft.cern.ch/lcg/views/LCG_106_cuda/x86_64-el9-gcc11-opt/lib/python3.11/site-packages/keras/src/utils/traceback_utils.py", line 122, in error_handler
    raise e.with_traceback(filtered_tb) from None
  File "/cvmfs/sft.cern.ch/lcg/views/LCG_106_cuda/x86_64-el9-gcc11-opt/lib/python3.11/site-packages/optree/ops.py", line 594, in tree_map
    return treespec.unflatten(map(func, *flat_args))
           ^^^^^^^^^^^^^^^^^^^^^^^^^^^^^^^^^^^^^^^^^
ValueError: None values not supported.
