000 (10607394.000.000) 11/05 16:28:15 Job submitted from host: <188.185.70.244:9618?addrs=188.185.70.244-9618+[2001-1458-d00-7--100-2ee]-9618&alias=bigbird10.cern.ch&noUDP&sock=schedd_3518298_5df3>
...
040 (10607394.000.000) 11/05 16:28:39 Started transferring input files
	Transferring to host: <188.185.194.79:9618?addrs=188.185.194.79-9618+[2001-1458-303-21--100-4b]-9618&alias=b9p20p5952.cern.ch&noUDP&sock=slot1_6_7973_731d_43598>
...
040 (10607394.000.000) 11/05 16:28:39 Finished transferring input files
...
001 (10607394.000.000) 11/05 16:28:40 Job executing on host: <188.185.194.79:9618?addrs=188.185.194.79-9618+[2001-1458-303-21--100-4b]-9618&alias=b9p20p5952.cern.ch&noUDP&sock=startd_6588_6604>
	SlotName: slot1_6@b9p20p5952.cern.ch
	CondorScratchDir = "/pool/condor/dir_705700"
	Cpus = 14
	Disk = 20974436
	GPUs = 0
	Memory = 42000
...
006 (10607394.000.000) 11/05 16:28:53 Image size of job updated: 68704
	68  -  MemoryUsage of job (MB)
	68704  -  ResidentSetSize of job (KB)
...
006 (10607394.000.000) 11/05 16:29:38 Image size of job updated: 369616
	68  -  MemoryUsage of job (MB)
	68768  -  ResidentSetSize of job (KB)
...
040 (10607394.000.000) 11/05 16:29:38 Started transferring output files
...
040 (10607394.000.000) 11/05 16:29:38 Finished transferring output files
...
005 (10607394.000.000) 11/05 16:29:38 Job terminated.
	(1) Normal termination (return value 1)
		Usr 0 00:00:28, Sys 0 00:00:13  -  Run Remote Usage
		Usr 0 00:00:00, Sys 0 00:00:00  -  Run Local Usage
		Usr 0 00:00:28, Sys 0 00:00:13  -  Total Remote Usage
		Usr 0 00:00:00, Sys 0 00:00:00  -  Total Local Usage
	12016  -  Run Bytes Sent By Job
	885  -  Run Bytes Received By Job
	12016  -  Total Bytes Sent By Job
	885  -  Total Bytes Received By Job
	Partitionable Resources :    Usage  Request Allocated 
	   Cpus                 :        0       14        14 
	   Disk (KB)            :       35 20971520  20974436 
	   GPUs                 :                           0 
	   Memory (MB)          :       68    42000     42000 
	   TimeExecute (s)      :       58                    
	   TimeSlotBusy (s)     :       59                    

	Job terminated of its own accord at 2025-11-05T15:29:38Z with exit-code 1.
...
