000 (10607392.000.000) 11/05 16:19:03 Job submitted from host: <188.185.70.244:9618?addrs=188.185.70.244-9618+[2001-1458-d00-7--100-2ee]-9618&alias=bigbird10.cern.ch&noUDP&sock=schedd_3518298_5df3>
...
040 (10607392.000.000) 11/05 16:21:01 Started transferring input files
	Transferring to host: <188.185.192.132:9618?addrs=188.185.192.132-9618+[2001-1458-303-1f--100-80]-9618&alias=b9p13p3408.cern.ch&noUDP&sock=slot1_1_3536_2e89_46590>
...
040 (10607392.000.000) 11/05 16:21:01 Finished transferring input files
...
001 (10607392.000.000) 11/05 16:21:02 Job executing on host: <188.185.192.132:9618?addrs=188.185.192.132-9618+[2001-1458-303-1f--100-80]-9618&alias=b9p13p3408.cern.ch&noUDP&sock=startd_2563_9552>
	SlotName: slot1_1@b9p13p3408.cern.ch
	CondorScratchDir = "/pool/condor/dir_4134962"
	Cpus = 14
	Disk = 20974442
	GPUs = 0
	Memory = 42000
...
006 (10607392.000.000) 11/05 16:21:16 Image size of job updated: 21012
	21  -  MemoryUsage of job (MB)
	21012  -  ResidentSetSize of job (KB)
...
006 (10607392.000.000) 11/05 16:22:18 Image size of job updated: 377620
	21  -  MemoryUsage of job (MB)
	21032  -  ResidentSetSize of job (KB)
...
040 (10607392.000.000) 11/05 16:22:18 Started transferring output files
...
040 (10607392.000.000) 11/05 16:22:18 Finished transferring output files
...
005 (10607392.000.000) 11/05 16:22:18 Job terminated.
	(1) Normal termination (return value 1)
		Usr 0 00:00:28, Sys 0 00:00:13  -  Run Remote Usage
		Usr 0 00:00:00, Sys 0 00:00:00  -  Run Local Usage
		Usr 0 00:00:28, Sys 0 00:00:13  -  Total Remote Usage
		Usr 0 00:00:00, Sys 0 00:00:00  -  Total Local Usage
	12026  -  Run Bytes Sent By Job
	885  -  Run Bytes Received By Job
	12026  -  Total Bytes Sent By Job
	885  -  Total Bytes Received By Job
	Partitionable Resources :    Usage  Request Allocated 
	   Cpus                 :                14        14 
	   Disk (KB)            :       27 20971520  20974442 
	   GPUs                 :                           0 
	   Memory (MB)          :       21    42000     42000 
	   TimeExecute (s)      :       76                    
	   TimeSlotBusy (s)     :       78                    

	Job terminated of its own accord at 2025-11-05T15:22:18Z with exit-code 1.
...
