000 (10607335.000.000) 11/05 15:26:47 Job submitted from host: <188.185.70.244:9618?addrs=188.185.70.244-9618+[2001-1458-d00-7--100-2ee]-9618&alias=bigbird10.cern.ch&noUDP&sock=schedd_3518298_5df3>
...
040 (10607335.000.000) 11/05 15:27:38 Started transferring input files
	Transferring to host: <188.185.208.78:9618?addrs=188.185.208.78-9618+[2001-1458-303-f--100-4b]-9618&alias=b9p09p2568.cern.ch&noUDP&sock=slot1_4_5941_b8cb_42223>
...
040 (10607335.000.000) 11/05 15:27:38 Finished transferring input files
...
001 (10607335.000.000) 11/05 15:27:39 Job executing on host: <188.185.208.78:9618?addrs=188.185.208.78-9618+[2001-1458-303-f--100-4b]-9618&alias=b9p09p2568.cern.ch&noUDP&sock=startd_4901_41bf>
	SlotName: slot1_4@b9p09p2568.cern.ch
	CondorScratchDir = "/pool/condor/dir_982342"
	Cpus = 14
	Disk = 20974068
	GPUs = 0
	Memory = 42000
...
006 (10607335.000.000) 11/05 15:27:52 Image size of job updated: 63648
	63  -  MemoryUsage of job (MB)
	63648  -  ResidentSetSize of job (KB)
...
006 (10607335.000.000) 11/05 15:28:13 Image size of job updated: 260160
	63  -  MemoryUsage of job (MB)
	63652  -  ResidentSetSize of job (KB)
...
040 (10607335.000.000) 11/05 15:28:13 Started transferring output files
...
040 (10607335.000.000) 11/05 15:28:13 Finished transferring output files
...
005 (10607335.000.000) 11/05 15:28:13 Job terminated.
	(1) Normal termination (return value 1)
		Usr 0 00:00:07, Sys 0 00:00:05  -  Run Remote Usage
		Usr 0 00:00:00, Sys 0 00:00:00  -  Run Local Usage
		Usr 0 00:00:07, Sys 0 00:00:05  -  Total Remote Usage
		Usr 0 00:00:00, Sys 0 00:00:00  -  Total Local Usage
	709  -  Run Bytes Sent By Job
	1389072  -  Run Bytes Received By Job
	709  -  Total Bytes Sent By Job
	1389072  -  Total Bytes Received By Job
	Partitionable Resources :    Usage  Request Allocated 
	   Cpus                 :        0       14        14 
	   Disk (KB)            :     1386 20971520  20974068 
	   GPUs                 :                           0 
	   Memory (MB)          :       63    42000     42000 
	   TimeExecute (s)      :       34                    
	   TimeSlotBusy (s)     :       37                    

	Job terminated of its own accord at 2025-11-05T14:28:13Z with exit-code 1.
...
