000 (10607301.000.000) 11/05 15:04:59 Job submitted from host: <188.185.70.244:9618?addrs=188.185.70.244-9618+[2001-1458-d00-7--100-2ee]-9618&alias=bigbird10.cern.ch&noUDP&sock=schedd_3518298_5df3>
...
040 (10607301.000.000) 11/05 15:08:00 Started transferring input files
	Transferring to host: <188.185.211.158:9618?addrs=188.185.211.158-9618+[2001-1458-303-17--100-1a]-9618&alias=b9p24p7991.cern.ch&noUDP&sock=slot1_15_9229_6a50_44165>
...
040 (10607301.000.000) 11/05 15:08:00 Finished transferring input files
...
001 (10607301.000.000) 11/05 15:08:01 Job executing on host: <188.185.211.158:9618?addrs=188.185.211.158-9618+[2001-1458-303-17--100-1a]-9618&alias=b9p24p7991.cern.ch&noUDP&sock=startd_8426_1d16>
	SlotName: slot1_15@b9p24p7991.cern.ch
	CondorScratchDir = "/pool/condor/dir_3676660"
	Cpus = 14
	Disk = 20973919
	GPUs = 0
	Memory = 42000
...
006 (10607301.000.000) 11/05 15:08:15 Image size of job updated: 110764
	109  -  MemoryUsage of job (MB)
	110764  -  ResidentSetSize of job (KB)
...
006 (10607301.000.000) 11/05 15:08:34 Image size of job updated: 289944
	109  -  MemoryUsage of job (MB)
	110764  -  ResidentSetSize of job (KB)
...
040 (10607301.000.000) 11/05 15:08:34 Started transferring output files
...
040 (10607301.000.000) 11/05 15:08:34 Finished transferring output files
...
005 (10607301.000.000) 11/05 15:08:34 Job terminated.
	(1) Normal termination (return value 1)
		Usr 0 00:00:08, Sys 0 00:00:05  -  Run Remote Usage
		Usr 0 00:00:00, Sys 0 00:00:00  -  Run Local Usage
		Usr 0 00:00:08, Sys 0 00:00:05  -  Total Remote Usage
		Usr 0 00:00:00, Sys 0 00:00:00  -  Total Local Usage
	709  -  Run Bytes Sent By Job
	1389072  -  Run Bytes Received By Job
	709  -  Total Bytes Sent By Job
	1389072  -  Total Bytes Received By Job
	Partitionable Resources :    Usage  Request Allocated 
	   Cpus                 :                14        14 
	   Disk (KB)            :     1376 20971520  20973919 
	   GPUs                 :                           0 
	   Memory (MB)          :      109    42000     42000 
	   TimeExecute (s)      :       33                    
	   TimeSlotBusy (s)     :       35                    

	Job terminated of its own accord at 2025-11-05T14:08:34Z with exit-code 1.
...
