000 (10607402.000.000) 11/05 16:55:25 Job submitted from host: <188.185.70.244:9618?addrs=188.185.70.244-9618+[2001-1458-d00-7--100-2ee]-9618&alias=bigbird10.cern.ch&noUDP&sock=schedd_3518298_5df3>
...
040 (10607402.000.000) 11/05 16:56:08 Started transferring input files
	Transferring to host: <188.185.213.180:9618?addrs=188.185.213.180-9618+[2001-1458-303-1b--100-30]-9618&alias=b9p28p7628.cern.ch&noUDP&sock=slot1_1_4281_1a07_57106>
...
040 (10607402.000.000) 11/05 16:56:08 Finished transferring input files
...
001 (10607402.000.000) 11/05 16:56:09 Job executing on host: <188.185.213.180:9618?addrs=188.185.213.180-9618+[2001-1458-303-1b--100-30]-9618&alias=b9p28p7628.cern.ch&noUDP&sock=startd_3596_22a7>
	SlotName: slot1_1@b9p28p7628.cern.ch
	CondorScratchDir = "/pool/condor/dir_1098456"
	Cpus = 14
	Disk = 20974220
	GPUs = 0
	Memory = 42000
...
006 (10607402.000.000) 11/05 16:56:17 Image size of job updated: 39388
	39  -  MemoryUsage of job (MB)
	39388  -  ResidentSetSize of job (KB)
...
006 (10607402.000.000) 11/05 17:00:16 Image size of job updated: 16053604
	39  -  MemoryUsage of job (MB)
	39388  -  ResidentSetSize of job (KB)
...
040 (10607402.000.000) 11/05 17:00:16 Started transferring output files
...
040 (10607402.000.000) 11/05 17:00:16 Finished transferring output files
...
005 (10607402.000.000) 11/05 17:00:16 Job terminated.
	(1) Normal termination (return value 1)
		Usr 0 00:00:28, Sys 0 00:00:26  -  Run Remote Usage
		Usr 0 00:00:00, Sys 0 00:00:00  -  Run Local Usage
		Usr 0 00:00:28, Sys 0 00:00:26  -  Total Remote Usage
		Usr 0 00:00:00, Sys 0 00:00:00  -  Total Local Usage
	483487  -  Run Bytes Sent By Job
	885  -  Run Bytes Received By Job
	483487  -  Total Bytes Sent By Job
	885  -  Total Bytes Received By Job
	Partitionable Resources :    Usage  Request Allocated 
	   Cpus                 :        0       14        14 
	   Disk (KB)            :      496 20971520  20974220 
	   GPUs                 :                           0 
	   Memory (MB)          :       39    42000     42000 
	   TimeExecute (s)      :      247                    
	   TimeSlotBusy (s)     :      249                    

	Job terminated of its own accord at 2025-11-05T16:00:16Z with exit-code 1.
...
