000 (10607398.000.000) 11/05 16:38:45 Job submitted from host: <188.185.70.244:9618?addrs=188.185.70.244-9618+[2001-1458-d00-7--100-2ee]-9618&alias=bigbird10.cern.ch&noUDP&sock=schedd_3518298_5df3>
...
040 (10607398.000.000) 11/05 16:40:05 Started transferring input files
	Transferring to host: <188.185.214.61:9618?addrs=188.185.214.61-9618+[2001-1458-303-1c--100-39]-9618&alias=b9p29p8263.cern.ch&noUDP&sock=slot1_10_4294_42e8_46618>
...
040 (10607398.000.000) 11/05 16:40:05 Finished transferring input files
...
001 (10607398.000.000) 11/05 16:40:06 Job executing on host: <188.185.214.61:9618?addrs=188.185.214.61-9618+[2001-1458-303-1c--100-39]-9618&alias=b9p29p8263.cern.ch&noUDP&sock=startd_3580_2923>
	SlotName: slot1_10@b9p29p8263.cern.ch
	CondorScratchDir = "/pool/condor/dir_3805912"
	Cpus = 14
	Disk = 20974317
	GPUs = 0
	Memory = 42000
...
006 (10607398.000.000) 11/05 16:40:20 Image size of job updated: 42180
	42  -  MemoryUsage of job (MB)
	42180  -  ResidentSetSize of job (KB)
...
006 (10607398.000.000) 11/05 16:41:07 Image size of job updated: 375204
	42  -  MemoryUsage of job (MB)
	42180  -  ResidentSetSize of job (KB)
...
040 (10607398.000.000) 11/05 16:41:07 Started transferring output files
...
040 (10607398.000.000) 11/05 16:41:07 Finished transferring output files
...
005 (10607398.000.000) 11/05 16:41:07 Job terminated.
	(1) Normal termination (return value 1)
		Usr 0 00:00:16, Sys 0 00:00:13  -  Run Remote Usage
		Usr 0 00:00:00, Sys 0 00:00:00  -  Run Local Usage
		Usr 0 00:00:16, Sys 0 00:00:13  -  Total Remote Usage
		Usr 0 00:00:00, Sys 0 00:00:00  -  Total Local Usage
	11732  -  Run Bytes Sent By Job
	885  -  Run Bytes Received By Job
	11732  -  Total Bytes Sent By Job
	885  -  Total Bytes Received By Job
	Partitionable Resources :    Usage  Request Allocated 
	   Cpus                 :        0       14        14 
	   Disk (KB)            :       35 20971520  20974317 
	   GPUs                 :                           0 
	   Memory (MB)          :       42    42000     42000 
	   TimeExecute (s)      :       61                    
	   TimeSlotBusy (s)     :       63                    

	Job terminated of its own accord at 2025-11-05T15:41:07Z with exit-code 1.
...
