000 (10607371.000.000) 11/05 15:44:30 Job submitted from host: <188.185.70.244:9618?addrs=188.185.70.244-9618+[2001-1458-d00-7--100-2ee]-9618&alias=bigbird10.cern.ch&noUDP&sock=schedd_3518298_5df3>
...
040 (10607371.000.000) 11/05 15:44:54 Started transferring input files
	Transferring to host: <188.185.213.173:9618?addrs=188.185.213.173-9618+[2001-1458-303-1b--100-29]-9618&alias=b9p28p7806.cern.ch&noUDP&sock=slot1_8_7799_d9d6_55089>
...
040 (10607371.000.000) 11/05 15:44:54 Finished transferring input files
...
001 (10607371.000.000) 11/05 15:44:55 Job executing on host: <188.185.213.173:9618?addrs=188.185.213.173-9618+[2001-1458-303-1b--100-29]-9618&alias=b9p28p7806.cern.ch&noUDP&sock=startd_7103_a54a>
	SlotName: slot1_8@b9p28p7806.cern.ch
	CondorScratchDir = "/pool/condor/dir_4000134"
	Cpus = 14
	Disk = 20973588
	GPUs = 0
	Memory = 42000
...
006 (10607371.000.000) 11/05 15:45:08 Image size of job updated: 42268
	42  -  MemoryUsage of job (MB)
	42268  -  ResidentSetSize of job (KB)
...
006 (10607371.000.000) 11/05 15:45:39 Image size of job updated: 300652
	42  -  MemoryUsage of job (MB)
	42268  -  ResidentSetSize of job (KB)
...
040 (10607371.000.000) 11/05 15:45:39 Started transferring output files
...
040 (10607371.000.000) 11/05 15:45:39 Finished transferring output files
...
005 (10607371.000.000) 11/05 15:45:40 Job terminated.
	(1) Normal termination (return value 1)
		Usr 0 00:00:07, Sys 0 00:00:05  -  Run Remote Usage
		Usr 0 00:00:00, Sys 0 00:00:00  -  Run Local Usage
		Usr 0 00:00:07, Sys 0 00:00:05  -  Total Remote Usage
		Usr 0 00:00:00, Sys 0 00:00:00  -  Total Local Usage
	834  -  Run Bytes Sent By Job
	1389072  -  Run Bytes Received By Job
	834  -  Total Bytes Sent By Job
	1389072  -  Total Bytes Received By Job
	Partitionable Resources :    Usage  Request Allocated 
	   Cpus                 :        0       14        14 
	   Disk (KB)            :     1384 20971520  20973588 
	   GPUs                 :                           0 
	   Memory (MB)          :       42    42000     42000 
	   TimeExecute (s)      :       44                    
	   TimeSlotBusy (s)     :       47                    

	Job terminated of its own accord at 2025-11-05T14:45:39Z with exit-code 1.
...
