000 (10607293.000.000) 11/05 14:53:39 Job submitted from host: <188.185.70.244:9618?addrs=188.185.70.244-9618+[2001-1458-d00-7--100-2ee]-9618&alias=bigbird10.cern.ch&noUDP&sock=schedd_3518298_5df3>
...
040 (10607293.000.000) 11/05 14:53:53 Started transferring input files
	Transferring to host: <128.142.33.213:9618?addrs=128.142.33.213-9618+[2001-1458-301-39--100-12]-9618&alias=b9g24p3253.cern.ch&noUDP&sock=slot1_14_8671_40fa_47998>
...
040 (10607293.000.000) 11/05 14:53:53 Finished transferring input files
...
001 (10607293.000.000) 11/05 14:53:54 Job executing on host: <128.142.33.213:9618?addrs=128.142.33.213-9618+[2001-1458-301-39--100-12]-9618&alias=b9g24p3253.cern.ch&noUDP&sock=startd_7682_caa0>
	SlotName: slot1_14@b9g24p3253.cern.ch
	CondorScratchDir = "/pool/condor/dir_3182108"
	Cpus = 14
	Disk = 20972407
	GPUs = 0
	Memory = 42000
...
006 (10607293.000.000) 11/05 14:54:08 Image size of job updated: 119688
	117  -  MemoryUsage of job (MB)
	119688  -  ResidentSetSize of job (KB)
...
006 (10607293.000.000) 11/05 14:54:30 Image size of job updated: 295168
	117  -  MemoryUsage of job (MB)
	119700  -  ResidentSetSize of job (KB)
...
040 (10607293.000.000) 11/05 14:54:30 Started transferring output files
...
040 (10607293.000.000) 11/05 14:54:30 Finished transferring output files
...
005 (10607293.000.000) 11/05 14:54:30 Job terminated.
	(1) Normal termination (return value 1)
		Usr 0 00:00:07, Sys 0 00:00:04  -  Run Remote Usage
		Usr 0 00:00:00, Sys 0 00:00:00  -  Run Local Usage
		Usr 0 00:00:07, Sys 0 00:00:04  -  Total Remote Usage
		Usr 0 00:00:00, Sys 0 00:00:00  -  Total Local Usage
	709  -  Run Bytes Sent By Job
	1389072  -  Run Bytes Received By Job
	709  -  Total Bytes Sent By Job
	1389072  -  Total Bytes Received By Job
	Partitionable Resources :    Usage  Request Allocated 
	   Cpus                 :        0       14        14 
	   Disk (KB)            :     1411 20971520  20972407 
	   GPUs                 :                           0 
	   Memory (MB)          :      117    42000     42000 
	   TimeExecute (s)      :       36                    
	   TimeSlotBusy (s)     :       38                    

	Job terminated of its own accord at 2025-11-05T13:54:30Z with exit-code 1.
...
