000 (10607334.000.000) 11/05 15:26:45 Job submitted from host: <188.185.70.244:9618?addrs=188.185.70.244-9618+[2001-1458-d00-7--100-2ee]-9618&alias=bigbird10.cern.ch&noUDP&sock=schedd_3518298_5df3>
...
040 (10607334.000.000) 11/05 15:29:49 Started transferring input files
	Transferring to host: <188.185.213.158:9618?addrs=188.185.213.158-9618+[2001-1458-303-1b--100-1a]-9618&alias=b9p28p5030.cern.ch&noUDP&sock=slot1_10_3903_c438_47329>
...
040 (10607334.000.000) 11/05 15:29:49 Finished transferring input files
...
001 (10607334.000.000) 11/05 15:29:50 Job executing on host: <188.185.213.158:9618?addrs=188.185.213.158-9618+[2001-1458-303-1b--100-1a]-9618&alias=b9p28p5030.cern.ch&noUDP&sock=startd_3201_32bf>
	SlotName: slot1_10@b9p28p5030.cern.ch
	CondorScratchDir = "/pool/condor/dir_1672086"
	Cpus = 14
	Disk = 20974138
	GPUs = 0
	Memory = 42000
...
006 (10607334.000.000) 11/05 15:30:03 Image size of job updated: 130256
	128  -  MemoryUsage of job (MB)
	130256  -  ResidentSetSize of job (KB)
...
006 (10607334.000.000) 11/05 15:30:14 Image size of job updated: 241404
	128  -  MemoryUsage of job (MB)
	130296  -  ResidentSetSize of job (KB)
...
040 (10607334.000.000) 11/05 15:30:14 Started transferring output files
...
040 (10607334.000.000) 11/05 15:30:14 Finished transferring output files
...
005 (10607334.000.000) 11/05 15:30:14 Job terminated.
	(1) Normal termination (return value 1)
		Usr 0 00:00:06, Sys 0 00:00:04  -  Run Remote Usage
		Usr 0 00:00:00, Sys 0 00:00:00  -  Run Local Usage
		Usr 0 00:00:06, Sys 0 00:00:04  -  Total Remote Usage
		Usr 0 00:00:00, Sys 0 00:00:00  -  Total Local Usage
	1740  -  Run Bytes Sent By Job
	1389072  -  Run Bytes Received By Job
	1740  -  Total Bytes Sent By Job
	1389072  -  Total Bytes Received By Job
	Partitionable Resources :    Usage  Request Allocated 
	   Cpus                 :        0       14        14 
	   Disk (KB)            :     1386 20971520  20974138 
	   GPUs                 :                           0 
	   Memory (MB)          :      128    42000     42000 
	   TimeExecute (s)      :       24                    
	   TimeSlotBusy (s)     :       27                    

	Job terminated of its own accord at 2025-11-05T14:30:14Z with exit-code 1.
...
