000 (10607370.000.000) 11/05 15:44:30 Job submitted from host: <188.185.70.244:9618?addrs=188.185.70.244-9618+[2001-1458-d00-7--100-2ee]-9618&alias=bigbird10.cern.ch&noUDP&sock=schedd_3518298_5df3>
...
040 (10607370.000.000) 11/05 15:44:53 Started transferring input files
	Transferring to host: <128.142.161.97:9618?addrs=128.142.161.97-9618+[2001-1458-301-b8--100-1f]-9618&alias=b9g03p7944.cern.ch&noUDP&sock=slot1_4_3334086_f3d5_63765>
...
040 (10607370.000.000) 11/05 15:44:53 Finished transferring input files
...
001 (10607370.000.000) 11/05 15:44:54 Job executing on host: <128.142.161.97:9618?addrs=128.142.161.97-9618+[2001-1458-301-b8--100-1f]-9618&alias=b9g03p7944.cern.ch&noUDP&sock=startd_3302_79cf>
	SlotName: slot1_4@b9g03p7944.cern.ch
	CondorScratchDir = "/pool/condor/dir_2015609"
	Cpus = 14
	Disk = 20974320
	GPUs = 0
	Memory = 42000
...
006 (10607370.000.000) 11/05 15:45:07 Image size of job updated: 57804
	57  -  MemoryUsage of job (MB)
	57804  -  ResidentSetSize of job (KB)
...
006 (10607370.000.000) 11/05 15:45:36 Image size of job updated: 332996
	57  -  MemoryUsage of job (MB)
	57804  -  ResidentSetSize of job (KB)
...
040 (10607370.000.000) 11/05 15:45:36 Started transferring output files
...
040 (10607370.000.000) 11/05 15:45:36 Finished transferring output files
...
005 (10607370.000.000) 11/05 15:45:36 Job terminated.
	(1) Normal termination (return value 1)
		Usr 0 00:00:08, Sys 0 00:00:04  -  Run Remote Usage
		Usr 0 00:00:00, Sys 0 00:00:00  -  Run Local Usage
		Usr 0 00:00:08, Sys 0 00:00:04  -  Total Remote Usage
		Usr 0 00:00:00, Sys 0 00:00:00  -  Total Local Usage
	2386  -  Run Bytes Sent By Job
	1389072  -  Run Bytes Received By Job
	2386  -  Total Bytes Sent By Job
	1389072  -  Total Bytes Received By Job
	Partitionable Resources :    Usage  Request Allocated 
	   Cpus                 :        0       14        14 
	   Disk (KB)            :     1385 20971520  20974320 
	   GPUs                 :                           0 
	   Memory (MB)          :       57    42000     42000 
	   TimeExecute (s)      :       42                    
	   TimeSlotBusy (s)     :       45                    

	Job terminated of its own accord at 2025-11-05T14:45:36Z with exit-code 1.
...
