000 (10608230.000.000) 11/05 17:11:29 Job submitted from host: <188.185.70.244:9618?addrs=188.185.70.244-9618+[2001-1458-d00-7--100-2ee]-9618&alias=bigbird10.cern.ch&noUDP&sock=schedd_3518298_5df3>
...
040 (10608230.000.000) 11/05 17:12:12 Started transferring input files
	Transferring to host: <188.185.206.135:9618?addrs=188.185.206.135-9618+[2001-1458-303-c--100-4]-9618&alias=b9p06p6909.cern.ch&noUDP&sock=slot1_3_4845_7d9e_45372>
...
040 (10608230.000.000) 11/05 17:12:12 Finished transferring input files
...
001 (10608230.000.000) 11/05 17:12:13 Job executing on host: <188.185.206.135:9618?addrs=188.185.206.135-9618+[2001-1458-303-c--100-4]-9618&alias=b9p06p6909.cern.ch&noUDP&sock=startd_4087_eba8>
	SlotName: slot1_3@b9p06p6909.cern.ch
	CondorScratchDir = "/pool/condor/dir_1871502"
	Cpus = 14
	Disk = 20973652
	GPUs = 0
	Memory = 42000
...
006 (10608230.000.000) 11/05 17:12:27 Image size of job updated: 70464
	69  -  MemoryUsage of job (MB)
	70464  -  ResidentSetSize of job (KB)
...
006 (10608230.000.000) 11/05 17:12:59 Image size of job updated: 242808
	69  -  MemoryUsage of job (MB)
	70512  -  ResidentSetSize of job (KB)
...
040 (10608230.000.000) 11/05 17:12:59 Started transferring output files
...
040 (10608230.000.000) 11/05 17:12:59 Finished transferring output files
...
005 (10608230.000.000) 11/05 17:12:59 Job terminated.
	(1) Normal termination (return value 1)
		Usr 0 00:00:14, Sys 0 00:00:10  -  Run Remote Usage
		Usr 0 00:00:00, Sys 0 00:00:00  -  Run Local Usage
		Usr 0 00:00:14, Sys 0 00:00:10  -  Total Remote Usage
		Usr 0 00:00:00, Sys 0 00:00:00  -  Total Local Usage
	2055  -  Run Bytes Sent By Job
	2194  -  Run Bytes Received By Job
	2055  -  Total Bytes Sent By Job
	2194  -  Total Bytes Received By Job
	Partitionable Resources :    Usage  Request Allocated 
	   Cpus                 :        0       14        14 
	   Disk (KB)            :       31 20971520  20973652 
	   GPUs                 :                           0 
	   Memory (MB)          :       69    42000     42000 
	   TimeExecute (s)      :       46                    
	   TimeSlotBusy (s)     :       48                    

	Job terminated of its own accord at 2025-11-05T16:12:59Z with exit-code 1.
...
