000 (10607400.000.000) 11/05 16:50:41 Job submitted from host: <188.185.70.244:9618?addrs=188.185.70.244-9618+[2001-1458-d00-7--100-2ee]-9618&alias=bigbird10.cern.ch&noUDP&sock=schedd_3518298_5df3>
...
040 (10607400.000.000) 11/05 16:52:28 Started transferring input files
	Transferring to host: <188.185.193.81:9618?addrs=188.185.193.81-9618+[2001-1458-303-20--100-4d]-9618&alias=b9p19p1180.cern.ch&noUDP&sock=slot1_6_7906_3dfb_42347>
...
040 (10607400.000.000) 11/05 16:52:28 Finished transferring input files
...
001 (10607400.000.000) 11/05 16:52:29 Job executing on host: <188.185.193.81:9618?addrs=188.185.193.81-9618+[2001-1458-303-20--100-4d]-9618&alias=b9p19p1180.cern.ch&noUDP&sock=startd_6531_4d1e>
	SlotName: slot1_6@b9p19p1180.cern.ch
	CondorScratchDir = "/pool/condor/dir_391275"
	Cpus = 14
	Disk = 20974346
	GPUs = 0
	Memory = 42000
...
006 (10607400.000.000) 11/05 16:52:43 Image size of job updated: 55724
	55  -  MemoryUsage of job (MB)
	55724  -  ResidentSetSize of job (KB)
...
006 (10607400.000.000) 11/05 16:57:44 Image size of job updated: 12044476
	3298  -  MemoryUsage of job (MB)
	3376232  -  ResidentSetSize of job (KB)
...
006 (10607400.000.000) 11/05 17:00:42 Image size of job updated: 13238120
	3298  -  MemoryUsage of job (MB)
	3376232  -  ResidentSetSize of job (KB)
...
040 (10607400.000.000) 11/05 17:00:42 Started transferring output files
...
040 (10607400.000.000) 11/05 17:00:42 Finished transferring output files
...
005 (10607400.000.000) 11/05 17:00:42 Job terminated.
	(1) Normal termination (return value 1)
		Usr 0 00:01:23, Sys 0 00:01:23  -  Run Remote Usage
		Usr 0 00:00:00, Sys 0 00:00:00  -  Run Local Usage
		Usr 0 00:01:23, Sys 0 00:01:23  -  Total Remote Usage
		Usr 0 00:00:00, Sys 0 00:00:00  -  Total Local Usage
	892928  -  Run Bytes Sent By Job
	2194  -  Run Bytes Received By Job
	892928  -  Total Bytes Sent By Job
	2194  -  Total Bytes Received By Job
	Partitionable Resources :    Usage  Request Allocated 
	   Cpus                 :        0       14        14 
	   Disk (KB)            :      898 20971520  20974346 
	   GPUs                 :                           0 
	   Memory (MB)          :     3298    42000     42000 
	   TimeExecute (s)      :      493                    
	   TimeSlotBusy (s)     :      495                    

	Job terminated of its own accord at 2025-11-05T16:00:42Z with exit-code 1.
...
