000 (10607296.000.000) 11/05 14:56:48 Job submitted from host: <188.185.70.244:9618?addrs=188.185.70.244-9618+[2001-1458-d00-7--100-2ee]-9618&alias=bigbird10.cern.ch&noUDP&sock=schedd_3518298_5df3>
...
040 (10607296.000.000) 11/05 14:58:11 Started transferring input files
	Transferring to host: <188.185.194.98:9618?addrs=188.185.194.98-9618+[2001-1458-303-21--100-5e]-9618&alias=b9p20p1491.cern.ch&noUDP&sock=slot1_5_7848_6038_40164>
...
040 (10607296.000.000) 11/05 14:58:11 Finished transferring input files
...
001 (10607296.000.000) 11/05 14:58:12 Job executing on host: <188.185.194.98:9618?addrs=188.185.194.98-9618+[2001-1458-303-21--100-5e]-9618&alias=b9p20p1491.cern.ch&noUDP&sock=startd_6526_df25>
	SlotName: slot1_5@b9p20p1491.cern.ch
	CondorScratchDir = "/pool/condor/dir_3768554"
	Cpus = 14
	Disk = 20974279
	GPUs = 0
	Memory = 42000
...
006 (10607296.000.000) 11/05 14:58:26 Image size of job updated: 31228
	2  -  MemoryUsage of job (MB)
	1344  -  ResidentSetSize of job (KB)
...
006 (10607296.000.000) 11/05 14:59:15 Image size of job updated: 295336
	2  -  MemoryUsage of job (MB)
	1344  -  ResidentSetSize of job (KB)
...
040 (10607296.000.000) 11/05 14:59:15 Started transferring output files
...
040 (10607296.000.000) 11/05 14:59:15 Finished transferring output files
...
005 (10607296.000.000) 11/05 14:59:15 Job terminated.
	(1) Normal termination (return value 1)
		Usr 0 00:00:11, Sys 0 00:00:04  -  Run Remote Usage
		Usr 0 00:00:00, Sys 0 00:00:00  -  Run Local Usage
		Usr 0 00:00:11, Sys 0 00:00:04  -  Total Remote Usage
		Usr 0 00:00:00, Sys 0 00:00:00  -  Total Local Usage
	1571  -  Run Bytes Sent By Job
	1389072  -  Run Bytes Received By Job
	1571  -  Total Bytes Sent By Job
	1389072  -  Total Bytes Received By Job
	Partitionable Resources :    Usage  Request Allocated 
	   Cpus                 :        0       14        14 
	   Disk (KB)            :     1385 20971520  20974279 
	   GPUs                 :                           0 
	   Memory (MB)          :        2    42000     42000 
	   TimeExecute (s)      :       63                    
	   TimeSlotBusy (s)     :       65                    

	Job terminated of its own accord at 2025-11-05T13:59:15Z with exit-code 1.
...
