000 (10607300.000.000) 11/05 15:04:59 Job submitted from host: <188.185.70.244:9618?addrs=188.185.70.244-9618+[2001-1458-d00-7--100-2ee]-9618&alias=bigbird10.cern.ch&noUDP&sock=schedd_3518298_5df3>
...
040 (10607300.000.000) 11/05 15:08:00 Started transferring input files
	Transferring to host: <188.185.214.47:9618?addrs=188.185.214.47-9618+[2001-1458-303-1c--100-2b]-9618&alias=b9p29p1922.cern.ch&noUDP&sock=slot1_6_6984_9c15_56298>
...
040 (10607300.000.000) 11/05 15:08:00 Finished transferring input files
...
001 (10607300.000.000) 11/05 15:08:01 Job executing on host: <188.185.214.47:9618?addrs=188.185.214.47-9618+[2001-1458-303-1c--100-2b]-9618&alias=b9p29p1922.cern.ch&noUDP&sock=startd_6020_cc39>
	SlotName: slot1_6@b9p29p1922.cern.ch
	CondorScratchDir = "/pool/condor/dir_2458008"
	Cpus = 14
	Disk = 20974109
	GPUs = 0
	Memory = 42000
...
006 (10607300.000.000) 11/05 15:08:15 Image size of job updated: 107584
	106  -  MemoryUsage of job (MB)
	107584  -  ResidentSetSize of job (KB)
...
006 (10607300.000.000) 11/05 15:08:34 Image size of job updated: 287192
	106  -  MemoryUsage of job (MB)
	107584  -  ResidentSetSize of job (KB)
...
040 (10607300.000.000) 11/05 15:08:34 Started transferring output files
...
040 (10607300.000.000) 11/05 15:08:34 Finished transferring output files
...
005 (10607300.000.000) 11/05 15:08:34 Job terminated.
	(1) Normal termination (return value 1)
		Usr 0 00:00:07, Sys 0 00:00:05  -  Run Remote Usage
		Usr 0 00:00:00, Sys 0 00:00:00  -  Run Local Usage
		Usr 0 00:00:07, Sys 0 00:00:05  -  Total Remote Usage
		Usr 0 00:00:00, Sys 0 00:00:00  -  Total Local Usage
	1638  -  Run Bytes Sent By Job
	1389072  -  Run Bytes Received By Job
	1638  -  Total Bytes Sent By Job
	1389072  -  Total Bytes Received By Job
	Partitionable Resources :    Usage  Request Allocated 
	   Cpus                 :        0       14        14 
	   Disk (KB)            :     1385 20971520  20974109 
	   GPUs                 :                           0 
	   Memory (MB)          :      106    42000     42000 
	   TimeExecute (s)      :       33                    
	   TimeSlotBusy (s)     :       35                    

	Job terminated of its own accord at 2025-11-05T14:08:34Z with exit-code 1.
...
