000 (10607388.000.000) 11/05 16:04:13 Job submitted from host: <188.185.70.244:9618?addrs=188.185.70.244-9618+[2001-1458-d00-7--100-2ee]-9618&alias=bigbird10.cern.ch&noUDP&sock=schedd_3518298_5df3>
...
040 (10607388.000.000) 11/05 16:21:01 Started transferring input files
	Transferring to host: <188.185.195.140:9618?addrs=188.185.195.140-9618+[2001-1458-303-22--100-88]-9618&alias=b9p17p8009.cern.ch&noUDP&sock=slot1_1_3293_f75f_1947>
...
040 (10607388.000.000) 11/05 16:21:01 Finished transferring input files
...
001 (10607388.000.000) 11/05 16:21:02 Job executing on host: <188.185.195.140:9618?addrs=188.185.195.140-9618+[2001-1458-303-22--100-88]-9618&alias=b9p17p8009.cern.ch&noUDP&sock=startd_3234_d55f>
	SlotName: slot1_1@b9p17p8009.cern.ch
	CondorScratchDir = "/pool/condor/dir_1819240"
	Cpus = 14
	Disk = 20974361
	GPUs = 0
	Memory = 42000
...
006 (10607388.000.000) 11/05 16:21:16 Image size of job updated: 38572
	38  -  MemoryUsage of job (MB)
	38572  -  ResidentSetSize of job (KB)
...
006 (10607388.000.000) 11/05 16:26:18 Image size of job updated: 12549448
	6621  -  MemoryUsage of job (MB)
	6779280  -  ResidentSetSize of job (KB)
...
006 (10607388.000.000) 11/05 16:31:06 Image size of job updated: 25872000
	6621  -  MemoryUsage of job (MB)
	6779280  -  ResidentSetSize of job (KB)
...
040 (10607388.000.000) 11/05 16:31:06 Started transferring output files
...
040 (10607388.000.000) 11/05 16:31:06 Finished transferring output files
...
005 (10607388.000.000) 11/05 16:31:06 Job terminated.
	(1) Normal termination (return value 1)
		Usr 0 00:01:36, Sys 0 00:01:11  -  Run Remote Usage
		Usr 0 00:00:00, Sys 0 00:00:00  -  Run Local Usage
		Usr 0 00:01:36, Sys 0 00:01:11  -  Total Remote Usage
		Usr 0 00:00:00, Sys 0 00:00:00  -  Total Local Usage
	891200  -  Run Bytes Sent By Job
	2194  -  Run Bytes Received By Job
	891200  -  Total Bytes Sent By Job
	2194  -  Total Bytes Received By Job
	Partitionable Resources :    Usage  Request Allocated 
	   Cpus                 :     0.05       14        14 
	   Disk (KB)            :   896    20971520  20974361 
	   GPUs                 :                           0 
	   Memory (MB)          :  6621       42000     42000 
	   TimeExecute (s)      :   604                       
	   TimeSlotBusy (s)     :   606                       

	Job terminated of its own accord at 2025-11-05T15:31:06Z with exit-code 1.
...
