000 (10607397.000.000) 11/05 16:38:45 Job submitted from host: <188.185.70.244:9618?addrs=188.185.70.244-9618+[2001-1458-d00-7--100-2ee]-9618&alias=bigbird10.cern.ch&noUDP&sock=schedd_3518298_5df3>
...
040 (10607397.000.000) 11/05 16:40:05 Started transferring input files
	Transferring to host: <188.185.195.44:9618?addrs=188.185.195.44-9618+[2001-1458-303-22--100-28]-9618&alias=b9p17p7881.cern.ch&noUDP&sock=slot1_17_6996_1096_41616>
...
040 (10607397.000.000) 11/05 16:40:05 Finished transferring input files
...
001 (10607397.000.000) 11/05 16:40:06 Job executing on host: <188.185.195.44:9618?addrs=188.185.195.44-9618+[2001-1458-303-22--100-28]-9618&alias=b9p17p7881.cern.ch&noUDP&sock=startd_5937_dddd>
	SlotName: slot1_17@b9p17p7881.cern.ch
	CondorScratchDir = "/pool/condor/dir_1049170"
	Cpus = 14
	Disk = 20974466
	GPUs = 0
	Memory = 42000
...
006 (10607397.000.000) 11/05 16:40:20 Image size of job updated: 37692
	37  -  MemoryUsage of job (MB)
	37692  -  ResidentSetSize of job (KB)
...
006 (10607397.000.000) 11/05 16:45:21 Image size of job updated: 12053656
	2446  -  MemoryUsage of job (MB)
	2504028  -  ResidentSetSize of job (KB)
...
006 (10607397.000.000) 11/05 16:48:56 Image size of job updated: 12557344
	2446  -  MemoryUsage of job (MB)
	2504028  -  ResidentSetSize of job (KB)
...
040 (10607397.000.000) 11/05 16:48:56 Started transferring output files
...
040 (10607397.000.000) 11/05 16:48:56 Finished transferring output files
...
005 (10607397.000.000) 11/05 16:48:56 Job terminated.
	(1) Normal termination (return value 1)
		Usr 0 00:01:27, Sys 0 00:01:00  -  Run Remote Usage
		Usr 0 00:00:00, Sys 0 00:00:00  -  Run Local Usage
		Usr 0 00:01:27, Sys 0 00:01:00  -  Total Remote Usage
		Usr 0 00:00:00, Sys 0 00:00:00  -  Total Local Usage
	891550  -  Run Bytes Sent By Job
	2194  -  Run Bytes Received By Job
	891550  -  Total Bytes Sent By Job
	2194  -  Total Bytes Received By Job
	Partitionable Resources :    Usage  Request Allocated 
	   Cpus                 :     0.34       14        14 
	   Disk (KB)            :   896    20971520  20974466 
	   GPUs                 :                           0 
	   Memory (MB)          :  2446       42000     42000 
	   TimeExecute (s)      :   530                       
	   TimeSlotBusy (s)     :   532                       

	Job terminated of its own accord at 2025-11-05T15:48:56Z with exit-code 1.
...
