000 (10607292.000.000) 11/05 14:53:38 Job submitted from host: <188.185.70.244:9618?addrs=188.185.70.244-9618+[2001-1458-d00-7--100-2ee]-9618&alias=bigbird10.cern.ch&noUDP&sock=schedd_3518298_5df3>
...
040 (10607292.000.000) 11/05 14:53:55 Started transferring input files
	Transferring to host: <188.185.210.225:9618?addrs=188.185.210.225-9618+[2001-1458-303-15--100-5d]-9618&alias=b9p22p2530.cern.ch&noUDP&sock=slot1_1_4236_6525_62387>
...
040 (10607292.000.000) 11/05 14:53:55 Finished transferring input files
...
001 (10607292.000.000) 11/05 14:53:56 Job executing on host: <188.185.210.225:9618?addrs=188.185.210.225-9618+[2001-1458-303-15--100-5d]-9618&alias=b9p22p2530.cern.ch&noUDP&sock=startd_3592_6446>
	SlotName: slot1_1@b9p22p2530.cern.ch
	CondorScratchDir = "/pool/condor/dir_2649166"
	Cpus = 14
	Disk = 20974586
	GPUs = 0
	Memory = 42000
...
006 (10607292.000.000) 11/05 14:54:09 Image size of job updated: 66324
	65  -  MemoryUsage of job (MB)
	66324  -  ResidentSetSize of job (KB)
...
006 (10607292.000.000) 11/05 14:54:29 Image size of job updated: 262948
	65  -  MemoryUsage of job (MB)
	66324  -  ResidentSetSize of job (KB)
...
040 (10607292.000.000) 11/05 14:54:29 Started transferring output files
...
040 (10607292.000.000) 11/05 14:54:30 Finished transferring output files
...
005 (10607292.000.000) 11/05 14:54:30 Job terminated.
	(1) Normal termination (return value 2)
		Usr 0 00:00:06, Sys 0 00:00:04  -  Run Remote Usage
		Usr 0 00:00:00, Sys 0 00:00:00  -  Run Local Usage
		Usr 0 00:00:06, Sys 0 00:00:04  -  Total Remote Usage
		Usr 0 00:00:00, Sys 0 00:00:00  -  Total Local Usage
	789  -  Run Bytes Sent By Job
	1389072  -  Run Bytes Received By Job
	789  -  Total Bytes Sent By Job
	1389072  -  Total Bytes Received By Job
	Partitionable Resources :    Usage  Request Allocated 
	   Cpus                 :        0       14        14 
	   Disk (KB)            :     1411 20971520  20974586 
	   GPUs                 :                           0 
	   Memory (MB)          :       65    42000     42000 
	   TimeExecute (s)      :       33                    
	   TimeSlotBusy (s)     :       40                    

	Job terminated of its own accord at 2025-11-05T13:54:29Z with exit-code 2.
...
