000 (10607387.000.000) 11/05 16:04:07 Job submitted from host: <188.185.70.244:9618?addrs=188.185.70.244-9618+[2001-1458-d00-7--100-2ee]-9618&alias=bigbird10.cern.ch&noUDP&sock=schedd_3518298_5df3>
...
040 (10607387.000.000) 11/05 16:05:56 Started transferring input files
	Transferring to host: <188.185.194.79:9618?addrs=188.185.194.79-9618+[2001-1458-303-21--100-4b]-9618&alias=b9p20p5952.cern.ch&noUDP&sock=slot1_6_7973_731d_43578>
...
040 (10607387.000.000) 11/05 16:05:56 Finished transferring input files
...
001 (10607387.000.000) 11/05 16:05:57 Job executing on host: <188.185.194.79:9618?addrs=188.185.194.79-9618+[2001-1458-303-21--100-4b]-9618&alias=b9p20p5952.cern.ch&noUDP&sock=startd_6588_6604>
	SlotName: slot1_6@b9p20p5952.cern.ch
	CondorScratchDir = "/pool/condor/dir_688480"
	Cpus = 14
	Disk = 20974411
	GPUs = 0
	Memory = 42000
...
006 (10607387.000.000) 11/05 16:06:10 Image size of job updated: 38664
	38  -  MemoryUsage of job (MB)
	38664  -  ResidentSetSize of job (KB)
...
006 (10607387.000.000) 11/05 16:11:10 Image size of job updated: 9557596
	9278  -  MemoryUsage of job (MB)
	9500516  -  ResidentSetSize of job (KB)
...
006 (10607387.000.000) 11/05 16:16:11 Image size of job updated: 26145268
	20884  -  MemoryUsage of job (MB)
	21384508  -  ResidentSetSize of job (KB)
...
040 (10607387.000.000) 11/05 16:16:14 Started transferring output files
...
040 (10607387.000.000) 11/05 16:16:14 Finished transferring output files
...
005 (10607387.000.000) 11/05 16:16:14 Job terminated.
	(1) Normal termination (return value 1)
		Usr 0 00:01:29, Sys 0 00:02:01  -  Run Remote Usage
		Usr 0 00:00:00, Sys 0 00:00:00  -  Run Local Usage
		Usr 0 00:01:29, Sys 0 00:02:01  -  Total Remote Usage
		Usr 0 00:00:00, Sys 0 00:00:00  -  Total Local Usage
	891199  -  Run Bytes Sent By Job
	2194  -  Run Bytes Received By Job
	891199  -  Total Bytes Sent By Job
	2194  -  Total Bytes Received By Job
	Partitionable Resources :    Usage  Request Allocated 
	   Cpus                 :        0       14        14 
	   Disk (KB)            :      895 20971520  20974411 
	   GPUs                 :                           0 
	   Memory (MB)          :    20884    42000     42000 
	   TimeExecute (s)      :      617                    
	   TimeSlotBusy (s)     :      619                    

	Job terminated of its own accord at 2025-11-05T15:16:14Z with exit-code 1.
...
