nohup: ignoring input
=== ML Training Monitor Started at Tue Nov  4 06:23:10 AM CET 2025 ===
Monitoring jobs: 1639625 1639628 1639629 1639630
Check interval: 1200s (20 minutes)

Initial sleep for 20 minutes...

=== Status Check at Tue Nov  4 06:43:10 AM CET 2025 ===
All jobs completed or removed from queue.

=== Checking for failures ===
Job 1639625 failed (ExitCode: 1, Status: 4)
  Error log: /afs/cern.ch/work/e/evilla/private/dune/ml_for_pointing/logs/MT_IDENTIFIER_V4_1639625.err
  Last 30 lines:
    2025-11-04 01:40:19.239484: I tensorflow/core/util/port.cc:113] oneDNN custom operations are on. You may see slightly different numerical results due to floating-point round-off errors from different computation orders. To turn them off, set the environment variable `TF_ENABLE_ONEDNN_OPTS=0`.
    2025-11-04 01:40:19.280137: I tensorflow/core/platform/cpu_feature_guard.cc:210] This TensorFlow binary is optimized to use available CPU instructions in performance-critical operations.
    To enable the following instructions: AVX2 AVX512F AVX512_VNNI AVX512_BF16 AVX512_FP16 AVX_VNNI AMX_TILE AMX_INT8 AMX_BF16 FMA, in other operations, rebuild TensorFlow with the appropriate compiler flags.
    2025-11-04 01:40:20.709530: W tensorflow/compiler/tf2tensorrt/utils/py_utils.cc:38] TF-TRT Warning: Could not find TensorRT
    Traceback (most recent call last):
      File "/afs/cern.ch/work/e/evilla/private/dune/ml_for_pointing/mt_identifier/mt_training.py", line 345, in <module>
        main()
      File "/afs/cern.ch/work/e/evilla/private/dune/ml_for_pointing/mt_identifier/mt_training.py", line 233, in main
        train, validation, test = cl.prepare_data_from_npz(
                                  ^^^^^^^^^^^^^^^^^^^^^^^^^
      File "/afs/cern.ch/work/e/evilla/private/dune/ml_for_pointing/python/classification_libs.py", line 59, in prepare_data_from_npz
        dataset_img, metadata = dl.load_dataset_from_directory(
                                ^^^^^^^^^^^^^^^^^^^^^^^^^^^^^^^
      File "/afs/cern.ch/work/e/evilla/private/dune/ml_for_pointing/python/data_loader.py", line 164, in load_dataset_from_directory
        images, metadata = load_npz_batch(str(batch_file))
                           ^^^^^^^^^^^^^^^^^^^^^^^^^^^^^^^
      File "/afs/cern.ch/work/e/evilla/private/dune/ml_for_pointing/python/data_loader.py", line 83, in load_npz_batch
        data = np.load(file_path)
               ^^^^^^^^^^^^^^^^^^
      File "/cvmfs/sft.cern.ch/lcg/views/LCG_106_cuda/x86_64-el9-gcc11-opt/lib/python3.11/site-packages/numpy/lib/npyio.py", line 436, in load
        raise EOFError("No data left in file")
    EOFError: No data left in file
Job 1639628 failed (ExitCode: 2, Status: 4)
  Error log: /afs/cern.ch/work/e/evilla/private/dune/ml_for_pointing/logs/ELECTRON_DIRECTION_V3_1639628.err
  Last 30 lines:
    2025-11-04 01:41:36.233008: I tensorflow/core/util/port.cc:113] oneDNN custom operations are on. You may see slightly different numerical results due to floating-point round-off errors from different computation orders. To turn them off, set the environment variable `TF_ENABLE_ONEDNN_OPTS=0`.
    2025-11-04 01:41:36.273627: I tensorflow/core/platform/cpu_feature_guard.cc:210] This TensorFlow binary is optimized to use available CPU instructions in performance-critical operations.
    To enable the following instructions: AVX2 AVX512F AVX512_VNNI AVX512_BF16 AVX512_FP16 AVX_VNNI AMX_TILE AMX_INT8 AMX_BF16 FMA, in other operations, rebuild TensorFlow with the appropriate compiler flags.
    2025-11-04 01:41:37.652529: W tensorflow/compiler/tf2tensorrt/utils/py_utils.cc:38] TF-TRT Warning: Could not find TensorRT
    usage: ed_training.py [-h] --input_json INPUT_JSON
                          [--output_folder OUTPUT_FOLDER] [--data_dir DATA_DIR]
                          [--plane {U,V,X}] [--max_samples MAX_SAMPLES]
                          [--verbose]
    ed_training.py: error: argument --plane: invalid choice: 'json/electron_direction/production_training_v3.json' (choose from 'U', 'V', 'X')
Job 1639629 failed (ExitCode: 1, Status: 4)
  Error log: /afs/cern.ch/work/e/evilla/private/dune/ml_for_pointing/logs/ELECTRON_DIRECTION_3PLANE_V2_1639629.err
  Last 30 lines:
    2025-11-04 01:42:04.556807: I tensorflow/core/util/port.cc:113] oneDNN custom operations are on. You may see slightly different numerical results due to floating-point round-off errors from different computation orders. To turn them off, set the environment variable `TF_ENABLE_ONEDNN_OPTS=0`.
    2025-11-04 01:42:04.597203: I tensorflow/core/platform/cpu_feature_guard.cc:210] This TensorFlow binary is optimized to use available CPU instructions in performance-critical operations.
    To enable the following instructions: AVX2 AVX512F AVX512_VNNI AVX512_BF16 AVX512_FP16 AVX_VNNI AMX_TILE AMX_INT8 AMX_BF16 FMA, in other operations, rebuild TensorFlow with the appropriate compiler flags.
    2025-11-04 01:42:05.961477: W tensorflow/compiler/tf2tensorrt/utils/py_utils.cc:38] TF-TRT Warning: Could not find TensorRT
    Warning: Unrecognized argument 'json/electron_direction_3plane/production_training_v2.json'
    2025-11-04 01:42:16.557559: I tensorflow/core/util/port.cc:113] oneDNN custom operations are on. You may see slightly different numerical results due to floating-point round-off errors from different computation orders. To turn them off, set the environment variable `TF_ENABLE_ONEDNN_OPTS=0`.
    2025-11-04 01:42:16.599236: I tensorflow/core/platform/cpu_feature_guard.cc:210] This TensorFlow binary is optimized to use available CPU instructions in performance-critical operations.
    To enable the following instructions: AVX2 AVX512F AVX512_VNNI AVX512_BF16 AVX512_FP16 AVX_VNNI AMX_TILE AMX_INT8 AMX_BF16 FMA, in other operations, rebuild TensorFlow with the appropriate compiler flags.
    2025-11-04 01:42:17.986444: W tensorflow/compiler/tf2tensorrt/utils/py_utils.cc:38] TF-TRT Warning: Could not find TensorRT
    Traceback (most recent call last):
      File "/afs/cern.ch/work/e/evilla/private/dune/ml_for_pointing/electron_direction_3plane/ed3p_training.py", line 289, in <module>
        main()
      File "/afs/cern.ch/work/e/evilla/private/dune/ml_for_pointing/electron_direction_3plane/ed3p_training.py", line 203, in main
        train, validation, test = rl.prepare_data_from_npz_3planes(
                                  ^^^^^^^^^^^^^^^^^^^^^^^^^^^^^^^^
    AttributeError: module 'regression_libs' has no attribute 'prepare_data_from_npz_3planes'
Job 1639630 failed (ExitCode: 2, Status: 4)
  Error log: /afs/cern.ch/work/e/evilla/private/dune/ml_for_pointing/logs/CHANNEL_TAGGING_V3_1639630.err
  Last 30 lines:
    2025-11-04 01:42:51.487288: I tensorflow/core/util/port.cc:113] oneDNN custom operations are on. You may see slightly different numerical results due to floating-point round-off errors from different computation orders. To turn them off, set the environment variable `TF_ENABLE_ONEDNN_OPTS=0`.
    2025-11-04 01:42:51.527966: I tensorflow/core/platform/cpu_feature_guard.cc:210] This TensorFlow binary is optimized to use available CPU instructions in performance-critical operations.
    To enable the following instructions: AVX2 AVX512F AVX512_VNNI AVX512_BF16 AVX512_FP16 AVX_VNNI AMX_TILE AMX_INT8 AMX_BF16 FMA, in other operations, rebuild TensorFlow with the appropriate compiler flags.
    2025-11-04 01:42:53.005660: W tensorflow/compiler/tf2tensorrt/utils/py_utils.cc:38] TF-TRT Warning: Could not find TensorRT
    usage: ct_training.py [-h] --input_json INPUT_JSON
                          [--output_folder OUTPUT_FOLDER] [--data_dir DATA_DIR]
                          [--plane {U,V,X}] [--max_samples MAX_SAMPLES]
                          [--verbose]
    ct_training.py: error: argument --plane: invalid choice: 'json/channel_tagging/production_training_v3.json' (choose from 'U', 'V', 'X')

=== Monitoring complete at Tue Nov  4 06:43:18 AM CET 2025 ===
