000 (10630091.000.000) 11/11 11:13:10 Job submitted from host: <188.185.70.244:9618?addrs=188.185.70.244-9618+[2001-1458-d00-7--100-2ee]-9618&alias=bigbird10.cern.ch&noUDP&sock=schedd_3518298_5df3>
...
040 (10630091.000.000) 11/11 11:13:14 Started transferring input files
	Transferring to host: <188.185.190.41:9618?addrs=188.185.190.41-9618+[2001-1458-d03-b--100-2b]-9618&alias=b9pgpun041.cern.ch&noUDP&sock=slot1_1_6880_5511_5204>
...
040 (10630091.000.000) 11/11 11:13:14 Finished transferring input files
...
001 (10630091.000.000) 11/11 11:13:15 Job executing on host: <188.185.190.41:9618?addrs=188.185.190.41-9618+[2001-1458-d03-b--100-2b]-9618&alias=b9pgpun041.cern.ch&noUDP&sock=startd_6206_60d7>
	SlotName: slot1_1@b9pgpun041.cern.ch
	AvailableGPUs = { GPUs_MIG_938feea4_8020_5c2f_87db_d99c1ace5bc0 }
	CondorScratchDir = "/pool/condor/dir_3060037"
	Cpus = 7
	Disk = 2049
	GPUs = 1
	GPUs_MIG_938feea4_8020_5c2f_87db_d99c1ace5bc0 = [ Id = "MIG-938feea4-8020-5c2f-87db-d99c1ace5bc0"; DeviceName = "NVIDIA H100L-2-24C MIG 2g.24gb"; DeviceUuid = "MIG-938feea4-8020-5c2f-87db-d99c1ace5bc0"; ComputeUnits = 32; GlobalMemoryMb = 21547 ]
	Memory = 21000
...
006 (10630091.000.000) 11/11 11:13:29 Image size of job updated: 79976
	79  -  MemoryUsage of job (MB)
	79976  -  ResidentSetSize of job (KB)
...
006 (10630091.000.000) 11/11 11:18:30 Image size of job updated: 10268840
	10029  -  MemoryUsage of job (MB)
	10268840  -  ResidentSetSize of job (KB)
...
006 (10630091.000.000) 11/11 11:23:30 Image size of job updated: 19050968
	18605  -  MemoryUsage of job (MB)
	19050968  -  ResidentSetSize of job (KB)
...
006 (10630091.000.000) 11/11 11:28:31 Image size of job updated: 27586972
	26941  -  MemoryUsage of job (MB)
	27586972  -  ResidentSetSize of job (KB)
...
006 (10630091.000.000) 11/11 11:33:32 Image size of job updated: 35932944
	35091  -  MemoryUsage of job (MB)
	35932944  -  ResidentSetSize of job (KB)
...
006 (10630091.000.000) 11/11 11:38:32 Image size of job updated: 36717980
	35694  -  MemoryUsage of job (MB)
	36549688  -  ResidentSetSize of job (KB)
...
006 (10630091.000.000) 11/11 11:43:32 Image size of job updated: 36717980
	35716  -  MemoryUsage of job (MB)
	36572168  -  ResidentSetSize of job (KB)
...
006 (10630091.000.000) 11/11 11:48:33 Image size of job updated: 37075480
	35933  -  MemoryUsage of job (MB)
	36795196  -  ResidentSetSize of job (KB)
...
006 (10630091.000.000) 11/11 11:49:45 Image size of job updated: 38384720
	35934  -  MemoryUsage of job (MB)
	36796028  -  ResidentSetSize of job (KB)
...
021 (10630091.000.000) 11/11 11:49:45 Error from starter on slot1_1@b9pgpun041.cern.ch:
	Job has gone over cgroup memory limit of 21000 megabytes. Last measured usage: 37485 megabytes.  Consider resubmitting with a higher request_memory.
	Code 34 Subcode 0
...
004 (10630091.000.000) 11/11 11:49:45 Job was evicted.
	(0) CPU times
		Usr 0 00:26:42, Sys 0 00:04:31  -  Run Remote Usage
		Usr 0 00:00:00, Sys 0 00:00:00  -  Run Local Usage
	0  -  Run Bytes Sent By Job
	1600  -  Run Bytes Received By Job
	Error from slot1_1@b9pgpun041.cern.ch: Job has gone over cgroup memory limit of 21000 megabytes. Last measured usage: 37485 megabytes.  Consider resubmitting with a higher request_memory.
	Partitionable Resources :    Usage  Request Allocated Assigned
	   Cpus                 :     0.89        7         7 
	   Disk (KB)            :    36           2      2049 
	   GPUs                 :                 1         1 "MIG-938feea4-8020-5c2f-87db-d99c1ace5bc0"
	   Memory (MB)          : 35934       21000     21000 
	   TimeSlotBusy (s)     :  2192                       
...
012 (10630091.000.000) 11/11 11:49:45 Job was held.
	Error from slot1_1@b9pgpun041.cern.ch: Job has gone over cgroup memory limit of 21000 megabytes. Last measured usage: 37485 megabytes.  Consider resubmitting with a higher request_memory.
	Code 34 Subcode 0
...
009 (10630091.000.000) 11/11 12:23:18 Job was aborted.
	via condor_rm (by user evilla)
...
