000 (10630313.000.000) 11/11 14:32:15 Job submitted from host: <188.185.70.244:9618?addrs=188.185.70.244-9618+[2001-1458-d00-7--100-2ee]-9618&alias=bigbird10.cern.ch&noUDP&sock=schedd_3518298_5df3>
...
040 (10630313.000.000) 11/11 14:37:45 Started transferring input files
	Transferring to host: <188.185.190.44:9618?addrs=188.185.190.44-9618+[2001-1458-d03-b--100-18c]-9618&alias=b9pgpun054.cern.ch&noUDP&sock=slot1_1_8284_93ca_15257>
...
040 (10630313.000.000) 11/11 14:37:45 Finished transferring input files
...
001 (10630313.000.000) 11/11 14:37:46 Job executing on host: <188.185.190.44:9618?addrs=188.185.190.44-9618+[2001-1458-d03-b--100-18c]-9618&alias=b9pgpun054.cern.ch&noUDP&sock=startd_7122_ad97>
	SlotName: slot1_1@b9pgpun054.cern.ch
	AvailableGPUs = { GPUs_MIG_dc3768ee_55e9_54d9_994a_83088dca5c41 }
	CondorScratchDir = "/pool/condor/dir_945121"
	Cpus = 6
	Disk = 2048
	GPUs = 1
	GPUs_MIG_dc3768ee_55e9_54d9_994a_83088dca5c41 = [ Id = "MIG-dc3768ee-55e9-54d9-994a-83088dca5c41"; DeviceName = "NVIDIA H100L-1-12C MIG 1g.12gb"; DeviceUuid = "MIG-dc3768ee-55e9-54d9-994a-83088dca5c41"; ComputeUnits = 16; GlobalMemoryMb = 10564 ]
	Memory = 18000
...
006 (10630313.000.000) 11/11 14:38:00 Image size of job updated: 259296
	254  -  MemoryUsage of job (MB)
	259296  -  ResidentSetSize of job (KB)
...
006 (10630313.000.000) 11/11 14:43:01 Image size of job updated: 1324328
	1068  -  MemoryUsage of job (MB)
	1093328  -  ResidentSetSize of job (KB)
...
006 (10630313.000.000) 11/11 14:48:01 Image size of job updated: 1324328
	1092  -  MemoryUsage of job (MB)
	1118072  -  ResidentSetSize of job (KB)
...
006 (10630313.000.000) 11/11 14:53:01 Image size of job updated: 1324328
	1107  -  MemoryUsage of job (MB)
	1132920  -  ResidentSetSize of job (KB)
...
006 (10630313.000.000) 11/11 14:58:02 Image size of job updated: 1339468
	1116  -  MemoryUsage of job (MB)
	1142076  -  ResidentSetSize of job (KB)
...
006 (10630313.000.000) 11/11 15:03:02 Image size of job updated: 1366164
	1116  -  MemoryUsage of job (MB)
	1142076  -  ResidentSetSize of job (KB)
...
006 (10630313.000.000) 11/11 15:08:02 Image size of job updated: 1366164
	1325  -  MemoryUsage of job (MB)
	1356600  -  ResidentSetSize of job (KB)
...
006 (10630313.000.000) 11/11 15:18:04 Image size of job updated: 2893448
	2325  -  MemoryUsage of job (MB)
	2380592  -  ResidentSetSize of job (KB)
...
006 (10630313.000.000) 11/11 15:23:04 Image size of job updated: 2974012
	2483  -  MemoryUsage of job (MB)
	2541620  -  ResidentSetSize of job (KB)
...
006 (10630313.000.000) 11/11 15:28:04 Image size of job updated: 2974012
	2617  -  MemoryUsage of job (MB)
	2679640  -  ResidentSetSize of job (KB)
...
006 (10630313.000.000) 11/11 15:33:05 Image size of job updated: 2974012
	2704  -  MemoryUsage of job (MB)
	2768444  -  ResidentSetSize of job (KB)
...
006 (10630313.000.000) 11/11 15:38:06 Image size of job updated: 2974012
	2754  -  MemoryUsage of job (MB)
	2819516  -  ResidentSetSize of job (KB)
...
006 (10630313.000.000) 11/11 15:43:06 Image size of job updated: 4207968
	3836  -  MemoryUsage of job (MB)
	3927464  -  ResidentSetSize of job (KB)
...
006 (10630313.000.000) 11/11 15:48:06 Image size of job updated: 4276584
	3988  -  MemoryUsage of job (MB)
	4082844  -  ResidentSetSize of job (KB)
...
006 (10630313.000.000) 11/11 15:53:07 Image size of job updated: 4294236
	4177  -  MemoryUsage of job (MB)
	4276436  -  ResidentSetSize of job (KB)
...
006 (10630313.000.000) 11/11 16:03:07 Image size of job updated: 4324572
	4177  -  MemoryUsage of job (MB)
	4276436  -  ResidentSetSize of job (KB)
...
006 (10630313.000.000) 11/11 16:13:09 Image size of job updated: 4343304
	4177  -  MemoryUsage of job (MB)
	4276436  -  ResidentSetSize of job (KB)
...
006 (10630313.000.000) 11/11 16:23:09 Image size of job updated: 4392828
	4177  -  MemoryUsage of job (MB)
	4276436  -  ResidentSetSize of job (KB)
...
006 (10630313.000.000) 11/11 16:28:10 Image size of job updated: 4396364
	4177  -  MemoryUsage of job (MB)
	4276436  -  ResidentSetSize of job (KB)
...
006 (10630313.000.000) 11/11 16:38:11 Image size of job updated: 4546940
	4243  -  MemoryUsage of job (MB)
	4343872  -  ResidentSetSize of job (KB)
...
006 (10630313.000.000) 11/11 16:43:12 Image size of job updated: 4995896
	4680  -  MemoryUsage of job (MB)
	4792044  -  ResidentSetSize of job (KB)
...
006 (10630313.000.000) 11/11 16:48:13 Image size of job updated: 5031980
	4908  -  MemoryUsage of job (MB)
	5025448  -  ResidentSetSize of job (KB)
...
006 (10630313.000.000) 11/11 16:53:13 Image size of job updated: 5035312
	4908  -  MemoryUsage of job (MB)
	5025448  -  ResidentSetSize of job (KB)
...
006 (10630313.000.000) 11/11 16:58:13 Image size of job updated: 5041108
	4908  -  MemoryUsage of job (MB)
	5025448  -  ResidentSetSize of job (KB)
...
006 (10630313.000.000) 11/11 17:03:14 Image size of job updated: 5041168
	4908  -  MemoryUsage of job (MB)
	5025448  -  ResidentSetSize of job (KB)
...
006 (10630313.000.000) 11/11 17:08:15 Image size of job updated: 5401120
	5010  -  MemoryUsage of job (MB)
	5129760  -  ResidentSetSize of job (KB)
...
006 (10630313.000.000) 11/11 17:13:15 Image size of job updated: 5458284
	5010  -  MemoryUsage of job (MB)
	5129760  -  ResidentSetSize of job (KB)
...
006 (10630313.000.000) 11/11 17:18:15 Image size of job updated: 5458284
	5024  -  MemoryUsage of job (MB)
	5143988  -  ResidentSetSize of job (KB)
...
006 (10630313.000.000) 11/11 17:38:17 Image size of job updated: 5674036
	5452  -  MemoryUsage of job (MB)
	5582724  -  ResidentSetSize of job (KB)
...
006 (10630313.000.000) 11/11 17:43:18 Image size of job updated: 5803828
	5475  -  MemoryUsage of job (MB)
	5606344  -  ResidentSetSize of job (KB)
...
006 (10630313.000.000) 11/11 17:48:18 Image size of job updated: 5803828
	5488  -  MemoryUsage of job (MB)
	5619080  -  ResidentSetSize of job (KB)
...
006 (10630313.000.000) 11/11 17:53:18 Image size of job updated: 5803828
	5515  -  MemoryUsage of job (MB)
	5646660  -  ResidentSetSize of job (KB)
...
006 (10630313.000.000) 11/11 18:08:20 Image size of job updated: 6306080
	5886  -  MemoryUsage of job (MB)
	6026620  -  ResidentSetSize of job (KB)
...
006 (10630313.000.000) 11/11 18:13:20 Image size of job updated: 6902952
	6627  -  MemoryUsage of job (MB)
	6785148  -  ResidentSetSize of job (KB)
...
006 (10630313.000.000) 11/11 18:18:21 Image size of job updated: 7110760
	6735  -  MemoryUsage of job (MB)
	6896080  -  ResidentSetSize of job (KB)
...
006 (10630313.000.000) 11/11 18:28:22 Image size of job updated: 7110760
	6776  -  MemoryUsage of job (MB)
	6938324  -  ResidentSetSize of job (KB)
...
006 (10630313.000.000) 11/11 18:33:23 Image size of job updated: 7110760
	6798  -  MemoryUsage of job (MB)
	6960584  -  ResidentSetSize of job (KB)
...
006 (10630313.000.000) 11/11 18:38:24 Image size of job updated: 7110760
	6890  -  MemoryUsage of job (MB)
	7054500  -  ResidentSetSize of job (KB)
...
006 (10630313.000.000) 11/11 18:48:24 Image size of job updated: 9344692
	9126  -  MemoryUsage of job (MB)
	9344692  -  ResidentSetSize of job (KB)
...
006 (10630313.000.000) 11/11 19:18:28 Image size of job updated: 9408708
	9126  -  MemoryUsage of job (MB)
	9344692  -  ResidentSetSize of job (KB)
...
006 (10630313.000.000) 11/11 19:48:30 Image size of job updated: 9489848
	9126  -  MemoryUsage of job (MB)
	9344692  -  ResidentSetSize of job (KB)
...
006 (10630313.000.000) 11/11 19:53:31 Image size of job updated: 9604228
	9317  -  MemoryUsage of job (MB)
	9539640  -  ResidentSetSize of job (KB)
...
006 (10630313.000.000) 11/11 19:58:31 Image size of job updated: 9604228
	9334  -  MemoryUsage of job (MB)
	9557808  -  ResidentSetSize of job (KB)
...
006 (10630313.000.000) 11/11 20:48:37 Image size of job updated: 9636168
	9334  -  MemoryUsage of job (MB)
	9557808  -  ResidentSetSize of job (KB)
...
006 (10630313.000.000) 11/11 21:18:40 Image size of job updated: 9770512
	9334  -  MemoryUsage of job (MB)
	9557808  -  ResidentSetSize of job (KB)
...
006 (10630313.000.000) 11/11 22:23:46 Image size of job updated: 9770512
	9385  -  MemoryUsage of job (MB)
	9609732  -  ResidentSetSize of job (KB)
...
006 (10630313.000.000) 11/11 22:28:46 Image size of job updated: 9770512
	9396  -  MemoryUsage of job (MB)
	9621012  -  ResidentSetSize of job (KB)
...
040 (10630313.000.000) 11/12 03:55:42 Started transferring output files
...
040 (10630313.000.000) 11/12 03:55:42 Finished transferring output files
...
005 (10630313.000.000) 11/12 03:55:42 Job terminated.
	(1) Normal termination (return value 0)
		Usr 0 12:49:25, Sys 0 02:04:46  -  Run Remote Usage
		Usr 0 00:00:00, Sys 0 00:00:00  -  Run Local Usage
		Usr 0 12:49:25, Sys 0 02:04:46  -  Total Remote Usage
		Usr 0 00:00:00, Sys 0 00:00:00  -  Total Local Usage
	6324492  -  Run Bytes Sent By Job
	1680  -  Run Bytes Received By Job
	6324492  -  Total Bytes Sent By Job
	1680  -  Total Bytes Received By Job
	Partitionable Resources :    Usage  Request Allocated Assigned
	   Cpus                 :     1.25        6         6 
	   Disk (KB)            :  6201           2      2048 
	   GPUs                 :                 1         1 "MIG-dc3768ee-55e9-54d9-994a-83088dca5c41"
	   Memory (MB)          :  9396       18000     18000 
	   TimeExecute (s)      : 47876                       
	   TimeSlotBusy (s)     : 47878                       

	Job terminated of its own accord at 2025-11-12T02:55:42Z with exit-code 0.
...
