000 (13722804.000.000) 11/12 01:20:21 Job submitted from host: <188.184.90.62:9618?addrs=188.184.90.62-9618+[2001-1458-201-e4--100-238]-9618&alias=bigbird16.cern.ch&noUDP&sock=schedd_2089_756e>
...
040 (13722804.000.000) 11/12 01:21:17 Started transferring input files
	Transferring to host: <128.142.161.115:9618?addrs=128.142.161.115-9618+[2001-1458-301-b8--100-31]-9618&alias=b9g03p1277.cern.ch&noUDP&sock=slot1_7_1055295_8b3a_59884>
...
040 (13722804.000.000) 11/12 01:21:17 Finished transferring input files
...
001 (13722804.000.000) 11/12 01:21:18 Job executing on host: <128.142.161.115:9618?addrs=128.142.161.115-9618+[2001-1458-301-b8--100-31]-9618&alias=b9g03p1277.cern.ch&noUDP&sock=startd_3658_a987>
	SlotName: slot1_7@b9g03p1277.cern.ch
	CondorScratchDir = "/pool/condor/dir_2779994"
	Cpus = 6
	Disk = 5245631
	GPUs = 0
	Memory = 18000
...
006 (13722804.000.000) 11/12 01:21:32 Image size of job updated: 1372
	2  -  MemoryUsage of job (MB)
	1372  -  ResidentSetSize of job (KB)
...
040 (13722804.000.000) 11/12 01:21:49 Started transferring output files
...
040 (13722804.000.000) 11/12 01:21:49 Finished transferring output files
...
005 (13722804.000.000) 11/12 01:21:49 Job terminated.
	(1) Normal termination (return value 1)
		Usr 0 00:00:00, Sys 0 00:00:00  -  Run Remote Usage
		Usr 0 00:00:00, Sys 0 00:00:00  -  Run Local Usage
		Usr 0 00:00:00, Sys 0 00:00:00  -  Total Remote Usage
		Usr 0 00:00:00, Sys 0 00:00:00  -  Total Local Usage
	45  -  Run Bytes Sent By Job
	1680  -  Run Bytes Received By Job
	45  -  Total Bytes Sent By Job
	1680  -  Total Bytes Received By Job
	Partitionable Resources :    Usage  Request Allocated 
	   Cpus                 :        0        6         6 
	   Disk (KB)            :       28  5242880   5245631 
	   GPUs                 :                           0 
	   Memory (MB)          :        2    18000     18000 
	   TimeExecute (s)      :       31                    
	   TimeSlotBusy (s)     :       33                    

	Job terminated of its own accord at 2025-11-12T00:21:49Z with exit-code 1.
...
