000 (10280423.000.000) 11/11 14:34:00 Job submitted from host: <188.185.71.83:9618?addrs=188.185.71.83-9618+[2001-1458-d00-7--100-34d]-9618&alias=bigbird18.cern.ch&noUDP&sock=schedd_5052_d48c>
...
040 (10280423.000.000) 11/11 14:34:20 Started transferring input files
	Transferring to host: <188.185.190.16:9618?addrs=188.185.190.16-9618+[2001-1458-d03-b--100-289]-9618&alias=b9pgpun024.cern.ch&noUDP&sock=slot1_1_270419_660e_829>
...
040 (10280423.000.000) 11/11 14:34:20 Finished transferring input files
...
001 (10280423.000.000) 11/11 14:34:21 Job executing on host: <188.185.190.16:9618?addrs=188.185.190.16-9618+[2001-1458-d03-b--100-289]-9618&alias=b9pgpun024.cern.ch&noUDP&sock=startd_257622_d7a7>
	SlotName: slot1_1@b9pgpun024.cern.ch
	AvailableGPUs = { GPUs_MIG_a582c789_25b8_5b78_aa46_e8152b384638 }
	CondorScratchDir = "/pool/condor/dir_577857"
	Cpus = 6
	Disk = 2049
	GPUs = 1
	GPUs_MIG_a582c789_25b8_5b78_aa46_e8152b384638 = [ Id = "MIG-a582c789-25b8-5b78-aa46-e8152b384638"; DeviceName = "NVIDIA H100L-1-12C MIG 1g.12gb"; DeviceUuid = "MIG-a582c789-25b8-5b78-aa46-e8152b384638"; ComputeUnits = 16; GlobalMemoryMb = 10564 ]
	Memory = 18000
...
006 (10280423.000.000) 11/11 14:34:34 Image size of job updated: 64140
	63  -  MemoryUsage of job (MB)
	64140  -  ResidentSetSize of job (KB)
...
006 (10280423.000.000) 11/11 14:39:34 Image size of job updated: 1323388
	1254  -  MemoryUsage of job (MB)
	1283408  -  ResidentSetSize of job (KB)
...
006 (10280423.000.000) 11/11 14:44:35 Image size of job updated: 1323792
	1254  -  MemoryUsage of job (MB)
	1283408  -  ResidentSetSize of job (KB)
...
006 (10280423.000.000) 11/11 14:49:36 Image size of job updated: 1340044
	1254  -  MemoryUsage of job (MB)
	1283408  -  ResidentSetSize of job (KB)
...
006 (10280423.000.000) 11/11 14:54:36 Image size of job updated: 1350652
	1254  -  MemoryUsage of job (MB)
	1283408  -  ResidentSetSize of job (KB)
...
006 (10280423.000.000) 11/11 14:59:36 Image size of job updated: 1370916
	1254  -  MemoryUsage of job (MB)
	1283408  -  ResidentSetSize of job (KB)
...
006 (10280423.000.000) 11/11 15:09:38 Image size of job updated: 1760640
	1720  -  MemoryUsage of job (MB)
	1760640  -  ResidentSetSize of job (KB)
...
006 (10280423.000.000) 11/11 15:14:38 Image size of job updated: 2877460
	2484  -  MemoryUsage of job (MB)
	2542636  -  ResidentSetSize of job (KB)
...
006 (10280423.000.000) 11/11 15:19:39 Image size of job updated: 2924212
	2599  -  MemoryUsage of job (MB)
	2660960  -  ResidentSetSize of job (KB)
...
006 (10280423.000.000) 11/11 15:24:40 Image size of job updated: 2970232
	2668  -  MemoryUsage of job (MB)
	2731596  -  ResidentSetSize of job (KB)
...
006 (10280423.000.000) 11/11 15:29:40 Image size of job updated: 2970232
	2727  -  MemoryUsage of job (MB)
	2792188  -  ResidentSetSize of job (KB)
...
006 (10280423.000.000) 11/11 15:34:40 Image size of job updated: 4605584
	4227  -  MemoryUsage of job (MB)
	4328284  -  ResidentSetSize of job (KB)
...
006 (10280423.000.000) 11/11 15:39:41 Image size of job updated: 4724580
	4394  -  MemoryUsage of job (MB)
	4498508  -  ResidentSetSize of job (KB)
...
006 (10280423.000.000) 11/11 15:44:42 Image size of job updated: 4744472
	4432  -  MemoryUsage of job (MB)
	4537508  -  ResidentSetSize of job (KB)
...
006 (10280423.000.000) 11/11 15:54:42 Image size of job updated: 4772928
	4511  -  MemoryUsage of job (MB)
	4618680  -  ResidentSetSize of job (KB)
...
006 (10280423.000.000) 11/11 15:59:43 Image size of job updated: 4805188
	4511  -  MemoryUsage of job (MB)
	4618680  -  ResidentSetSize of job (KB)
...
006 (10280423.000.000) 11/11 16:09:43 Image size of job updated: 4805188
	4535  -  MemoryUsage of job (MB)
	4643152  -  ResidentSetSize of job (KB)
...
006 (10280423.000.000) 11/11 16:14:44 Image size of job updated: 4814320
	4535  -  MemoryUsage of job (MB)
	4643152  -  ResidentSetSize of job (KB)
...
006 (10280423.000.000) 11/11 16:19:45 Image size of job updated: 4814320
	4541  -  MemoryUsage of job (MB)
	4649064  -  ResidentSetSize of job (KB)
...
006 (10280423.000.000) 11/11 16:24:45 Image size of job updated: 4852212
	4564  -  MemoryUsage of job (MB)
	4672944  -  ResidentSetSize of job (KB)
...
006 (10280423.000.000) 11/11 16:29:45 Image size of job updated: 4919548
	4690  -  MemoryUsage of job (MB)
	4802276  -  ResidentSetSize of job (KB)
...
006 (10280423.000.000) 11/11 16:34:46 Image size of job updated: 5192656
	4950  -  MemoryUsage of job (MB)
	5068364  -  ResidentSetSize of job (KB)
...
006 (10280423.000.000) 11/11 16:39:47 Image size of job updated: 5224384
	4962  -  MemoryUsage of job (MB)
	5080252  -  ResidentSetSize of job (KB)
...
006 (10280423.000.000) 11/11 16:44:47 Image size of job updated: 5231532
	4983  -  MemoryUsage of job (MB)
	5102368  -  ResidentSetSize of job (KB)
...
006 (10280423.000.000) 11/11 16:54:48 Image size of job updated: 5242672
	4983  -  MemoryUsage of job (MB)
	5102368  -  ResidentSetSize of job (KB)
...
006 (10280423.000.000) 11/11 16:59:49 Image size of job updated: 5257376
	4987  -  MemoryUsage of job (MB)
	5106068  -  ResidentSetSize of job (KB)
...
006 (10280423.000.000) 11/11 17:04:49 Image size of job updated: 5311632
	4996  -  MemoryUsage of job (MB)
	5115860  -  ResidentSetSize of job (KB)
...
006 (10280423.000.000) 11/11 17:09:50 Image size of job updated: 5339904
	5027  -  MemoryUsage of job (MB)
	5147264  -  ResidentSetSize of job (KB)
...
006 (10280423.000.000) 11/11 17:14:51 Image size of job updated: 5359104
	5027  -  MemoryUsage of job (MB)
	5147264  -  ResidentSetSize of job (KB)
...
006 (10280423.000.000) 11/11 17:19:51 Image size of job updated: 5359104
	5034  -  MemoryUsage of job (MB)
	5154716  -  ResidentSetSize of job (KB)
...
006 (10280423.000.000) 11/11 17:24:51 Image size of job updated: 5359104
	5218  -  MemoryUsage of job (MB)
	5343024  -  ResidentSetSize of job (KB)
...
006 (10280423.000.000) 11/11 17:34:53 Image size of job updated: 5410372
	5218  -  MemoryUsage of job (MB)
	5343024  -  ResidentSetSize of job (KB)
...
006 (10280423.000.000) 11/11 17:54:54 Image size of job updated: 5508308
	5218  -  MemoryUsage of job (MB)
	5343024  -  ResidentSetSize of job (KB)
...
006 (10280423.000.000) 11/11 18:24:57 Image size of job updated: 5608516
	5219  -  MemoryUsage of job (MB)
	5343864  -  ResidentSetSize of job (KB)
...
006 (10280423.000.000) 11/11 18:34:57 Image size of job updated: 5608516
	5220  -  MemoryUsage of job (MB)
	5344384  -  ResidentSetSize of job (KB)
...
006 (10280423.000.000) 11/11 18:44:59 Image size of job updated: 5608516
	5221  -  MemoryUsage of job (MB)
	5345928  -  ResidentSetSize of job (KB)
...
006 (10280423.000.000) 11/11 19:15:02 Image size of job updated: 5608516
	5267  -  MemoryUsage of job (MB)
	5392552  -  ResidentSetSize of job (KB)
...
006 (10280423.000.000) 11/11 19:20:03 Image size of job updated: 5608516
	5302  -  MemoryUsage of job (MB)
	5428932  -  ResidentSetSize of job (KB)
...
006 (10280423.000.000) 11/11 19:25:03 Image size of job updated: 5608516
	5304  -  MemoryUsage of job (MB)
	5430980  -  ResidentSetSize of job (KB)
...
006 (10280423.000.000) 11/11 19:30:03 Image size of job updated: 5608516
	5340  -  MemoryUsage of job (MB)
	5468052  -  ResidentSetSize of job (KB)
...
006 (10280423.000.000) 11/11 19:50:05 Image size of job updated: 5608516
	5357  -  MemoryUsage of job (MB)
	5485104  -  ResidentSetSize of job (KB)
...
006 (10280423.000.000) 11/11 20:00:06 Image size of job updated: 5618352
	5357  -  MemoryUsage of job (MB)
	5485104  -  ResidentSetSize of job (KB)
...
006 (10280423.000.000) 11/11 20:05:06 Image size of job updated: 5618684
	5357  -  MemoryUsage of job (MB)
	5485104  -  ResidentSetSize of job (KB)
...
006 (10280423.000.000) 11/11 20:15:08 Image size of job updated: 5817364
	5463  -  MemoryUsage of job (MB)
	5593560  -  ResidentSetSize of job (KB)
...
006 (10280423.000.000) 11/11 21:45:18 Image size of job updated: 5817364
	5558  -  MemoryUsage of job (MB)
	5691284  -  ResidentSetSize of job (KB)
...
006 (10280423.000.000) 11/11 22:00:19 Image size of job updated: 5889528
	5637  -  MemoryUsage of job (MB)
	5771652  -  ResidentSetSize of job (KB)
...
006 (10280423.000.000) 11/11 22:55:25 Image size of job updated: 6065456
	5637  -  MemoryUsage of job (MB)
	5771652  -  ResidentSetSize of job (KB)
...
006 (10280423.000.000) 11/12 00:10:33 Image size of job updated: 6065456
	5651  -  MemoryUsage of job (MB)
	5785824  -  ResidentSetSize of job (KB)
...
006 (10280423.000.000) 11/12 00:50:37 Image size of job updated: 6065456
	5672  -  MemoryUsage of job (MB)
	5807396  -  ResidentSetSize of job (KB)
...
006 (10280423.000.000) 11/12 02:20:46 Image size of job updated: 6065456
	5672  -  MemoryUsage of job (MB)
	5807900  -  ResidentSetSize of job (KB)
...
006 (10280423.000.000) 11/12 03:05:50 Image size of job updated: 6065456
	5698  -  MemoryUsage of job (MB)
	5833736  -  ResidentSetSize of job (KB)
...
006 (10280423.000.000) 11/12 03:55:55 Image size of job updated: 6065456
	5730  -  MemoryUsage of job (MB)
	5866748  -  ResidentSetSize of job (KB)
...
006 (10280423.000.000) 11/12 05:11:01 Image size of job updated: 6065456
	5745  -  MemoryUsage of job (MB)
	5882656  -  ResidentSetSize of job (KB)
...
040 (10280423.000.000) 11/12 05:14:13 Started transferring output files
...
040 (10280423.000.000) 11/12 05:14:14 Finished transferring output files
...
005 (10280423.000.000) 11/12 05:14:14 Job terminated.
	(1) Normal termination (return value 0)
		Usr 0 17:56:45, Sys 0 02:27:52  -  Run Remote Usage
		Usr 0 00:00:00, Sys 0 00:00:00  -  Run Local Usage
		Usr 0 17:56:45, Sys 0 02:27:52  -  Total Remote Usage
		Usr 0 00:00:00, Sys 0 00:00:00  -  Total Local Usage
	7910163  -  Run Bytes Sent By Job
	1680  -  Run Bytes Received By Job
	7910163  -  Total Bytes Sent By Job
	1680  -  Total Bytes Received By Job
	Partitionable Resources :    Usage  Request Allocated Assigned
	   Cpus                 :     1.55        6         6 
	   Disk (KB)            :  7750           2      2049 
	   GPUs                 :                 1         1 "MIG-a582c789-25b8-5b78-aa46-e8152b384638"
	   Memory (MB)          :  5745       18000     18000 
	   TimeExecute (s)      : 52792                       
	   TimeSlotBusy (s)     : 52795                       

	Job terminated of its own accord at 2025-11-12T04:14:13Z with exit-code 0.
...
