000 (10630022.000.000) 11/11 08:34:41 Job submitted from host: <188.185.70.244:9618?addrs=188.185.70.244-9618+[2001-1458-d00-7--100-2ee]-9618&alias=bigbird10.cern.ch&noUDP&sock=schedd_3518298_5df3>
...
040 (10630022.000.000) 11/11 08:35:02 Started transferring input files
	Transferring to host: <128.142.241.85:9618?addrs=128.142.241.85-9618+[2001-1458-301-ce--100-5c]-9618&alias=b9g47n3159.cern.ch&noUDP&sock=slot1_1_15042_331d_2854>
...
040 (10630022.000.000) 11/11 08:35:02 Finished transferring input files
...
001 (10630022.000.000) 11/11 08:35:03 Job executing on host: <128.142.241.85:9618?addrs=128.142.241.85-9618+[2001-1458-301-ce--100-5c]-9618&alias=b9g47n3159.cern.ch&noUDP&sock=startd_14417_70fa>
	SlotName: slot1_1@b9g47n3159.cern.ch
	AvailableGPUs = { GPUs_GPU_31ab8d1c }
	CondorScratchDir = "/pool/condor/dir_1293946"
	Cpus = 4
	Disk = 2048
	GPUs = 1
	GPUs_GPU_31ab8d1c = [ Id = "GPU-31ab8d1c"; ClockMhz = 1380.0; Capability = 7.0; CoresPerCU = 64; DeviceName = "Tesla V100-PCIE-32GB"; DeviceUuid = "31ab8d1c-60f9-dfc1-9486-3aa0f3ad8dd6"; ECCEnabled = true; ComputeUnits = 80; DriverVersion = 13.0; DevicePciBusId = "0000:07:00.0"; GlobalMemoryMb = 32494; MaxSupportedVersion = 13000 ]
	Memory = 12300
...
006 (10630022.000.000) 11/11 08:35:17 Image size of job updated: 30224
	30  -  MemoryUsage of job (MB)
	30224  -  ResidentSetSize of job (KB)
...
006 (10630022.000.000) 11/11 08:40:18 Image size of job updated: 5736744
	5603  -  MemoryUsage of job (MB)
	5736744  -  ResidentSetSize of job (KB)
...
006 (10630022.000.000) 11/11 08:45:18 Image size of job updated: 11594260
	11323  -  MemoryUsage of job (MB)
	11594260  -  ResidentSetSize of job (KB)
...
006 (10630022.000.000) 11/11 08:50:18 Image size of job updated: 13783968
	13376  -  MemoryUsage of job (MB)
	13696024  -  ResidentSetSize of job (KB)
...
006 (10630022.000.000) 11/11 09:40:57 Image size of job updated: 14353584
	13376  -  MemoryUsage of job (MB)
	13696024  -  ResidentSetSize of job (KB)
...
021 (10630022.000.000) 11/11 09:40:59 Error from starter on slot1_1@b9g47n3159.cern.ch:
	Job has gone over cgroup memory limit of 12300 megabytes. Last measured usage: 14017 megabytes.  Consider resubmitting with a higher request_memory.
	Code 34 Subcode 0
...
004 (10630022.000.000) 11/11 09:40:59 Job was evicted.
	(0) CPU times
		Usr 0 00:22:21, Sys 0 00:02:49  -  Run Remote Usage
		Usr 0 00:00:00, Sys 0 00:00:00  -  Run Local Usage
	0  -  Run Bytes Sent By Job
	1600  -  Run Bytes Received By Job
	Error from slot1_1@b9g47n3159.cern.ch: Job has gone over cgroup memory limit of 12300 megabytes. Last measured usage: 14017 megabytes.  Consider resubmitting with a higher request_memory.
	Partitionable Resources :    Usage  Request Allocated Assigned
	   Cpus                 :     0.97        4         4 
	   Disk (KB)            :    37           2      2048 
	   GPUs                 :     0           1         1 "GPU-31ab8d1c"
	   GpusMemory (MB)      :   278                       
	   Memory (MB)          : 13376       12288     12300 
	   TimeSlotBusy (s)     :  3958                       
...
012 (10630022.000.000) 11/11 09:40:59 Job was held.
	Error from slot1_1@b9g47n3159.cern.ch: Job has gone over cgroup memory limit of 12300 megabytes. Last measured usage: 14017 megabytes.  Consider resubmitting with a higher request_memory.
	Code 34 Subcode 0
...
009 (10630022.000.000) 11/11 10:11:23 Job was aborted.
	via condor_rm (by user evilla)
...
