000 (10287162.000.000) 11/11 23:56:33 Job submitted from host: <188.185.71.83:9618?addrs=188.185.71.83-9618+[2001-1458-d00-7--100-34d]-9618&alias=bigbird18.cern.ch&noUDP&sock=schedd_5052_d48c>
...
040 (10287162.000.000) 11/11 23:56:49 Started transferring input files
	Transferring to host: <188.185.190.67:9618?addrs=188.185.190.67-9618+[2001-1458-d03-b--100-49]-9618&alias=b9pgpun021.cern.ch&noUDP&sock=slot1_1_263610_d799_1113>
...
040 (10287162.000.000) 11/11 23:56:49 Finished transferring input files
...
001 (10287162.000.000) 11/11 23:56:50 Job executing on host: <188.185.190.67:9618?addrs=188.185.190.67-9618+[2001-1458-d03-b--100-49]-9618&alias=b9pgpun021.cern.ch&noUDP&sock=startd_253350_9b10>
	SlotName: slot1_1@b9pgpun021.cern.ch
	AvailableGPUs = { GPUs_MIG_56a7ef81_8f8e_550f_a3a4_8a9908fb5b75 }
	CondorScratchDir = "/pool/condor/dir_700419"
	Cpus = 6
	Disk = 5243872
	GPUs = 1
	GPUs_MIG_56a7ef81_8f8e_550f_a3a4_8a9908fb5b75 = [ Id = "MIG-56a7ef81-8f8e-550f-a3a4-8a9908fb5b75"; DeviceName = "NVIDIA H100L-1-12C MIG 1g.12gb"; DeviceUuid = "MIG-56a7ef81-8f8e-550f-a3a4-8a9908fb5b75"; ComputeUnits = 16; GlobalMemoryMb = 10564 ]
	Memory = 18000
...
006 (10287162.000.000) 11/11 23:57:04 Image size of job updated: 39560
	39  -  MemoryUsage of job (MB)
	39560  -  ResidentSetSize of job (KB)
...
006 (10287162.000.000) 11/11 23:57:21 Image size of job updated: 240292
	39  -  MemoryUsage of job (MB)
	39560  -  ResidentSetSize of job (KB)
...
040 (10287162.000.000) 11/11 23:57:21 Started transferring output files
...
040 (10287162.000.000) 11/11 23:57:21 Finished transferring output files
...
005 (10287162.000.000) 11/11 23:57:21 Job terminated.
	(1) Normal termination (return value 1)
		Usr 0 00:00:03, Sys 0 00:00:02  -  Run Remote Usage
		Usr 0 00:00:00, Sys 0 00:00:00  -  Run Local Usage
		Usr 0 00:00:03, Sys 0 00:00:02  -  Total Remote Usage
		Usr 0 00:00:00, Sys 0 00:00:00  -  Total Local Usage
	2042  -  Run Bytes Sent By Job
	1176  -  Run Bytes Received By Job
	2042  -  Total Bytes Sent By Job
	1176  -  Total Bytes Received By Job
	Partitionable Resources :    Usage  Request Allocated Assigned
	   Cpus                 :        0        6         6 
	   Disk (KB)            :       30  5242880   5243872 
	   GPUs                 :                 1         1 "MIG-56a7ef81-8f8e-550f-a3a4-8a9908fb5b75"
	   Memory (MB)          :       39    18000     18000 
	   TimeExecute (s)      :       31                    
	   TimeSlotBusy (s)     :       32                    

	Job terminated of its own accord at 2025-11-11T22:57:21Z with exit-code 1.
...
