2025-11-11 14:34:49.785819: I tensorflow/core/util/port.cc:113] oneDNN custom operations are on. You may see slightly different numerical results due to floating-point round-off errors from different computation orders. To turn them off, set the environment variable `TF_ENABLE_ONEDNN_OPTS=0`.
2025-11-11 14:34:49.827438: I tensorflow/core/platform/cpu_feature_guard.cc:210] This TensorFlow binary is optimized to use available CPU instructions in performance-critical operations.
To enable the following instructions: AVX2 AVX512F AVX512_VNNI AVX512_BF16 AVX512_FP16 AVX_VNNI AMX_TILE AMX_INT8 AMX_BF16 FMA, in other operations, rebuild TensorFlow with the appropriate compiler flags.
2025-11-11 14:34:51.681481: W tensorflow/compiler/tf2tensorrt/utils/py_utils.cc:38] TF-TRT Warning: Could not find TensorRT
2025-11-11 15:11:03.375962: I external/local_xla/xla/stream_executor/cuda/cuda_executor.cc:998] successful NUMA node read from SysFS had negative value (-1), but there must be at least one NUMA node, so returning NUMA node zero. See more at https://github.com/torvalds/linux/blob/v6.0/Documentation/ABI/testing/sysfs-bus-pci#L344-L355
2025-11-11 15:11:04.767862: I external/local_xla/xla/stream_executor/cuda/cuda_executor.cc:998] successful NUMA node read from SysFS had negative value (-1), but there must be at least one NUMA node, so returning NUMA node zero. See more at https://github.com/torvalds/linux/blob/v6.0/Documentation/ABI/testing/sysfs-bus-pci#L344-L355
2025-11-11 15:11:04.788543: I external/local_xla/xla/stream_executor/cuda/cuda_executor.cc:998] successful NUMA node read from SysFS had negative value (-1), but there must be at least one NUMA node, so returning NUMA node zero. See more at https://github.com/torvalds/linux/blob/v6.0/Documentation/ABI/testing/sysfs-bus-pci#L344-L355
2025-11-11 15:11:04.804228: I external/local_xla/xla/stream_executor/cuda/cuda_executor.cc:998] successful NUMA node read from SysFS had negative value (-1), but there must be at least one NUMA node, so returning NUMA node zero. See more at https://github.com/torvalds/linux/blob/v6.0/Documentation/ABI/testing/sysfs-bus-pci#L344-L355
2025-11-11 15:11:04.815731: I external/local_xla/xla/stream_executor/cuda/cuda_executor.cc:998] successful NUMA node read from SysFS had negative value (-1), but there must be at least one NUMA node, so returning NUMA node zero. See more at https://github.com/torvalds/linux/blob/v6.0/Documentation/ABI/testing/sysfs-bus-pci#L344-L355
2025-11-11 15:11:04.827120: I external/local_xla/xla/stream_executor/cuda/cuda_executor.cc:998] successful NUMA node read from SysFS had negative value (-1), but there must be at least one NUMA node, so returning NUMA node zero. See more at https://github.com/torvalds/linux/blob/v6.0/Documentation/ABI/testing/sysfs-bus-pci#L344-L355
2025-11-11 15:11:05.038933: I external/local_xla/xla/stream_executor/cuda/cuda_executor.cc:998] successful NUMA node read from SysFS had negative value (-1), but there must be at least one NUMA node, so returning NUMA node zero. See more at https://github.com/torvalds/linux/blob/v6.0/Documentation/ABI/testing/sysfs-bus-pci#L344-L355
2025-11-11 15:11:05.051866: I external/local_xla/xla/stream_executor/cuda/cuda_executor.cc:998] successful NUMA node read from SysFS had negative value (-1), but there must be at least one NUMA node, so returning NUMA node zero. See more at https://github.com/torvalds/linux/blob/v6.0/Documentation/ABI/testing/sysfs-bus-pci#L344-L355
2025-11-11 15:11:05.063171: I external/local_xla/xla/stream_executor/cuda/cuda_executor.cc:998] successful NUMA node read from SysFS had negative value (-1), but there must be at least one NUMA node, so returning NUMA node zero. See more at https://github.com/torvalds/linux/blob/v6.0/Documentation/ABI/testing/sysfs-bus-pci#L344-L355
2025-11-11 15:11:05.073372: I tensorflow/core/common_runtime/gpu/gpu_device.cc:1928] Created device /job:localhost/replica:0/task:0/device:GPU:0 with 8675 MB memory:  -> device: 0, name: NVIDIA H100L-1-12C MIG 1g.12gb, pci bus id: 0000:06:00.0, compute capability: 9.0
WARNING: All log messages before absl::InitializeLog() is called are written to STDERR
I0000 00:00:1762870269.364525     345 service.cc:145] XLA service 0x14fb780051b0 initialized for platform CUDA (this does not guarantee that XLA will be used). Devices:
I0000 00:00:1762870269.364617     345 service.cc:153]   StreamExecutor device (0): NVIDIA H100L-1-12C MIG 1g.12gb, Compute Capability 9.0
2025-11-11 15:11:09.410200: I tensorflow/compiler/mlir/tensorflow/utils/dump_mlir_util.cc:268] disabling MLIR crash reproducer, set env var `MLIR_CRASH_REPRODUCER_DIRECTORY` to enable.
2025-11-11 15:11:11.118018: I external/local_xla/xla/stream_executor/cuda/cuda_dnn.cc:465] Loaded cuDNN version 8907
2025-11-11 15:11:21.880339: E external/local_xla/xla/service/slow_operation_alarm.cc:65] Trying algorithm eng0{} for conv (f32[32,32,104,621]{3,2,1,0}, u8[0]{0}) custom-call(f32[32,64,104,621]{3,2,1,0}, f32[64,32,3,3]{3,2,1,0}), window={size=3x3 pad=1_1x1_1}, dim_labels=bf01_oi01->bf01, custom_call_target="__cudnn$convBackwardInput", backend_config={"operation_queue_id":"0","wait_on_operation_queues":[],"cudnn_conv_backend_config":{"conv_result_scale":1,"activation_mode":"kNone","side_input_scale":0,"leakyrelu_alpha":0}} is taking a while...
2025-11-11 15:11:21.897222: E external/local_xla/xla/service/slow_operation_alarm.cc:133] The operation took 1.017051398s
Trying algorithm eng0{} for conv (f32[32,32,104,621]{3,2,1,0}, u8[0]{0}) custom-call(f32[32,64,104,621]{3,2,1,0}, f32[64,32,3,3]{3,2,1,0}), window={size=3x3 pad=1_1x1_1}, dim_labels=bf01_oi01->bf01, custom_call_target="__cudnn$convBackwardInput", backend_config={"operation_queue_id":"0","wait_on_operation_queues":[],"cudnn_conv_backend_config":{"conv_result_scale":1,"activation_mode":"kNone","side_input_scale":0,"leakyrelu_alpha":0}} is taking a while...
I0000 00:00:1762870291.020399     345 device_compiler.h:188] Compiled cluster using XLA!  This line is logged at most once for the lifetime of the process.
WARNING: All log messages before absl::InitializeLog() is called are written to STDERR
I0000 00:00:1762874728.664512     343 asm_compiler.cc:369] ptxas warning : Registers are spilled to local memory in function 'input_reduce_select_fusion', 68 bytes spill stores, 68 bytes spill loads

I0000 00:00:1762883285.637308     343 asm_compiler.cc:369] ptxas warning : Registers are spilled to local memory in function 'input_reduce_select_fusion', 68 bytes spill stores, 68 bytes spill loads

I0000 00:00:1762889177.335164     344 asm_compiler.cc:369] ptxas warning : Registers are spilled to local memory in function 'input_reduce_select_fusion', 68 bytes spill stores, 68 bytes spill loads

I0000 00:00:1762908204.396854     342 asm_compiler.cc:369] ptxas warning : Registers are spilled to local memory in function 'input_reduce_select_fusion', 68 bytes spill stores, 68 bytes spill loads

