000 (13722819.000.000) 11/12 01:35:09 Job submitted from host: <188.184.90.62:9618?addrs=188.184.90.62-9618+[2001-1458-201-e4--100-238]-9618&alias=bigbird16.cern.ch&noUDP&sock=schedd_2089_756e>
...
040 (13722819.000.000) 11/12 01:39:12 Started transferring input files
	Transferring to host: <188.185.192.37:9618?addrs=188.185.192.37-9618+[2001-1458-303-1f--100-21]-9618&alias=b9p13p1868.cern.ch&noUDP&sock=slot1_11_9259_8d92_53863>
...
040 (13722819.000.000) 11/12 01:39:12 Finished transferring input files
...
001 (13722819.000.000) 11/12 01:39:13 Job executing on host: <188.185.192.37:9618?addrs=188.185.192.37-9618+[2001-1458-303-1f--100-21]-9618&alias=b9p13p1868.cern.ch&noUDP&sock=startd_8216_1233>
	SlotName: slot1_11@b9p13p1868.cern.ch
	CondorScratchDir = "/pool/condor/dir_2332417"
	Cpus = 6
	Disk = 5245683
	GPUs = 0
	Memory = 18000
...
006 (13722819.000.000) 11/12 01:39:26 Image size of job updated: 31092
	31  -  MemoryUsage of job (MB)
	31092  -  ResidentSetSize of job (KB)
...
006 (13722819.000.000) 11/12 01:44:26 Image size of job updated: 1306148
	787  -  MemoryUsage of job (MB)
	805728  -  ResidentSetSize of job (KB)
...
006 (13722819.000.000) 11/12 01:49:27 Image size of job updated: 1338596
	994  -  MemoryUsage of job (MB)
	1016840  -  ResidentSetSize of job (KB)
...
006 (13722819.000.000) 11/12 01:54:27 Image size of job updated: 1338596
	1048  -  MemoryUsage of job (MB)
	1073112  -  ResidentSetSize of job (KB)
...
006 (13722819.000.000) 11/12 01:59:27 Image size of job updated: 1338596
	1084  -  MemoryUsage of job (MB)
	1109340  -  ResidentSetSize of job (KB)
...
006 (13722819.000.000) 11/12 02:04:28 Image size of job updated: 1338596
	1104  -  MemoryUsage of job (MB)
	1129648  -  ResidentSetSize of job (KB)
...
006 (13722819.000.000) 11/12 02:09:29 Image size of job updated: 1338596
	1162  -  MemoryUsage of job (MB)
	1189888  -  ResidentSetSize of job (KB)
...
006 (13722819.000.000) 11/12 02:14:29 Image size of job updated: 1338596
	1163  -  MemoryUsage of job (MB)
	1189992  -  ResidentSetSize of job (KB)
...
006 (13722819.000.000) 11/12 02:19:30 Image size of job updated: 1362224
	1163  -  MemoryUsage of job (MB)
	1189992  -  ResidentSetSize of job (KB)
...
006 (13722819.000.000) 11/12 02:24:31 Image size of job updated: 1362224
	1204  -  MemoryUsage of job (MB)
	1232364  -  ResidentSetSize of job (KB)
...
006 (13722819.000.000) 11/12 02:29:31 Image size of job updated: 1362224
	1315  -  MemoryUsage of job (MB)
	1345792  -  ResidentSetSize of job (KB)
...
006 (13722819.000.000) 11/12 02:39:32 Image size of job updated: 4733336
	4623  -  MemoryUsage of job (MB)
	4733336  -  ResidentSetSize of job (KB)
...
006 (13722819.000.000) 11/12 02:44:32 Image size of job updated: 7899948
	7267  -  MemoryUsage of job (MB)
	7440676  -  ResidentSetSize of job (KB)
...
006 (13722819.000.000) 11/12 02:49:32 Image size of job updated: 7929308
	7356  -  MemoryUsage of job (MB)
	7532364  -  ResidentSetSize of job (KB)
...
006 (13722819.000.000) 11/12 02:54:33 Image size of job updated: 7939596
	7517  -  MemoryUsage of job (MB)
	7697268  -  ResidentSetSize of job (KB)
...
006 (13722819.000.000) 11/12 02:59:33 Image size of job updated: 7939596
	7535  -  MemoryUsage of job (MB)
	7715280  -  ResidentSetSize of job (KB)
...
006 (13722819.000.000) 11/12 03:04:33 Image size of job updated: 7993180
	7689  -  MemoryUsage of job (MB)
	7872760  -  ResidentSetSize of job (KB)
...
006 (13722819.000.000) 11/12 03:14:34 Image size of job updated: 8002008
	7699  -  MemoryUsage of job (MB)
	7883328  -  ResidentSetSize of job (KB)
...
006 (13722819.000.000) 11/12 03:19:34 Image size of job updated: 8014872
	7828  -  MemoryUsage of job (MB)
	8014872  -  ResidentSetSize of job (KB)
...
006 (13722819.000.000) 11/12 03:24:35 Image size of job updated: 8031176
	7828  -  MemoryUsage of job (MB)
	8014872  -  ResidentSetSize of job (KB)
...
006 (13722819.000.000) 11/12 03:34:36 Image size of job updated: 9212408
	8689  -  MemoryUsage of job (MB)
	8896536  -  ResidentSetSize of job (KB)
...
006 (13722819.000.000) 11/12 03:39:37 Image size of job updated: 9212408
	8807  -  MemoryUsage of job (MB)
	9018068  -  ResidentSetSize of job (KB)
...
006 (13722819.000.000) 11/12 03:44:38 Image size of job updated: 9214724
	8807  -  MemoryUsage of job (MB)
	9018068  -  ResidentSetSize of job (KB)
...
006 (13722819.000.000) 11/12 03:54:39 Image size of job updated: 9273808
	8878  -  MemoryUsage of job (MB)
	9090292  -  ResidentSetSize of job (KB)
...
006 (13722819.000.000) 11/12 03:59:40 Image size of job updated: 9295396
	8901  -  MemoryUsage of job (MB)
	9113756  -  ResidentSetSize of job (KB)
...
006 (13722819.000.000) 11/12 04:04:40 Image size of job updated: 9295396
	8959  -  MemoryUsage of job (MB)
	9173896  -  ResidentSetSize of job (KB)
...
006 (13722819.000.000) 11/12 04:14:41 Image size of job updated: 9311868
	9059  -  MemoryUsage of job (MB)
	9276000  -  ResidentSetSize of job (KB)
...
006 (13722819.000.000) 11/12 04:19:41 Image size of job updated: 9327964
	9063  -  MemoryUsage of job (MB)
	9280096  -  ResidentSetSize of job (KB)
...
006 (13722819.000.000) 11/12 04:24:41 Image size of job updated: 9335844
	9063  -  MemoryUsage of job (MB)
	9280096  -  ResidentSetSize of job (KB)
...
006 (13722819.000.000) 11/12 04:29:42 Image size of job updated: 9385224
	9127  -  MemoryUsage of job (MB)
	9345832  -  ResidentSetSize of job (KB)
...
006 (13722819.000.000) 11/12 04:34:42 Image size of job updated: 9538564
	9127  -  MemoryUsage of job (MB)
	9345832  -  ResidentSetSize of job (KB)
...
006 (13722819.000.000) 11/12 04:59:45 Image size of job updated: 9538564
	9145  -  MemoryUsage of job (MB)
	9364328  -  ResidentSetSize of job (KB)
...
006 (13722819.000.000) 11/12 05:29:48 Image size of job updated: 9640476
	9168  -  MemoryUsage of job (MB)
	9387032  -  ResidentSetSize of job (KB)
...
006 (13722819.000.000) 11/12 05:34:49 Image size of job updated: 9640476
	9168  -  MemoryUsage of job (MB)
	9387196  -  ResidentSetSize of job (KB)
...
006 (13722819.000.000) 11/12 05:44:49 Image size of job updated: 9640476
	9185  -  MemoryUsage of job (MB)
	9405100  -  ResidentSetSize of job (KB)
...
006 (13722819.000.000) 11/12 05:49:50 Image size of job updated: 9640476
	9187  -  MemoryUsage of job (MB)
	9407148  -  ResidentSetSize of job (KB)
...
006 (13722819.000.000) 11/12 06:14:52 Image size of job updated: 9640476
	9199  -  MemoryUsage of job (MB)
	9418964  -  ResidentSetSize of job (KB)
...
006 (13722819.000.000) 11/12 06:19:53 Image size of job updated: 9640476
	9199  -  MemoryUsage of job (MB)
	9419060  -  ResidentSetSize of job (KB)
...
006 (13722819.000.000) 11/12 06:24:54 Image size of job updated: 9675524
	9238  -  MemoryUsage of job (MB)
	9459184  -  ResidentSetSize of job (KB)
...
006 (13722819.000.000) 11/12 06:34:55 Image size of job updated: 10182324
	9751  -  MemoryUsage of job (MB)
	9984552  -  ResidentSetSize of job (KB)
...
006 (13722819.000.000) 11/12 06:39:56 Image size of job updated: 10188236
	9838  -  MemoryUsage of job (MB)
	10073356  -  ResidentSetSize of job (KB)
...
006 (13722819.000.000) 11/12 06:44:56 Image size of job updated: 10188236
	9941  -  MemoryUsage of job (MB)
	10179452  -  ResidentSetSize of job (KB)
...
006 (13722819.000.000) 11/12 06:49:56 Image size of job updated: 10188636
	9941  -  MemoryUsage of job (MB)
	10179452  -  ResidentSetSize of job (KB)
...
006 (13722819.000.000) 11/12 06:54:57 Image size of job updated: 10195712
	9941  -  MemoryUsage of job (MB)
	10179452  -  ResidentSetSize of job (KB)
...
006 (13722819.000.000) 11/12 07:09:58 Image size of job updated: 10201892
	9941  -  MemoryUsage of job (MB)
	10179452  -  ResidentSetSize of job (KB)
...
006 (13722819.000.000) 11/12 07:19:58 Image size of job updated: 10242780
	9941  -  MemoryUsage of job (MB)
	10179452  -  ResidentSetSize of job (KB)
...
006 (13722819.000.000) 11/12 07:24:59 Image size of job updated: 10258044
	9941  -  MemoryUsage of job (MB)
	10179452  -  ResidentSetSize of job (KB)
...
006 (13722819.000.000) 11/12 07:30:00 Image size of job updated: 10277516
	9941  -  MemoryUsage of job (MB)
	10179452  -  ResidentSetSize of job (KB)
...
006 (13722819.000.000) 11/12 07:40:01 Image size of job updated: 10283600
	9941  -  MemoryUsage of job (MB)
	10179452  -  ResidentSetSize of job (KB)
...
006 (13722819.000.000) 11/12 07:45:02 Image size of job updated: 10289232
	9941  -  MemoryUsage of job (MB)
	10179452  -  ResidentSetSize of job (KB)
...
006 (13722819.000.000) 11/12 08:00:03 Image size of job updated: 10293268
	9941  -  MemoryUsage of job (MB)
	10179452  -  ResidentSetSize of job (KB)
...
006 (13722819.000.000) 11/12 08:15:04 Image size of job updated: 10363360
	9941  -  MemoryUsage of job (MB)
	10179452  -  ResidentSetSize of job (KB)
...
006 (13722819.000.000) 11/12 09:05:10 Image size of job updated: 10363360
	10017  -  MemoryUsage of job (MB)
	10257356  -  ResidentSetSize of job (KB)
...
006 (13722819.000.000) 11/12 10:00:14 Image size of job updated: 10478044
	10017  -  MemoryUsage of job (MB)
	10257356  -  ResidentSetSize of job (KB)
...
006 (13722819.000.000) 11/12 10:10:15 Image size of job updated: 10478548
	10017  -  MemoryUsage of job (MB)
	10257356  -  ResidentSetSize of job (KB)
...
006 (13722819.000.000) 11/12 10:55:21 Image size of job updated: 10478548
	10122  -  MemoryUsage of job (MB)
	10364580  -  ResidentSetSize of job (KB)
...
006 (13722819.000.000) 11/12 12:00:27 Image size of job updated: 10479280
	10122  -  MemoryUsage of job (MB)
	10364580  -  ResidentSetSize of job (KB)
...
006 (13722819.000.000) 11/12 13:10:34 Image size of job updated: 10479280
	10185  -  MemoryUsage of job (MB)
	10428460  -  ResidentSetSize of job (KB)
...
006 (13722819.000.000) 11/12 13:15:35 Image size of job updated: 10965756
	10513  -  MemoryUsage of job (MB)
	10764328  -  ResidentSetSize of job (KB)
...
006 (13722819.000.000) 11/12 13:30:36 Image size of job updated: 10965756
	10567  -  MemoryUsage of job (MB)
	10820520  -  ResidentSetSize of job (KB)
...
006 (13722819.000.000) 11/12 13:35:37 Image size of job updated: 10989372
	10579  -  MemoryUsage of job (MB)
	10832784  -  ResidentSetSize of job (KB)
...
006 (13722819.000.000) 11/12 13:40:37 Image size of job updated: 10992400
	10601  -  MemoryUsage of job (MB)
	10855160  -  ResidentSetSize of job (KB)
...
006 (13722819.000.000) 11/12 13:55:38 Image size of job updated: 10995820
	10601  -  MemoryUsage of job (MB)
	10855160  -  ResidentSetSize of job (KB)
...
006 (13722819.000.000) 11/12 14:05:39 Image size of job updated: 11007168
	10601  -  MemoryUsage of job (MB)
	10855160  -  ResidentSetSize of job (KB)
...
006 (13722819.000.000) 11/12 14:55:44 Image size of job updated: 11056688
	10601  -  MemoryUsage of job (MB)
	10855160  -  ResidentSetSize of job (KB)
...
006 (13722819.000.000) 11/12 15:10:45 Image size of job updated: 11056688
	10720  -  MemoryUsage of job (MB)
	10976892  -  ResidentSetSize of job (KB)
...
