000 (10630092.000.000) 11/11 11:13:16 Job submitted from host: <188.185.70.244:9618?addrs=188.185.70.244-9618+[2001-1458-d00-7--100-2ee]-9618&alias=bigbird10.cern.ch&noUDP&sock=schedd_3518298_5df3>
...
040 (10630092.000.000) 11/11 11:14:53 Started transferring input files
	Transferring to host: <188.185.190.52:9618?addrs=188.185.190.52-9618+[2001-1458-d03-b--100-154]-9618&alias=b9pgpun201.cern.ch&noUDP&sock=slot1_1_601522_6a46_8652>
...
040 (10630092.000.000) 11/11 11:14:53 Finished transferring input files
...
001 (10630092.000.000) 11/11 11:14:54 Job executing on host: <188.185.190.52:9618?addrs=188.185.190.52-9618+[2001-1458-d03-b--100-154]-9618&alias=b9pgpun201.cern.ch&noUDP&sock=startd_260750_63e5>
	SlotName: slot1_1@b9pgpun201.cern.ch
	AvailableGPUs = { GPUs_MIG_d27f6952_8765_5e96_8f1d_b50ea6be44cb }
	CondorScratchDir = "/pool/condor/dir_776011"
	Cpus = 7
	Disk = 2048
	GPUs = 1
	GPUs_MIG_d27f6952_8765_5e96_8f1d_b50ea6be44cb = [ Id = "MIG-d27f6952-8765-5e96-8f1d-b50ea6be44cb"; DeviceName = "NVIDIA H100L-2-24C MIG 2g.24gb"; DeviceUuid = "MIG-d27f6952-8765-5e96-8f1d-b50ea6be44cb"; ComputeUnits = 32; GlobalMemoryMb = 21547 ]
	Memory = 21000
...
006 (10630092.000.000) 11/11 11:15:07 Image size of job updated: 244228
	239  -  MemoryUsage of job (MB)
	244228  -  ResidentSetSize of job (KB)
...
006 (10630092.000.000) 11/11 11:20:07 Image size of job updated: 10460152
	10215  -  MemoryUsage of job (MB)
	10460152  -  ResidentSetSize of job (KB)
...
006 (10630092.000.000) 11/11 11:25:07 Image size of job updated: 18970576
	18526  -  MemoryUsage of job (MB)
	18970576  -  ResidentSetSize of job (KB)
...
006 (10630092.000.000) 11/11 11:30:08 Image size of job updated: 27242688
	26605  -  MemoryUsage of job (MB)
	27242688  -  ResidentSetSize of job (KB)
...
006 (10630092.000.000) 11/11 11:35:08 Image size of job updated: 35498256
	34667  -  MemoryUsage of job (MB)
	35498256  -  ResidentSetSize of job (KB)
...
006 (10630092.000.000) 11/11 11:40:08 Image size of job updated: 36731556
	35639  -  MemoryUsage of job (MB)
	36493536  -  ResidentSetSize of job (KB)
...
006 (10630092.000.000) 11/11 11:45:09 Image size of job updated: 36747488
	35887  -  MemoryUsage of job (MB)
	36747488  -  ResidentSetSize of job (KB)
...
006 (10630092.000.000) 11/11 11:50:10 Image size of job updated: 36932972
	35991  -  MemoryUsage of job (MB)
	36854440  -  ResidentSetSize of job (KB)
...
006 (10630092.000.000) 11/11 11:53:17 Image size of job updated: 38282908
	35992  -  MemoryUsage of job (MB)
	36854904  -  ResidentSetSize of job (KB)
...
021 (10630092.000.000) 11/11 11:53:17 Error from starter on slot1_1@b9pgpun201.cern.ch:
	Job has gone over cgroup memory limit of 21000 megabytes. Last measured usage: 37385 megabytes.  Consider resubmitting with a higher request_memory.
	Code 34 Subcode 0
...
004 (10630092.000.000) 11/11 11:53:17 Job was evicted.
	(0) CPU times
		Usr 0 00:27:03, Sys 0 00:05:06  -  Run Remote Usage
		Usr 0 00:00:00, Sys 0 00:00:00  -  Run Local Usage
	0  -  Run Bytes Sent By Job
	1600  -  Run Bytes Received By Job
	Error from slot1_1@b9pgpun201.cern.ch: Job has gone over cgroup memory limit of 21000 megabytes. Last measured usage: 37385 megabytes.  Consider resubmitting with a higher request_memory.
	Partitionable Resources :    Usage  Request Allocated Assigned
	   Cpus                 :     0.41        7         7 
	   Disk (KB)            :    36           2      2048 
	   GPUs                 :                 1         1 "MIG-d27f6952-8765-5e96-8f1d-b50ea6be44cb"
	   Memory (MB)          : 35992       21000     21000 
	   TimeSlotBusy (s)     :  2305                       
...
012 (10630092.000.000) 11/11 11:53:17 Job was held.
	Error from slot1_1@b9pgpun201.cern.ch: Job has gone over cgroup memory limit of 21000 megabytes. Last measured usage: 37385 megabytes.  Consider resubmitting with a higher request_memory.
	Code 34 Subcode 0
...
009 (10630092.000.000) 11/11 12:23:18 Job was aborted.
	via condor_rm (by user evilla)
...
