000 (13725990.000.000) 11/12 01:51:51 Job submitted from host: <188.184.90.62:9618?addrs=188.184.90.62-9618+[2001-1458-201-e4--100-238]-9618&alias=bigbird16.cern.ch&noUDP&sock=schedd_2089_756e>
...
040 (13725990.000.000) 11/12 02:03:59 Started transferring input files
	Transferring to host: <188.185.192.50:9618?addrs=188.185.192.50-9618+[2001-1458-303-1f--100-2e]-9618&alias=b9p13p1639.cern.ch&noUDP&sock=slot1_14_1305593_20bd_48756>
...
040 (13725990.000.000) 11/12 02:03:59 Finished transferring input files
...
001 (13725990.000.000) 11/12 02:04:00 Job executing on host: <188.185.192.50:9618?addrs=188.185.192.50-9618+[2001-1458-303-1f--100-2e]-9618&alias=b9p13p1639.cern.ch&noUDP&sock=startd_5597_a7a9>
	SlotName: slot1_14@b9p13p1639.cern.ch
	CondorScratchDir = "/pool/condor/dir_1529930"
	Cpus = 6
	Disk = 5291686
	GPUs = 0
	Memory = 18500
...
006 (13725990.000.000) 11/12 02:04:14 Image size of job updated: 1372
	2  -  MemoryUsage of job (MB)
	1372  -  ResidentSetSize of job (KB)
...
040 (13725990.000.000) 11/12 02:04:30 Started transferring output files
...
040 (13725990.000.000) 11/12 02:04:30 Finished transferring output files
...
005 (13725990.000.000) 11/12 02:04:30 Job terminated.
	(1) Normal termination (return value 1)
		Usr 0 00:00:00, Sys 0 00:00:00  -  Run Remote Usage
		Usr 0 00:00:00, Sys 0 00:00:00  -  Run Local Usage
		Usr 0 00:00:00, Sys 0 00:00:00  -  Total Remote Usage
		Usr 0 00:00:00, Sys 0 00:00:00  -  Total Local Usage
	26  -  Run Bytes Sent By Job
	1680  -  Run Bytes Received By Job
	26  -  Total Bytes Sent By Job
	1680  -  Total Bytes Received By Job
	Partitionable Resources :    Usage  Request Allocated 
	   Cpus                 :        0        6         6 
	   Disk (KB)            :       28  5242880   5291686 
	   GPUs                 :                           0 
	   Memory (MB)          :        2    18432     18500 
	   TimeExecute (s)      :       30                    
	   TimeSlotBusy (s)     :       32                    

	Job terminated of its own accord at 2025-11-12T01:04:30Z with exit-code 1.
...
