=========================================
CT INCREMENTAL TRAINING WRAPPER
=========================================
Job started at: Wed Nov 12 01:39:17 AM CET 2025
Running on host: b9p20p0998.cern.ch
Current directory: /pool/condor/dir_2634317
Arguments: -j channel_tagging/json/volume_v9_incremental_150k.json
=========================================
JSON config: channel_tagging/json/volume_v9_incremental_150k.json
================================================================================
CHANNEL TAGGING TRAINING - INCREMENTAL LOADING MODE
================================================================================

Configuration loaded from: channel_tagging/json/volume_v9_incremental_150k.json
{
  "model_type": "simple_cnn",
  "version": "v9_incremental_150k",
  "description": "CT incremental dataset refresh: Load 10k, replace every 5 epochs, total 150k samples",
  "data": {
    "es_directory": "/eos/user/e/evilla/dune/sn-tps/production_es/volume_images_nov10/",
    "cc_directory": "/eos/user/e/evilla/dune/sn-tps/production_cc/volume_images_nov10/",
    "plane": "X",
    "incremental_loading": true,
    "samples_per_batch": 5000,
    "refresh_every_n_epochs": 5,
    "total_samples_per_class": 75000,
    "train_split": 0.8,
    "shuffle": true
  },
  "model": {
    "input_shape": [
      208,
      1242,
      1
    ],
    "n_classes": 2,
    "n_conv_layers": 4,
    "n_filters": 64,
    "use_batch_norm": true,
    "dropout_rate": 0.4,
    "dense_units": 256
  },
  "training": {
    "optimizer": "adam",
    "learning_rate": 0.0005,
    "epochs": 100,
    "batch_size": 16,
    "early_stopping_patience": 25,
    "reduce_lr_patience": 10,
    "reduce_lr_factor": 0.5,
    "min_lr": 1e-06
  },
  "hyperopt": {
    "enabled": false
  },
  "output": {
    "base_dir": "/eos/user/e/evilla/dune/sn-tps/neural_networks/channel_tagging/",
    "save_best_only": true
  }
}

============================================================
INCREMENTAL LOADING CONFIGURATION
============================================================
Batch size: 10000 samples
Epochs per batch: 5
Number of batches: 5
Total exposure: 50000 samples
Total epochs: 25
============================================================

=========================================
Job finished at: Wed Nov 12 01:39:57 AM CET 2025
Exit code: 1
=========================================
