000 (10280422.000.000) 11/11 14:33:25 Job submitted from host: <188.185.71.83:9618?addrs=188.185.71.83-9618+[2001-1458-d00-7--100-34d]-9618&alias=bigbird18.cern.ch&noUDP&sock=schedd_5052_d48c>
...
040 (10280422.000.000) 11/11 14:34:20 Started transferring input files
	Transferring to host: <188.185.190.54:9618?addrs=188.185.190.54-9618+[2001-1458-d03-b--100-80]-9618&alias=b9pgpun102.cern.ch&noUDP&sock=slot1_1_45660_59ba_815>
...
040 (10280422.000.000) 11/11 14:34:20 Finished transferring input files
...
001 (10280422.000.000) 11/11 14:34:21 Job executing on host: <188.185.190.54:9618?addrs=188.185.190.54-9618+[2001-1458-d03-b--100-80]-9618&alias=b9pgpun102.cern.ch&noUDP&sock=startd_45621_ca35>
	SlotName: slot1_1@b9pgpun102.cern.ch
	AvailableGPUs = { GPUs_MIG_92ed3cba_5e32_5358_b8ff_22847c25ec3d }
	CondorScratchDir = "/pool/condor/dir_264899"
	Cpus = 6
	Disk = 2048
	GPUs = 1
	GPUs_MIG_92ed3cba_5e32_5358_b8ff_22847c25ec3d = [ Id = "MIG-92ed3cba-5e32-5358-b8ff-22847c25ec3d"; DeviceName = "NVIDIA H100L-1-12C MIG 1g.12gb"; DeviceUuid = "MIG-92ed3cba-5e32-5358-b8ff-22847c25ec3d"; ComputeUnits = 16; GlobalMemoryMb = 10564 ]
	Memory = 18000
...
006 (10280422.000.000) 11/11 14:34:34 Image size of job updated: 65568
	65  -  MemoryUsage of job (MB)
	65568  -  ResidentSetSize of job (KB)
...
006 (10280422.000.000) 11/11 14:39:34 Image size of job updated: 1338280
	1279  -  MemoryUsage of job (MB)
	1309532  -  ResidentSetSize of job (KB)
...
006 (10280422.000.000) 11/11 14:44:35 Image size of job updated: 1352580
	1279  -  MemoryUsage of job (MB)
	1309532  -  ResidentSetSize of job (KB)
...
006 (10280422.000.000) 11/11 15:09:38 Image size of job updated: 1365672
	1334  -  MemoryUsage of job (MB)
	1365672  -  ResidentSetSize of job (KB)
...
006 (10280422.000.000) 11/11 15:14:38 Image size of job updated: 2953832
	2450  -  MemoryUsage of job (MB)
	2508788  -  ResidentSetSize of job (KB)
...
006 (10280422.000.000) 11/11 15:19:38 Image size of job updated: 2953832
	2807  -  MemoryUsage of job (MB)
	2873564  -  ResidentSetSize of job (KB)
...
006 (10280422.000.000) 11/11 15:29:40 Image size of job updated: 2965352
	2807  -  MemoryUsage of job (MB)
	2873564  -  ResidentSetSize of job (KB)
...
006 (10280422.000.000) 11/11 15:34:40 Image size of job updated: 4252492
	4088  -  MemoryUsage of job (MB)
	4185804  -  ResidentSetSize of job (KB)
...
006 (10280422.000.000) 11/11 15:39:41 Image size of job updated: 4387052
	4129  -  MemoryUsage of job (MB)
	4227112  -  ResidentSetSize of job (KB)
...
006 (10280422.000.000) 11/11 15:44:42 Image size of job updated: 4444228
	4301  -  MemoryUsage of job (MB)
	4403252  -  ResidentSetSize of job (KB)
...
006 (10280422.000.000) 11/11 15:49:42 Image size of job updated: 4500460
	4301  -  MemoryUsage of job (MB)
	4403252  -  ResidentSetSize of job (KB)
...
006 (10280422.000.000) 11/11 15:59:43 Image size of job updated: 4680536
	4306  -  MemoryUsage of job (MB)
	4409284  -  ResidentSetSize of job (KB)
...
006 (10280422.000.000) 11/11 16:04:44 Image size of job updated: 4680536
	4393  -  MemoryUsage of job (MB)
	4498356  -  ResidentSetSize of job (KB)
...
006 (10280422.000.000) 11/11 16:09:44 Image size of job updated: 4680536
	4448  -  MemoryUsage of job (MB)
	4554604  -  ResidentSetSize of job (KB)
...
006 (10280422.000.000) 11/11 16:29:46 Image size of job updated: 5037916
	4920  -  MemoryUsage of job (MB)
	5037916  -  ResidentSetSize of job (KB)
...
006 (10280422.000.000) 11/11 16:34:46 Image size of job updated: 5163188
	4920  -  MemoryUsage of job (MB)
	5037916  -  ResidentSetSize of job (KB)
...
006 (10280422.000.000) 11/11 16:39:47 Image size of job updated: 5189944
	4939  -  MemoryUsage of job (MB)
	5057260  -  ResidentSetSize of job (KB)
...
006 (10280422.000.000) 11/11 16:44:48 Image size of job updated: 5189944
	4939  -  MemoryUsage of job (MB)
	5057420  -  ResidentSetSize of job (KB)
...
006 (10280422.000.000) 11/11 16:49:48 Image size of job updated: 5237844
	4939  -  MemoryUsage of job (MB)
	5057420  -  ResidentSetSize of job (KB)
...
006 (10280422.000.000) 11/11 16:54:48 Image size of job updated: 5470232
	5341  -  MemoryUsage of job (MB)
	5468216  -  ResidentSetSize of job (KB)
...
006 (10280422.000.000) 11/11 16:59:49 Image size of job updated: 5621264
	5490  -  MemoryUsage of job (MB)
	5621264  -  ResidentSetSize of job (KB)
...
006 (10280422.000.000) 11/11 17:04:49 Image size of job updated: 5663016
	5490  -  MemoryUsage of job (MB)
	5621264  -  ResidentSetSize of job (KB)
...
006 (10280422.000.000) 11/11 17:14:50 Image size of job updated: 5663084
	5490  -  MemoryUsage of job (MB)
	5621264  -  ResidentSetSize of job (KB)
...
006 (10280422.000.000) 11/11 17:24:51 Image size of job updated: 5697056
	5490  -  MemoryUsage of job (MB)
	5621264  -  ResidentSetSize of job (KB)
...
006 (10280422.000.000) 11/11 17:39:53 Image size of job updated: 5697056
	5511  -  MemoryUsage of job (MB)
	5642368  -  ResidentSetSize of job (KB)
...
006 (10280422.000.000) 11/11 17:49:53 Image size of job updated: 5798280
	5511  -  MemoryUsage of job (MB)
	5642368  -  ResidentSetSize of job (KB)
...
006 (10280422.000.000) 11/11 17:54:54 Image size of job updated: 5812940
	5572  -  MemoryUsage of job (MB)
	5705280  -  ResidentSetSize of job (KB)
...
006 (10280422.000.000) 11/11 17:59:55 Image size of job updated: 5829664
	5572  -  MemoryUsage of job (MB)
	5705280  -  ResidentSetSize of job (KB)
...
006 (10280422.000.000) 11/11 18:04:55 Image size of job updated: 5831728
	5572  -  MemoryUsage of job (MB)
	5705280  -  ResidentSetSize of job (KB)
...
006 (10280422.000.000) 11/11 18:09:56 Image size of job updated: 5833772
	5572  -  MemoryUsage of job (MB)
	5705280  -  ResidentSetSize of job (KB)
...
006 (10280422.000.000) 11/11 18:14:57 Image size of job updated: 5843260
	5572  -  MemoryUsage of job (MB)
	5705280  -  ResidentSetSize of job (KB)
...
006 (10280422.000.000) 11/11 18:19:57 Image size of job updated: 5860100
	5589  -  MemoryUsage of job (MB)
	5722824  -  ResidentSetSize of job (KB)
...
006 (10280422.000.000) 11/11 18:24:57 Image size of job updated: 5879792
	5609  -  MemoryUsage of job (MB)
	5743540  -  ResidentSetSize of job (KB)
...
006 (10280422.000.000) 11/11 18:29:58 Image size of job updated: 5883936
	5613  -  MemoryUsage of job (MB)
	5747636  -  ResidentSetSize of job (KB)
...
006 (10280422.000.000) 11/11 18:34:59 Image size of job updated: 5891008
	5613  -  MemoryUsage of job (MB)
	5747636  -  ResidentSetSize of job (KB)
...
006 (10280422.000.000) 11/11 18:44:59 Image size of job updated: 5929948
	5640  -  MemoryUsage of job (MB)
	5774696  -  ResidentSetSize of job (KB)
...
006 (10280422.000.000) 11/11 18:50:00 Image size of job updated: 5972184
	5640  -  MemoryUsage of job (MB)
	5774696  -  ResidentSetSize of job (KB)
...
006 (10280422.000.000) 11/11 19:10:03 Image size of job updated: 5972184
	5719  -  MemoryUsage of job (MB)
	5855360  -  ResidentSetSize of job (KB)
...
006 (10280422.000.000) 11/11 19:15:03 Image size of job updated: 6032024
	5719  -  MemoryUsage of job (MB)
	5855360  -  ResidentSetSize of job (KB)
...
006 (10280422.000.000) 11/11 19:35:05 Image size of job updated: 6032024
	5734  -  MemoryUsage of job (MB)
	5870760  -  ResidentSetSize of job (KB)
...
006 (10280422.000.000) 11/11 19:40:05 Image size of job updated: 6172716
	5755  -  MemoryUsage of job (MB)
	5892660  -  ResidentSetSize of job (KB)
...
006 (10280422.000.000) 11/11 19:45:06 Image size of job updated: 6172716
	5856  -  MemoryUsage of job (MB)
	5996236  -  ResidentSetSize of job (KB)
...
006 (10280422.000.000) 11/11 21:00:13 Image size of job updated: 6273460
	5859  -  MemoryUsage of job (MB)
	5999564  -  ResidentSetSize of job (KB)
...
006 (10280422.000.000) 11/11 21:05:14 Image size of job updated: 6273460
	5859  -  MemoryUsage of job (MB)
	5999568  -  ResidentSetSize of job (KB)
...
006 (10280422.000.000) 11/11 21:10:14 Image size of job updated: 6273460
	5888  -  MemoryUsage of job (MB)
	6028688  -  ResidentSetSize of job (KB)
...
006 (10280422.000.000) 11/11 21:45:18 Image size of job updated: 6273460
	5915  -  MemoryUsage of job (MB)
	6056580  -  ResidentSetSize of job (KB)
...
006 (10280422.000.000) 11/11 21:50:18 Image size of job updated: 6273460
	5981  -  MemoryUsage of job (MB)
	6123792  -  ResidentSetSize of job (KB)
...
006 (10280422.000.000) 11/11 22:00:20 Image size of job updated: 6314468
	5988  -  MemoryUsage of job (MB)
	6131276  -  ResidentSetSize of job (KB)
...
006 (10280422.000.000) 11/11 22:05:20 Image size of job updated: 6314468
	6006  -  MemoryUsage of job (MB)
	6149148  -  ResidentSetSize of job (KB)
...
006 (10280422.000.000) 11/11 22:10:20 Image size of job updated: 6314468
	6020  -  MemoryUsage of job (MB)
	6163632  -  ResidentSetSize of job (KB)
...
006 (10280422.000.000) 11/11 22:15:21 Image size of job updated: 6318768
	6022  -  MemoryUsage of job (MB)
	6165680  -  ResidentSetSize of job (KB)
...
006 (10280422.000.000) 11/11 22:20:21 Image size of job updated: 6445520
	6032  -  MemoryUsage of job (MB)
	6176504  -  ResidentSetSize of job (KB)
...
006 (10280422.000.000) 11/11 22:30:22 Image size of job updated: 6445520
	6185  -  MemoryUsage of job (MB)
	6333440  -  ResidentSetSize of job (KB)
...
006 (10280422.000.000) 11/11 23:15:27 Image size of job updated: 6516244
	6185  -  MemoryUsage of job (MB)
	6333440  -  ResidentSetSize of job (KB)
...
006 (10280422.000.000) 11/11 23:45:31 Image size of job updated: 6544624
	6185  -  MemoryUsage of job (MB)
	6333440  -  ResidentSetSize of job (KB)
...
006 (10280422.000.000) 11/12 01:10:39 Image size of job updated: 6544624
	6186  -  MemoryUsage of job (MB)
	6334288  -  ResidentSetSize of job (KB)
...
006 (10280422.000.000) 11/12 01:55:44 Image size of job updated: 6731460
	6186  -  MemoryUsage of job (MB)
	6334288  -  ResidentSetSize of job (KB)
...
006 (10280422.000.000) 11/12 02:20:46 Image size of job updated: 6731460
	6321  -  MemoryUsage of job (MB)
	6472072  -  ResidentSetSize of job (KB)
...
006 (10280422.000.000) 11/12 04:30:58 Image size of job updated: 6731460
	6344  -  MemoryUsage of job (MB)
	6496000  -  ResidentSetSize of job (KB)
...
006 (10280422.000.000) 11/12 04:35:59 Image size of job updated: 6731460
	6373  -  MemoryUsage of job (MB)
	6525120  -  ResidentSetSize of job (KB)
...
006 (10280422.000.000) 11/12 04:41:00 Image size of job updated: 6731460
	6414  -  MemoryUsage of job (MB)
	6567516  -  ResidentSetSize of job (KB)
...
006 (10280422.000.000) 11/12 04:56:01 Image size of job updated: 6731460
	6439  -  MemoryUsage of job (MB)
	6593092  -  ResidentSetSize of job (KB)
...
006 (10280422.000.000) 11/12 05:06:01 Image size of job updated: 6731788
	6439  -  MemoryUsage of job (MB)
	6593092  -  ResidentSetSize of job (KB)
...
006 (10280422.000.000) 11/12 05:31:04 Image size of job updated: 6862056
	6439  -  MemoryUsage of job (MB)
	6593092  -  ResidentSetSize of job (KB)
...
006 (10280422.000.000) 11/12 05:46:05 Image size of job updated: 6862056
	6461  -  MemoryUsage of job (MB)
	6616044  -  ResidentSetSize of job (KB)
...
006 (10280422.000.000) 11/12 05:51:06 Image size of job updated: 6862056
	6485  -  MemoryUsage of job (MB)
	6640072  -  ResidentSetSize of job (KB)
...
006 (10280422.000.000) 11/12 06:21:09 Image size of job updated: 6862056
	6514  -  MemoryUsage of job (MB)
	6669876  -  ResidentSetSize of job (KB)
...
006 (10280422.000.000) 11/12 09:16:26 Image size of job updated: 6862056
	6595  -  MemoryUsage of job (MB)
	6753224  -  ResidentSetSize of job (KB)
...
040 (10280422.000.000) 11/12 09:41:44 Started transferring output files
...
040 (10280422.000.000) 11/12 09:41:44 Finished transferring output files
...
005 (10280422.000.000) 11/12 09:41:44 Job terminated.
	(1) Normal termination (return value 0)
		Usr 0 19:48:55, Sys 0 01:44:00  -  Run Remote Usage
		Usr 0 00:00:00, Sys 0 00:00:00  -  Run Local Usage
		Usr 0 19:48:55, Sys 0 01:44:00  -  Total Remote Usage
		Usr 0 00:00:00, Sys 0 00:00:00  -  Total Local Usage
	10345563  -  Run Bytes Sent By Job
	1680  -  Run Bytes Received By Job
	10345563  -  Total Bytes Sent By Job
	1680  -  Total Bytes Received By Job
	Partitionable Resources :    Usage  Request Allocated Assigned
	   Cpus                 :     1.15        6         6 
	   Disk (KB)            : 10128           2      2048 
	   GPUs                 :                 1         1 "MIG-92ed3cba-5e32-5358-b8ff-22847c25ec3d"
	   Memory (MB)          :  6595       18000     18000 
	   TimeExecute (s)      : 68843                       
	   TimeSlotBusy (s)     : 68845                       

	Job terminated of its own accord at 2025-11-12T08:41:44Z with exit-code 0.
...
