000 (10630090.000.000) 11/11 11:13:05 Job submitted from host: <188.185.70.244:9618?addrs=188.185.70.244-9618+[2001-1458-d00-7--100-2ee]-9618&alias=bigbird10.cern.ch&noUDP&sock=schedd_3518298_5df3>
...
040 (10630090.000.000) 11/11 11:13:15 Started transferring input files
	Transferring to host: <128.142.241.88:9618?addrs=128.142.241.88-9618+[2001-1458-301-ce--100-183]-9618&alias=b9g47n2314.cern.ch&noUDP&sock=slot1_4_14284_1ebe_3666>
...
040 (10630090.000.000) 11/11 11:13:15 Finished transferring input files
...
001 (10630090.000.000) 11/11 11:13:16 Job executing on host: <128.142.241.88:9618?addrs=128.142.241.88-9618+[2001-1458-301-ce--100-183]-9618&alias=b9g47n2314.cern.ch&noUDP&sock=startd_13649_a83e>
	SlotName: slot1_4@b9g47n2314.cern.ch
	AvailableGPUs = { GPUs_GPU_c008e977 }
	CondorScratchDir = "/pool/condor/dir_3262454"
	Cpus = 7
	Disk = 2048
	GPUs = 1
	GPUs_GPU_c008e977 = [ Id = "GPU-c008e977"; ClockMhz = 1380.0; Capability = 7.0; CoresPerCU = 64; DeviceName = "Tesla V100-PCIE-32GB"; DeviceUuid = "c008e977-ed1c-1f3f-aad7-e90408f82a9b"; ECCEnabled = true; ComputeUnits = 80; DriverVersion = 13.0; DevicePciBusId = "0000:0A:00.0"; GlobalMemoryMb = 32494; MaxSupportedVersion = 13000 ]
	Memory = 21000
...
006 (10630090.000.000) 11/11 11:13:29 Image size of job updated: 38728
	38  -  MemoryUsage of job (MB)
	38728  -  ResidentSetSize of job (KB)
...
006 (10630090.000.000) 11/11 11:18:29 Image size of job updated: 6032808
	5526  -  MemoryUsage of job (MB)
	5658460  -  ResidentSetSize of job (KB)
...
006 (10630090.000.000) 11/11 11:23:30 Image size of job updated: 11389364
	11123  -  MemoryUsage of job (MB)
	11389364  -  ResidentSetSize of job (KB)
...
006 (10630090.000.000) 11/11 11:28:31 Image size of job updated: 17002572
	16605  -  MemoryUsage of job (MB)
	17002572  -  ResidentSetSize of job (KB)
...
006 (10630090.000.000) 11/11 11:33:31 Image size of job updated: 22482248
	21956  -  MemoryUsage of job (MB)
	22482248  -  ResidentSetSize of job (KB)
...
006 (10630090.000.000) 11/11 11:38:32 Image size of job updated: 27718888
	27070  -  MemoryUsage of job (MB)
	27718888  -  ResidentSetSize of job (KB)
...
006 (10630090.000.000) 11/11 11:43:33 Image size of job updated: 33249464
	32471  -  MemoryUsage of job (MB)
	33249464  -  ResidentSetSize of job (KB)
...
006 (10630090.000.000) 11/11 11:48:33 Image size of job updated: 38888060
	37977  -  MemoryUsage of job (MB)
	38888060  -  ResidentSetSize of job (KB)
...
006 (10630090.000.000) 11/11 11:53:33 Image size of job updated: 42449724
	40735  -  MemoryUsage of job (MB)
	41712636  -  ResidentSetSize of job (KB)
...
006 (10630090.000.000) 11/11 11:58:34 Image size of job updated: 42449724
	40816  -  MemoryUsage of job (MB)
	41795584  -  ResidentSetSize of job (KB)
...
006 (10630090.000.000) 11/11 12:08:34 Image size of job updated: 42449724
	41396  -  MemoryUsage of job (MB)
	42388772  -  ResidentSetSize of job (KB)
...
006 (10630090.000.000) 11/11 12:13:35 Image size of job updated: 42449724
	41396  -  MemoryUsage of job (MB)
	42389196  -  ResidentSetSize of job (KB)
...
006 (10630090.000.000) 11/11 12:23:35 Image size of job updated: 42478252
	41482  -  MemoryUsage of job (MB)
	42477060  -  ResidentSetSize of job (KB)
...
006 (10630090.000.000) 11/11 12:28:36 Image size of job updated: 42494156
	41482  -  MemoryUsage of job (MB)
	42477060  -  ResidentSetSize of job (KB)
...
021 (10630090.000.000) 11/11 12:38:19 Error from starter on slot1_4@b9g47n2314.cern.ch:
	Job has gone over cgroup memory limit of 21000 megabytes. Last measured usage: 41498 megabytes.  Consider resubmitting with a higher request_memory.
	Code 34 Subcode 0
...
004 (10630090.000.000) 11/11 12:38:19 Job was evicted.
	(0) CPU times
		Usr 0 00:42:15, Sys 0 00:26:40  -  Run Remote Usage
		Usr 0 00:00:00, Sys 0 00:00:00  -  Run Local Usage
	0  -  Run Bytes Sent By Job
	1600  -  Run Bytes Received By Job
	Error from slot1_4@b9g47n2314.cern.ch: Job has gone over cgroup memory limit of 21000 megabytes. Last measured usage: 41498 megabytes.  Consider resubmitting with a higher request_memory.
	Partitionable Resources :    Usage  Request Allocated Assigned
	   Cpus                 :     0.66        7         7 
	   Disk (KB)            :    36           2      2048 
	   GPUs                 :     0           1         1 "GPU-c008e977"
	   GpusMemory (MB)      :   278                       
	   Memory (MB)          : 41482       21000     21000 
	   TimeSlotBusy (s)     :  5105                       
...
012 (10630090.000.000) 11/11 12:38:19 Job was held.
	Error from slot1_4@b9g47n2314.cern.ch: Job has gone over cgroup memory limit of 21000 megabytes. Last measured usage: 41498 megabytes.  Consider resubmitting with a higher request_memory.
	Code 34 Subcode 0
...
009 (10630090.000.000) 11/11 14:02:33 Job was aborted.
	via condor_rm (by user evilla)
...
