000 (10287154.000.000) 11/11 23:07:23 Job submitted from host: <188.185.71.83:9618?addrs=188.185.71.83-9618+[2001-1458-d00-7--100-34d]-9618&alias=bigbird18.cern.ch&noUDP&sock=schedd_5052_d48c>
...
040 (10287154.000.000) 11/11 23:07:50 Started transferring input files
	Transferring to host: <188.185.190.25:9618?addrs=188.185.190.25-9618+[2001-1458-d03-b--100-113]-9618&alias=b9pgpun049.cern.ch&noUDP&sock=slot1_1_8409_a6af_32435>
...
040 (10287154.000.000) 11/11 23:07:50 Finished transferring input files
...
001 (10287154.000.000) 11/11 23:07:51 Job executing on host: <188.185.190.25:9618?addrs=188.185.190.25-9618+[2001-1458-d03-b--100-113]-9618&alias=b9pgpun049.cern.ch&noUDP&sock=startd_7014_995d>
	SlotName: slot1_1@b9pgpun049.cern.ch
	AvailableGPUs = { GPUs_MIG_aafcc966_1b14_5dc9_8cb7_3bb5f7502f5e }
	CondorScratchDir = "/pool/condor/dir_392515"
	Cpus = 6
	Disk = 5243855
	GPUs = 1
	GPUs_MIG_aafcc966_1b14_5dc9_8cb7_3bb5f7502f5e = [ Id = "MIG-aafcc966-1b14-5dc9-8cb7-3bb5f7502f5e"; DeviceName = "NVIDIA H100L-1-12C MIG 1g.12gb"; DeviceUuid = "MIG-aafcc966-1b14-5dc9-8cb7-3bb5f7502f5e"; ComputeUnits = 16; GlobalMemoryMb = 10564 ]
	Memory = 18000
...
006 (10287154.000.000) 11/11 23:08:05 Image size of job updated: 42288
	42  -  MemoryUsage of job (MB)
	42288  -  ResidentSetSize of job (KB)
...
006 (10287154.000.000) 11/11 23:09:00 Image size of job updated: 234488
	42  -  MemoryUsage of job (MB)
	42288  -  ResidentSetSize of job (KB)
...
040 (10287154.000.000) 11/11 23:09:00 Started transferring output files
...
040 (10287154.000.000) 11/11 23:09:00 Finished transferring output files
...
005 (10287154.000.000) 11/11 23:09:00 Job terminated.
	(1) Normal termination (return value 1)
		Usr 0 00:00:04, Sys 0 00:00:03  -  Run Remote Usage
		Usr 0 00:00:00, Sys 0 00:00:00  -  Run Local Usage
		Usr 0 00:00:04, Sys 0 00:00:03  -  Total Remote Usage
		Usr 0 00:00:00, Sys 0 00:00:00  -  Total Local Usage
	2042  -  Run Bytes Sent By Job
	1176  -  Run Bytes Received By Job
	2042  -  Total Bytes Sent By Job
	1176  -  Total Bytes Received By Job
	Partitionable Resources :    Usage  Request Allocated Assigned
	   Cpus                 :        0        6         6 
	   Disk (KB)            :       30  5242880   5243855 
	   GPUs                 :                 1         1 "MIG-aafcc966-1b14-5dc9-8cb7-3bb5f7502f5e"
	   Memory (MB)          :       42    18000     18000 
	   TimeExecute (s)      :       69                    
	   TimeSlotBusy (s)     :       71                    

	Job terminated of its own accord at 2025-11-11T22:09:00Z with exit-code 1.
...
