000 (10630210.000.000) 11/11 12:23:38 Job submitted from host: <188.185.70.244:9618?addrs=188.185.70.244-9618+[2001-1458-d00-7--100-2ee]-9618&alias=bigbird10.cern.ch&noUDP&sock=schedd_3518298_5df3>
...
040 (10630210.000.000) 11/11 12:24:45 Started transferring input files
	Transferring to host: <188.185.190.13:9618?addrs=188.185.190.13-9618+[2001-1458-d03-b--100-54]-9618&alias=b9pgpun048.cern.ch&noUDP&sock=slot1_1_5476_1658_8662>
...
040 (10630210.000.000) 11/11 12:24:45 Finished transferring input files
...
001 (10630210.000.000) 11/11 12:24:46 Job executing on host: <188.185.190.13:9618?addrs=188.185.190.13-9618+[2001-1458-d03-b--100-54]-9618&alias=b9pgpun048.cern.ch&noUDP&sock=startd_4142_a55d>
	SlotName: slot1_1@b9pgpun048.cern.ch
	AvailableGPUs = { GPUs_MIG_5cd524b3_0652_5729_a502_f42bfe4bd09d }
	CondorScratchDir = "/pool/condor/dir_284271"
	Cpus = 14
	Disk = 2048
	GPUs = 1
	GPUs_MIG_5cd524b3_0652_5729_a502_f42bfe4bd09d = [ Id = "MIG-5cd524b3-0652-5729-a502-f42bfe4bd09d"; DeviceName = "NVIDIA H100L-2-24C MIG 2g.24gb"; DeviceUuid = "MIG-5cd524b3-0652-5729-a502-f42bfe4bd09d"; ComputeUnits = 32; GlobalMemoryMb = 21547 ]
	Memory = 42000
...
006 (10630210.000.000) 11/11 12:24:59 Image size of job updated: 51544
	51  -  MemoryUsage of job (MB)
	51544  -  ResidentSetSize of job (KB)
...
006 (10630210.000.000) 11/11 12:29:59 Image size of job updated: 5655988
	5515  -  MemoryUsage of job (MB)
	5646808  -  ResidentSetSize of job (KB)
...
006 (10630210.000.000) 11/11 12:35:00 Image size of job updated: 14150104
	13819  -  MemoryUsage of job (MB)
	14150104  -  ResidentSetSize of job (KB)
...
006 (10630210.000.000) 11/11 12:40:01 Image size of job updated: 21674708
	21167  -  MemoryUsage of job (MB)
	21674708  -  ResidentSetSize of job (KB)
...
006 (10630210.000.000) 11/11 12:45:01 Image size of job updated: 29104012
	28422  -  MemoryUsage of job (MB)
	29104012  -  ResidentSetSize of job (KB)
...
006 (10630210.000.000) 11/11 12:50:02 Image size of job updated: 36244896
	35396  -  MemoryUsage of job (MB)
	36244896  -  ResidentSetSize of job (KB)
...
006 (10630210.000.000) 11/11 12:55:03 Image size of job updated: 36742576
	35543  -  MemoryUsage of job (MB)
	36395388  -  ResidentSetSize of job (KB)
...
006 (10630210.000.000) 11/11 13:00:03 Image size of job updated: 36742576
	35708  -  MemoryUsage of job (MB)
	36564284  -  ResidentSetSize of job (KB)
...
006 (10630210.000.000) 11/11 13:05:03 Image size of job updated: 37140752
	36021  -  MemoryUsage of job (MB)
	36885384  -  ResidentSetSize of job (KB)
...
006 (10630210.000.000) 11/11 13:14:12 Image size of job updated: 38365580
	37459  -  MemoryUsage of job (MB)
	38357080  -  ResidentSetSize of job (KB)
...
006 (10630210.000.000) 11/11 13:26:17 Image size of job updated: 38372848
	37472  -  MemoryUsage of job (MB)
	38371248  -  ResidentSetSize of job (KB)
...
022 (10630210.000.000) 11/11 14:03:44 Job disconnected, attempting to reconnect
    Socket between submit and execute hosts closed unexpectedly
    Trying to reconnect to slot1_1@b9pgpun048.cern.ch <188.185.190.13:9618?addrs=188.185.190.13-9618+[2001-1458-d03-b--100-54]-9618&alias=b9pgpun048.cern.ch&noUDP&sock=startd_4142_a55d>
...
009 (10630210.000.000) 11/11 14:44:02 Job was aborted.
	via condor_rm (by user evilla)
...
