000 (13737399.000.000) 11/12 10:02:40 Job submitted from host: <188.184.90.62:9618?addrs=188.184.90.62-9618+[2001-1458-201-e4--100-238]-9618&alias=bigbird16.cern.ch&noUDP&sock=schedd_2089_756e>
...
040 (13737399.000.000) 11/12 10:05:35 Started transferring input files
	Transferring to host: <188.185.208.178:9618?addrs=188.185.208.178-9618+[2001-1458-303-10--100-2f]-9618&alias=b9p10p7838.cern.ch&noUDP&sock=slot1_15_5031_8b66_47137>
...
040 (13737399.000.000) 11/12 10:05:35 Finished transferring input files
...
001 (13737399.000.000) 11/12 10:05:36 Job executing on host: <188.185.208.178:9618?addrs=188.185.208.178-9618+[2001-1458-303-10--100-2f]-9618&alias=b9p10p7838.cern.ch&noUDP&sock=startd_4278_ee3e>
	SlotName: slot1_15@b9p10p7838.cern.ch
	CondorScratchDir = "/pool/condor/dir_2451504"
	Cpus = 6
	Disk = 5244965
	GPUs = 0
	Memory = 18500
...
006 (13737399.000.000) 11/12 10:05:49 Image size of job updated: 55664
	55  -  MemoryUsage of job (MB)
	55664  -  ResidentSetSize of job (KB)
...
006 (13737399.000.000) 11/12 10:10:49 Image size of job updated: 1328660
	1163  -  MemoryUsage of job (MB)
	1190264  -  ResidentSetSize of job (KB)
...
006 (13737399.000.000) 11/12 10:15:49 Image size of job updated: 1335752
	1164  -  MemoryUsage of job (MB)
	1191860  -  ResidentSetSize of job (KB)
...
006 (13737399.000.000) 11/12 10:20:50 Image size of job updated: 1335752
	1190  -  MemoryUsage of job (MB)
	1218128  -  ResidentSetSize of job (KB)
...
006 (13737399.000.000) 11/12 10:30:51 Image size of job updated: 1357616
	1190  -  MemoryUsage of job (MB)
	1218128  -  ResidentSetSize of job (KB)
...
006 (13737399.000.000) 11/12 10:35:52 Image size of job updated: 1366636
	1228  -  MemoryUsage of job (MB)
	1257000  -  ResidentSetSize of job (KB)
...
006 (13737399.000.000) 11/12 10:40:52 Image size of job updated: 6106532
	5018  -  MemoryUsage of job (MB)
	5137744  -  ResidentSetSize of job (KB)
...
006 (13737399.000.000) 11/12 10:45:53 Image size of job updated: 6836240
	6026  -  MemoryUsage of job (MB)
	6170052  -  ResidentSetSize of job (KB)
...
006 (13737399.000.000) 11/12 10:50:53 Image size of job updated: 7639436
	6026  -  MemoryUsage of job (MB)
	6170052  -  ResidentSetSize of job (KB)
...
006 (13737399.000.000) 11/12 11:00:54 Image size of job updated: 7940564
	6026  -  MemoryUsage of job (MB)
	6170052  -  ResidentSetSize of job (KB)
...
006 (13737399.000.000) 11/12 11:10:55 Image size of job updated: 8003984
	6466  -  MemoryUsage of job (MB)
	6620660  -  ResidentSetSize of job (KB)
...
006 (13737399.000.000) 11/12 11:25:56 Image size of job updated: 9452620
	7555  -  MemoryUsage of job (MB)
	7736096  -  ResidentSetSize of job (KB)
...
006 (13737399.000.000) 11/12 11:30:56 Image size of job updated: 9452620
	8255  -  MemoryUsage of job (MB)
	8453032  -  ResidentSetSize of job (KB)
...
006 (13737399.000.000) 11/12 11:40:57 Image size of job updated: 9659024
	8255  -  MemoryUsage of job (MB)
	8453032  -  ResidentSetSize of job (KB)
...
006 (13737399.000.000) 11/12 11:45:57 Image size of job updated: 9692520
	8255  -  MemoryUsage of job (MB)
	8453032  -  ResidentSetSize of job (KB)
...
006 (13737399.000.000) 11/12 11:50:58 Image size of job updated: 9881808
	8255  -  MemoryUsage of job (MB)
	8453032  -  ResidentSetSize of job (KB)
...
006 (13737399.000.000) 11/12 12:05:59 Image size of job updated: 10074064
	8255  -  MemoryUsage of job (MB)
	8453032  -  ResidentSetSize of job (KB)
...
006 (13737399.000.000) 11/12 12:31:02 Image size of job updated: 10074064
	8266  -  MemoryUsage of job (MB)
	8463996  -  ResidentSetSize of job (KB)
...
006 (13737399.000.000) 11/12 12:51:04 Image size of job updated: 11117152
	8419  -  MemoryUsage of job (MB)
	8620660  -  ResidentSetSize of job (KB)
...
006 (13737399.000.000) 11/12 12:56:04 Image size of job updated: 11117152
	8545  -  MemoryUsage of job (MB)
	8749684  -  ResidentSetSize of job (KB)
...
006 (13737399.000.000) 11/12 13:06:05 Image size of job updated: 11117152
	9466  -  MemoryUsage of job (MB)
	9692536  -  ResidentSetSize of job (KB)
...
006 (13737399.000.000) 11/12 13:36:08 Image size of job updated: 11134760
	9466  -  MemoryUsage of job (MB)
	9692536  -  ResidentSetSize of job (KB)
...
006 (13737399.000.000) 11/12 13:41:09 Image size of job updated: 11613316
	9466  -  MemoryUsage of job (MB)
	9692536  -  ResidentSetSize of job (KB)
...
006 (13737399.000.000) 11/12 13:51:10 Image size of job updated: 11613316
	9869  -  MemoryUsage of job (MB)
	10104896  -  ResidentSetSize of job (KB)
...
006 (13737399.000.000) 11/12 13:56:11 Image size of job updated: 12137820
	9869  -  MemoryUsage of job (MB)
	10104896  -  ResidentSetSize of job (KB)
...
006 (13737399.000.000) 11/12 14:06:12 Image size of job updated: 12199608
	9869  -  MemoryUsage of job (MB)
	10104896  -  ResidentSetSize of job (KB)
...
006 (13737399.000.000) 11/12 14:26:13 Image size of job updated: 12199608
	10147  -  MemoryUsage of job (MB)
	10389720  -  ResidentSetSize of job (KB)
...
006 (13737399.000.000) 11/12 14:31:13 Image size of job updated: 15201256
	14287  -  MemoryUsage of job (MB)
	14629288  -  ResidentSetSize of job (KB)
...
006 (13737399.000.000) 11/12 14:41:14 Image size of job updated: 15482468
	14287  -  MemoryUsage of job (MB)
	14629288  -  ResidentSetSize of job (KB)
...
006 (13737399.000.000) 11/12 15:01:16 Image size of job updated: 15508520
	14287  -  MemoryUsage of job (MB)
	14629288  -  ResidentSetSize of job (KB)
...
006 (13737399.000.000) 11/12 15:06:16 Image size of job updated: 15510820
	14287  -  MemoryUsage of job (MB)
	14629288  -  ResidentSetSize of job (KB)
...
006 (13737399.000.000) 11/12 15:21:19 Image size of job updated: 17355180
	16552  -  MemoryUsage of job (MB)
	16948496  -  ResidentSetSize of job (KB)
...
006 (13737399.000.000) 11/12 15:26:19 Image size of job updated: 18943268
	17785  -  MemoryUsage of job (MB)
	18211028  -  ResidentSetSize of job (KB)
...
006 (13737399.000.000) 11/12 15:31:19 Image size of job updated: 19424980
	18510  -  MemoryUsage of job (MB)
	18954164  -  ResidentSetSize of job (KB)
...
006 (13737399.000.000) 11/12 15:36:19 Image size of job updated: 19714952
	19253  -  MemoryUsage of job (MB)
	19714952  -  ResidentSetSize of job (KB)
...
006 (13737399.000.000) 11/12 15:41:20 Image size of job updated: 19778308
	19253  -  MemoryUsage of job (MB)
	19714952  -  ResidentSetSize of job (KB)
...
