000 (10630209.000.000) 11/11 12:23:33 Job submitted from host: <188.185.70.244:9618?addrs=188.185.70.244-9618+[2001-1458-d00-7--100-2ee]-9618&alias=bigbird10.cern.ch&noUDP&sock=schedd_3518298_5df3>
...
040 (10630209.000.000) 11/11 12:23:37 Started transferring input files
	Transferring to host: <188.185.190.41:9618?addrs=188.185.190.41-9618+[2001-1458-d03-b--100-2b]-9618&alias=b9pgpun041.cern.ch&noUDP&sock=slot1_1_6880_5511_5237>
...
040 (10630209.000.000) 11/11 12:23:37 Finished transferring input files
...
001 (10630209.000.000) 11/11 12:23:38 Job executing on host: <188.185.190.41:9618?addrs=188.185.190.41-9618+[2001-1458-d03-b--100-2b]-9618&alias=b9pgpun041.cern.ch&noUDP&sock=startd_6206_60d7>
	SlotName: slot1_1@b9pgpun041.cern.ch
	AvailableGPUs = { GPUs_MIG_938feea4_8020_5c2f_87db_d99c1ace5bc0 }
	CondorScratchDir = "/pool/condor/dir_3070542"
	Cpus = 14
	Disk = 2048
	GPUs = 1
	GPUs_MIG_938feea4_8020_5c2f_87db_d99c1ace5bc0 = [ Id = "MIG-938feea4-8020-5c2f-87db-d99c1ace5bc0"; DeviceName = "NVIDIA H100L-2-24C MIG 2g.24gb"; DeviceUuid = "MIG-938feea4-8020-5c2f-87db-d99c1ace5bc0"; ComputeUnits = 32; GlobalMemoryMb = 21547 ]
	Memory = 42000
...
006 (10630209.000.000) 11/11 12:23:47 Image size of job updated: 215884
	211  -  MemoryUsage of job (MB)
	215884  -  ResidentSetSize of job (KB)
...
006 (10630209.000.000) 11/11 12:28:48 Image size of job updated: 6215532
	5913  -  MemoryUsage of job (MB)
	6054112  -  ResidentSetSize of job (KB)
...
006 (10630209.000.000) 11/11 12:33:48 Image size of job updated: 14687216
	14343  -  MemoryUsage of job (MB)
	14687216  -  ResidentSetSize of job (KB)
...
006 (10630209.000.000) 11/11 12:38:48 Image size of job updated: 22973100
	22435  -  MemoryUsage of job (MB)
	22973100  -  ResidentSetSize of job (KB)
...
006 (10630209.000.000) 11/11 12:43:49 Image size of job updated: 31261444
	30529  -  MemoryUsage of job (MB)
	31261444  -  ResidentSetSize of job (KB)
...
006 (10630209.000.000) 11/11 12:48:50 Image size of job updated: 37815440
	36897  -  MemoryUsage of job (MB)
	37782472  -  ResidentSetSize of job (KB)
...
006 (10630209.000.000) 11/11 12:53:50 Image size of job updated: 37816948
	36897  -  MemoryUsage of job (MB)
	37782472  -  ResidentSetSize of job (KB)
...
006 (10630209.000.000) 11/11 12:58:50 Image size of job updated: 37857952
	36931  -  MemoryUsage of job (MB)
	37816912  -  ResidentSetSize of job (KB)
...
006 (10630209.000.000) 11/11 13:08:10 Image size of job updated: 38420132
	37512  -  MemoryUsage of job (MB)
	38411608  -  ResidentSetSize of job (KB)
...
021 (10630209.000.000) 11/11 13:14:51 Error from starter on slot1_1@b9pgpun041.cern.ch:
	Job has gone over cgroup memory limit of 42000 megabytes. Last measured usage: 37519 megabytes.  Consider resubmitting with a higher request_memory.
	Code 34 Subcode 0
...
004 (10630209.000.000) 11/11 13:14:51 Job was evicted.
	(0) CPU times
		Usr 0 00:28:10, Sys 0 00:04:02  -  Run Remote Usage
		Usr 0 00:00:00, Sys 0 00:00:00  -  Run Local Usage
	0  -  Run Bytes Sent By Job
	1600  -  Run Bytes Received By Job
	Error from slot1_1@b9pgpun041.cern.ch: Job has gone over cgroup memory limit of 42000 megabytes. Last measured usage: 37519 megabytes.  Consider resubmitting with a higher request_memory.
	Partitionable Resources :    Usage  Request Allocated Assigned
	   Cpus                 :     0.92       14        14 
	   Disk (KB)            :    36           2      2048 
	   GPUs                 :                 1         1 "MIG-938feea4-8020-5c2f-87db-d99c1ace5bc0"
	   Memory (MB)          : 37512       42000     42000 
	   TimeSlotBusy (s)     :  3074                       
...
012 (10630209.000.000) 11/11 13:14:51 Job was held.
	Error from slot1_1@b9pgpun041.cern.ch: Job has gone over cgroup memory limit of 42000 megabytes. Last measured usage: 37519 megabytes.  Consider resubmitting with a higher request_memory.
	Code 34 Subcode 0
...
009 (10630209.000.000) 11/11 14:02:33 Job was aborted.
	via condor_rm (by user evilla)
...
