000 (10630208.000.000) 11/11 12:23:32 Job submitted from host: <188.185.70.244:9618?addrs=188.185.70.244-9618+[2001-1458-d00-7--100-2ee]-9618&alias=bigbird10.cern.ch&noUDP&sock=schedd_3518298_5df3>
...
040 (10630208.000.000) 11/11 12:23:38 Started transferring input files
	Transferring to host: <188.185.190.8:9618?addrs=188.185.190.8-9618+[2001-1458-d03-b--100-197]-9618&alias=b9pgpun047.cern.ch&noUDP&sock=slot1_1_8879_cf02_33122>
...
040 (10630208.000.000) 11/11 12:23:38 Finished transferring input files
...
001 (10630208.000.000) 11/11 12:23:39 Job executing on host: <188.185.190.8:9618?addrs=188.185.190.8-9618+[2001-1458-d03-b--100-197]-9618&alias=b9pgpun047.cern.ch&noUDP&sock=startd_8556_4866>
	SlotName: slot1_1@b9pgpun047.cern.ch
	AvailableGPUs = { GPUs_MIG_d8eeaca7_09d0_5d83_a181_4450f020bf45 }
	CondorScratchDir = "/pool/condor/dir_3766386"
	Cpus = 14
	Disk = 2048
	GPUs = 1
	GPUs_MIG_d8eeaca7_09d0_5d83_a181_4450f020bf45 = [ Id = "MIG-d8eeaca7-09d0-5d83-a181-4450f020bf45"; DeviceName = "NVIDIA H100L-2-24C MIG 2g.24gb"; DeviceUuid = "MIG-d8eeaca7-09d0-5d83-a181-4450f020bf45"; ComputeUnits = 32; GlobalMemoryMb = 21547 ]
	Memory = 42000
...
006 (10630208.000.000) 11/11 12:23:53 Image size of job updated: 204172
	200  -  MemoryUsage of job (MB)
	204172  -  ResidentSetSize of job (KB)
...
006 (10630208.000.000) 11/11 12:28:54 Image size of job updated: 6209696
	5893  -  MemoryUsage of job (MB)
	6034200  -  ResidentSetSize of job (KB)
...
006 (10630208.000.000) 11/11 12:33:54 Image size of job updated: 14604492
	14263  -  MemoryUsage of job (MB)
	14604492  -  ResidentSetSize of job (KB)
...
006 (10630208.000.000) 11/11 12:38:54 Image size of job updated: 22800856
	22267  -  MemoryUsage of job (MB)
	22800856  -  ResidentSetSize of job (KB)
...
006 (10630208.000.000) 11/11 12:43:55 Image size of job updated: 31031312
	30305  -  MemoryUsage of job (MB)
	31031312  -  ResidentSetSize of job (KB)
...
006 (10630208.000.000) 11/11 12:48:56 Image size of job updated: 36014368
	35032  -  MemoryUsage of job (MB)
	35872216  -  ResidentSetSize of job (KB)
...
006 (10630208.000.000) 11/11 12:53:56 Image size of job updated: 36085724
	35032  -  MemoryUsage of job (MB)
	35872708  -  ResidentSetSize of job (KB)
...
006 (10630208.000.000) 11/11 12:58:57 Image size of job updated: 36085724
	35112  -  MemoryUsage of job (MB)
	35954568  -  ResidentSetSize of job (KB)
...
006 (10630208.000.000) 11/11 13:03:59 Image size of job updated: 38302664
	37405  -  MemoryUsage of job (MB)
	38302664  -  ResidentSetSize of job (KB)
...
006 (10630208.000.000) 11/11 13:20:02 Image size of job updated: 38308116
	37405  -  MemoryUsage of job (MB)
	38302664  -  ResidentSetSize of job (KB)
...
021 (10630208.000.000) 11/11 13:47:23 Error from starter on slot1_1@b9pgpun047.cern.ch:
	Job has gone over cgroup memory limit of 42000 megabytes. Last measured usage: 37410 megabytes.  Consider resubmitting with a higher request_memory.
	Code 34 Subcode 0
...
004 (10630208.000.000) 11/11 13:47:23 Job was evicted.
	(0) CPU times
		Usr 0 00:28:10, Sys 0 00:05:18  -  Run Remote Usage
		Usr 0 00:00:00, Sys 0 00:00:00  -  Run Local Usage
	0  -  Run Bytes Sent By Job
	1600  -  Run Bytes Received By Job
	Error from slot1_1@b9pgpun047.cern.ch: Job has gone over cgroup memory limit of 42000 megabytes. Last measured usage: 37410 megabytes.  Consider resubmitting with a higher request_memory.
	Partitionable Resources :    Usage  Request Allocated Assigned
	   Cpus                 :     0.97       14        14 
	   Disk (KB)            :    36           2      2048 
	   GPUs                 :                 1         1 "MIG-d8eeaca7-09d0-5d83-a181-4450f020bf45"
	   Memory (MB)          : 37405       42000     42000 
	   TimeSlotBusy (s)     :  5026                       
...
012 (10630208.000.000) 11/11 13:47:24 Job was held.
	Error from slot1_1@b9pgpun047.cern.ch: Job has gone over cgroup memory limit of 42000 megabytes. Last measured usage: 37410 megabytes.  Consider resubmitting with a higher request_memory.
	Code 34 Subcode 0
...
009 (10630208.000.000) 11/11 14:02:33 Job was aborted.
	via condor_rm (by user evilla)
...
