000 (10629909.000.000) 11/11 00:36:23 Job submitted from host: <188.185.70.244:9618?addrs=188.185.70.244-9618+[2001-1458-d00-7--100-2ee]-9618&alias=bigbird10.cern.ch&noUDP&sock=schedd_3518298_5df3>
...
040 (10629909.000.000) 11/11 00:37:11 Started transferring input files
	Transferring to host: <128.142.241.28:9618?addrs=128.142.241.28-9618+[2001-1458-301-ce--100-388]-9618&alias=b9g47n9362.cern.ch&noUDP&sock=slot1_1_16391_b134_3164>
...
040 (10629909.000.000) 11/11 00:37:11 Finished transferring input files
...
001 (10629909.000.000) 11/11 00:37:12 Job executing on host: <128.142.241.28:9618?addrs=128.142.241.28-9618+[2001-1458-301-ce--100-388]-9618&alias=b9g47n9362.cern.ch&noUDP&sock=startd_15698_19cc>
	SlotName: slot1_1@b9g47n9362.cern.ch
	AvailableGPUs = { GPUs_GPU_23518b71 }
	CondorScratchDir = "/pool/condor/dir_1020365"
	Cpus = 4
	Disk = 2048
	GPUs = 1
	GPUs_GPU_23518b71 = [ Id = "GPU-23518b71"; ClockMhz = 1380.0; Capability = 7.0; CoresPerCU = 64; DeviceName = "Tesla V100-PCIE-32GB"; DeviceUuid = "23518b71-0af9-e7eb-3eac-1d655b2966d7"; ECCEnabled = false; ComputeUnits = 80; DriverVersion = 13.0; DevicePciBusId = "0000:07:00.0"; GlobalMemoryMb = 32494; MaxSupportedVersion = 13000 ]
	Memory = 12300
...
006 (10629909.000.000) 11/11 00:37:26 Image size of job updated: 81928
	81  -  MemoryUsage of job (MB)
	81928  -  ResidentSetSize of job (KB)
...
006 (10629909.000.000) 11/11 00:42:27 Image size of job updated: 5925904
	5788  -  MemoryUsage of job (MB)
	5925904  -  ResidentSetSize of job (KB)
...
006 (10629909.000.000) 11/11 00:47:27 Image size of job updated: 11861148
	11584  -  MemoryUsage of job (MB)
	11861148  -  ResidentSetSize of job (KB)
...
006 (10629909.000.000) 11/11 00:52:27 Image size of job updated: 13533840
	13184  -  MemoryUsage of job (MB)
	13499700  -  ResidentSetSize of job (KB)
...
006 (10629909.000.000) 11/11 01:02:29 Image size of job updated: 13555956
	13184  -  MemoryUsage of job (MB)
	13499700  -  ResidentSetSize of job (KB)
...
006 (10629909.000.000) 11/11 02:18:54 Image size of job updated: 13847308
	13522  -  MemoryUsage of job (MB)
	13845704  -  ResidentSetSize of job (KB)
...
022 (10629909.000.000) 11/11 02:39:05 Job disconnected, attempting to reconnect
    Socket between submit and execute hosts closed unexpectedly
    Trying to reconnect to slot1_1@b9g47n9362.cern.ch <128.142.241.28:9618?addrs=128.142.241.28-9618+[2001-1458-301-ce--100-388]-9618&alias=b9g47n9362.cern.ch&noUDP&sock=startd_15698_19cc>
...
040 (10629909.000.000) 11/11 03:20:45 Finished transferring input files
...
009 (10629909.000.000) 11/11 03:20:46 Job was aborted.
	Job removed by SYSTEM_PERIODIC_REMOVE due to wall time exceeded allowed max.
...
