000 (10283195.000.000) 11/11 18:18:08 Job submitted from host: <188.185.71.83:9618?addrs=188.185.71.83-9618+[2001-1458-d00-7--100-34d]-9618&alias=bigbird18.cern.ch&noUDP&sock=schedd_5052_d48c>
...
040 (10283195.000.000) 11/11 18:25:03 Started transferring input files
	Transferring to host: <188.185.190.98:9618?addrs=188.185.190.98-9618+[2001-1458-d03-b--100-f4]-9618&alias=b9pgpun042.cern.ch&noUDP&sock=slot1_1_7639_1dd0_33115>
...
001 (10283195.000.000) 11/11 18:25:10 Job executing on host: <188.185.190.98:9618?addrs=188.185.190.98-9618+[2001-1458-d03-b--100-f4]-9618&alias=b9pgpun042.cern.ch&noUDP&sock=startd_6403_80ff>
	SlotName: slot1_1@b9pgpun042.cern.ch
	AvailableGPUs = { GPUs_MIG_d82f0355_a1a1_5e34_966b_7b09e0941efc }
	CondorScratchDir = "/pool/condor/dir_471254"
	Cpus = 6
	Disk = 5243842
	GPUs = 1
	GPUs_MIG_d82f0355_a1a1_5e34_966b_7b09e0941efc = [ Id = "MIG-d82f0355-a1a1-5e34-966b-7b09e0941efc"; DeviceName = "NVIDIA H100L-2-24C MIG 2g.24gb"; DeviceUuid = "MIG-d82f0355-a1a1-5e34-966b-7b09e0941efc"; ComputeUnits = 32; GlobalMemoryMb = 21547 ]
	Memory = 18000
...
040 (10283195.000.000) 11/11 18:25:10 Finished transferring input files
...
006 (10283195.000.000) 11/11 18:25:23 Image size of job updated: 25948
	26  -  MemoryUsage of job (MB)
	25948  -  ResidentSetSize of job (KB)
...
006 (10283195.000.000) 11/11 18:25:50 Image size of job updated: 238512
	26  -  MemoryUsage of job (MB)
	25948  -  ResidentSetSize of job (KB)
...
040 (10283195.000.000) 11/11 18:25:50 Started transferring output files
...
040 (10283195.000.000) 11/11 18:25:50 Finished transferring output files
...
005 (10283195.000.000) 11/11 18:25:50 Job terminated.
	(1) Normal termination (return value 1)
		Usr 0 00:00:05, Sys 0 00:00:03  -  Run Remote Usage
		Usr 0 00:00:00, Sys 0 00:00:00  -  Run Local Usage
		Usr 0 00:00:05, Sys 0 00:00:03  -  Total Remote Usage
		Usr 0 00:00:00, Sys 0 00:00:00  -  Total Local Usage
	9805  -  Run Bytes Sent By Job
	1176  -  Run Bytes Received By Job
	9805  -  Total Bytes Sent By Job
	1176  -  Total Bytes Received By Job
	Partitionable Resources :    Usage  Request Allocated Assigned
	   Cpus                 :        0        6         6 
	   Disk (KB)            :       34  5242880   5243842 
	   GPUs                 :                 1         1 "MIG-d82f0355-a1a1-5e34-966b-7b09e0941efc"
	   Memory (MB)          :       26    18000     18000 
	   TimeExecute (s)      :       41                    
	   TimeSlotBusy (s)     :       48                    

	Job terminated of its own accord at 2025-11-11T17:25:50Z with exit-code 1.
...
