000 (13722820.000.000) 11/12 01:35:15 Job submitted from host: <188.184.90.62:9618?addrs=188.184.90.62-9618+[2001-1458-201-e4--100-238]-9618&alias=bigbird16.cern.ch&noUDP&sock=schedd_2089_756e>
...
040 (13722820.000.000) 11/12 01:39:12 Started transferring input files
	Transferring to host: <188.185.192.100:9618?addrs=188.185.192.100-9618+[2001-1458-303-1f--100-60]-9618&alias=b9p13p1244.cern.ch&noUDP&sock=slot1_9_5923_0a0a_53381>
...
040 (13722820.000.000) 11/12 01:39:12 Finished transferring input files
...
001 (13722820.000.000) 11/12 01:39:13 Job executing on host: <188.185.192.100:9618?addrs=188.185.192.100-9618+[2001-1458-303-1f--100-60]-9618&alias=b9p13p1244.cern.ch&noUDP&sock=startd_4344_337f>
	SlotName: slot1_9@b9p13p1244.cern.ch
	CondorScratchDir = "/pool/condor/dir_2280426"
	Cpus = 8
	Disk = 5245776
	GPUs = 0
	Memory = 24600
...
006 (13722820.000.000) 11/12 01:39:26 Image size of job updated: 18500
	19  -  MemoryUsage of job (MB)
	18500  -  ResidentSetSize of job (KB)
...
006 (13722820.000.000) 11/12 01:44:26 Image size of job updated: 1304692
	981  -  MemoryUsage of job (MB)
	1003996  -  ResidentSetSize of job (KB)
...
006 (13722820.000.000) 11/12 01:49:27 Image size of job updated: 1312084
	1282  -  MemoryUsage of job (MB)
	1312084  -  ResidentSetSize of job (KB)
...
006 (13722820.000.000) 11/12 01:54:27 Image size of job updated: 1336424
	1292  -  MemoryUsage of job (MB)
	1322924  -  ResidentSetSize of job (KB)
...
006 (13722820.000.000) 11/12 02:09:29 Image size of job updated: 1337628
	1292  -  MemoryUsage of job (MB)
	1322924  -  ResidentSetSize of job (KB)
...
006 (13722820.000.000) 11/12 02:14:29 Image size of job updated: 1355572
	1292  -  MemoryUsage of job (MB)
	1322924  -  ResidentSetSize of job (KB)
...
006 (13722820.000.000) 11/12 02:19:30 Image size of job updated: 1357688
	1292  -  MemoryUsage of job (MB)
	1322924  -  ResidentSetSize of job (KB)
...
006 (13722820.000.000) 11/12 02:44:33 Image size of job updated: 1367024
	1292  -  MemoryUsage of job (MB)
	1322924  -  ResidentSetSize of job (KB)
...
006 (13722820.000.000) 11/12 02:49:33 Image size of job updated: 5656776
	5525  -  MemoryUsage of job (MB)
	5656776  -  ResidentSetSize of job (KB)
...
006 (13722820.000.000) 11/12 02:54:34 Image size of job updated: 7928696
	7541  -  MemoryUsage of job (MB)
	7721012  -  ResidentSetSize of job (KB)
...
006 (13722820.000.000) 11/12 02:59:34 Image size of job updated: 8314084
	7807  -  MemoryUsage of job (MB)
	7994008  -  ResidentSetSize of job (KB)
...
006 (13722820.000.000) 11/12 03:04:34 Image size of job updated: 8314084
	8002  -  MemoryUsage of job (MB)
	8193548  -  ResidentSetSize of job (KB)
...
006 (13722820.000.000) 11/12 03:09:35 Image size of job updated: 8376384
	8002  -  MemoryUsage of job (MB)
	8193548  -  ResidentSetSize of job (KB)
...
006 (13722820.000.000) 11/12 03:19:35 Image size of job updated: 8376384
	8013  -  MemoryUsage of job (MB)
	8204720  -  ResidentSetSize of job (KB)
...
006 (13722820.000.000) 11/12 03:24:36 Image size of job updated: 8385640
	8179  -  MemoryUsage of job (MB)
	8374540  -  ResidentSetSize of job (KB)
...
006 (13722820.000.000) 11/12 03:29:36 Image size of job updated: 8397156
	8179  -  MemoryUsage of job (MB)
	8374540  -  ResidentSetSize of job (KB)
...
006 (13722820.000.000) 11/12 03:39:37 Image size of job updated: 8404936
	8179  -  MemoryUsage of job (MB)
	8374540  -  ResidentSetSize of job (KB)
...
006 (13722820.000.000) 11/12 03:44:37 Image size of job updated: 8417240
	8179  -  MemoryUsage of job (MB)
	8374540  -  ResidentSetSize of job (KB)
...
006 (13722820.000.000) 11/12 03:49:37 Image size of job updated: 9520308
	9094  -  MemoryUsage of job (MB)
	9311300  -  ResidentSetSize of job (KB)
...
006 (13722820.000.000) 11/12 03:54:38 Image size of job updated: 9562800
	9094  -  MemoryUsage of job (MB)
	9311448  -  ResidentSetSize of job (KB)
...
006 (13722820.000.000) 11/12 03:59:38 Image size of job updated: 9592148
	9186  -  MemoryUsage of job (MB)
	9405504  -  ResidentSetSize of job (KB)
...
006 (13722820.000.000) 11/12 04:04:38 Image size of job updated: 9609040
	9259  -  MemoryUsage of job (MB)
	9480552  -  ResidentSetSize of job (KB)
...
006 (13722820.000.000) 11/12 04:09:39 Image size of job updated: 9611092
	9259  -  MemoryUsage of job (MB)
	9480648  -  ResidentSetSize of job (KB)
...
006 (13722820.000.000) 11/12 04:14:39 Image size of job updated: 9622460
	9259  -  MemoryUsage of job (MB)
	9480648  -  ResidentSetSize of job (KB)
...
006 (13722820.000.000) 11/12 04:19:39 Image size of job updated: 9622460
	9356  -  MemoryUsage of job (MB)
	9580156  -  ResidentSetSize of job (KB)
...
006 (13722820.000.000) 11/12 04:44:41 Image size of job updated: 9622460
	9365  -  MemoryUsage of job (MB)
	9589324  -  ResidentSetSize of job (KB)
...
006 (13722820.000.000) 11/12 04:49:41 Image size of job updated: 9803688
	9377  -  MemoryUsage of job (MB)
	9601724  -  ResidentSetSize of job (KB)
...
006 (13722820.000.000) 11/12 04:59:42 Image size of job updated: 9887168
	9377  -  MemoryUsage of job (MB)
	9601724  -  ResidentSetSize of job (KB)
...
006 (13722820.000.000) 11/12 05:49:48 Image size of job updated: 9887168
	9443  -  MemoryUsage of job (MB)
	9668748  -  ResidentSetSize of job (KB)
...
006 (13722820.000.000) 11/12 05:54:49 Image size of job updated: 9954912
	9523  -  MemoryUsage of job (MB)
	9750732  -  ResidentSetSize of job (KB)
...
006 (13722820.000.000) 11/12 06:04:50 Image size of job updated: 9954912
	9529  -  MemoryUsage of job (MB)
	9757360  -  ResidentSetSize of job (KB)
...
006 (13722820.000.000) 11/12 06:09:51 Image size of job updated: 9954912
	9529  -  MemoryUsage of job (MB)
	9757448  -  ResidentSetSize of job (KB)
...
006 (13722820.000.000) 11/12 06:14:52 Image size of job updated: 9954912
	9686  -  MemoryUsage of job (MB)
	9917884  -  ResidentSetSize of job (KB)
...
006 (13722820.000.000) 11/12 07:04:57 Image size of job updated: 10030932
	9686  -  MemoryUsage of job (MB)
	9917884  -  ResidentSetSize of job (KB)
...
006 (13722820.000.000) 11/12 07:14:58 Image size of job updated: 10276188
	9686  -  MemoryUsage of job (MB)
	9917884  -  ResidentSetSize of job (KB)
...
006 (13722820.000.000) 11/12 07:50:01 Image size of job updated: 10276188
	9717  -  MemoryUsage of job (MB)
	9950076  -  ResidentSetSize of job (KB)
...
006 (13722820.000.000) 11/12 08:00:02 Image size of job updated: 10276188
	9737  -  MemoryUsage of job (MB)
	9970620  -  ResidentSetSize of job (KB)
...
006 (13722820.000.000) 11/12 08:25:04 Image size of job updated: 11415788
	10889  -  MemoryUsage of job (MB)
	11150276  -  ResidentSetSize of job (KB)
...
006 (13722820.000.000) 11/12 08:35:04 Image size of job updated: 11415788
	11050  -  MemoryUsage of job (MB)
	11314996  -  ResidentSetSize of job (KB)
...
006 (13722820.000.000) 11/12 09:25:10 Image size of job updated: 11552816
	11050  -  MemoryUsage of job (MB)
	11314996  -  ResidentSetSize of job (KB)
...
006 (13722820.000.000) 11/12 09:30:10 Image size of job updated: 11564652
	11050  -  MemoryUsage of job (MB)
	11314996  -  ResidentSetSize of job (KB)
...
006 (13722820.000.000) 11/12 09:35:11 Image size of job updated: 14577592
	13890  -  MemoryUsage of job (MB)
	14222564  -  ResidentSetSize of job (KB)
...
006 (13722820.000.000) 11/12 09:40:12 Image size of job updated: 14577592
	13911  -  MemoryUsage of job (MB)
	14244824  -  ResidentSetSize of job (KB)
...
006 (13722820.000.000) 11/12 09:45:12 Image size of job updated: 14577592
	14000  -  MemoryUsage of job (MB)
	14335056  -  ResidentSetSize of job (KB)
...
006 (13722820.000.000) 11/12 09:55:13 Image size of job updated: 14577592
	14006  -  MemoryUsage of job (MB)
	14341740  -  ResidentSetSize of job (KB)
...
006 (13722820.000.000) 11/12 10:20:16 Image size of job updated: 14577592
	14047  -  MemoryUsage of job (MB)
	14383144  -  ResidentSetSize of job (KB)
...
006 (13722820.000.000) 11/12 10:35:18 Image size of job updated: 14667660
	14080  -  MemoryUsage of job (MB)
	14417420  -  ResidentSetSize of job (KB)
...
006 (13722820.000.000) 11/12 10:40:18 Image size of job updated: 14667660
	14107  -  MemoryUsage of job (MB)
	14445304  -  ResidentSetSize of job (KB)
...
006 (13722820.000.000) 11/12 10:45:19 Image size of job updated: 14783528
	14111  -  MemoryUsage of job (MB)
	14448752  -  ResidentSetSize of job (KB)
...
006 (13722820.000.000) 11/12 10:50:20 Image size of job updated: 14783528
	14294  -  MemoryUsage of job (MB)
	14636484  -  ResidentSetSize of job (KB)
...
006 (13722820.000.000) 11/12 12:20:32 Image size of job updated: 14783528
	14306  -  MemoryUsage of job (MB)
	14649224  -  ResidentSetSize of job (KB)
...
006 (13722820.000.000) 11/12 12:45:34 Image size of job updated: 14983616
	14358  -  MemoryUsage of job (MB)
	14702500  -  ResidentSetSize of job (KB)
...
006 (13722820.000.000) 11/12 13:40:40 Image size of job updated: 14983616
	14501  -  MemoryUsage of job (MB)
	14848172  -  ResidentSetSize of job (KB)
...
006 (13722820.000.000) 11/12 16:50:59 Image size of job updated: 14983616
	14512  -  MemoryUsage of job (MB)
	14859956  -  ResidentSetSize of job (KB)
...
006 (13722820.000.000) 11/12 17:26:02 Image size of job updated: 14983616
	14523  -  MemoryUsage of job (MB)
	14871348  -  ResidentSetSize of job (KB)
...
006 (13722820.000.000) 11/12 17:31:02 Image size of job updated: 15261620
	14904  -  MemoryUsage of job (MB)
	15261620  -  ResidentSetSize of job (KB)
...
006 (13722820.000.000) 11/12 17:36:03 Image size of job updated: 15597176
	15232  -  MemoryUsage of job (MB)
	15597176  -  ResidentSetSize of job (KB)
...
006 (13722820.000.000) 11/12 17:41:04 Image size of job updated: 15969356
	15596  -  MemoryUsage of job (MB)
	15969356  -  ResidentSetSize of job (KB)
...
006 (13722820.000.000) 11/12 17:46:04 Image size of job updated: 16376984
	15994  -  MemoryUsage of job (MB)
	16376984  -  ResidentSetSize of job (KB)
...
006 (13722820.000.000) 11/12 17:51:05 Image size of job updated: 16704840
	16314  -  MemoryUsage of job (MB)
	16704840  -  ResidentSetSize of job (KB)
...
006 (13722820.000.000) 11/12 17:56:06 Image size of job updated: 17088320
	16688  -  MemoryUsage of job (MB)
	17088320  -  ResidentSetSize of job (KB)
...
006 (13722820.000.000) 11/12 18:01:06 Image size of job updated: 17468176
	17059  -  MemoryUsage of job (MB)
	17468176  -  ResidentSetSize of job (KB)
...
006 (13722820.000.000) 11/12 18:06:06 Image size of job updated: 17804024
	17387  -  MemoryUsage of job (MB)
	17804024  -  ResidentSetSize of job (KB)
...
006 (13722820.000.000) 11/12 18:11:07 Image size of job updated: 18206580
	17780  -  MemoryUsage of job (MB)
	18206580  -  ResidentSetSize of job (KB)
...
006 (13722820.000.000) 11/12 18:16:07 Image size of job updated: 18563932
	18129  -  MemoryUsage of job (MB)
	18563932  -  ResidentSetSize of job (KB)
...
006 (13722820.000.000) 11/12 18:21:07 Image size of job updated: 18972900
	18529  -  MemoryUsage of job (MB)
	18972900  -  ResidentSetSize of job (KB)
...
006 (13722820.000.000) 11/12 18:26:07 Image size of job updated: 19405992
	18952  -  MemoryUsage of job (MB)
	19405992  -  ResidentSetSize of job (KB)
...
006 (13722820.000.000) 11/12 18:31:08 Image size of job updated: 19830444
	19366  -  MemoryUsage of job (MB)
	19830444  -  ResidentSetSize of job (KB)
...
006 (13722820.000.000) 11/12 18:36:09 Image size of job updated: 20185512
	19713  -  MemoryUsage of job (MB)
	20185512  -  ResidentSetSize of job (KB)
...
006 (13722820.000.000) 11/12 18:41:09 Image size of job updated: 20524652
	20044  -  MemoryUsage of job (MB)
	20524652  -  ResidentSetSize of job (KB)
...
006 (13722820.000.000) 11/12 18:46:10 Image size of job updated: 20808496
	20321  -  MemoryUsage of job (MB)
	20808496  -  ResidentSetSize of job (KB)
...
006 (13722820.000.000) 11/12 18:51:11 Image size of job updated: 21101240
	20607  -  MemoryUsage of job (MB)
	21101240  -  ResidentSetSize of job (KB)
...
006 (13722820.000.000) 11/12 18:56:11 Image size of job updated: 21412800
	20911  -  MemoryUsage of job (MB)
	21412800  -  ResidentSetSize of job (KB)
...
006 (13722820.000.000) 11/12 19:01:11 Image size of job updated: 21726144
	21217  -  MemoryUsage of job (MB)
	21726144  -  ResidentSetSize of job (KB)
...
006 (13722820.000.000) 11/12 19:06:12 Image size of job updated: 21967324
	21453  -  MemoryUsage of job (MB)
	21967324  -  ResidentSetSize of job (KB)
...
006 (13722820.000.000) 11/12 19:11:12 Image size of job updated: 22302100
	21780  -  MemoryUsage of job (MB)
	22302100  -  ResidentSetSize of job (KB)
...
006 (13722820.000.000) 11/12 19:16:12 Image size of job updated: 22647624
	22117  -  MemoryUsage of job (MB)
	22647624  -  ResidentSetSize of job (KB)
...
006 (13722820.000.000) 11/12 19:21:13 Image size of job updated: 22913048
	22377  -  MemoryUsage of job (MB)
	22913048  -  ResidentSetSize of job (KB)
...
006 (13722820.000.000) 11/12 19:26:14 Image size of job updated: 23224324
	22681  -  MemoryUsage of job (MB)
	23224324  -  ResidentSetSize of job (KB)
...
006 (13722820.000.000) 11/12 19:31:14 Image size of job updated: 23656404
	23102  -  MemoryUsage of job (MB)
	23656404  -  ResidentSetSize of job (KB)
...
006 (13722820.000.000) 11/12 19:36:15 Image size of job updated: 24005520
	23443  -  MemoryUsage of job (MB)
	24005520  -  ResidentSetSize of job (KB)
...
006 (13722820.000.000) 11/12 19:41:16 Image size of job updated: 24379152
	23808  -  MemoryUsage of job (MB)
	24379152  -  ResidentSetSize of job (KB)
...
006 (13722820.000.000) 11/12 19:46:16 Image size of job updated: 24787380
	24207  -  MemoryUsage of job (MB)
	24787380  -  ResidentSetSize of job (KB)
...
006 (13722820.000.000) 11/12 19:51:16 Image size of job updated: 25113692
	24526  -  MemoryUsage of job (MB)
	25113692  -  ResidentSetSize of job (KB)
...
006 (13722820.000.000) 11/12 19:56:17 Image size of job updated: 25425612
	24830  -  MemoryUsage of job (MB)
	25425612  -  ResidentSetSize of job (KB)
...
006 (13722820.000.000) 11/12 20:01:17 Image size of job updated: 25734372
	25132  -  MemoryUsage of job (MB)
	25734372  -  ResidentSetSize of job (KB)
...
006 (13722820.000.000) 11/12 20:06:17 Image size of job updated: 26029816
	25420  -  MemoryUsage of job (MB)
	26029816  -  ResidentSetSize of job (KB)
...
006 (13722820.000.000) 11/12 20:11:18 Image size of job updated: 26316856
	25701  -  MemoryUsage of job (MB)
	26316856  -  ResidentSetSize of job (KB)
...
006 (13722820.000.000) 11/12 20:16:19 Image size of job updated: 26725252
	26099  -  MemoryUsage of job (MB)
	26725252  -  ResidentSetSize of job (KB)
...
006 (13722820.000.000) 11/12 20:21:19 Image size of job updated: 27090840
	26456  -  MemoryUsage of job (MB)
	27090840  -  ResidentSetSize of job (KB)
...
006 (13722820.000.000) 11/12 20:26:20 Image size of job updated: 27425444
	26783  -  MemoryUsage of job (MB)
	27425444  -  ResidentSetSize of job (KB)
...
006 (13722820.000.000) 11/12 20:31:21 Image size of job updated: 27778744
	27128  -  MemoryUsage of job (MB)
	27778744  -  ResidentSetSize of job (KB)
...
006 (13722820.000.000) 11/12 20:36:21 Image size of job updated: 28066968
	27410  -  MemoryUsage of job (MB)
	28066968  -  ResidentSetSize of job (KB)
...
006 (13722820.000.000) 11/12 20:45:04 Image size of job updated: 28467500
	27801  -  MemoryUsage of job (MB)
	28467500  -  ResidentSetSize of job (KB)
...
006 (13722820.000.000) 11/12 20:56:14 Image size of job updated: 29535824
	28844  -  MemoryUsage of job (MB)
	29535824  -  ResidentSetSize of job (KB)
...
006 (13722820.000.000) 11/12 21:05:10 Image size of job updated: 30160212
	29454  -  MemoryUsage of job (MB)
	30160212  -  ResidentSetSize of job (KB)
...
006 (13722820.000.000) 11/12 21:10:31 Image size of job updated: 30487820
	29774  -  MemoryUsage of job (MB)
	30487820  -  ResidentSetSize of job (KB)
...
006 (13722820.000.000) 11/12 21:15:31 Image size of job updated: 30612988
	29774  -  MemoryUsage of job (MB)
	30487820  -  ResidentSetSize of job (KB)
...
006 (13722820.000.000) 11/12 21:20:32 Image size of job updated: 30624516
	29849  -  MemoryUsage of job (MB)
	30565072  -  ResidentSetSize of job (KB)
...
006 (13722820.000.000) 11/12 21:25:33 Image size of job updated: 30624516
	29849  -  MemoryUsage of job (MB)
	30565076  -  ResidentSetSize of job (KB)
...
040 (13722820.000.000) 11/12 21:30:38 Started transferring output files
...
040 (13722820.000.000) 11/12 21:30:46 Finished transferring output files
...
021 (13722820.000.000) 11/12 21:30:48 Error from starter on slot1_9@b9p13p1244.cern.ch:
	STARTER at 188.185.192.100 failed to send file(s) to <188.184.90.62:9618>: |Error: sending file /pool/condor/dir_2280426/_condor_stdout: max total download bytes exceeded (max=1024 MB, this file=297833 MB); SHADOW failed to receive file(s) from <188.185.192.100:39073>
	Code 33 Subcode 0
...
004 (13722820.000.000) 11/12 21:30:48 Job was evicted.
	(0) CPU times
		Usr 4 08:49:39, Sys 0 03:42:55  -  Run Remote Usage
		Usr 0 00:00:00, Sys 0 00:00:00  -  Run Local Usage
	1073741824  -  Run Bytes Sent By Job
	1680  -  Run Bytes Received By Job
	Error from slot1_9@b9p13p1244.cern.ch: STARTER at 188.185.192.100 failed to send file(s) to <188.184.90.62:9618>: |Error: sending file /pool/condor/dir_2280426/_condor_stdout: max total download bytes exceeded (max=1024 MB, this file=297833 MB); SHADOW failed to receive file(s) from <188.185.192.100:39073>
	Partitionable Resources :        Usage  Request Allocated 
	   Cpus                 :         1.35        8         8 
	   Disk (KB)            : 304981534     5242880   5245776 
	   GPUs                 :                               0 
	   Memory (MB)          :     29849       24576     24600 
	   TimeExecute (s)      :     71484                       
	   TimeSlotBusy (s)     :     71497                       
...
012 (13722820.000.000) 11/12 21:30:48 Job was held.
	Error from slot1_9@b9p13p1244.cern.ch: STARTER at 188.185.192.100 failed to send file(s) to <188.184.90.62:9618>: |Error: sending file /pool/condor/dir_2280426/_condor_stdout: max total download bytes exceeded (max=1024 MB, this file=297833 MB); SHADOW failed to receive file(s) from <188.185.192.100:39073>
	Code 33 Subcode 0
...
009 (13722820.000.000) 11/12 21:30:55 Job was aborted.
	Job removed by SYSTEM_PERIODIC_REMOVE due to disk usage exceeded allowed max
...
