000 (13722803.000.000) 11/12 01:20:21 Job submitted from host: <188.184.90.62:9618?addrs=188.184.90.62-9618+[2001-1458-201-e4--100-238]-9618&alias=bigbird16.cern.ch&noUDP&sock=schedd_2089_756e>
...
040 (13722803.000.000) 11/12 01:21:17 Started transferring input files
	Transferring to host: <128.142.51.211:9618?addrs=128.142.51.211-9618+[2001-1458-301-3--100-10]-9618&alias=b9g02p0513.cern.ch&noUDP&sock=slot1_26_8401_03af_52822>
...
040 (13722803.000.000) 11/12 01:21:17 Finished transferring input files
...
001 (13722803.000.000) 11/12 01:21:18 Job executing on host: <128.142.51.211:9618?addrs=128.142.51.211-9618+[2001-1458-301-3--100-10]-9618&alias=b9g02p0513.cern.ch&noUDP&sock=startd_6882_0edc>
	SlotName: slot1_26@b9g02p0513.cern.ch
	CondorScratchDir = "/pool/condor/dir_1269227"
	Cpus = 4
	Disk = 5245699
	GPUs = 0
	Memory = 12300
...
006 (13722803.000.000) 11/12 01:21:23 Image size of job updated: 168
	0  -  MemoryUsage of job (MB)
	0  -  ResidentSetSize of job (KB)
...
040 (13722803.000.000) 11/12 01:21:23 Started transferring output files
...
040 (13722803.000.000) 11/12 01:21:23 Finished transferring output files
...
005 (13722803.000.000) 11/12 01:21:23 Job terminated.
	(1) Normal termination (return value 1)
		Usr 0 00:00:00, Sys 0 00:00:00  -  Run Remote Usage
		Usr 0 00:00:00, Sys 0 00:00:00  -  Run Local Usage
		Usr 0 00:00:00, Sys 0 00:00:00  -  Total Remote Usage
		Usr 0 00:00:00, Sys 0 00:00:00  -  Total Local Usage
	414  -  Run Bytes Sent By Job
	1176  -  Run Bytes Received By Job
	414  -  Total Bytes Sent By Job
	1176  -  Total Bytes Received By Job
	Partitionable Resources :    Usage  Request Allocated 
	   Cpus                 :        0        4         4 
	   Disk (KB)            :       28  5242880   5245699 
	   GPUs                 :                           0 
	   Memory (MB)          :        0    12288     12300 
	   TimeExecute (s)      :        5                    
	   TimeSlotBusy (s)     :        8                    

	Job terminated of its own accord at 2025-11-12T00:21:23Z with exit-code 1.
...
