=========================================
CT INCREMENTAL TRAINING WRAPPER
=========================================
Job started at: Tue Nov 11 06:25:15 PM CET 2025
Running on host: b9pgpun042.cern.ch
Current directory: /pool/condor/dir_471254
Arguments: -j channel_tagging/json/volume_v7_incremental_50k.json
=========================================
JSON config: channel_tagging/json/volume_v7_incremental_50k.json
================================================================================
CHANNEL TAGGING TRAINING - INCREMENTAL LOADING MODE
================================================================================

Configuration loaded from: channel_tagging/json/volume_v7_incremental_50k.json
{
  "model_type": "incremental_cnn",
  "version": "v7_incremental_50k",
  "description": "CT with incremental loading: 10k batches, 5 epochs each, 50k total exposure",
  "data_paths": {
    "es": "/eos/home-e/evilla/dune/sn-tps/production_es/volume_images_nov11",
    "cc": "/eos/home-e/evilla/dune/sn-tps/production_cc/volume_images_nov11"
  },
  "incremental_batch_size": 10000,
  "epochs_per_batch": 5,
  "num_batches": 5,
  "val_samples": 2000,
  "plane": "X",
  "n_filters": 32,
  "n_conv_layers": 3,
  "dropout_rate": 0.3,
  "dense_units": 128,
  "use_batch_norm": true,
  "learning_rate": 0.001,
  "batch_size": 32,
  "clipnorm": null,
  "output_dir": "/eos/home-e/evilla/dune/sn-tps/neural_networks/channel_tagging"
}

============================================================
INCREMENTAL LOADING CONFIGURATION
============================================================
Batch size: 10000 samples
Epochs per batch: 5
Number of batches: 5
Total exposure: 50000 samples
Total epochs: 25
============================================================

ES files found: 0
CC files found: 0
=========================================
Job finished at: Tue Nov 11 06:25:50 PM CET 2025
Exit code: 1
=========================================
