000 (10630042.000.000) 11/11 10:11:31 Job submitted from host: <188.185.70.244:9618?addrs=188.185.70.244-9618+[2001-1458-d00-7--100-2ee]-9618&alias=bigbird10.cern.ch&noUDP&sock=schedd_3518298_5df3>
...
040 (10630042.000.000) 11/11 10:12:01 Started transferring input files
	Transferring to host: <188.185.190.9:9618?addrs=188.185.190.9-9618+[2001-1458-d03-b--100-2ee]-9618&alias=b9pgpun017.cern.ch&noUDP&sock=slot1_1_5192_fbcc_32231>
...
040 (10630042.000.000) 11/11 10:12:01 Finished transferring input files
...
001 (10630042.000.000) 11/11 10:12:02 Job executing on host: <188.185.190.9:9618?addrs=188.185.190.9-9618+[2001-1458-d03-b--100-2ee]-9618&alias=b9pgpun017.cern.ch&noUDP&sock=startd_5143_3faa>
	SlotName: slot1_1@b9pgpun017.cern.ch
	AvailableGPUs = { GPUs_MIG_f1006707_8f31_5b15_89c9_24579fb9df7c }
	CondorScratchDir = "/pool/condor/dir_808238"
	Cpus = 6
	Disk = 2048
	GPUs = 1
	GPUs_MIG_f1006707_8f31_5b15_89c9_24579fb9df7c = [ Id = "MIG-f1006707-8f31-5b15-89c9-24579fb9df7c"; DeviceName = "NVIDIA H100L-1-12C MIG 1g.12gb"; DeviceUuid = "MIG-f1006707-8f31-5b15-89c9-24579fb9df7c"; ComputeUnits = 16; GlobalMemoryMb = 10564 ]
	Memory = 18000
...
006 (10630042.000.000) 11/11 10:12:15 Image size of job updated: 65108
	64  -  MemoryUsage of job (MB)
	65108  -  ResidentSetSize of job (KB)
...
006 (10630042.000.000) 11/11 10:17:15 Image size of job updated: 9883944
	9653  -  MemoryUsage of job (MB)
	9883944  -  ResidentSetSize of job (KB)
...
006 (10630042.000.000) 11/11 10:22:15 Image size of job updated: 14234040
	13226  -  MemoryUsage of job (MB)
	13543048  -  ResidentSetSize of job (KB)
...
006 (10630042.000.000) 11/11 10:27:16 Image size of job updated: 14283592
	13834  -  MemoryUsage of job (MB)
	14165636  -  ResidentSetSize of job (KB)
...
006 (10630042.000.000) 11/11 10:31:01 Image size of job updated: 14925016
	13834  -  MemoryUsage of job (MB)
	14165636  -  ResidentSetSize of job (KB)
...
021 (10630042.000.000) 11/11 10:31:01 Error from starter on slot1_1@b9pgpun017.cern.ch:
	Job has gone over cgroup memory limit of 18000 megabytes. Last measured usage: 14575 megabytes.  Consider resubmitting with a higher request_memory.
	Code 34 Subcode 0
...
004 (10630042.000.000) 11/11 10:31:01 Job was evicted.
	(0) CPU times
		Usr 0 00:16:14, Sys 0 00:01:37  -  Run Remote Usage
		Usr 0 00:00:00, Sys 0 00:00:00  -  Run Local Usage
	0  -  Run Bytes Sent By Job
	1600  -  Run Bytes Received By Job
	Error from slot1_1@b9pgpun017.cern.ch: Job has gone over cgroup memory limit of 18000 megabytes. Last measured usage: 14575 megabytes.  Consider resubmitting with a higher request_memory.
	Partitionable Resources :    Usage  Request Allocated Assigned
	   Cpus                 :     0.97        6         6 
	   Disk (KB)            :    37           2      2048 
	   GPUs                 :                 1         1 "MIG-f1006707-8f31-5b15-89c9-24579fb9df7c"
	   Memory (MB)          : 13834       18000     18000 
	   TimeSlotBusy (s)     :  1142                       
...
012 (10630042.000.000) 11/11 10:31:01 Job was held.
	Error from slot1_1@b9pgpun017.cern.ch: Job has gone over cgroup memory limit of 18000 megabytes. Last measured usage: 14575 megabytes.  Consider resubmitting with a higher request_memory.
	Code 34 Subcode 0
...
009 (10630042.000.000) 11/11 11:07:18 Job was aborted.
	via condor_rm (by user evilla)
...
