000 (10630312.000.000) 11/11 14:27:19 Job submitted from host: <188.185.70.244:9618?addrs=188.185.70.244-9618+[2001-1458-d00-7--100-2ee]-9618&alias=bigbird10.cern.ch&noUDP&sock=schedd_3518298_5df3>
...
040 (10630312.000.000) 11/11 14:34:07 Started transferring input files
	Transferring to host: <188.185.190.67:9618?addrs=188.185.190.67-9618+[2001-1458-d03-b--100-49]-9618&alias=b9pgpun021.cern.ch&noUDP&sock=slot1_1_263610_d799_846>
...
001 (10630312.000.000) 11/11 14:34:43 Job executing on host: <188.185.190.67:9618?addrs=188.185.190.67-9618+[2001-1458-d03-b--100-49]-9618&alias=b9pgpun021.cern.ch&noUDP&sock=startd_253350_9b10>
	SlotName: slot1_1@b9pgpun021.cern.ch
	AvailableGPUs = { GPUs_MIG_56a7ef81_8f8e_550f_a3a4_8a9908fb5b75 }
	CondorScratchDir = "/pool/condor/dir_657357"
	Cpus = 6
	Disk = 2048
	GPUs = 1
	GPUs_MIG_56a7ef81_8f8e_550f_a3a4_8a9908fb5b75 = [ Id = "MIG-56a7ef81-8f8e-550f-a3a4-8a9908fb5b75"; DeviceName = "NVIDIA H100L-1-12C MIG 1g.12gb"; DeviceUuid = "MIG-56a7ef81-8f8e-550f-a3a4-8a9908fb5b75"; ComputeUnits = 16; GlobalMemoryMb = 10564 ]
	Memory = 18000
...
040 (10630312.000.000) 11/11 14:34:43 Finished transferring input files
...
006 (10630312.000.000) 11/11 14:34:56 Image size of job updated: 59532
	59  -  MemoryUsage of job (MB)
	59532  -  ResidentSetSize of job (KB)
...
006 (10630312.000.000) 11/11 14:39:56 Image size of job updated: 1300880
	900  -  MemoryUsage of job (MB)
	920724  -  ResidentSetSize of job (KB)
...
006 (10630312.000.000) 11/11 14:44:57 Image size of job updated: 1345192
	1100  -  MemoryUsage of job (MB)
	1126088  -  ResidentSetSize of job (KB)
...
006 (10630312.000.000) 11/11 14:49:58 Image size of job updated: 1345192
	1117  -  MemoryUsage of job (MB)
	1143624  -  ResidentSetSize of job (KB)
...
006 (10630312.000.000) 11/11 14:54:58 Image size of job updated: 1345192
	1121  -  MemoryUsage of job (MB)
	1147660  -  ResidentSetSize of job (KB)
...
006 (10630312.000.000) 11/11 15:04:59 Image size of job updated: 1348696
	1318  -  MemoryUsage of job (MB)
	1348696  -  ResidentSetSize of job (KB)
...
006 (10630312.000.000) 11/11 15:10:00 Image size of job updated: 1369876
	1338  -  MemoryUsage of job (MB)
	1369876  -  ResidentSetSize of job (KB)
...
006 (10630312.000.000) 11/11 15:15:00 Image size of job updated: 2886340
	2409  -  MemoryUsage of job (MB)
	2466756  -  ResidentSetSize of job (KB)
...
006 (10630312.000.000) 11/11 15:20:00 Image size of job updated: 2963316
	2568  -  MemoryUsage of job (MB)
	2629112  -  ResidentSetSize of job (KB)
...
006 (10630312.000.000) 11/11 15:25:01 Image size of job updated: 2963316
	2728  -  MemoryUsage of job (MB)
	2793272  -  ResidentSetSize of job (KB)
...
006 (10630312.000.000) 11/11 15:30:01 Image size of job updated: 2984056
	2728  -  MemoryUsage of job (MB)
	2793272  -  ResidentSetSize of job (KB)
...
006 (10630312.000.000) 11/11 15:35:01 Image size of job updated: 4337560
	4085  -  MemoryUsage of job (MB)
	4182640  -  ResidentSetSize of job (KB)
...
006 (10630312.000.000) 11/11 15:40:02 Image size of job updated: 4368392
	4086  -  MemoryUsage of job (MB)
	4183408  -  ResidentSetSize of job (KB)
...
006 (10630312.000.000) 11/11 15:50:03 Image size of job updated: 4375400
	4086  -  MemoryUsage of job (MB)
	4183408  -  ResidentSetSize of job (KB)
...
006 (10630312.000.000) 11/11 15:55:03 Image size of job updated: 4375400
	4138  -  MemoryUsage of job (MB)
	4236844  -  ResidentSetSize of job (KB)
...
006 (10630312.000.000) 11/11 16:00:04 Image size of job updated: 4667508
	4274  -  MemoryUsage of job (MB)
	4376504  -  ResidentSetSize of job (KB)
...
006 (10630312.000.000) 11/11 16:05:05 Image size of job updated: 4667508
	4275  -  MemoryUsage of job (MB)
	4376748  -  ResidentSetSize of job (KB)
...
006 (10630312.000.000) 11/11 16:10:05 Image size of job updated: 4667508
	4294  -  MemoryUsage of job (MB)
	4396828  -  ResidentSetSize of job (KB)
...
006 (10630312.000.000) 11/11 16:20:07 Image size of job updated: 4667508
	4397  -  MemoryUsage of job (MB)
	4501832  -  ResidentSetSize of job (KB)
...
006 (10630312.000.000) 11/11 16:25:07 Image size of job updated: 4848156
	4576  -  MemoryUsage of job (MB)
	4685028  -  ResidentSetSize of job (KB)
...
006 (10630312.000.000) 11/11 16:30:07 Image size of job updated: 4904824
	4587  -  MemoryUsage of job (MB)
	4696840  -  ResidentSetSize of job (KB)
...
006 (10630312.000.000) 11/11 16:35:08 Image size of job updated: 4904824
	4669  -  MemoryUsage of job (MB)
	4780124  -  ResidentSetSize of job (KB)
...
006 (10630312.000.000) 11/11 16:40:09 Image size of job updated: 4916452
	4683  -  MemoryUsage of job (MB)
	4794376  -  ResidentSetSize of job (KB)
...
006 (10630312.000.000) 11/11 16:45:09 Image size of job updated: 4916452
	4688  -  MemoryUsage of job (MB)
	4799936  -  ResidentSetSize of job (KB)
...
006 (10630312.000.000) 11/11 16:55:11 Image size of job updated: 5095780
	4702  -  MemoryUsage of job (MB)
	4814760  -  ResidentSetSize of job (KB)
...
006 (10630312.000.000) 11/11 17:00:11 Image size of job updated: 5414612
	4940  -  MemoryUsage of job (MB)
	5058416  -  ResidentSetSize of job (KB)
...
006 (10630312.000.000) 11/11 17:05:11 Image size of job updated: 5414612
	5011  -  MemoryUsage of job (MB)
	5130248  -  ResidentSetSize of job (KB)
...
006 (10630312.000.000) 11/11 17:50:16 Image size of job updated: 5414612
	5061  -  MemoryUsage of job (MB)
	5182136  -  ResidentSetSize of job (KB)
...
006 (10630312.000.000) 11/11 17:55:16 Image size of job updated: 5414612
	5063  -  MemoryUsage of job (MB)
	5184184  -  ResidentSetSize of job (KB)
...
006 (10630312.000.000) 11/11 19:05:23 Image size of job updated: 5414612
	5186  -  MemoryUsage of job (MB)
	5309988  -  ResidentSetSize of job (KB)
...
006 (10630312.000.000) 11/11 19:15:24 Image size of job updated: 5550124
	5186  -  MemoryUsage of job (MB)
	5309988  -  ResidentSetSize of job (KB)
...
006 (10630312.000.000) 11/11 19:20:25 Image size of job updated: 5550124
	5239  -  MemoryUsage of job (MB)
	5364144  -  ResidentSetSize of job (KB)
...
006 (10630312.000.000) 11/11 20:35:31 Image size of job updated: 5550124
	5257  -  MemoryUsage of job (MB)
	5382236  -  ResidentSetSize of job (KB)
...
006 (10630312.000.000) 11/11 20:50:33 Image size of job updated: 5550124
	5373  -  MemoryUsage of job (MB)
	5501100  -  ResidentSetSize of job (KB)
...
006 (10630312.000.000) 11/11 21:00:33 Image size of job updated: 5593168
	5373  -  MemoryUsage of job (MB)
	5501100  -  ResidentSetSize of job (KB)
...
006 (10630312.000.000) 11/11 21:25:36 Image size of job updated: 5674196
	5373  -  MemoryUsage of job (MB)
	5501100  -  ResidentSetSize of job (KB)
...
006 (10630312.000.000) 11/11 22:05:40 Image size of job updated: 5674196
	5416  -  MemoryUsage of job (MB)
	5545152  -  ResidentSetSize of job (KB)
...
006 (10630312.000.000) 11/11 22:20:42 Image size of job updated: 5701156
	5465  -  MemoryUsage of job (MB)
	5595332  -  ResidentSetSize of job (KB)
...
006 (10630312.000.000) 11/11 22:25:42 Image size of job updated: 5727148
	5465  -  MemoryUsage of job (MB)
	5595332  -  ResidentSetSize of job (KB)
...
006 (10630312.000.000) 11/11 22:40:44 Image size of job updated: 5727148
	5519  -  MemoryUsage of job (MB)
	5650436  -  ResidentSetSize of job (KB)
...
006 (10630312.000.000) 11/11 23:15:47 Image size of job updated: 5763856
	5519  -  MemoryUsage of job (MB)
	5650436  -  ResidentSetSize of job (KB)
...
040 (10630312.000.000) 11/11 23:40:21 Started transferring output files
...
040 (10630312.000.000) 11/11 23:40:21 Finished transferring output files
...
005 (10630312.000.000) 11/11 23:40:21 Job terminated.
	(1) Normal termination (return value 0)
		Usr 0 09:14:28, Sys 0 00:45:44  -  Run Remote Usage
		Usr 0 00:00:00, Sys 0 00:00:00  -  Run Local Usage
		Usr 0 09:14:28, Sys 0 00:45:44  -  Total Remote Usage
		Usr 0 00:00:00, Sys 0 00:00:00  -  Total Local Usage
	4796198  -  Run Bytes Sent By Job
	1680  -  Run Bytes Received By Job
	4796198  -  Total Bytes Sent By Job
	1680  -  Total Bytes Received By Job
	Partitionable Resources :    Usage  Request Allocated Assigned
	   Cpus                 :     1.03        6         6 
	   Disk (KB)            :  4709           2      2048 
	   GPUs                 :                 1         1 "MIG-56a7ef81-8f8e-550f-a3a4-8a9908fb5b75"
	   Memory (MB)          :  5519       18000     18000 
	   TimeExecute (s)      : 32745                       
	   TimeSlotBusy (s)     : 33056                       

	Job terminated of its own accord at 2025-11-11T22:40:21Z with exit-code 0.
...
