000 (13722802.000.000) 11/12 01:20:20 Job submitted from host: <188.184.90.62:9618?addrs=188.184.90.62-9618+[2001-1458-201-e4--100-238]-9618&alias=bigbird16.cern.ch&noUDP&sock=schedd_2089_756e>
...
040 (13722802.000.000) 11/12 01:21:16 Started transferring input files
	Transferring to host: <188.185.196.164:9618?addrs=188.185.196.164-9618+[2001-1458-303-23--100-a0]-9618&alias=b9p16p8556.cern.ch&noUDP&sock=slot1_7_6824_e00f_49928>
...
040 (13722802.000.000) 11/12 01:21:16 Finished transferring input files
...
001 (13722802.000.000) 11/12 01:21:17 Job executing on host: <188.185.196.164:9618?addrs=188.185.196.164-9618+[2001-1458-303-23--100-a0]-9618&alias=b9p16p8556.cern.ch&noUDP&sock=startd_6080_f3e8>
	SlotName: slot1_7@b9p16p8556.cern.ch
	CondorScratchDir = "/pool/condor/dir_3085203"
	Cpus = 6
	Disk = 5245606
	GPUs = 0
	Memory = 18000
...
006 (13722802.000.000) 11/12 01:21:22 Image size of job updated: 208
	0  -  MemoryUsage of job (MB)
	0  -  ResidentSetSize of job (KB)
...
040 (13722802.000.000) 11/12 01:21:22 Started transferring output files
...
040 (13722802.000.000) 11/12 01:21:22 Finished transferring output files
...
005 (13722802.000.000) 11/12 01:21:22 Job terminated.
	(1) Normal termination (return value 1)
		Usr 0 00:00:00, Sys 0 00:00:00  -  Run Remote Usage
		Usr 0 00:00:00, Sys 0 00:00:00  -  Run Local Usage
		Usr 0 00:00:00, Sys 0 00:00:00  -  Total Remote Usage
		Usr 0 00:00:00, Sys 0 00:00:00  -  Total Local Usage
	46  -  Run Bytes Sent By Job
	1680  -  Run Bytes Received By Job
	46  -  Total Bytes Sent By Job
	1680  -  Total Bytes Received By Job
	Partitionable Resources :    Usage  Request Allocated 
	   Cpus                 :        0        6         6 
	   Disk (KB)            :       28  5242880   5245606 
	   GPUs                 :                           0 
	   Memory (MB)          :        0    18000     18000 
	   TimeExecute (s)      :        5                    
	   TimeSlotBusy (s)     :        7                    

	Job terminated of its own accord at 2025-11-12T00:21:22Z with exit-code 1.
...
