000 (13722818.000.000) 11/12 01:35:04 Job submitted from host: <188.184.90.62:9618?addrs=188.184.90.62-9618+[2001-1458-201-e4--100-238]-9618&alias=bigbird16.cern.ch&noUDP&sock=schedd_2089_756e>
...
040 (13722818.000.000) 11/12 01:39:11 Started transferring input files
	Transferring to host: <188.185.194.103:9618?addrs=188.185.194.103-9618+[2001-1458-303-21--100-63]-9618&alias=b9p20p0998.cern.ch&noUDP&sock=slot1_8_5903_f289_50035>
...
040 (13722818.000.000) 11/12 01:39:11 Finished transferring input files
...
001 (13722818.000.000) 11/12 01:39:12 Job executing on host: <188.185.194.103:9618?addrs=188.185.194.103-9618+[2001-1458-303-21--100-63]-9618&alias=b9p20p0998.cern.ch&noUDP&sock=startd_4693_960c>
	SlotName: slot1_8@b9p20p0998.cern.ch
	CondorScratchDir = "/pool/condor/dir_2634317"
	Cpus = 4
	Disk = 5245693
	GPUs = 0
	Memory = 12300
...
006 (13722818.000.000) 11/12 01:39:25 Image size of job updated: 68004
	67  -  MemoryUsage of job (MB)
	68004  -  ResidentSetSize of job (KB)
...
006 (13722818.000.000) 11/12 01:39:57 Image size of job updated: 240256
	67  -  MemoryUsage of job (MB)
	68004  -  ResidentSetSize of job (KB)
...
040 (13722818.000.000) 11/12 01:39:57 Started transferring output files
...
040 (13722818.000.000) 11/12 01:39:57 Finished transferring output files
...
005 (13722818.000.000) 11/12 01:39:57 Job terminated.
	(1) Normal termination (return value 1)
		Usr 0 00:00:06, Sys 0 00:00:02  -  Run Remote Usage
		Usr 0 00:00:00, Sys 0 00:00:00  -  Run Local Usage
		Usr 0 00:00:06, Sys 0 00:00:02  -  Total Remote Usage
		Usr 0 00:00:00, Sys 0 00:00:00  -  Total Local Usage
	3400  -  Run Bytes Sent By Job
	1176  -  Run Bytes Received By Job
	3400  -  Total Bytes Sent By Job
	1176  -  Total Bytes Received By Job
	Partitionable Resources :    Usage  Request Allocated 
	   Cpus                 :        0        4         4 
	   Disk (KB)            :       31  5242880   5245693 
	   GPUs                 :                           0 
	   Memory (MB)          :       67    12288     12300 
	   TimeExecute (s)      :       45                    
	   TimeSlotBusy (s)     :       47                    

	Job terminated of its own accord at 2025-11-12T00:39:57Z with exit-code 1.
...
