000 (13722805.000.000) 11/12 01:20:22 Job submitted from host: <188.184.90.62:9618?addrs=188.184.90.62-9618+[2001-1458-201-e4--100-238]-9618&alias=bigbird16.cern.ch&noUDP&sock=schedd_2089_756e>
...
040 (13722805.000.000) 11/12 01:21:17 Started transferring input files
	Transferring to host: <188.185.192.9:9618?addrs=188.185.192.9-9618+[2001-1458-303-1f--100-5]-9618&alias=b9p13p0510.cern.ch&noUDP&sock=slot1_4_6368_94fc_52306>
...
040 (13722805.000.000) 11/12 01:21:17 Finished transferring input files
...
001 (13722805.000.000) 11/12 01:21:18 Job executing on host: <188.185.192.9:9618?addrs=188.185.192.9-9618+[2001-1458-303-1f--100-5]-9618&alias=b9p13p0510.cern.ch&noUDP&sock=startd_4587_e102>
	SlotName: slot1_4@b9p13p0510.cern.ch
	CondorScratchDir = "/pool/condor/dir_1411584"
	Cpus = 8
	Disk = 5245583
	GPUs = 0
	Memory = 24600
...
006 (13722805.000.000) 11/12 01:21:24 Image size of job updated: 60
	0  -  MemoryUsage of job (MB)
	0  -  ResidentSetSize of job (KB)
...
040 (13722805.000.000) 11/12 01:21:24 Started transferring output files
...
040 (13722805.000.000) 11/12 01:21:24 Finished transferring output files
...
005 (13722805.000.000) 11/12 01:21:24 Job terminated.
	(1) Normal termination (return value 1)
		Usr 0 00:00:00, Sys 0 00:00:00  -  Run Remote Usage
		Usr 0 00:00:00, Sys 0 00:00:00  -  Run Local Usage
		Usr 0 00:00:00, Sys 0 00:00:00  -  Total Remote Usage
		Usr 0 00:00:00, Sys 0 00:00:00  -  Total Local Usage
	44  -  Run Bytes Sent By Job
	1680  -  Run Bytes Received By Job
	44  -  Total Bytes Sent By Job
	1680  -  Total Bytes Received By Job
	Partitionable Resources :    Usage  Request Allocated 
	   Cpus                 :        0        8         8 
	   Disk (KB)            :       28  5242880   5245583 
	   GPUs                 :                           0 
	   Memory (MB)          :        0    24576     24600 
	   TimeExecute (s)      :        6                    
	   TimeSlotBusy (s)     :        8                    

	Job terminated of its own accord at 2025-11-12T00:21:24Z with exit-code 1.
...
