000 (10630211.000.000) 11/11 12:23:44 Job submitted from host: <188.185.70.244:9618?addrs=188.185.70.244-9618+[2001-1458-d00-7--100-2ee]-9618&alias=bigbird10.cern.ch&noUDP&sock=schedd_3518298_5df3>
...
040 (10630211.000.000) 11/11 12:24:37 Started transferring input files
	Transferring to host: <188.185.190.68:9618?addrs=188.185.190.68-9618+[2001-1458-d03-b--100-270]-9618&alias=b9pgpun057.cern.ch&noUDP&sock=slot1_1_245122_5fa9_17958>
...
040 (10630211.000.000) 11/11 12:24:37 Finished transferring input files
...
001 (10630211.000.000) 11/11 12:24:38 Job executing on host: <188.185.190.68:9618?addrs=188.185.190.68-9618+[2001-1458-d03-b--100-270]-9618&alias=b9pgpun057.cern.ch&noUDP&sock=startd_239052_5df2>
	SlotName: slot1_1@b9pgpun057.cern.ch
	AvailableGPUs = { GPUs_MIG_4ee8c072_0e33_5af3_bffe_4452bef3705c }
	CondorScratchDir = "/pool/condor/dir_406279"
	Cpus = 14
	Disk = 2048
	GPUs = 1
	GPUs_MIG_4ee8c072_0e33_5af3_bffe_4452bef3705c = [ Id = "MIG-4ee8c072-0e33-5af3-bffe-4452bef3705c"; DeviceName = "NVIDIA H100L-2-24C MIG 2g.24gb"; DeviceUuid = "MIG-4ee8c072-0e33-5af3-bffe-4452bef3705c"; ComputeUnits = 32; GlobalMemoryMb = 21547 ]
	Memory = 42000
...
006 (10630211.000.000) 11/11 12:24:51 Image size of job updated: 64272
	63  -  MemoryUsage of job (MB)
	64272  -  ResidentSetSize of job (KB)
...
006 (10630211.000.000) 11/11 12:29:51 Image size of job updated: 8015988
	7775  -  MemoryUsage of job (MB)
	7960996  -  ResidentSetSize of job (KB)
...
006 (10630211.000.000) 11/11 12:34:52 Image size of job updated: 16353452
	15971  -  MemoryUsage of job (MB)
	16353452  -  ResidentSetSize of job (KB)
...
006 (10630211.000.000) 11/11 12:39:53 Image size of job updated: 24241372
	23674  -  MemoryUsage of job (MB)
	24241372  -  ResidentSetSize of job (KB)
...
006 (10630211.000.000) 11/11 12:44:53 Image size of job updated: 32072188
	31321  -  MemoryUsage of job (MB)
	32072188  -  ResidentSetSize of job (KB)
...
006 (10630211.000.000) 11/11 12:49:54 Image size of job updated: 37729876
	36787  -  MemoryUsage of job (MB)
	37669208  -  ResidentSetSize of job (KB)
...
006 (10630211.000.000) 11/11 12:54:55 Image size of job updated: 37763788
	36787  -  MemoryUsage of job (MB)
	37669560  -  ResidentSetSize of job (KB)
...
021 (10630211.000.000) 11/11 13:03:25 Error from starter on slot1_1@b9pgpun057.cern.ch:
	Job has gone over cgroup memory limit of 42000 megabytes. Last measured usage: 36878 megabytes.  Consider resubmitting with a higher request_memory.
	Code 34 Subcode 0
...
004 (10630211.000.000) 11/11 13:03:25 Job was evicted.
	(0) CPU times
		Usr 0 00:29:04, Sys 0 00:04:44  -  Run Remote Usage
		Usr 0 00:00:00, Sys 0 00:00:00  -  Run Local Usage
	0  -  Run Bytes Sent By Job
	1600  -  Run Bytes Received By Job
	Error from slot1_1@b9pgpun057.cern.ch: Job has gone over cgroup memory limit of 42000 megabytes. Last measured usage: 36878 megabytes.  Consider resubmitting with a higher request_memory.
	Partitionable Resources :    Usage  Request Allocated Assigned
	   Cpus                 :     0.43       14        14 
	   Disk (KB)            :    34           2      2048 
	   GPUs                 :                 1         1 "MIG-4ee8c072-0e33-5af3-bffe-4452bef3705c"
	   Memory (MB)          : 36787       42000     42000 
	   TimeSlotBusy (s)     :  2329                       
...
012 (10630211.000.000) 11/11 13:03:25 Job was held.
	Error from slot1_1@b9pgpun057.cern.ch: Job has gone over cgroup memory limit of 42000 megabytes. Last measured usage: 36878 megabytes.  Consider resubmitting with a higher request_memory.
	Code 34 Subcode 0
...
009 (10630211.000.000) 11/11 14:02:33 Job was aborted.
	via condor_rm (by user evilla)
...
