=========================================
HTCondor Channel Tagging Training
=========================================
Job started: Thu Nov  6 04:17:11 AM CET 2025
Host: b9g12p0056.cern.ch
Plane: 'X
Max samples: '''
Config: json/channel_tagging/production_v4_streaming.json
=========================================
LCG environment: LCG_106_cuda/x86_64-el9-gcc11-opt
Python: /cvmfs/sft.cern.ch/lcg/views/LCG_106_cuda/x86_64-el9-gcc11-opt/bin/python3 (Python 3.11.9)
No GPU
Running: ./scripts/train_channel_tagging.sh -j json/channel_tagging/production_v4_streaming.json --plane 'X
=========================================
✓ Sourced LCG environment: LCG_106_cuda/x86_64-el9-gcc11-opt
✓ Added local packages to PYTHONPATH
[0;34m[INFO][0m ML for Pointing Environment
[0;34m[INFO][0m Repository: /afs/cern.ch/work/e/evilla/private/dune/ml_for_pointing
[0;34m[INFO][0m Python modules: /afs/cern.ch/work/e/evilla/private/dune/ml_for_pointing/python
[0;34m[INFO][0m Data directory: /eos/home-e/evilla/dune/sn-tps/images_test
[0;34m[INFO][0m Output directory: /eos/user/e/evilla/dune/sn-tps/neural_networks
[0;34m[INFO][0m Python version: 3.11.9
[0;32m[SUCCESS][0m TensorFlow 2.16.1 is available
Running: python3 channel_tagging/ct_training.py --input_json json/channel_tagging/production_v4_streaming.json --plane 'X

======================================================================
MAIN TRACK IDENTIFIER TRAINING
======================================================================
