000 (1632771.000.000) 11/02 18:39:13 Job submitted from host: <188.185.129.8:9618?addrs=188.185.129.8-9618+[2001-1458-d03-1--100-8a]-9618&alias=bigbird101.cern.ch&noUDP&sock=schedd_3613352_8137>
...
040 (1632771.000.000) 11/02 18:39:39 Started transferring input files
	Transferring to host: <188.184.195.24:9618?addrs=188.184.195.24-9618+[2001-1458-301-72--100-1fb]-9618&alias=b9g47n2453.cern.ch&noUDP&sock=slot1_3_3588_d20b_28512>
...
040 (1632771.000.000) 11/02 18:39:39 Finished transferring input files
...
001 (1632771.000.000) 11/02 18:39:40 Job executing on host: <188.184.195.24:9618?addrs=188.184.195.24-9618+[2001-1458-301-72--100-1fb]-9618&alias=b9g47n2453.cern.ch&noUDP&sock=startd_2994_36a4>
	SlotName: slot1_3@b9g47n2453.cern.ch
	AvailableGPUs = { GPUs_GPU_2dfd908a }
	CondorScratchDir = "/pool/condor/dir_3660312"
	Cpus = 6
	Disk = 4195328
	GPUs = 1
	GPUs_GPU_2dfd908a = [ Id = "GPU-2dfd908a"; ClockMhz = 1590.0; Capability = 7.5; CoresPerCU = 64; DeviceName = "Tesla T4"; DeviceUuid = "2dfd908a-fcbb-0549-6acb-727e0687082b"; ECCEnabled = true; ComputeUnits = 40; DriverVersion = 12.9; DevicePciBusId = "0000:08:00.0"; GlobalMemoryMb = 14913; MaxSupportedVersion = 12090 ]
	Memory = 18000
...
006 (1632771.000.000) 11/02 18:39:54 Image size of job updated: 35292
	35  -  MemoryUsage of job (MB)
	35292  -  ResidentSetSize of job (KB)
...
006 (1632771.000.000) 11/02 18:42:07 Image size of job updated: 1048848
	35  -  MemoryUsage of job (MB)
	35292  -  ResidentSetSize of job (KB)
...
040 (1632771.000.000) 11/02 18:42:07 Started transferring output files
...
040 (1632771.000.000) 11/02 18:42:07 Finished transferring output files
...
005 (1632771.000.000) 11/02 18:42:07 Job terminated.
	(1) Normal termination (return value 1)
		Usr 0 00:00:44, Sys 0 00:00:38  -  Run Remote Usage
		Usr 0 00:00:00, Sys 0 00:00:00  -  Run Local Usage
		Usr 0 00:00:44, Sys 0 00:00:38  -  Total Remote Usage
		Usr 0 00:00:00, Sys 0 00:00:00  -  Total Local Usage
	24857  -  Run Bytes Sent By Job
	2241  -  Run Bytes Received By Job
	24857  -  Total Bytes Sent By Job
	2241  -  Total Bytes Received By Job
	Partitionable Resources :    Usage  Request Allocated Assigned
	   Cpus                 :     0.04        6         6 
	   Disk (KB)            :    55     4194304   4195328 
	   GPUs                 :     0           1         1 "GPU-2dfd908a"
	   GpusMemory (MB)      :   485                       
	   Memory (MB)          :    35       18000     18000 
	   TimeExecute (s)      :   147                       
	   TimeSlotBusy (s)     :   151                       

	Job terminated of its own accord at 2025-11-02T17:42:07Z with exit-code 1.
...
