000 (1640390.000.000) 11/04 11:02:38 Job submitted from host: <188.185.129.8:9618?addrs=188.185.129.8-9618+[2001-1458-d03-1--100-8a]-9618&alias=bigbird101.cern.ch&noUDP&sock=schedd_3613352_8137>
...
040 (1640390.000.000) 11/04 11:05:37 Started transferring input files
	Transferring to host: <188.185.238.11:9618?addrs=188.185.238.11-9618+[2001-1458-303-28--100-7]-9618&alias=b9pgpun003.cern.ch&noUDP&sock=slot1_1_5233_df2e_28584>
...
040 (1640390.000.000) 11/04 11:05:37 Finished transferring input files
...
001 (1640390.000.000) 11/04 11:05:38 Job executing on host: <188.185.238.11:9618?addrs=188.185.238.11-9618+[2001-1458-303-28--100-7]-9618&alias=b9pgpun003.cern.ch&noUDP&sock=startd_4739_2367>
	SlotName: slot1_1@b9pgpun003.cern.ch
	AvailableGPUs = { GPUs_GPU_485ca3da }
	CondorScratchDir = "/pool/condor/dir_4141157"
	Cpus = 7
	Disk = 6955
	GPUs = 1
	GPUs_GPU_485ca3da = [ Id = "GPU-485ca3da"; ClockMhz = 1785.0; Capability = 9.0; CoresPerCU = 128; DeviceName = "NVIDIA H100 NVL"; DeviceUuid = "485ca3da-3471-f6d4-291e-91ecf9613abd"; ECCEnabled = true; ComputeUnits = 132; DriverVersion = 12.9; DevicePciBusId = "0000:3A:00.0"; GlobalMemoryMb = 95320; MaxSupportedVersion = 12090 ]
	Memory = 21000
...
006 (1640390.000.000) 11/04 11:05:51 Image size of job updated: 333056
	181  -  MemoryUsage of job (MB)
	184708  -  ResidentSetSize of job (KB)
...
006 (1640390.000.000) 11/04 11:06:10 Image size of job updated: 425368
	181  -  MemoryUsage of job (MB)
	184756  -  ResidentSetSize of job (KB)
...
040 (1640390.000.000) 11/04 11:06:10 Started transferring output files
...
040 (1640390.000.000) 11/04 11:06:10 Finished transferring output files
...
005 (1640390.000.000) 11/04 11:06:10 Job terminated.
	(1) Normal termination (return value 1)
		Usr 0 00:00:14, Sys 0 00:00:08  -  Run Remote Usage
		Usr 0 00:00:00, Sys 0 00:00:00  -  Run Local Usage
		Usr 0 00:00:14, Sys 0 00:00:08  -  Total Remote Usage
		Usr 0 00:00:00, Sys 0 00:00:00  -  Total Local Usage
	14840  -  Run Bytes Sent By Job
	2153  -  Run Bytes Received By Job
	14840  -  Total Bytes Sent By Job
	2153  -  Total Bytes Received By Job
	Partitionable Resources :    Usage  Request Allocated Assigned
	   Cpus                 :        0        7         7 
	   Disk (KB)            :       42        3      6955 
	   GPUs                 :                 1         1 "GPU-485ca3da"
	   Memory (MB)          :      181    21000     21000 
	   TimeExecute (s)      :       32                    
	   TimeSlotBusy (s)     :       33                    

	Job terminated of its own accord at 2025-11-04T10:06:10Z with exit-code 1.
...
