000 (1632686.000.000) 11/02 10:11:52 Job submitted from host: <188.185.129.8:9618?addrs=188.185.129.8-9618+[2001-1458-d03-1--100-8a]-9618&alias=bigbird101.cern.ch&noUDP&sock=schedd_3613352_8137>
...
040 (1632686.000.000) 11/02 10:12:03 Started transferring input files
	Transferring to host: <188.185.190.16:9618?addrs=188.185.190.16-9618+[2001-1458-d03-b--100-289]-9618&alias=b9pgpun024.cern.ch&noUDP&sock=slot1_1_8694_759b_27934>
...
040 (1632686.000.000) 11/02 10:12:03 Finished transferring input files
...
001 (1632686.000.000) 11/02 10:12:04 Job executing on host: <188.185.190.16:9618?addrs=188.185.190.16-9618+[2001-1458-d03-b--100-289]-9618&alias=b9pgpun024.cern.ch&noUDP&sock=startd_8649_12b5>
	SlotName: slot1_1@b9pgpun024.cern.ch
	AvailableGPUs = { GPUs_MIG_631d1023_4766_52f5_816b_c58e545203a2 }
	CondorScratchDir = "/pool/condor/dir_3830776"
	Cpus = 6
	Disk = 4195179
	GPUs = 1
	GPUs_MIG_631d1023_4766_52f5_816b_c58e545203a2 = [ Id = "MIG-631d1023-4766-52f5-816b-c58e545203a2"; DeviceName = "NVIDIA H100L-1-12C MIG 1g.12gb"; DeviceUuid = "MIG-631d1023-4766-52f5-816b-c58e545203a2"; ComputeUnits = 16; GlobalMemoryMb = 10564 ]
	Memory = 18000
...
006 (1632686.000.000) 11/02 10:12:17 Image size of job updated: 31140
	31  -  MemoryUsage of job (MB)
	31140  -  ResidentSetSize of job (KB)
...
006 (1632686.000.000) 11/02 10:13:26 Image size of job updated: 440680
	31  -  MemoryUsage of job (MB)
	31140  -  ResidentSetSize of job (KB)
...
040 (1632686.000.000) 11/02 10:13:26 Started transferring output files
...
040 (1632686.000.000) 11/02 10:13:26 Finished transferring output files
...
005 (1632686.000.000) 11/02 10:13:26 Job terminated.
	(1) Normal termination (return value 1)
		Usr 0 00:00:17, Sys 0 00:00:14  -  Run Remote Usage
		Usr 0 00:00:00, Sys 0 00:00:00  -  Run Local Usage
		Usr 0 00:00:17, Sys 0 00:00:14  -  Total Remote Usage
		Usr 0 00:00:00, Sys 0 00:00:00  -  Total Local Usage
	18882  -  Run Bytes Sent By Job
	2241  -  Run Bytes Received By Job
	18882  -  Total Bytes Sent By Job
	2241  -  Total Bytes Received By Job
	Partitionable Resources :    Usage  Request Allocated Assigned
	   Cpus                 :                 6         6 
	   Disk (KB)            :       40  4194304   4195179 
	   GPUs                 :                 1         1 "MIG-631d1023-4766-52f5-816b-c58e545203a2"
	   Memory (MB)          :       31    18000     18000 
	   TimeExecute (s)      :       82                    
	   TimeSlotBusy (s)     :       84                    

	Job terminated of its own accord at 2025-11-02T09:13:26Z with exit-code 1.
...
