000 (1632670.000.000) 11/02 00:52:45 Job submitted from host: <188.185.129.8:9618?addrs=188.185.129.8-9618+[2001-1458-d03-1--100-8a]-9618&alias=bigbird101.cern.ch&noUDP&sock=schedd_3613352_8137>
...
040 (1632670.000.000) 11/02 00:53:32 Started transferring input files
	Transferring to host: <188.185.190.56:9618?addrs=188.185.190.56-9618+[2001-1458-d03-b--100-258]-9618&alias=b9pgpun056.cern.ch&noUDP&sock=slot1_1_5137_3b2a_9320>
...
040 (1632670.000.000) 11/02 00:53:32 Finished transferring input files
...
001 (1632670.000.000) 11/02 00:53:33 Job executing on host: <188.185.190.56:9618?addrs=188.185.190.56-9618+[2001-1458-d03-b--100-258]-9618&alias=b9pgpun056.cern.ch&noUDP&sock=startd_5091_94be>
	SlotName: slot1_1@b9pgpun056.cern.ch
	AvailableGPUs = { GPUs_MIG_c3dbaa72_b51a_5217_88f4_a3b7f0609d54 }
	CondorScratchDir = "/pool/condor/dir_2572660"
	Cpus = 6
	Disk = 4195162
	GPUs = 1
	GPUs_MIG_c3dbaa72_b51a_5217_88f4_a3b7f0609d54 = [ Id = "MIG-c3dbaa72-b51a-5217-88f4-a3b7f0609d54"; DeviceName = "NVIDIA H100L-1-12C MIG 1g.12gb"; DeviceUuid = "MIG-c3dbaa72-b51a-5217-88f4-a3b7f0609d54"; ComputeUnits = 16; GlobalMemoryMb = 10564 ]
	Memory = 18000
...
006 (1632670.000.000) 11/02 00:53:47 Image size of job updated: 30296
	30  -  MemoryUsage of job (MB)
	30296  -  ResidentSetSize of job (KB)
...
006 (1632670.000.000) 11/02 00:55:01 Image size of job updated: 342316
	30  -  MemoryUsage of job (MB)
	30296  -  ResidentSetSize of job (KB)
...
040 (1632670.000.000) 11/02 00:55:01 Started transferring output files
...
040 (1632670.000.000) 11/02 00:55:01 Finished transferring output files
...
005 (1632670.000.000) 11/02 00:55:01 Job terminated.
	(1) Normal termination (return value 1)
		Usr 0 00:00:16, Sys 0 00:00:11  -  Run Remote Usage
		Usr 0 00:00:00, Sys 0 00:00:00  -  Run Local Usage
		Usr 0 00:00:16, Sys 0 00:00:11  -  Total Remote Usage
		Usr 0 00:00:00, Sys 0 00:00:00  -  Total Local Usage
	9525  -  Run Bytes Sent By Job
	2172  -  Run Bytes Received By Job
	9525  -  Total Bytes Sent By Job
	2172  -  Total Bytes Received By Job
	Partitionable Resources :    Usage  Request Allocated Assigned
	   Cpus                 :        0        6         6 
	   Disk (KB)            :       67  4194304   4195162 
	   GPUs                 :                 1         1 "MIG-c3dbaa72-b51a-5217-88f4-a3b7f0609d54"
	   Memory (MB)          :       30    18000     18000 
	   TimeExecute (s)      :       88                    
	   TimeSlotBusy (s)     :       90                    

	Job terminated of its own accord at 2025-11-01T23:55:01Z with exit-code 1.
...
