=========================================
HTCondor GPU Channel Tagging Training Job
=========================================
Job started at: Tue Nov  4 08:11:35 PM CET 2025
Running on host: b9g57n0854.cern.ch
Max samples: all
JSON config: /afs/cern.ch/work/e/evilla/private/dune/ml_for_pointing/json/channel_tagging/production_training.json
=========================================
Setting up LCG environment: LCG_106_cuda/x86_64-el9-gcc11-opt
Using LCG Python: /cvmfs/sft.cern.ch/lcg/views/LCG_106_cuda/x86_64-el9-gcc11-opt/bin/python3
Python 3.11.9


GPU Information:
Tue Nov  4 20:11:39 2025       
+-----------------------------------------------------------------------------------------+
| NVIDIA-SMI 575.57.08              Driver Version: 575.57.08      CUDA Version: 12.9     |
|-----------------------------------------+------------------------+----------------------+
| GPU  Name                 Persistence-M | Bus-Id          Disp.A | Volatile Uncorr. ECC |
| Fan  Temp   Perf          Pwr:Usage/Cap |           Memory-Usage | GPU-Util  Compute M. |
|                                         |                        |               MIG M. |
|=========================================+========================+======================|
|   0  NVIDIA A100-PCIE-40GB          Off |   00000000:06:00.0 Off |                    0 |
| N/A   37C    P0             44W /  250W |     122MiB /  40960MiB |      0%      Default |
|                                         |                        |             Disabled |
+-----------------------------------------+------------------------+----------------------+
                                                                                         
+-----------------------------------------------------------------------------------------+
| Processes:                                                                              |
|  GPU   GI   CI              PID   Type   Process name                        GPU Memory |
|        ID   ID                                                               Usage      |
|=========================================================================================|
|  No running processes found                                                             |
+-----------------------------------------------------------------------------------------+

Python version: Python 3.11.9
Python path: /cvmfs/sft.cern.ch/lcg/views/LCG_106_cuda/x86_64-el9-gcc11-opt/bin/python3
Checking TensorFlow...
2025-11-04 20:11:45.277639: I tensorflow/core/platform/cpu_feature_guard.cc:210] This TensorFlow binary is optimized to use available CPU instructions in performance-critical operations.
To enable the following instructions: AVX2 FMA, in other operations, rebuild TensorFlow with the appropriate compiler flags.
2025-11-04 20:11:55.202482: W tensorflow/compiler/tf2tensorrt/utils/py_utils.cc:38] TF-TRT Warning: Could not find TensorRT
TensorFlow version: 2.16.1
2025-11-04 20:12:05.821533: I external/local_xla/xla/stream_executor/cuda/cuda_executor.cc:998] successful NUMA node read from SysFS had negative value (-1), but there must be at least one NUMA node, so returning NUMA node zero. See more at https://github.com/torvalds/linux/blob/v6.0/Documentation/ABI/testing/sysfs-bus-pci#L344-L355
2025-11-04 20:12:06.092703: I external/local_xla/xla/stream_executor/cuda/cuda_executor.cc:998] successful NUMA node read from SysFS had negative value (-1), but there must be at least one NUMA node, so returning NUMA node zero. See more at https://github.com/torvalds/linux/blob/v6.0/Documentation/ABI/testing/sysfs-bus-pci#L344-L355
2025-11-04 20:12:06.094515: I external/local_xla/xla/stream_executor/cuda/cuda_executor.cc:998] successful NUMA node read from SysFS had negative value (-1), but there must be at least one NUMA node, so returning NUMA node zero. See more at https://github.com/torvalds/linux/blob/v6.0/Documentation/ABI/testing/sysfs-bus-pci#L344-L355
GPUs detected: 1
  - /physical_device:GPU:0

Running: ./scripts/train_channel_tagging.sh --json /afs/cern.ch/work/e/evilla/private/dune/ml_for_pointing/json/channel_tagging/production_training.json
=========================================
✓ Sourced LCG environment: LCG_106_cuda/x86_64-el9-gcc11-opt
✓ Added local packages to PYTHONPATH
[0;34m[INFO][0m ML for Pointing Environment
[0;34m[INFO][0m Repository: /afs/cern.ch/work/e/evilla/private/dune/ml_for_pointing
[0;34m[INFO][0m Python modules: /afs/cern.ch/work/e/evilla/private/dune/ml_for_pointing/python
[0;34m[INFO][0m Data directory: /eos/home-e/evilla/dune/sn-tps/images_test
[0;34m[INFO][0m Output directory: /eos/user/e/evilla/dune/sn-tps/neural_networks
[0;34m[INFO][0m Python version: 3.11.9
[0;32m[SUCCESS][0m TensorFlow 2.16.1 is available
[INFO] ML for Pointing Environment
[INFO] Repository: /afs/cern.ch/work/e/evilla/private/dune/ml_for_pointing
[INFO] Python modules: /afs/cern.ch/work/e/evilla/private/dune/ml_for_pointing/python
[INFO] Data directory: /eos/home-e/evilla/dune/sn-tps/images_test
[INFO] Output directory: 
[INFO] Python version: 3.11.9
[SUCCESS] TensorFlow 2.16.1 is available
[INFO] Starting Channel Tagging Classifier Training
[INFO] Configuration: /afs/cern.ch/work/e/evilla/private/dune/ml_for_pointing/json/channel_tagging/production_training.json
[INFO] Running training script...
[INFO] Command: python3 ct_training.py --input_json /afs/cern.ch/work/e/evilla/private/dune/ml_for_pointing/json/channel_tagging/production_training.json --plane X


======================================================================
MAIN TRACK IDENTIFIER TRAINING
======================================================================

✓ GPU is available: 1 device(s)
  GPU 0: /physical_device:GPU:0

Loading configuration from: /afs/cern.ch/work/e/evilla/private/dune/ml_for_pointing/json/channel_tagging/production_training.json
Configuration loaded successfully

Output directory: /eos/user/e/evilla/dune/sn-tps/neural_networks/mt_identifier/hyperopt_simple_cnn/plane_X/20251104_201308
Configuration saved to: /eos/user/e/evilla/dune/sn-tps/neural_networks/mt_identifier/hyperopt_simple_cnn/plane_X/20251104_201308/config.json
Arguments saved to: /eos/user/e/evilla/dune/sn-tps/neural_networks/mt_identifier/hyperopt_simple_cnn/plane_X/20251104_201308/args.json
Selected model: hyperopt_simple_cnn

======================================================================
STEP 1: DATA PREPARATION
======================================================================

============================================================
LOADING DATA FROM MULTIPLE NPZ DIRECTORIES
============================================================
Data directories:
  - /eos/home-e/evilla/dune/sn-tps/production_cc/volume_images_cc_prod_main_tick3_ch2_min2_tot3_e2p0
  - /eos/home-e/evilla/dune/sn-tps/production_es/volume_images_es_prod_main_tick3_ch2_min2_tot3_e2p0
Plane: X
Shuffle: True
Max samples: All

Loading from: /eos/home-e/evilla/dune/sn-tps/production_cc/volume_images_cc_prod_main_tick3_ch2_min2_tot3_e2p0
No files matched requested pattern(s); using fallback pattern: *_planeX.npz
Found 3844 batch file(s) for plane X (pattern: *_planeX.npz)
Loading prodmarley_nue_flat_cc_dune10kt_1x2x2_20250826T091326Z_gen_000001_supernova_g4_detsim_ana_2025-10-21T_092201Z_bg_matched_planeX.npz... 

✗ Error during training: Object arrays cannot be loaded when allow_pickle=False
