000 (1640395.000.000) 11/04 11:19:34 Job submitted from host: <188.185.129.8:9618?addrs=188.185.129.8-9618+[2001-1458-d03-1--100-8a]-9618&alias=bigbird101.cern.ch&noUDP&sock=schedd_3613352_8137>
...
040 (1640395.000.000) 11/04 12:26:14 Started transferring input files
	Transferring to host: <188.185.238.10:9618?addrs=188.185.238.10-9618+[2001-1458-303-28--100-6]-9618&alias=b9pgpun002.cern.ch&noUDP&sock=slot1_1_6435_ca1f_28364>
...
040 (1640395.000.000) 11/04 12:26:14 Finished transferring input files
...
001 (1640395.000.000) 11/04 12:26:15 Job executing on host: <188.185.238.10:9618?addrs=188.185.238.10-9618+[2001-1458-303-28--100-6]-9618&alias=b9pgpun002.cern.ch&noUDP&sock=startd_5467_7c5a>
	SlotName: slot1_1@b9pgpun002.cern.ch
	AvailableGPUs = { GPUs_GPU_1164dceb }
	CondorScratchDir = "/pool/condor/dir_4113263"
	Cpus = 7
	Disk = 6924
	GPUs = 1
	GPUs_GPU_1164dceb = [ Id = "GPU-1164dceb"; ClockMhz = 1785.0; Capability = 9.0; CoresPerCU = 128; DeviceName = "NVIDIA H100 NVL"; DeviceUuid = "1164dceb-fef9-9731-e6b7-4c427dea8cb4"; ECCEnabled = true; ComputeUnits = 132; DriverVersion = 12.9; DevicePciBusId = "0000:3A:00.0"; GlobalMemoryMb = 95320; MaxSupportedVersion = 12090 ]
	Memory = 21000
...
006 (1640395.000.000) 11/04 12:26:28 Image size of job updated: 257396
	140  -  MemoryUsage of job (MB)
	142540  -  ResidentSetSize of job (KB)
...
006 (1640395.000.000) 11/04 12:26:48 Image size of job updated: 422748
	140  -  MemoryUsage of job (MB)
	142676  -  ResidentSetSize of job (KB)
...
040 (1640395.000.000) 11/04 12:26:48 Started transferring output files
...
040 (1640395.000.000) 11/04 12:26:48 Finished transferring output files
...
005 (1640395.000.000) 11/04 12:26:48 Job terminated.
	(1) Normal termination (return value 1)
		Usr 0 00:00:14, Sys 0 00:00:08  -  Run Remote Usage
		Usr 0 00:00:00, Sys 0 00:00:00  -  Run Local Usage
		Usr 0 00:00:14, Sys 0 00:00:08  -  Total Remote Usage
		Usr 0 00:00:00, Sys 0 00:00:00  -  Total Local Usage
	14840  -  Run Bytes Sent By Job
	2153  -  Run Bytes Received By Job
	14840  -  Total Bytes Sent By Job
	2153  -  Total Bytes Received By Job
	Partitionable Resources :    Usage  Request Allocated Assigned
	   Cpus                 :        0        7         7 
	   Disk (KB)            :       42        3      6924 
	   GPUs                 :                 1         1 "GPU-1164dceb"
	   Memory (MB)          :      140    21000     21000 
	   TimeExecute (s)      :       33                    
	   TimeSlotBusy (s)     :       34                    

	Job terminated of its own accord at 2025-11-04T11:26:48Z with exit-code 1.
...
