=========================================
HTCondor Channel Tagging Training
=========================================
Job started: Thu Nov  6 09:59:37 AM CET 2025
Host: b9p19p3059.cern.ch
Plane: X
Max samples: ''
Config: json/channel_tagging/production_v7.json
=========================================
LCG environment: LCG_106_cuda/x86_64-el9-gcc11-opt
Python: /cvmfs/sft.cern.ch/lcg/views/LCG_106_cuda/x86_64-el9-gcc11-opt/bin/python3 (Python 3.11.9)
No GPU
Running: ./scripts/train_channel_tagging.sh -j json/channel_tagging/production_v7.json --plane X
=========================================
✓ Sourced LCG environment: LCG_106_cuda/x86_64-el9-gcc11-opt
✓ Added local packages to PYTHONPATH
[0;34m[INFO][0m ML for Pointing Environment
[0;34m[INFO][0m Repository: /afs/cern.ch/work/e/evilla/private/dune/ml_for_pointing
[0;34m[INFO][0m Python modules: /afs/cern.ch/work/e/evilla/private/dune/ml_for_pointing/python
[0;34m[INFO][0m Data directory: /eos/home-e/evilla/dune/sn-tps/images_test
[0;34m[INFO][0m Output directory: /eos/user/e/evilla/dune/sn-tps/neural_networks
[0;34m[INFO][0m Python version: 3.11.9
[0;32m[SUCCESS][0m TensorFlow 2.16.1 is available
Running: python3 channel_tagging/ct_training.py --input_json json/channel_tagging/production_v7.json --plane X

======================================================================
CHANNEL TAGGING TRAINING
======================================================================

⚠ GPU is NOT available - training will use CPU

Loading configuration from: json/channel_tagging/production_v7.json
Configuration loaded successfully

Output directory: outputs/channel_tagging/production_streaming_new/mt_identifier/simple_cnn/plane_X/20251106_100053
Configuration saved to: outputs/channel_tagging/production_streaming_new/mt_identifier/simple_cnn/plane_X/20251106_100053/config.json
Arguments saved to: outputs/channel_tagging/production_streaming_new/mt_identifier/simple_cnn/plane_X/20251106_100053/args.json
Selected model: simple_cnn

======================================================================
STEP 1: DATA PREPARATION
======================================================================

======================================================================
USING STREAMING DATA LOADER (generator-based)
======================================================================

============================================================
STREAMING DATA LOADER
============================================================
Found 3746 files
Plane: X
Batch size: 32

✓ Detected NEW dict metadata format

Counting samples...
  Processed 100/3746 files...
  Processed 200/3746 files...
  Processed 300/3746 files...
  Processed 400/3746 files...
  Processed 500/3746 files...
  Processed 600/3746 files...
  Processed 700/3746 files...
  Processed 800/3746 files...
  Processed 900/3746 files...
  Processed 1000/3746 files...
  Processed 1100/3746 files...
  Processed 1200/3746 files...
  Processed 1300/3746 files...
  Processed 1400/3746 files...
  Processed 1500/3746 files...
  Processed 1600/3746 files...
  Processed 1700/3746 files...
  Processed 1800/3746 files...
  Processed 1900/3746 files...
  Processed 2000/3746 files...
  Processed 2100/3746 files...
  Processed 2200/3746 files...
  Processed 2300/3746 files...
  Processed 2400/3746 files...
  Processed 2500/3746 files...
  Processed 2600/3746 files...
  Processed 2700/3746 files...
  Processed 2800/3746 files...
  Processed 2900/3746 files...
  Processed 3000/3746 files...
  Processed 3100/3746 files...
  Processed 3200/3746 files...
  Processed 3300/3746 files...
  Processed 3400/3746 files...
  Processed 3500/3746 files...
  Processed 3600/3746 files...
  Processed 3700/3746 files...

Total samples: 173467
Class distribution: {0: 0, 1: 173467}

Split sizes:
  Train: 121426
  Val: 26020
  Test: 26021

✓ Streaming datasets created successfully
============================================================


======================================================================
STEP 2: MODEL TRAINING
======================================================================


✗ Error during training: module 'models.simple_cnn' has no attribute 'create_and_train_model'
