000 (1649772.000.000) 11/04 15:50:40 Job submitted from host: <188.185.129.8:9618?addrs=188.185.129.8-9618+[2001-1458-d03-1--100-8a]-9618&alias=bigbird101.cern.ch&noUDP&sock=schedd_3613352_8137>
...
040 (1649772.000.000) 11/04 16:57:53 Started transferring input files
	Transferring to host: <188.185.190.108:9618?addrs=188.185.190.108-9618+[2001-1458-d03-b--100-2ff]-9618&alias=b9pgpun015.cern.ch&noUDP&sock=slot1_2_6392_7dfd_29014>
...
040 (1649772.000.000) 11/04 16:57:53 Finished transferring input files
...
001 (1649772.000.000) 11/04 16:57:54 Job executing on host: <188.185.190.108:9618?addrs=188.185.190.108-9618+[2001-1458-d03-b--100-2ff]-9618&alias=b9pgpun015.cern.ch&noUDP&sock=startd_5351_eb5d>
	SlotName: slot1_2@b9pgpun015.cern.ch
	AvailableGPUs = { GPUs_GPU_8419873c }
	CondorScratchDir = "/pool/condor/dir_3518688"
	Cpus = 6
	Disk = 4200529
	GPUs = 1
	GPUs_GPU_8419873c = [ Id = "GPU-8419873c"; ClockMhz = 1785.0; Capability = 9.0; CoresPerCU = 128; DeviceName = "NVIDIA H100 NVL"; DeviceUuid = "8419873c-22dc-83cd-5a57-5735ab9510a1"; ECCEnabled = true; ComputeUnits = 132; DriverVersion = 12.9; DevicePciBusId = "0000:3B:00.0"; GlobalMemoryMb = 95320; MaxSupportedVersion = 12090 ]
	Memory = 18000
...
006 (1649772.000.000) 11/04 16:58:08 Image size of job updated: 184664
	83  -  MemoryUsage of job (MB)
	84112  -  ResidentSetSize of job (KB)
...
006 (1649772.000.000) 11/04 16:58:33 Image size of job updated: 425452
	85  -  MemoryUsage of job (MB)
	86072  -  ResidentSetSize of job (KB)
...
040 (1649772.000.000) 11/04 16:58:33 Started transferring output files
...
040 (1649772.000.000) 11/04 16:58:33 Finished transferring output files
...
005 (1649772.000.000) 11/04 16:58:33 Job terminated.
	(1) Normal termination (return value 1)
		Usr 0 00:00:13, Sys 0 00:00:07  -  Run Remote Usage
		Usr 0 00:00:00, Sys 0 00:00:00  -  Run Local Usage
		Usr 0 00:00:13, Sys 0 00:00:07  -  Total Remote Usage
		Usr 0 00:00:00, Sys 0 00:00:00  -  Total Local Usage
	14922  -  Run Bytes Sent By Job
	2153  -  Run Bytes Received By Job
	14922  -  Total Bytes Sent By Job
	2153  -  Total Bytes Received By Job
	Partitionable Resources :    Usage  Request Allocated Assigned
	   Cpus                 :        0        6         6 
	   Disk (KB)            :       46  4194304   4200529 
	   GPUs                 :                 1         1 "GPU-8419873c"
	   Memory (MB)          :       85    18000     18000 
	   TimeExecute (s)      :       39                    
	   TimeSlotBusy (s)     :       41                    

	Job terminated of its own accord at 2025-11-04T15:58:33Z with exit-code 1.
...
