000 (10609244.000.000) 11/05 21:01:23 Job submitted from host: <188.185.70.244:9618?addrs=188.185.70.244-9618+[2001-1458-d00-7--100-2ee]-9618&alias=bigbird10.cern.ch&noUDP&sock=schedd_3518298_5df3>
...
040 (10609244.000.000) 11/06 04:17:05 Started transferring input files
	Transferring to host: <128.142.132.171:9618?addrs=128.142.132.171-9618+[2001-1458-301-5a--100-9f]-9618&alias=b9g12p0056.cern.ch&noUDP&sock=slot1_1_2808_3d6b_34437>
...
040 (10609244.000.000) 11/06 04:17:05 Finished transferring input files
...
001 (10609244.000.000) 11/06 04:17:06 Job executing on host: <128.142.132.171:9618?addrs=128.142.132.171-9618+[2001-1458-301-5a--100-9f]-9618&alias=b9g12p0056.cern.ch&noUDP&sock=startd_2450_131f>
	SlotName: slot1_1@b9g12p0056.cern.ch
	CondorScratchDir = "/pool/condor/dir_1988222"
	Cpus = 24
	Disk = 20973236
	GPUs = 0
	Memory = 51000
...
006 (10609244.000.000) 11/06 04:17:19 Image size of job updated: 20808
	21  -  MemoryUsage of job (MB)
	20808  -  ResidentSetSize of job (KB)
...
006 (10609244.000.000) 11/06 04:18:18 Image size of job updated: 341764
	21  -  MemoryUsage of job (MB)
	21376  -  ResidentSetSize of job (KB)
...
040 (10609244.000.000) 11/06 04:18:18 Started transferring output files
...
040 (10609244.000.000) 11/06 04:18:18 Finished transferring output files
...
005 (10609244.000.000) 11/06 04:18:18 Job terminated.
	(1) Normal termination (return value 2)
		Usr 0 00:00:28, Sys 0 00:00:11  -  Run Remote Usage
		Usr 0 00:00:00, Sys 0 00:00:00  -  Run Local Usage
		Usr 0 00:00:28, Sys 0 00:00:11  -  Total Remote Usage
		Usr 0 00:00:00, Sys 0 00:00:00  -  Total Local Usage
	2356  -  Run Bytes Sent By Job
	1267  -  Run Bytes Received By Job
	2356  -  Total Bytes Sent By Job
	1267  -  Total Bytes Received By Job
	Partitionable Resources :    Usage  Request Allocated 
	   Cpus                 :        0       24        24 
	   Disk (KB)            :       30 20971520  20973236 
	   GPUs                 :                           0 
	   Memory (MB)          :       21    51000     51000 
	   TimeExecute (s)      :       72                    
	   TimeSlotBusy (s)     :       75                    

	Job terminated of its own accord at 2025-11-06T03:18:18Z with exit-code 2.
...
