000 (10608278.000.000) 11/05 19:18:32 Job submitted from host: <188.185.70.244:9618?addrs=188.185.70.244-9618+[2001-1458-d00-7--100-2ee]-9618&alias=bigbird10.cern.ch&noUDP&sock=schedd_3518298_5df3>
...
040 (10608278.000.000) 11/05 20:59:48 Started transferring input files
	Transferring to host: <128.142.132.54:9618?addrs=128.142.132.54-9618+[2001-1458-301-5a--100-2a]-9618&alias=b9g12p0096.cern.ch&noUDP&sock=slot1_5_2822_1aac_32532>
...
040 (10608278.000.000) 11/05 20:59:48 Finished transferring input files
...
001 (10608278.000.000) 11/05 20:59:49 Job executing on host: <128.142.132.54:9618?addrs=128.142.132.54-9618+[2001-1458-301-5a--100-2a]-9618&alias=b9g12p0096.cern.ch&noUDP&sock=startd_2440_372c>
	SlotName: slot1_5@b9g12p0096.cern.ch
	CondorScratchDir = "/pool/condor/dir_1225715"
	Cpus = 1
	Disk = 20973199
	GPUs = 0
	Memory = 122900
...
006 (10608278.000.000) 11/05 21:00:03 Image size of job updated: 34220
	34  -  MemoryUsage of job (MB)
	34220  -  ResidentSetSize of job (KB)
...
006 (10608278.000.000) 11/05 21:00:44 Image size of job updated: 258380
	34  -  MemoryUsage of job (MB)
	34220  -  ResidentSetSize of job (KB)
...
040 (10608278.000.000) 11/05 21:00:44 Started transferring output files
...
040 (10608278.000.000) 11/05 21:00:44 Finished transferring output files
...
004 (10608278.000.000) 11/05 21:00:44 Job was evicted.
	(0) CPU times
		Usr 0 00:00:12, Sys 0 00:00:04  -  Run Remote Usage
		Usr 0 00:00:00, Sys 0 00:00:00  -  Run Local Usage
	1243  -  Run Bytes Sent By Job
	1267  -  Run Bytes Received By Job
	Partitionable Resources :    Usage  Request Allocated 
	   Cpus                 :        0        1         1 
	   Disk (KB)            :       29 20971520  20973199 
	   GPUs                 :                           0 
	   Memory (MB)          :       34   122880    122900 
	   TimeExecute (s)      :       55                    
	   TimeSlotBusy (s)     :       57                    
...
009 (10608278.000.000) 11/05 21:00:44 Job was aborted.
	via condor_rm (by user evilla)
...
