=========================================
HTCondor GPU Training Job
=========================================
Job started at: Tue Oct 28 03:54:39 PM CET 2025
Running on host: b9g47n5843.cern.ch
Plane: X
Max samples: all
=========================================
Virtual environment activated: /afs/cern.ch/user/e/evilla/.local/bin/python
ERROR: pip's dependency resolver does not currently take into account all the packages that are installed. This behaviour is the source of the following dependency conflicts.
tensorflow 2.20.0 requires wrapt>=1.11.0, which is not installed.

GPU Information:
Tue Oct 28 15:54:42 2025       
+-----------------------------------------------------------------------------------------+
| NVIDIA-SMI 575.51.03              Driver Version: 575.51.03      CUDA Version: 12.9     |
|-----------------------------------------+------------------------+----------------------+
| GPU  Name                 Persistence-M | Bus-Id          Disp.A | Volatile Uncorr. ECC |
| Fan  Temp   Perf          Pwr:Usage/Cap |           Memory-Usage | GPU-Util  Compute M. |
|                                         |                        |               MIG M. |
|=========================================+========================+======================|
|   0  Tesla V100-PCIE-32GB           Off |   00000000:07:00.0 Off |                    0 |
| N/A   42C    P0             31W /  250W |       4MiB /  32768MiB |      0%      Default |
|                                         |                        |                  N/A |
+-----------------------------------------+------------------------+----------------------+
                                                                                         
+-----------------------------------------------------------------------------------------+
| Processes:                                                                              |
|  GPU   GI   CI              PID   Type   Process name                        GPU Memory |
|        ID   ID                                                               Usage      |
|=========================================================================================|
|  No running processes found                                                             |
+-----------------------------------------------------------------------------------------+

Python version: Python 3.9.21
Python path: /afs/cern.ch/user/e/evilla/.local/bin/python
Checking TensorFlow...
2025-10-28 15:54:43.256649: I tensorflow/core/platform/cpu_feature_guard.cc:210] This TensorFlow binary is optimized to use available CPU instructions in performance-critical operations.
To enable the following instructions: AVX2 AVX512F FMA, in other operations, rebuild TensorFlow with the appropriate compiler flags.
Traceback (most recent call last):
  File "<string>", line 1, in <module>
  File "/afs/cern.ch/user/e/evilla/.local/lib/python3.9/site-packages/tensorflow/__init__.py", line 49, in <module>
    from tensorflow._api.v2 import __internal__
  File "/afs/cern.ch/user/e/evilla/.local/lib/python3.9/site-packages/tensorflow/_api/v2/__internal__/__init__.py", line 8, in <module>
    from tensorflow._api.v2.__internal__ import autograph
  File "/afs/cern.ch/user/e/evilla/.local/lib/python3.9/site-packages/tensorflow/_api/v2/__internal__/autograph/__init__.py", line 8, in <module>
    from tensorflow.python.autograph.core.ag_ctx import control_status_ctx # line: 34
  File "/afs/cern.ch/user/e/evilla/.local/lib/python3.9/site-packages/tensorflow/python/autograph/core/ag_ctx.py", line 21, in <module>
    from tensorflow.python.autograph.utils import ag_logging
  File "/afs/cern.ch/user/e/evilla/.local/lib/python3.9/site-packages/tensorflow/python/autograph/utils/__init__.py", line 17, in <module>
    from tensorflow.python.autograph.utils.context_managers import control_dependency_on_returns
  File "/afs/cern.ch/user/e/evilla/.local/lib/python3.9/site-packages/tensorflow/python/autograph/utils/context_managers.py", line 19, in <module>
    from tensorflow.python.framework import ops
  File "/afs/cern.ch/user/e/evilla/.local/lib/python3.9/site-packages/tensorflow/python/framework/ops.py", line 50, in <module>
    from tensorflow.python.eager import context
  File "/afs/cern.ch/user/e/evilla/.local/lib/python3.9/site-packages/tensorflow/python/eager/context.py", line 38, in <module>
    from tensorflow.python.eager import execute
  File "/afs/cern.ch/user/e/evilla/.local/lib/python3.9/site-packages/tensorflow/python/eager/execute.py", line 23, in <module>
    from tensorflow.python.framework import tensor_shape
  File "/afs/cern.ch/user/e/evilla/.local/lib/python3.9/site-packages/tensorflow/python/framework/tensor_shape.py", line 26, in <module>
    from tensorflow.python.saved_model import nested_structure_coder
  File "/afs/cern.ch/user/e/evilla/.local/lib/python3.9/site-packages/tensorflow/python/saved_model/nested_structure_coder.py", line 38, in <module>
    from tensorflow.python.util import nest
  File "/afs/cern.ch/user/e/evilla/.local/lib/python3.9/site-packages/tensorflow/python/util/nest.py", line 95, in <module>
    from tensorflow.python.util import nest_util
  File "/afs/cern.ch/user/e/evilla/.local/lib/python3.9/site-packages/tensorflow/python/util/nest_util.py", line 30, in <module>
    import wrapt as _wrapt
ModuleNotFoundError: No module named 'wrapt'
