000 (17819368.000.000) 10/28 15:45:28 Job submitted from host: <188.185.72.155:9618?addrs=188.185.72.155-9618+[2001-1458-d00-8--100-95]-9618&alias=bigbird08.cern.ch&noUDP&sock=schedd_3361999_40de>
...
040 (17819368.000.000) 10/28 15:54:32 Started transferring input files
	Transferring to host: <128.142.241.90:9618?addrs=128.142.241.90-9618+[2001-1458-301-ce--100-1cf]-9618&alias=b9g47n5843.cern.ch&noUDP&sock=slot1_1_3716_0210_11632>
...
040 (17819368.000.000) 10/28 15:54:32 Finished transferring input files
...
001 (17819368.000.000) 10/28 15:54:33 Job executing on host: <128.142.241.90:9618?addrs=128.142.241.90-9618+[2001-1458-301-ce--100-1cf]-9618&alias=b9g47n5843.cern.ch&noUDP&sock=startd_3011_dfc0>
	SlotName: slot1_1@b9g47n5843.cern.ch
	AvailableGPUs = { GPUs_GPU_d93dc087 }
	CondorScratchDir = "/pool/condor/dir_2193563"
	Cpus = 4
	Disk = 2098176
	GPUs = 1
	GPUs_GPU_d93dc087 = [ Id = "GPU-d93dc087"; ClockMhz = 1380.0; Capability = 7.0; CoresPerCU = 64; DeviceName = "Tesla V100-PCIE-32GB"; DeviceUuid = "d93dc087-0f06-a7ee-241e-d0afdf77a74e"; ECCEnabled = true; ComputeUnits = 80; DriverVersion = 12.9; DevicePciBusId = "0000:07:00.0"; GlobalMemoryMb = 32494; MaxSupportedVersion = 12090 ]
	Memory = 12000
...
006 (17819368.000.000) 10/28 15:54:44 Image size of job updated: 45968
	0  -  MemoryUsage of job (MB)
	0  -  ResidentSetSize of job (KB)
...
040 (17819368.000.000) 10/28 15:54:44 Started transferring output files
...
040 (17819368.000.000) 10/28 15:54:44 Finished transferring output files
...
005 (17819368.000.000) 10/28 15:54:44 Job terminated.
	(1) Normal termination (return value 1)
		Usr 0 00:00:01, Sys 0 00:00:00  -  Run Remote Usage
		Usr 0 00:00:00, Sys 0 00:00:00  -  Run Local Usage
		Usr 0 00:00:01, Sys 0 00:00:00  -  Total Remote Usage
		Usr 0 00:00:00, Sys 0 00:00:00  -  Total Local Usage
	12481  -  Run Bytes Sent By Job
	1834  -  Run Bytes Received By Job
	12481  -  Total Bytes Sent By Job
	1834  -  Total Bytes Received By Job
	Partitionable Resources :    Usage  Request Allocated Assigned
	   Cpus                 :        0        4         4 
	   Disk (KB)            :       43  2097152   2098176 
	   GPUs                 :                 1         1 "GPU-d93dc087"
	   Memory (MB)          :        0    12000     12000 
	   TimeExecute (s)      :       11                    
	   TimeSlotBusy (s)     :       12                    

	Job terminated of its own accord at 2025-10-28T14:54:44Z with exit-code 1.
...
