000 (1653140.000.000) 11/04 23:46:01 Job submitted from host: <188.185.129.8:9618?addrs=188.185.129.8-9618+[2001-1458-d03-1--100-8a]-9618&alias=bigbird101.cern.ch&noUDP&sock=schedd_3613352_8137>
...
040 (1653140.000.000) 11/04 23:47:44 Started transferring input files
	Transferring to host: <188.185.92.49:9618?addrs=188.185.92.49-9618+[2001-1458-d00-6c--100-1fe]-9618&alias=b9g57n2594.cern.ch&noUDP&sock=slot1_1_8560_0b55_29669>
...
040 (1653140.000.000) 11/04 23:47:44 Finished transferring input files
...
001 (1653140.000.000) 11/04 23:47:45 Job executing on host: <188.185.92.49:9618?addrs=188.185.92.49-9618+[2001-1458-d00-6c--100-1fe]-9618&alias=b9g57n2594.cern.ch&noUDP&sock=startd_7697_148c>
	SlotName: slot1_1@b9g57n2594.cern.ch
	AvailableGPUs = { GPUs_GPU_f9650dc5 }
	CondorScratchDir = "/pool/condor/dir_4130170"
	Cpus = 4
	Disk = 2098179
	GPUs = 1
	GPUs_GPU_f9650dc5 = [ Id = "GPU-f9650dc5"; ClockMhz = 1410.0; Capability = 8.0; CoresPerCU = 64; DeviceName = "NVIDIA A100-PCIE-40GB"; DeviceUuid = "f9650dc5-3e28-19ee-e3e7-01f95cfb3164"; ECCEnabled = true; ComputeUnits = 108; DriverVersion = 12.9; DevicePciBusId = "0000:06:00.0"; GlobalMemoryMb = 40441; MaxSupportedVersion = 12090 ]
	Memory = 12000
...
006 (1653140.000.000) 11/04 23:47:58 Image size of job updated: 38688
	38  -  MemoryUsage of job (MB)
	38688  -  ResidentSetSize of job (KB)
...
006 (1653140.000.000) 11/04 23:50:54 Image size of job updated: 2566004
	38  -  MemoryUsage of job (MB)
	38688  -  ResidentSetSize of job (KB)
...
040 (1653140.000.000) 11/04 23:50:54 Started transferring output files
...
040 (1653140.000.000) 11/04 23:50:54 Finished transferring output files
...
005 (1653140.000.000) 11/04 23:50:54 Job terminated.
	(1) Normal termination (return value 1)
		Usr 0 00:01:16, Sys 0 00:01:06  -  Run Remote Usage
		Usr 0 00:00:00, Sys 0 00:00:00  -  Run Local Usage
		Usr 0 00:01:16, Sys 0 00:01:06  -  Total Remote Usage
		Usr 0 00:00:00, Sys 0 00:00:00  -  Total Local Usage
	242505  -  Run Bytes Sent By Job
	1842  -  Run Bytes Received By Job
	242505  -  Total Bytes Sent By Job
	1842  -  Total Bytes Received By Job
	Partitionable Resources :    Usage  Request Allocated Assigned
	   Cpus                 :     0.63        4         4 
	   Disk (KB)            :   296     2097152   2098179 
	   GPUs                 :     0           1         1 "GPU-f9650dc5"
	   GpusMemory (MB)      :   522                       
	   Memory (MB)          :    38       12000     12000 
	   TimeExecute (s)      :   189                       
	   TimeSlotBusy (s)     :   191                       

	Job terminated of its own accord at 2025-11-04T22:50:54Z with exit-code 1.
...
