000 (1651244.000.000) 11/04 17:11:34 Job submitted from host: <188.185.129.8:9618?addrs=188.185.129.8-9618+[2001-1458-d03-1--100-8a]-9618&alias=bigbird101.cern.ch&noUDP&sock=schedd_3613352_8137>
...
040 (1651244.000.000) 11/04 17:14:19 Started transferring input files
	Transferring to host: <188.185.92.156:9618?addrs=188.185.92.156-9618+[2001-1458-d00-6c--100-10]-9618&alias=b9g57n5454.cern.ch&noUDP&sock=slot1_1_8922_1b24_28041>
...
040 (1651244.000.000) 11/04 17:14:19 Finished transferring input files
...
001 (1651244.000.000) 11/04 17:14:20 Job executing on host: <188.185.92.156:9618?addrs=188.185.92.156-9618+[2001-1458-d00-6c--100-10]-9618&alias=b9g57n5454.cern.ch&noUDP&sock=startd_8876_c6b5>
	SlotName: slot1_1@b9g57n5454.cern.ch
	AvailableGPUs = { GPUs_GPU_d2642622 }
	CondorScratchDir = "/pool/condor/dir_3845197"
	Cpus = 1
	Disk = 2049
	GPUs = 1
	GPUs_GPU_d2642622 = [ Id = "GPU-d2642622"; ClockMhz = 1410.0; Capability = 8.0; CoresPerCU = 64; DeviceName = "NVIDIA A100-PCIE-40GB"; DeviceUuid = "d2642622-6ee9-8711-70c1-34935a235a2a"; ECCEnabled = true; ComputeUnits = 108; DriverVersion = 12.9; DevicePciBusId = "0000:06:00.0"; GlobalMemoryMb = 40441; MaxSupportedVersion = 12090 ]
	Memory = 3000
...
006 (1651244.000.000) 11/04 17:14:34 Image size of job updated: 53584
	53  -  MemoryUsage of job (MB)
	53584  -  ResidentSetSize of job (KB)
...
006 (1651244.000.000) 11/04 17:16:10 Image size of job updated: 360948
	53  -  MemoryUsage of job (MB)
	53584  -  ResidentSetSize of job (KB)
...
040 (1651244.000.000) 11/04 17:16:10 Started transferring output files
...
040 (1651244.000.000) 11/04 17:16:10 Finished transferring output files
...
005 (1651244.000.000) 11/04 17:16:10 Job terminated.
	(1) Normal termination (return value 1)
		Usr 0 00:00:18, Sys 0 00:00:31  -  Run Remote Usage
		Usr 0 00:00:00, Sys 0 00:00:00  -  Run Local Usage
		Usr 0 00:00:18, Sys 0 00:00:31  -  Total Remote Usage
		Usr 0 00:00:00, Sys 0 00:00:00  -  Total Local Usage
	15274  -  Run Bytes Sent By Job
	2094  -  Run Bytes Received By Job
	15274  -  Total Bytes Sent By Job
	2094  -  Total Bytes Received By Job
	Partitionable Resources :    Usage  Request Allocated Assigned
	   Cpus                 :        0        1         1 
	   Disk (KB)            :       41        3      2049 
	   GPUs                 :                 1         1 "GPU-d2642622"
	   Memory (MB)          :       53     3000      3000 
	   TimeExecute (s)      :      110                    
	   TimeSlotBusy (s)     :      112                    

	Job terminated of its own accord at 2025-11-04T16:16:10Z with exit-code 1.
...
