000 (10609977.000.000) 11/06 12:28:35 Job submitted from host: <188.185.70.244:9618?addrs=188.185.70.244-9618+[2001-1458-d00-7--100-2ee]-9618&alias=bigbird10.cern.ch&noUDP&sock=schedd_3518298_5df3>
...
040 (10609977.000.000) 11/06 12:31:56 Started transferring input files
	Transferring to host: <188.185.214.26:9618?addrs=188.185.214.26-9618+[2001-1458-303-1c--100-16]-9618&alias=b9p29p0550.cern.ch&noUDP&sock=slot1_3_6799_42ae_44378>
...
040 (10609977.000.000) 11/06 12:31:56 Finished transferring input files
...
001 (10609977.000.000) 11/06 12:31:57 Job executing on host: <188.185.214.26:9618?addrs=188.185.214.26-9618+[2001-1458-303-1c--100-16]-9618&alias=b9p29p0550.cern.ch&noUDP&sock=startd_5906_9a6d>
	SlotName: slot1_3@b9p29p0550.cern.ch
	CondorScratchDir = "/pool/condor/dir_582135"
	Cpus = 10
	Disk = 20978115
	GPUs = 0
	Memory = 30800
...
006 (10609977.000.000) 11/06 12:32:11 Image size of job updated: 39296
	39  -  MemoryUsage of job (MB)
	39296  -  ResidentSetSize of job (KB)
...
006 (10609977.000.000) 11/06 12:37:12 Image size of job updated: 6571580
	6418  -  MemoryUsage of job (MB)
	6571580  -  ResidentSetSize of job (KB)
...
006 (10609977.000.000) 11/06 12:42:12 Image size of job updated: 16003364
	15503  -  MemoryUsage of job (MB)
	15874944  -  ResidentSetSize of job (KB)
...
006 (10609977.000.000) 11/06 12:47:13 Image size of job updated: 16042412
	15524  -  MemoryUsage of job (MB)
	15896224  -  ResidentSetSize of job (KB)
...
006 (10609977.000.000) 11/06 12:52:14 Image size of job updated: 16877376
	16415  -  MemoryUsage of job (MB)
	16807988  -  ResidentSetSize of job (KB)
...
006 (10609977.000.000) 11/06 12:57:14 Image size of job updated: 16926328
	16438  -  MemoryUsage of job (MB)
	16832380  -  ResidentSetSize of job (KB)
...
006 (10609977.000.000) 11/06 13:02:15 Image size of job updated: 17039424
	16492  -  MemoryUsage of job (MB)
	16887380  -  ResidentSetSize of job (KB)
...
006 (10609977.000.000) 11/06 13:07:16 Image size of job updated: 17106668
	16544  -  MemoryUsage of job (MB)
	16940568  -  ResidentSetSize of job (KB)
...
006 (10609977.000.000) 11/06 13:12:16 Image size of job updated: 17133468
	16544  -  MemoryUsage of job (MB)
	16940620  -  ResidentSetSize of job (KB)
...
006 (10609977.000.000) 11/06 13:17:17 Image size of job updated: 17184352
	16717  -  MemoryUsage of job (MB)
	17117292  -  ResidentSetSize of job (KB)
...
006 (10609977.000.000) 11/06 13:22:17 Image size of job updated: 17192616
	16780  -  MemoryUsage of job (MB)
	17182640  -  ResidentSetSize of job (KB)
...
006 (10609977.000.000) 11/06 13:27:17 Image size of job updated: 17246568
	16786  -  MemoryUsage of job (MB)
	17188080  -  ResidentSetSize of job (KB)
...
006 (10609977.000.000) 11/06 13:32:18 Image size of job updated: 17313044
	16899  -  MemoryUsage of job (MB)
	17304420  -  ResidentSetSize of job (KB)
...
006 (10609977.000.000) 11/06 13:32:44 Image size of job updated: 17342016
	16899  -  MemoryUsage of job (MB)
	17304420  -  ResidentSetSize of job (KB)
...
040 (10609977.000.000) 11/06 13:32:44 Started transferring output files
...
040 (10609977.000.000) 11/06 13:32:44 Finished transferring output files
...
004 (10609977.000.000) 11/06 13:32:44 Job was evicted.
	(0) CPU times
		Usr 0 07:51:59, Sys 0 01:10:58  -  Run Remote Usage
		Usr 0 00:00:00, Sys 0 00:00:00  -  Run Local Usage
	11076265  -  Run Bytes Sent By Job
	885  -  Run Bytes Received By Job
	Partitionable Resources :    Usage  Request Allocated 
	   Cpus                 :     9.16       10        10 
	   Disk (KB)            : 10841    20971520  20978115 
	   GPUs                 :                           0 
	   Memory (MB)          : 16899       30720     30800 
	   TimeExecute (s)      :  3647                       
	   TimeSlotBusy (s)     :  3649                       
...
009 (10609977.000.000) 11/06 13:32:44 Job was aborted.
	via condor_rm (by user evilla)
...
