000 (10609958.000.000) 11/06 09:22:41 Job submitted from host: <188.185.70.244:9618?addrs=188.185.70.244-9618+[2001-1458-d00-7--100-2ee]-9618&alias=bigbird10.cern.ch&noUDP&sock=schedd_3518298_5df3>
...
040 (10609958.000.000) 11/06 09:23:00 Started transferring input files
	Transferring to host: <188.185.196.112:9618?addrs=188.185.196.112-9618+[2001-1458-303-23--100-6c]-9618&alias=b9p16p4521.cern.ch&noUDP&sock=slot1_1_9246_64b1_43447>
...
040 (10609958.000.000) 11/06 09:23:00 Finished transferring input files
...
001 (10609958.000.000) 11/06 09:23:01 Job executing on host: <188.185.196.112:9618?addrs=188.185.196.112-9618+[2001-1458-303-23--100-6c]-9618&alias=b9p16p4521.cern.ch&noUDP&sock=startd_7958_1ac4>
	SlotName: slot1_1@b9p16p4521.cern.ch
	CondorScratchDir = "/pool/condor/dir_4004469"
	Cpus = 14
	Disk = 20974236
	GPUs = 0
	Memory = 42000
...
006 (10609958.000.000) 11/06 09:23:14 Image size of job updated: 22396
	13  -  MemoryUsage of job (MB)
	12764  -  ResidentSetSize of job (KB)
...
006 (10609958.000.000) 11/06 09:28:14 Image size of job updated: 6153920
	6010  -  MemoryUsage of job (MB)
	6153920  -  ResidentSetSize of job (KB)
...
006 (10609958.000.000) 11/06 09:33:15 Image size of job updated: 16767484
	12161  -  MemoryUsage of job (MB)
	12452308  -  ResidentSetSize of job (KB)
...
006 (10609958.000.000) 11/06 09:38:16 Image size of job updated: 16767484
	12824  -  MemoryUsage of job (MB)
	13131316  -  ResidentSetSize of job (KB)
...
006 (10609958.000.000) 11/06 09:43:16 Image size of job updated: 16767484
	12846  -  MemoryUsage of job (MB)
	13153640  -  ResidentSetSize of job (KB)
...
006 (10609958.000.000) 11/06 09:48:17 Image size of job updated: 16767484
	12869  -  MemoryUsage of job (MB)
	13177476  -  ResidentSetSize of job (KB)
...
006 (10609958.000.000) 11/06 09:53:18 Image size of job updated: 16767484
	12896  -  MemoryUsage of job (MB)
	13205196  -  ResidentSetSize of job (KB)
...
040 (10609958.000.000) 11/06 09:56:02 Started transferring output files
...
040 (10609958.000.000) 11/06 09:56:02 Finished transferring output files
...
004 (10609958.000.000) 11/06 09:56:02 Job was evicted.
	(0) CPU times
		Usr 0 06:54:02, Sys 0 00:41:23  -  Run Remote Usage
		Usr 0 00:00:00, Sys 0 00:00:00  -  Run Local Usage
	6393611  -  Run Bytes Sent By Job
	885  -  Run Bytes Received By Job
	Partitionable Resources :    Usage  Request Allocated 
	   Cpus                 :    17.19       14        14 
	   Disk (KB)            :  6268    20971520  20974236 
	   GPUs                 :                           0 
	   Memory (MB)          : 12896       42000     42000 
	   TimeExecute (s)      :  1980                       
	   TimeSlotBusy (s)     :  1984                       
...
009 (10609958.000.000) 11/06 09:56:02 Job was aborted.
	via condor_rm (by user evilla)
...
