000 (1653142.000.000) 11/04 23:57:40 Job submitted from host: <188.185.129.8:9618?addrs=188.185.129.8-9618+[2001-1458-d03-1--100-8a]-9618&alias=bigbird101.cern.ch&noUDP&sock=schedd_3613352_8137>
...
040 (1653142.000.000) 11/05 00:02:45 Started transferring input files
	Transferring to host: <188.185.190.108:9618?addrs=188.185.190.108-9618+[2001-1458-d03-b--100-2ff]-9618&alias=b9pgpun015.cern.ch&noUDP&sock=slot1_3_6392_7dfd_29223>
...
040 (1653142.000.000) 11/05 00:02:45 Finished transferring input files
...
001 (1653142.000.000) 11/05 00:02:46 Job executing on host: <188.185.190.108:9618?addrs=188.185.190.108-9618+[2001-1458-d03-b--100-2ff]-9618&alias=b9pgpun015.cern.ch&noUDP&sock=startd_5351_eb5d>
	SlotName: slot1_3@b9pgpun015.cern.ch
	AvailableGPUs = { GPUs_GPU_33417335 }
	CondorScratchDir = "/pool/condor/dir_3597301"
	Cpus = 4
	Disk = 2103376
	GPUs = 1
	GPUs_GPU_33417335 = [ Id = "GPU-33417335"; ClockMhz = 1785.0; Capability = 9.0; CoresPerCU = 128; DeviceName = "NVIDIA H100 NVL"; DeviceUuid = "33417335-e430-9b71-8401-90d7d89e1f88"; ECCEnabled = true; ComputeUnits = 132; DriverVersion = 12.9; DevicePciBusId = "0000:AD:00.0"; GlobalMemoryMb = 95320; MaxSupportedVersion = 12090 ]
	Memory = 12000
...
006 (1653142.000.000) 11/05 00:02:59 Image size of job updated: 205444
	20  -  MemoryUsage of job (MB)
	19540  -  ResidentSetSize of job (KB)
...
006 (1653142.000.000) 11/05 00:03:43 Image size of job updated: 4117996
	20  -  MemoryUsage of job (MB)
	19600  -  ResidentSetSize of job (KB)
...
040 (1653142.000.000) 11/05 00:03:43 Started transferring output files
...
040 (1653142.000.000) 11/05 00:03:43 Finished transferring output files
...
005 (1653142.000.000) 11/05 00:03:43 Job terminated.
	(1) Normal termination (return value 1)
		Usr 0 00:00:38, Sys 0 00:00:22  -  Run Remote Usage
		Usr 0 00:00:00, Sys 0 00:00:00  -  Run Local Usage
		Usr 0 00:00:38, Sys 0 00:00:22  -  Total Remote Usage
		Usr 0 00:00:00, Sys 0 00:00:00  -  Total Local Usage
	67168  -  Run Bytes Sent By Job
	1842  -  Run Bytes Received By Job
	67168  -  Total Bytes Sent By Job
	1842  -  Total Bytes Received By Job
	Partitionable Resources :    Usage  Request Allocated Assigned
	   Cpus                 :        0        4         4 
	   Disk (KB)            :      125  2097152   2103376 
	   GPUs                 :                 1         1 "GPU-33417335"
	   Memory (MB)          :       20    12000     12000 
	   TimeExecute (s)      :       57                    
	   TimeSlotBusy (s)     :       59                    

	Job terminated of its own accord at 2025-11-04T23:03:43Z with exit-code 1.
...
