000 (1640394.000.000) 11/04 11:19:34 Job submitted from host: <188.185.129.8:9618?addrs=188.185.129.8-9618+[2001-1458-d03-1--100-8a]-9618&alias=bigbird101.cern.ch&noUDP&sock=schedd_3613352_8137>
...
040 (1640394.000.000) 11/04 12:22:14 Started transferring input files
	Transferring to host: <188.185.238.10:9618?addrs=188.185.238.10-9618+[2001-1458-303-28--100-6]-9618&alias=b9pgpun002.cern.ch&noUDP&sock=slot1_1_6435_ca1f_28362>
...
040 (1640394.000.000) 11/04 12:22:14 Finished transferring input files
...
001 (1640394.000.000) 11/04 12:22:16 Job executing on host: <188.185.238.10:9618?addrs=188.185.238.10-9618+[2001-1458-303-28--100-6]-9618&alias=b9pgpun002.cern.ch&noUDP&sock=startd_5467_7c5a>
	SlotName: slot1_1@b9pgpun002.cern.ch
	AvailableGPUs = { GPUs_GPU_1164dceb }
	CondorScratchDir = "/pool/condor/dir_3618040"
	Cpus = 7
	Disk = 6924
	GPUs = 1
	GPUs_GPU_1164dceb = [ Id = "GPU-1164dceb"; ClockMhz = 1785.0; Capability = 9.0; CoresPerCU = 128; DeviceName = "NVIDIA H100 NVL"; DeviceUuid = "1164dceb-fef9-9731-e6b7-4c427dea8cb4"; ECCEnabled = true; ComputeUnits = 132; DriverVersion = 12.9; DevicePciBusId = "0000:3A:00.0"; GlobalMemoryMb = 95320; MaxSupportedVersion = 12090 ]
	Memory = 21000
...
006 (1640394.000.000) 11/04 12:22:29 Image size of job updated: 244552
	120  -  MemoryUsage of job (MB)
	122616  -  ResidentSetSize of job (KB)
...
006 (1640394.000.000) 11/04 12:25:28 Image size of job updated: 5012484
	120  -  MemoryUsage of job (MB)
	122616  -  ResidentSetSize of job (KB)
...
040 (1640394.000.000) 11/04 12:25:28 Started transferring output files
...
040 (1640394.000.000) 11/04 12:25:28 Finished transferring output files
...
005 (1640394.000.000) 11/04 12:25:28 Job terminated.
	(1) Normal termination (return value 1)
		Usr 0 00:04:02, Sys 0 00:03:01  -  Run Remote Usage
		Usr 0 00:00:00, Sys 0 00:00:00  -  Run Local Usage
		Usr 0 00:04:02, Sys 0 00:03:01  -  Total Remote Usage
		Usr 0 00:00:00, Sys 0 00:00:00  -  Total Local Usage
	1185322  -  Run Bytes Sent By Job
	1842  -  Run Bytes Received By Job
	1185322  -  Total Bytes Sent By Job
	1842  -  Total Bytes Received By Job
	Partitionable Resources :    Usage  Request Allocated Assigned
	   Cpus                 :     0.68        7         7 
	   Disk (KB)            :  1185           2      6924 
	   GPUs                 :     0.03        1         1 "GPU-1164dceb"
	   GpusMemory (MB)      :   514                       
	   Memory (MB)          :   120       21000     21000 
	   TimeExecute (s)      :   193                       
	   TimeSlotBusy (s)     :   194                       

	Job terminated of its own accord at 2025-11-04T11:25:28Z with exit-code 1.
...
