000 (1640396.000.000) 11/04 11:19:34 Job submitted from host: <188.185.129.8:9618?addrs=188.185.129.8-9618+[2001-1458-d03-1--100-8a]-9618&alias=bigbird101.cern.ch&noUDP&sock=schedd_3613352_8137>
...
040 (1640396.000.000) 11/04 12:26:48 Started transferring input files
	Transferring to host: <188.185.238.10:9618?addrs=188.185.238.10-9618+[2001-1458-303-28--100-6]-9618&alias=b9pgpun002.cern.ch&noUDP&sock=slot1_1_6435_ca1f_28365>
...
040 (1640396.000.000) 11/04 12:26:48 Finished transferring input files
...
001 (1640396.000.000) 11/04 12:26:49 Job executing on host: <188.185.238.10:9618?addrs=188.185.238.10-9618+[2001-1458-303-28--100-6]-9618&alias=b9pgpun002.cern.ch&noUDP&sock=startd_5467_7c5a>
	SlotName: slot1_1@b9pgpun002.cern.ch
	AvailableGPUs = { GPUs_GPU_1164dceb }
	CondorScratchDir = "/pool/condor/dir_4113921"
	Cpus = 7
	Disk = 6924
	GPUs = 1
	GPUs_GPU_1164dceb = [ Id = "GPU-1164dceb"; ClockMhz = 1785.0; Capability = 9.0; CoresPerCU = 128; DeviceName = "NVIDIA H100 NVL"; DeviceUuid = "1164dceb-fef9-9731-e6b7-4c427dea8cb4"; ECCEnabled = true; ComputeUnits = 132; DriverVersion = 12.9; DevicePciBusId = "0000:3A:00.0"; GlobalMemoryMb = 95320; MaxSupportedVersion = 12090 ]
	Memory = 21000
...
006 (1640396.000.000) 11/04 12:27:02 Image size of job updated: 209016
	205  -  MemoryUsage of job (MB)
	209016  -  ResidentSetSize of job (KB)
...
006 (1640396.000.000) 11/04 12:27:16 Image size of job updated: 350112
	205  -  MemoryUsage of job (MB)
	209044  -  ResidentSetSize of job (KB)
...
040 (1640396.000.000) 11/04 12:27:16 Started transferring output files
...
040 (1640396.000.000) 11/04 12:27:16 Finished transferring output files
...
005 (1640396.000.000) 11/04 12:27:16 Job terminated.
	(1) Normal termination (return value 1)
		Usr 0 00:00:11, Sys 0 00:00:07  -  Run Remote Usage
		Usr 0 00:00:00, Sys 0 00:00:00  -  Run Local Usage
		Usr 0 00:00:11, Sys 0 00:00:07  -  Total Remote Usage
		Usr 0 00:00:00, Sys 0 00:00:00  -  Total Local Usage
	15305  -  Run Bytes Sent By Job
	2094  -  Run Bytes Received By Job
	15305  -  Total Bytes Sent By Job
	2094  -  Total Bytes Received By Job
	Partitionable Resources :    Usage  Request Allocated Assigned
	   Cpus                 :        0        7         7 
	   Disk (KB)            :       43        3      6924 
	   GPUs                 :        0        1         1 "GPU-1164dceb"
	   Memory (MB)          :      205    21000     21000 
	   TimeExecute (s)      :       27                    
	   TimeSlotBusy (s)     :       28                    

	Job terminated of its own accord at 2025-11-04T11:27:16Z with exit-code 1.
...
