2025-11-04 23:51:05.867255: I tensorflow/core/platform/cpu_feature_guard.cc:210] This TensorFlow binary is optimized to use available CPU instructions in performance-critical operations.
To enable the following instructions: AVX2 FMA, in other operations, rebuild TensorFlow with the appropriate compiler flags.
2025-11-04 23:51:10.588520: W tensorflow/compiler/tf2tensorrt/utils/py_utils.cc:38] TF-TRT Warning: Could not find TensorRT
2025-11-04 23:51:15.833707: I external/local_xla/xla/stream_executor/cuda/cuda_executor.cc:998] successful NUMA node read from SysFS had negative value (-1), but there must be at least one NUMA node, so returning NUMA node zero. See more at https://github.com/torvalds/linux/blob/v6.0/Documentation/ABI/testing/sysfs-bus-pci#L344-L355
2025-11-04 23:51:15.892560: I external/local_xla/xla/stream_executor/cuda/cuda_executor.cc:998] successful NUMA node read from SysFS had negative value (-1), but there must be at least one NUMA node, so returning NUMA node zero. See more at https://github.com/torvalds/linux/blob/v6.0/Documentation/ABI/testing/sysfs-bus-pci#L344-L355
2025-11-04 23:51:15.894168: I external/local_xla/xla/stream_executor/cuda/cuda_executor.cc:998] successful NUMA node read from SysFS had negative value (-1), but there must be at least one NUMA node, so returning NUMA node zero. See more at https://github.com/torvalds/linux/blob/v6.0/Documentation/ABI/testing/sysfs-bus-pci#L344-L355
2025-11-04 23:51:40.390069: I tensorflow/core/platform/cpu_feature_guard.cc:210] This TensorFlow binary is optimized to use available CPU instructions in performance-critical operations.
To enable the following instructions: AVX2 FMA, in other operations, rebuild TensorFlow with the appropriate compiler flags.
2025-11-04 23:51:44.167205: W tensorflow/compiler/tf2tensorrt/utils/py_utils.cc:38] TF-TRT Warning: Could not find TensorRT
2025-11-04 23:52:18.147214: I external/local_xla/xla/stream_executor/cuda/cuda_executor.cc:998] successful NUMA node read from SysFS had negative value (-1), but there must be at least one NUMA node, so returning NUMA node zero. See more at https://github.com/torvalds/linux/blob/v6.0/Documentation/ABI/testing/sysfs-bus-pci#L344-L355
2025-11-04 23:52:18.204812: I external/local_xla/xla/stream_executor/cuda/cuda_executor.cc:998] successful NUMA node read from SysFS had negative value (-1), but there must be at least one NUMA node, so returning NUMA node zero. See more at https://github.com/torvalds/linux/blob/v6.0/Documentation/ABI/testing/sysfs-bus-pci#L344-L355
2025-11-04 23:52:18.206657: I external/local_xla/xla/stream_executor/cuda/cuda_executor.cc:998] successful NUMA node read from SysFS had negative value (-1), but there must be at least one NUMA node, so returning NUMA node zero. See more at https://github.com/torvalds/linux/blob/v6.0/Documentation/ABI/testing/sysfs-bus-pci#L344-L355
Traceback (most recent call last):
  File "/afs/cern.ch/work/e/evilla/private/dune/ml_for_pointing/electron_direction_3plane/ed3p_training.py", line 298, in <module>
    main()
  File "/afs/cern.ch/work/e/evilla/private/dune/ml_for_pointing/electron_direction_3plane/ed3p_training.py", line 212, in main
    train, validation, test = rl.prepare_data_from_npz_3planes(
                              ^^^^^^^^^^^^^^^^^^^^^^^^^^^^^^^^^
  File "/afs/cern.ch/work/e/evilla/private/dune/ml_for_pointing/python/regression_libs.py", line 585, in prepare_data_from_npz_3planes
    train_idx = indices[:n_train]
                 ~~~~~~^^^^^^^^^^^
  File "/afs/cern.ch/work/e/evilla/private/dune/ml_for_pointing/python/regression_libs.py", line 585, in <dictcomp>
    train_idx = indices[:n_train]
                         ^^^^^^^^^
IndexError: index 1111546 is out of bounds for axis 0 with size 974163
