000 (1642870.000.000) 11/04 13:44:54 Job submitted from host: <188.185.129.8:9618?addrs=188.185.129.8-9618+[2001-1458-d03-1--100-8a]-9618&alias=bigbird101.cern.ch&noUDP&sock=schedd_3613352_8137>
...
040 (1642870.000.000) 11/04 14:11:46 Started transferring input files
	Transferring to host: <188.185.238.11:9618?addrs=188.185.238.11-9618+[2001-1458-303-28--100-7]-9618&alias=b9pgpun003.cern.ch&noUDP&sock=slot1_1_5233_df2e_28678>
...
040 (1642870.000.000) 11/04 14:11:46 Finished transferring input files
...
001 (1642870.000.000) 11/04 14:11:47 Job executing on host: <188.185.238.11:9618?addrs=188.185.238.11-9618+[2001-1458-303-28--100-7]-9618&alias=b9pgpun003.cern.ch&noUDP&sock=startd_4739_2367>
	SlotName: slot1_1@b9pgpun003.cern.ch
	AvailableGPUs = { GPUs_GPU_485ca3da }
	CondorScratchDir = "/pool/condor/dir_110571"
	Cpus = 7
	Disk = 6981
	GPUs = 1
	GPUs_GPU_485ca3da = [ Id = "GPU-485ca3da"; ClockMhz = 1785.0; Capability = 9.0; CoresPerCU = 128; DeviceName = "NVIDIA H100 NVL"; DeviceUuid = "485ca3da-3471-f6d4-291e-91ecf9613abd"; ECCEnabled = true; ComputeUnits = 132; DriverVersion = 12.9; DevicePciBusId = "0000:3A:00.0"; GlobalMemoryMb = 95320; MaxSupportedVersion = 12090 ]
	Memory = 21000
...
006 (1642870.000.000) 11/04 14:12:01 Image size of job updated: 217496
	77  -  MemoryUsage of job (MB)
	78560  -  ResidentSetSize of job (KB)
...
006 (1642870.000.000) 11/04 14:13:29 Image size of job updated: 4555452
	78  -  MemoryUsage of job (MB)
	78928  -  ResidentSetSize of job (KB)
...
040 (1642870.000.000) 11/04 14:13:29 Started transferring output files
...
040 (1642870.000.000) 11/04 14:13:29 Finished transferring output files
...
005 (1642870.000.000) 11/04 14:13:29 Job terminated.
	(1) Normal termination (return value 1)
		Usr 0 00:01:42, Sys 0 00:01:10  -  Run Remote Usage
		Usr 0 00:00:00, Sys 0 00:00:00  -  Run Local Usage
		Usr 0 00:01:42, Sys 0 00:01:10  -  Total Remote Usage
		Usr 0 00:00:00, Sys 0 00:00:00  -  Total Local Usage
	311489  -  Run Bytes Sent By Job
	1842  -  Run Bytes Received By Job
	311489  -  Total Bytes Sent By Job
	1842  -  Total Bytes Received By Job
	Partitionable Resources :    Usage  Request Allocated Assigned
	   Cpus                 :        0        7         7 
	   Disk (KB)            :      331        2      6981 
	   GPUs                 :                 1         1 "GPU-485ca3da"
	   Memory (MB)          :       78    21000     21000 
	   TimeExecute (s)      :      102                    
	   TimeSlotBusy (s)     :      104                    

	Job terminated of its own accord at 2025-11-04T13:13:29Z with exit-code 1.
...
