000 (1642871.000.000) 11/04 13:44:55 Job submitted from host: <188.185.129.8:9618?addrs=188.185.129.8-9618+[2001-1458-d03-1--100-8a]-9618&alias=bigbird101.cern.ch&noUDP&sock=schedd_3613352_8137>
...
040 (1642871.000.000) 11/04 14:14:01 Started transferring input files
	Transferring to host: <188.185.92.184:9618?addrs=188.185.92.184-9618+[2001-1458-d00-6c--100-192]-9618&alias=b9g57n4080.cern.ch&noUDP&sock=slot1_1_8420_66cf_29472>
...
040 (1642871.000.000) 11/04 14:14:01 Finished transferring input files
...
001 (1642871.000.000) 11/04 14:14:02 Job executing on host: <188.185.92.184:9618?addrs=188.185.92.184-9618+[2001-1458-d00-6c--100-192]-9618&alias=b9g57n4080.cern.ch&noUDP&sock=startd_7997_daf5>
	SlotName: slot1_1@b9g57n4080.cern.ch
	AvailableGPUs = { GPUs_GPU_a841436e }
	CondorScratchDir = "/pool/condor/dir_449699"
	Cpus = 7
	Disk = 2040
	GPUs = 1
	GPUs_GPU_a841436e = [ Id = "GPU-a841436e"; ClockMhz = 1410.0; Capability = 8.0; CoresPerCU = 64; DeviceName = "NVIDIA A100-PCIE-40GB"; DeviceUuid = "a841436e-1cae-5da0-0a02-7b844fb8ca33"; ECCEnabled = true; ComputeUnits = 108; DriverVersion = 12.9; DevicePciBusId = "0000:06:00.0"; GlobalMemoryMb = 40441; MaxSupportedVersion = 12090 ]
	Memory = 21000
...
006 (1642871.000.000) 11/04 14:14:15 Image size of job updated: 151428
	148  -  MemoryUsage of job (MB)
	151428  -  ResidentSetSize of job (KB)
...
006 (1642871.000.000) 11/04 14:15:22 Image size of job updated: 445268
	148  -  MemoryUsage of job (MB)
	151428  -  ResidentSetSize of job (KB)
...
040 (1642871.000.000) 11/04 14:15:22 Started transferring output files
...
040 (1642871.000.000) 11/04 14:15:22 Finished transferring output files
...
005 (1642871.000.000) 11/04 14:15:22 Job terminated.
	(1) Normal termination (return value 1)
		Usr 0 00:00:18, Sys 0 00:00:30  -  Run Remote Usage
		Usr 0 00:00:00, Sys 0 00:00:00  -  Run Local Usage
		Usr 0 00:00:18, Sys 0 00:00:30  -  Total Remote Usage
		Usr 0 00:00:00, Sys 0 00:00:00  -  Total Local Usage
	15507  -  Run Bytes Sent By Job
	2094  -  Run Bytes Received By Job
	15507  -  Total Bytes Sent By Job
	2094  -  Total Bytes Received By Job
	Partitionable Resources :    Usage  Request Allocated Assigned
	   Cpus                 :        0        7         7 
	   Disk (KB)            :       43        3      2040 
	   GPUs                 :        0        1         1 "GPU-a841436e"
	   Memory (MB)          :      148    21000     21000 
	   TimeExecute (s)      :       80                    
	   TimeSlotBusy (s)     :       81                    

	Job terminated of its own accord at 2025-11-04T13:15:22Z with exit-code 1.
...
