000 (1648050.000.000) 11/04 15:04:08 Job submitted from host: <188.185.129.8:9618?addrs=188.185.129.8-9618+[2001-1458-d03-1--100-8a]-9618&alias=bigbird101.cern.ch&noUDP&sock=schedd_3613352_8137>
...
040 (1648050.000.000) 11/04 15:34:41 Started transferring input files
	Transferring to host: <188.185.190.42:9618?addrs=188.185.190.42-9618+[2001-1458-d03-b--100-250]-9618&alias=b9pgpun046.cern.ch&noUDP&sock=slot1_1_7072_9d19_28165>
...
040 (1648050.000.000) 11/04 15:34:41 Finished transferring input files
...
001 (1648050.000.000) 11/04 15:34:42 Job executing on host: <188.185.190.42:9618?addrs=188.185.190.42-9618+[2001-1458-d03-b--100-250]-9618&alias=b9pgpun046.cern.ch&noUDP&sock=startd_6271_f67f>
	SlotName: slot1_1@b9pgpun046.cern.ch
	AvailableGPUs = { GPUs_MIG_ba4cbc72_fdf3_5396_9b04_b442f7904edb }
	CondorScratchDir = "/pool/condor/dir_2305344"
	Cpus = 4
	Disk = 2098089
	GPUs = 1
	GPUs_MIG_ba4cbc72_fdf3_5396_9b04_b442f7904edb = [ Id = "MIG-ba4cbc72-fdf3-5396-9b04-b442f7904edb"; DeviceName = "NVIDIA H100L-2-24C MIG 2g.24gb"; DeviceUuid = "MIG-ba4cbc72-fdf3-5396-9b04-b442f7904edb"; ComputeUnits = 32; GlobalMemoryMb = 21547 ]
	Memory = 12000
...
006 (1648050.000.000) 11/04 15:34:55 Image size of job updated: 68520
	67  -  MemoryUsage of job (MB)
	68520  -  ResidentSetSize of job (KB)
...
006 (1648050.000.000) 11/04 15:35:56 Image size of job updated: 352620
	67  -  MemoryUsage of job (MB)
	68520  -  ResidentSetSize of job (KB)
...
040 (1648050.000.000) 11/04 15:35:56 Started transferring output files
...
040 (1648050.000.000) 11/04 15:35:56 Finished transferring output files
...
005 (1648050.000.000) 11/04 15:35:56 Job terminated.
	(1) Normal termination (return value 1)
		Usr 0 00:00:19, Sys 0 00:00:13  -  Run Remote Usage
		Usr 0 00:00:00, Sys 0 00:00:00  -  Run Local Usage
		Usr 0 00:00:19, Sys 0 00:00:13  -  Total Remote Usage
		Usr 0 00:00:00, Sys 0 00:00:00  -  Total Local Usage
	16239  -  Run Bytes Sent By Job
	1842  -  Run Bytes Received By Job
	16239  -  Total Bytes Sent By Job
	1842  -  Total Bytes Received By Job
	Partitionable Resources :    Usage  Request Allocated Assigned
	   Cpus                 :        0        4         4 
	   Disk (KB)            :       46  2097152   2098089 
	   GPUs                 :                 1         1 "MIG-ba4cbc72-fdf3-5396-9b04-b442f7904edb"
	   Memory (MB)          :       67    12000     12000 
	   TimeExecute (s)      :       74                    
	   TimeSlotBusy (s)     :       76                    

	Job terminated of its own accord at 2025-11-04T14:35:56Z with exit-code 1.
...
