000 (1640389.000.000) 11/04 11:02:38 Job submitted from host: <188.185.129.8:9618?addrs=188.185.129.8-9618+[2001-1458-d03-1--100-8a]-9618&alias=bigbird101.cern.ch&noUDP&sock=schedd_3613352_8137>
...
040 (1640389.000.000) 11/04 11:04:25 Started transferring input files
	Transferring to host: <188.185.238.11:9618?addrs=188.185.238.11-9618+[2001-1458-303-28--100-7]-9618&alias=b9pgpun003.cern.ch&noUDP&sock=slot1_1_5233_df2e_28583>
...
040 (1640389.000.000) 11/04 11:04:25 Finished transferring input files
...
001 (1640389.000.000) 11/04 11:04:26 Job executing on host: <188.185.238.11:9618?addrs=188.185.238.11-9618+[2001-1458-303-28--100-7]-9618&alias=b9pgpun003.cern.ch&noUDP&sock=startd_4739_2367>
	SlotName: slot1_1@b9pgpun003.cern.ch
	AvailableGPUs = { GPUs_GPU_485ca3da }
	CondorScratchDir = "/pool/condor/dir_4140439"
	Cpus = 7
	Disk = 6955
	GPUs = 1
	GPUs_GPU_485ca3da = [ Id = "GPU-485ca3da"; ClockMhz = 1785.0; Capability = 9.0; CoresPerCU = 128; DeviceName = "NVIDIA H100 NVL"; DeviceUuid = "485ca3da-3471-f6d4-291e-91ecf9613abd"; ECCEnabled = true; ComputeUnits = 132; DriverVersion = 12.9; DevicePciBusId = "0000:3A:00.0"; GlobalMemoryMb = 95320; MaxSupportedVersion = 12090 ]
	Memory = 21000
...
006 (1640389.000.000) 11/04 11:04:40 Image size of job updated: 249388
	244  -  MemoryUsage of job (MB)
	249388  -  ResidentSetSize of job (KB)
...
006 (1640389.000.000) 11/04 11:04:59 Image size of job updated: 350268
	244  -  MemoryUsage of job (MB)
	249564  -  ResidentSetSize of job (KB)
...
040 (1640389.000.000) 11/04 11:04:59 Started transferring output files
...
040 (1640389.000.000) 11/04 11:04:59 Finished transferring output files
...
005 (1640389.000.000) 11/04 11:04:59 Job terminated.
	(1) Normal termination (return value 1)
		Usr 0 00:00:14, Sys 0 00:00:09  -  Run Remote Usage
		Usr 0 00:00:00, Sys 0 00:00:00  -  Run Local Usage
		Usr 0 00:00:14, Sys 0 00:00:09  -  Total Remote Usage
		Usr 0 00:00:00, Sys 0 00:00:00  -  Total Local Usage
	14919  -  Run Bytes Sent By Job
	1842  -  Run Bytes Received By Job
	14919  -  Total Bytes Sent By Job
	1842  -  Total Bytes Received By Job
	Partitionable Resources :    Usage  Request Allocated Assigned
	   Cpus                 :        0        7         7 
	   Disk (KB)            :       42        2      6955 
	   GPUs                 :        0        1         1 "GPU-485ca3da"
	   Memory (MB)          :      244    21000     21000 
	   TimeExecute (s)      :       33                    
	   TimeSlotBusy (s)     :       34                    

	Job terminated of its own accord at 2025-11-04T10:04:59Z with exit-code 1.
...
