000 (1648051.000.000) 11/04 15:04:33 Job submitted from host: <188.185.129.8:9618?addrs=188.185.129.8-9618+[2001-1458-d03-1--100-8a]-9618&alias=bigbird101.cern.ch&noUDP&sock=schedd_3613352_8137>
...
040 (1648051.000.000) 11/04 15:34:43 Started transferring input files
	Transferring to host: <188.185.190.24:9618?addrs=188.185.190.24-9618+[2001-1458-d03-b--100-d9]-9618&alias=b9pgpun058.cern.ch&noUDP&sock=slot1_1_250348_903d_13615>
...
040 (1648051.000.000) 11/04 15:34:43 Finished transferring input files
...
001 (1648051.000.000) 11/04 15:34:44 Job executing on host: <188.185.190.24:9618?addrs=188.185.190.24-9618+[2001-1458-d03-b--100-d9]-9618&alias=b9pgpun058.cern.ch&noUDP&sock=startd_247771_e032>
	SlotName: slot1_1@b9pgpun058.cern.ch
	AvailableGPUs = { GPUs_MIG_0e4bc51a_b96a_5bcc_be3f_2b4f22604acb }
	CondorScratchDir = "/pool/condor/dir_3064017"
	Cpus = 1
	Disk = 2049
	GPUs = 1
	GPUs_MIG_0e4bc51a_b96a_5bcc_be3f_2b4f22604acb = [ Id = "MIG-0e4bc51a-b96a-5bcc-be3f-2b4f22604acb"; DeviceName = "NVIDIA H100L-2-24C MIG 2g.24gb"; DeviceUuid = "MIG-0e4bc51a-b96a-5bcc-be3f-2b4f22604acb"; ComputeUnits = 32; GlobalMemoryMb = 21547 ]
	Memory = 3000
...
006 (1648051.000.000) 11/04 15:34:57 Image size of job updated: 12244
	12  -  MemoryUsage of job (MB)
	12244  -  ResidentSetSize of job (KB)
...
006 (1648051.000.000) 11/04 15:36:08 Image size of job updated: 373816
	12  -  MemoryUsage of job (MB)
	12244  -  ResidentSetSize of job (KB)
...
040 (1648051.000.000) 11/04 15:36:08 Started transferring output files
...
040 (1648051.000.000) 11/04 15:36:08 Finished transferring output files
...
005 (1648051.000.000) 11/04 15:36:08 Job terminated.
	(1) Normal termination (return value 1)
		Usr 0 00:00:16, Sys 0 00:00:16  -  Run Remote Usage
		Usr 0 00:00:00, Sys 0 00:00:00  -  Run Local Usage
		Usr 0 00:00:16, Sys 0 00:00:16  -  Total Remote Usage
		Usr 0 00:00:00, Sys 0 00:00:00  -  Total Local Usage
	18221  -  Run Bytes Sent By Job
	2094  -  Run Bytes Received By Job
	18221  -  Total Bytes Sent By Job
	2094  -  Total Bytes Received By Job
	Partitionable Resources :    Usage  Request Allocated Assigned
	   Cpus                 :        0        1         1 
	   Disk (KB)            :       43        3      2049 
	   GPUs                 :                 1         1 "MIG-0e4bc51a-b96a-5bcc-be3f-2b4f22604acb"
	   Memory (MB)          :       12     3000      3000 
	   TimeExecute (s)      :       84                    
	   TimeSlotBusy (s)     :       89                    

	Job terminated of its own accord at 2025-11-04T14:36:08Z with exit-code 1.
...
