000 (17820205.000.000) 10/29 10:29:28 Job submitted from host: <188.185.72.155:9618?addrs=188.185.72.155-9618+[2001-1458-d00-8--100-95]-9618&alias=bigbird08.cern.ch&noUDP&sock=schedd_3361999_40de>
...
040 (17820205.000.000) 10/29 10:29:47 Started transferring input files
	Transferring to host: <188.184.195.155:9618?addrs=188.184.195.155-9618+[2001-1458-301-72--100-180]-9618&alias=b9g47n7960.cern.ch&noUDP&sock=slot1_1_7094_1d5a_25366>
...
040 (17820205.000.000) 10/29 10:29:47 Finished transferring input files
...
001 (17820205.000.000) 10/29 10:29:48 Job executing on host: <188.184.195.155:9618?addrs=188.184.195.155-9618+[2001-1458-301-72--100-180]-9618&alias=b9g47n7960.cern.ch&noUDP&sock=startd_5863_1bdb>
	SlotName: slot1_1@b9g47n7960.cern.ch
	AvailableGPUs = { GPUs_GPU_d716e2e7 }
	CondorScratchDir = "/pool/condor/dir_2151319"
	Cpus = 4
	Disk = 2098148
	GPUs = 1
	GPUs_GPU_d716e2e7 = [ Id = "GPU-d716e2e7"; ClockMhz = 1597.0; Capability = 7.0; CoresPerCU = 64; DeviceName = "Tesla V100S-PCIE-32GB"; DeviceUuid = "d716e2e7-e625-dbe0-a754-d0550785b292"; ECCEnabled = true; ComputeUnits = 80; DriverVersion = 12.9; DevicePciBusId = "0000:07:00.0"; GlobalMemoryMb = 32494; MaxSupportedVersion = 12090 ]
	Memory = 12000
...
006 (17820205.000.000) 10/29 10:30:02 Image size of job updated: 38860
	38  -  MemoryUsage of job (MB)
	38860  -  ResidentSetSize of job (KB)
...
006 (17820205.000.000) 10/29 10:31:46 Image size of job updated: 1967832
	38  -  MemoryUsage of job (MB)
	38860  -  ResidentSetSize of job (KB)
...
040 (17820205.000.000) 10/29 10:31:46 Started transferring output files
...
040 (17820205.000.000) 10/29 10:31:46 Finished transferring output files
...
005 (17820205.000.000) 10/29 10:31:46 Job terminated.
	(1) Normal termination (return value 1)
		Usr 0 00:00:52, Sys 0 00:00:23  -  Run Remote Usage
		Usr 0 00:00:00, Sys 0 00:00:00  -  Run Local Usage
		Usr 0 00:00:52, Sys 0 00:00:23  -  Total Remote Usage
		Usr 0 00:00:00, Sys 0 00:00:00  -  Total Local Usage
	89324  -  Run Bytes Sent By Job
	1828  -  Run Bytes Received By Job
	89324  -  Total Bytes Sent By Job
	1828  -  Total Bytes Received By Job
	Partitionable Resources :    Usage  Request Allocated Assigned
	   Cpus                 :        0        4         4 
	   Disk (KB)            :      127  2097152   2098148 
	   GPUs                 :                 1         1 "GPU-d716e2e7"
	   Memory (MB)          :       38    12000     12000 
	   TimeExecute (s)      :      118                    
	   TimeSlotBusy (s)     :      120                    

	Job terminated of its own accord at 2025-10-29T09:31:46Z with exit-code 1.
...
