000 (1653141.000.000) 11/04 23:46:02 Job submitted from host: <188.185.129.8:9618?addrs=188.185.129.8-9618+[2001-1458-d03-1--100-8a]-9618&alias=bigbird101.cern.ch&noUDP&sock=schedd_3613352_8137>
...
040 (1653141.000.000) 11/04 23:50:55 Started transferring input files
	Transferring to host: <188.185.92.49:9618?addrs=188.185.92.49-9618+[2001-1458-d00-6c--100-1fe]-9618&alias=b9g57n2594.cern.ch&noUDP&sock=slot1_1_8560_0b55_29671>
...
040 (1653141.000.000) 11/04 23:50:55 Finished transferring input files
...
001 (1653141.000.000) 11/04 23:50:56 Job executing on host: <188.185.92.49:9618?addrs=188.185.92.49-9618+[2001-1458-d00-6c--100-1fe]-9618&alias=b9g57n2594.cern.ch&noUDP&sock=startd_7697_148c>
	SlotName: slot1_1@b9g57n2594.cern.ch
	AvailableGPUs = { GPUs_GPU_f9650dc5 }
	CondorScratchDir = "/pool/condor/dir_4143404"
	Cpus = 4
	Disk = 2087885
	GPUs = 1
	GPUs_GPU_f9650dc5 = [ Id = "GPU-f9650dc5"; ClockMhz = 1410.0; Capability = 8.0; CoresPerCU = 64; DeviceName = "NVIDIA A100-PCIE-40GB"; DeviceUuid = "f9650dc5-3e28-19ee-e3e7-01f95cfb3164"; ECCEnabled = true; ComputeUnits = 108; DriverVersion = 12.9; DevicePciBusId = "0000:06:00.0"; GlobalMemoryMb = 40441; MaxSupportedVersion = 12090 ]
	Memory = 12000
...
006 (1653141.000.000) 11/04 23:51:09 Image size of job updated: 138336
	136  -  MemoryUsage of job (MB)
	138336  -  ResidentSetSize of job (KB)
...
006 (1653141.000.000) 11/04 23:56:09 Image size of job updated: 6079240
	5057  -  MemoryUsage of job (MB)
	5177760  -  ResidentSetSize of job (KB)
...
006 (1653141.000.000) 11/05 00:01:10 Image size of job updated: 6079240
	5807  -  MemoryUsage of job (MB)
	5945584  -  ResidentSetSize of job (KB)
...
006 (1653141.000.000) 11/05 00:06:11 Image size of job updated: 6079240
	5855  -  MemoryUsage of job (MB)
	5994776  -  ResidentSetSize of job (KB)
...
006 (1653141.000.000) 11/05 00:11:11 Image size of job updated: 6079240
	5856  -  MemoryUsage of job (MB)
	5995924  -  ResidentSetSize of job (KB)
...
040 (1653141.000.000) 11/05 00:16:26 Started transferring output files
...
040 (1653141.000.000) 11/05 00:16:26 Finished transferring output files
...
005 (1653141.000.000) 11/05 00:16:26 Job terminated.
	(1) Normal termination (return value 1)
		Usr 0 00:01:12, Sys 0 00:06:41  -  Run Remote Usage
		Usr 0 00:00:00, Sys 0 00:00:00  -  Run Local Usage
		Usr 0 00:01:12, Sys 0 00:06:41  -  Total Remote Usage
		Usr 0 00:00:00, Sys 0 00:00:00  -  Total Local Usage
	2392531  -  Run Bytes Sent By Job
	2094  -  Run Bytes Received By Job
	2392531  -  Total Bytes Sent By Job
	2094  -  Total Bytes Received By Job
	Partitionable Resources :    Usage  Request Allocated Assigned
	   Cpus                 :     0.21        1         4 
	   Disk (KB)            :  2392           3   2087885 
	   GPUs                 :     0.00        1         1 "GPU-f9650dc5"
	   GpusMemory (MB)      :   522                       
	   Memory (MB)          :  5856        3000     12000 
	   TimeExecute (s)      :  1530                       
	   TimeSlotBusy (s)     :  1532                       

	Job terminated of its own accord at 2025-11-04T23:16:26Z with exit-code 1.
...
