2025-11-04 11:06:19.169569: I tensorflow/core/util/port.cc:113] oneDNN custom operations are on. You may see slightly different numerical results due to floating-point round-off errors from different computation orders. To turn them off, set the environment variable `TF_ENABLE_ONEDNN_OPTS=0`.
2025-11-04 11:06:19.208563: I tensorflow/core/platform/cpu_feature_guard.cc:210] This TensorFlow binary is optimized to use available CPU instructions in performance-critical operations.
To enable the following instructions: AVX2 AVX512F AVX512_VNNI AVX512_BF16 AVX512_FP16 AVX_VNNI AMX_TILE AMX_INT8 AMX_BF16 FMA, in other operations, rebuild TensorFlow with the appropriate compiler flags.
2025-11-04 11:06:20.556141: W tensorflow/compiler/tf2tensorrt/utils/py_utils.cc:38] TF-TRT Warning: Could not find TensorRT
Warning: Unrecognized argument 'json/electron_direction_3plane/production_training_v2.json'
2025-11-04 11:06:30.997512: I tensorflow/core/util/port.cc:113] oneDNN custom operations are on. You may see slightly different numerical results due to floating-point round-off errors from different computation orders. To turn them off, set the environment variable `TF_ENABLE_ONEDNN_OPTS=0`.
2025-11-04 11:06:31.036731: I tensorflow/core/platform/cpu_feature_guard.cc:210] This TensorFlow binary is optimized to use available CPU instructions in performance-critical operations.
To enable the following instructions: AVX2 AVX512F AVX512_VNNI AVX512_BF16 AVX512_FP16 AVX_VNNI AMX_TILE AMX_INT8 AMX_BF16 FMA, in other operations, rebuild TensorFlow with the appropriate compiler flags.
2025-11-04 11:06:32.426503: W tensorflow/compiler/tf2tensorrt/utils/py_utils.cc:38] TF-TRT Warning: Could not find TensorRT
Traceback (most recent call last):
  File "/afs/cern.ch/work/e/evilla/private/dune/ml_for_pointing/electron_direction_3plane/ed3p_training.py", line 289, in <module>
    main()
  File "/afs/cern.ch/work/e/evilla/private/dune/ml_for_pointing/electron_direction_3plane/ed3p_training.py", line 203, in main
    train, validation, test = rl.prepare_data_from_npz_3planes(
                              ^^^^^^^^^^^^^^^^^^^^^^^^^^^^^^^^^
  File "/afs/cern.ch/work/e/evilla/private/dune/ml_for_pointing/python/regression_libs.py", line 519, in prepare_data_from_npz_3planes
    dataset_img, metadata = dl.load_dataset_from_directory(
                            ^^^^^^^^^^^^^^^^^^^^^^^^^^^^^^^
  File "/afs/cern.ch/work/e/evilla/private/dune/ml_for_pointing/python/data_loader.py", line 158, in load_dataset_from_directory
    raise FileNotFoundError(
FileNotFoundError: No batch files found. Directory: /eos/home-e/evilla/dune/sn-tps/electron_direction_3plane. Patterns tried: ['*_matched_planeU.npz', '*_planeU.npz', '*planeU.npz']
