000 (10608277.000.000) 11/05 19:18:32 Job submitted from host: <188.185.70.244:9618?addrs=188.185.70.244-9618+[2001-1458-d00-7--100-2ee]-9618&alias=bigbird10.cern.ch&noUDP&sock=schedd_3518298_5df3>
...
040 (10608277.000.000) 11/05 19:21:18 Started transferring input files
	Transferring to host: <188.185.209.73:9618?addrs=188.185.209.73-9618+[2001-1458-303-11--100-46]-9618&alias=b9p11p7021.cern.ch&noUDP&sock=slot1_10_5976_61ec_43354>
...
040 (10608277.000.000) 11/05 19:21:18 Finished transferring input files
...
001 (10608277.000.000) 11/05 19:21:19 Job executing on host: <188.185.209.73:9618?addrs=188.185.209.73-9618+[2001-1458-303-11--100-46]-9618&alias=b9p11p7021.cern.ch&noUDP&sock=startd_4966_d767>
	SlotName: slot1_10@b9p11p7021.cern.ch
	CondorScratchDir = "/pool/condor/dir_3469981"
	Cpus = 14
	Disk = 20974143
	GPUs = 0
	Memory = 42000
...
006 (10608277.000.000) 11/05 19:21:33 Image size of job updated: 560
	1  -  MemoryUsage of job (MB)
	560  -  ResidentSetSize of job (KB)
...
006 (10608277.000.000) 11/05 19:26:34 Image size of job updated: 15809172
	15263  -  MemoryUsage of job (MB)
	15628752  -  ResidentSetSize of job (KB)
...
006 (10608277.000.000) 11/05 19:31:34 Image size of job updated: 15932624
	15560  -  MemoryUsage of job (MB)
	15932624  -  ResidentSetSize of job (KB)
...
006 (10608277.000.000) 11/05 19:36:35 Image size of job updated: 16572244
	16184  -  MemoryUsage of job (MB)
	16572244  -  ResidentSetSize of job (KB)
...
006 (10608277.000.000) 11/05 19:41:35 Image size of job updated: 16911124
	16468  -  MemoryUsage of job (MB)
	16863068  -  ResidentSetSize of job (KB)
...
006 (10608277.000.000) 11/05 19:46:35 Image size of job updated: 16985320
	16574  -  MemoryUsage of job (MB)
	16970988  -  ResidentSetSize of job (KB)
...
006 (10608277.000.000) 11/05 19:51:36 Image size of job updated: 17182484
	16610  -  MemoryUsage of job (MB)
	17007972  -  ResidentSetSize of job (KB)
...
006 (10608277.000.000) 11/05 19:56:36 Image size of job updated: 17325260
	16920  -  MemoryUsage of job (MB)
	17325260  -  ResidentSetSize of job (KB)
...
006 (10608277.000.000) 11/05 20:01:37 Image size of job updated: 17369640
	16920  -  MemoryUsage of job (MB)
	17325260  -  ResidentSetSize of job (KB)
...
006 (10608277.000.000) 11/05 20:06:38 Image size of job updated: 17551300
	17016  -  MemoryUsage of job (MB)
	17423856  -  ResidentSetSize of job (KB)
...
006 (10608277.000.000) 11/05 20:11:38 Image size of job updated: 17551300
	17068  -  MemoryUsage of job (MB)
	17477020  -  ResidentSetSize of job (KB)
...
006 (10608277.000.000) 11/05 20:16:39 Image size of job updated: 17728804
	17248  -  MemoryUsage of job (MB)
	17661068  -  ResidentSetSize of job (KB)
...
006 (10608277.000.000) 11/05 20:21:39 Image size of job updated: 17757836
	17248  -  MemoryUsage of job (MB)
	17661068  -  ResidentSetSize of job (KB)
...
006 (10608277.000.000) 11/05 20:26:40 Image size of job updated: 17947112
	17382  -  MemoryUsage of job (MB)
	17799120  -  ResidentSetSize of job (KB)
...
006 (10608277.000.000) 11/05 20:31:41 Image size of job updated: 18046428
	17575  -  MemoryUsage of job (MB)
	17995804  -  ResidentSetSize of job (KB)
...
006 (10608277.000.000) 11/05 20:36:41 Image size of job updated: 18086232
	17579  -  MemoryUsage of job (MB)
	18000420  -  ResidentSetSize of job (KB)
...
006 (10608277.000.000) 11/05 20:41:42 Image size of job updated: 18186928
	17662  -  MemoryUsage of job (MB)
	18085712  -  ResidentSetSize of job (KB)
...
006 (10608277.000.000) 11/05 20:46:42 Image size of job updated: 18270180
	17735  -  MemoryUsage of job (MB)
	18160164  -  ResidentSetSize of job (KB)
...
006 (10608277.000.000) 11/05 20:51:43 Image size of job updated: 18336740
	17898  -  MemoryUsage of job (MB)
	18327260  -  ResidentSetSize of job (KB)
...
006 (10608277.000.000) 11/05 20:56:44 Image size of job updated: 18384812
	17898  -  MemoryUsage of job (MB)
	18327260  -  ResidentSetSize of job (KB)
...
006 (10608277.000.000) 11/05 21:01:44 Image size of job updated: 18492296
	17954  -  MemoryUsage of job (MB)
	18384076  -  ResidentSetSize of job (KB)
...
006 (10608277.000.000) 11/05 21:06:45 Image size of job updated: 18631660
	18088  -  MemoryUsage of job (MB)
	18521416  -  ResidentSetSize of job (KB)
...
006 (10608277.000.000) 11/05 21:11:46 Image size of job updated: 18660912
	18090  -  MemoryUsage of job (MB)
	18523468  -  ResidentSetSize of job (KB)
...
006 (10608277.000.000) 11/05 21:16:46 Image size of job updated: 18763292
	18252  -  MemoryUsage of job (MB)
	18689100  -  ResidentSetSize of job (KB)
...
006 (10608277.000.000) 11/05 21:21:47 Image size of job updated: 18784884
	18302  -  MemoryUsage of job (MB)
	18740488  -  ResidentSetSize of job (KB)
...
040 (10608277.000.000) 11/05 21:22:17 Started transferring output files
...
040 (10608277.000.000) 11/05 21:22:18 Finished transferring output files
...
005 (10608277.000.000) 11/05 21:22:18 Job terminated.
	(1) Normal termination (return value 1)
		Usr 1 03:36:08, Sys 0 05:05:02  -  Run Remote Usage
		Usr 0 00:00:00, Sys 0 00:00:00  -  Run Local Usage
		Usr 1 03:36:08, Sys 0 05:05:02  -  Total Remote Usage
		Usr 0 00:00:00, Sys 0 00:00:00  -  Total Local Usage
	27177230  -  Run Bytes Sent By Job
	885  -  Run Bytes Received By Job
	27177230  -  Total Bytes Sent By Job
	885  -  Total Bytes Received By Job
	Partitionable Resources :    Usage  Request Allocated 
	   Cpus                 :    19.31       14        14 
	   Disk (KB)            : 26567    20971520  20974143 
	   GPUs                 :                           0 
	   Memory (MB)          : 18302       42000     42000 
	   TimeExecute (s)      :  7258                       
	   TimeSlotBusy (s)     :  7261                       

	Job terminated of its own accord at 2025-11-05T20:22:17Z with exit-code 1.
...
