000 (1649826.000.000) 11/04 15:50:54 Job submitted from host: <188.185.129.8:9618?addrs=188.185.129.8-9618+[2001-1458-d03-1--100-8a]-9618&alias=bigbird101.cern.ch&noUDP&sock=schedd_3613352_8137>
...
040 (1649826.000.000) 11/04 16:58:36 Started transferring input files
	Transferring to host: <188.185.190.67:9618?addrs=188.185.190.67-9618+[2001-1458-d03-b--100-49]-9618&alias=b9pgpun021.cern.ch&noUDP&sock=slot1_1_5784_19e4_6413>
...
040 (1649826.000.000) 11/04 16:58:36 Finished transferring input files
...
001 (1649826.000.000) 11/04 16:58:37 Job executing on host: <188.185.190.67:9618?addrs=188.185.190.67-9618+[2001-1458-d03-b--100-49]-9618&alias=b9pgpun021.cern.ch&noUDP&sock=startd_5740_bdb5>
	SlotName: slot1_1@b9pgpun021.cern.ch
	AvailableGPUs = { GPUs_MIG_a1f01dbe_f849_5745_9a62_87ad35018473 }
	CondorScratchDir = "/pool/condor/dir_1897747"
	Cpus = 1
	Disk = 2048
	GPUs = 1
	GPUs_MIG_a1f01dbe_f849_5745_9a62_87ad35018473 = [ Id = "MIG-a1f01dbe-f849-5745-9a62-87ad35018473"; DeviceName = "NVIDIA H100L-1-12C MIG 1g.12gb"; DeviceUuid = "MIG-a1f01dbe-f849-5745-9a62-87ad35018473"; ComputeUnits = 16; GlobalMemoryMb = 10564 ]
	Memory = 3000
...
006 (1649826.000.000) 11/04 16:58:50 Image size of job updated: 36672
	36  -  MemoryUsage of job (MB)
	36672  -  ResidentSetSize of job (KB)
...
006 (1649826.000.000) 11/04 16:59:45 Image size of job updated: 356816
	36  -  MemoryUsage of job (MB)
	36672  -  ResidentSetSize of job (KB)
...
040 (1649826.000.000) 11/04 16:59:45 Started transferring output files
...
040 (1649826.000.000) 11/04 16:59:45 Finished transferring output files
...
005 (1649826.000.000) 11/04 16:59:45 Job terminated.
	(1) Normal termination (return value 1)
		Usr 0 00:00:16, Sys 0 00:00:11  -  Run Remote Usage
		Usr 0 00:00:00, Sys 0 00:00:00  -  Run Local Usage
		Usr 0 00:00:16, Sys 0 00:00:11  -  Total Remote Usage
		Usr 0 00:00:00, Sys 0 00:00:00  -  Total Local Usage
	18221  -  Run Bytes Sent By Job
	2094  -  Run Bytes Received By Job
	18221  -  Total Bytes Sent By Job
	2094  -  Total Bytes Received By Job
	Partitionable Resources :    Usage  Request Allocated Assigned
	   Cpus                 :        0        1         1 
	   Disk (KB)            :       44        3      2048 
	   GPUs                 :                 1         1 "MIG-a1f01dbe-f849-5745-9a62-87ad35018473"
	   Memory (MB)          :       36     3000      3000 
	   TimeExecute (s)      :       68                    
	   TimeSlotBusy (s)     :       70                    

	Job terminated of its own accord at 2025-11-04T15:59:45Z with exit-code 1.
...
