000 (10609982.000.000) 11/06 13:48:31 Job submitted from host: <188.185.70.244:9618?addrs=188.185.70.244-9618+[2001-1458-d00-7--100-2ee]-9618&alias=bigbird10.cern.ch&noUDP&sock=schedd_3518298_5df3>
...
040 (10609982.000.000) 11/06 13:54:18 Started transferring input files
	Transferring to host: <128.142.192.208:9618?addrs=128.142.192.208-9618+[2001-1458-301-56--100-4c]-9618&alias=b9g18p2076.cern.ch&noUDP&sock=slot1_7_4143_de42_59351>
...
040 (10609982.000.000) 11/06 13:54:18 Finished transferring input files
...
001 (10609982.000.000) 11/06 13:54:19 Job executing on host: <128.142.192.208:9618?addrs=128.142.192.208-9618+[2001-1458-301-56--100-4c]-9618&alias=b9g18p2076.cern.ch&noUDP&sock=startd_3129_cfed>
	SlotName: slot1_7@b9g18p2076.cern.ch
	CondorScratchDir = "/pool/condor/dir_3724041"
	Cpus = 10
	Disk = 20974315
	GPUs = 0
	Memory = 30800
...
006 (10609982.000.000) 11/06 13:54:32 Image size of job updated: 7552
	1  -  MemoryUsage of job (MB)
	540  -  ResidentSetSize of job (KB)
...
006 (10609982.000.000) 11/06 13:59:32 Image size of job updated: 2011568
	1965  -  MemoryUsage of job (MB)
	2011568  -  ResidentSetSize of job (KB)
...
006 (10609982.000.000) 11/06 14:04:33 Image size of job updated: 14951480
	14498  -  MemoryUsage of job (MB)
	14845312  -  ResidentSetSize of job (KB)
...
006 (10609982.000.000) 11/06 14:09:34 Image size of job updated: 15044764
	14610  -  MemoryUsage of job (MB)
	14960156  -  ResidentSetSize of job (KB)
...
006 (10609982.000.000) 11/06 14:14:34 Image size of job updated: 15176920
	14779  -  MemoryUsage of job (MB)
	15132764  -  ResidentSetSize of job (KB)
...
006 (10609982.000.000) 11/06 14:19:35 Image size of job updated: 15180080
	14779  -  MemoryUsage of job (MB)
	15132764  -  ResidentSetSize of job (KB)
...
006 (10609982.000.000) 11/06 14:24:35 Image size of job updated: 15972256
	15474  -  MemoryUsage of job (MB)
	15844504  -  ResidentSetSize of job (KB)
...
006 (10609982.000.000) 11/06 14:29:35 Image size of job updated: 15990704
	15474  -  MemoryUsage of job (MB)
	15844504  -  ResidentSetSize of job (KB)
...
006 (10609982.000.000) 11/06 14:34:36 Image size of job updated: 16022572
	15557  -  MemoryUsage of job (MB)
	15930032  -  ResidentSetSize of job (KB)
...
006 (10609982.000.000) 11/06 14:44:37 Image size of job updated: 16022572
	15628  -  MemoryUsage of job (MB)
	16002476  -  ResidentSetSize of job (KB)
...
006 (10609982.000.000) 11/06 14:49:37 Image size of job updated: 16089876
	15628  -  MemoryUsage of job (MB)
	16002476  -  ResidentSetSize of job (KB)
...
006 (10609982.000.000) 11/06 14:54:37 Image size of job updated: 16181848
	15632  -  MemoryUsage of job (MB)
	16006976  -  ResidentSetSize of job (KB)
...
006 (10609982.000.000) 11/06 14:59:38 Image size of job updated: 16202276
	15668  -  MemoryUsage of job (MB)
	16043448  -  ResidentSetSize of job (KB)
...
006 (10609982.000.000) 11/06 15:09:39 Image size of job updated: 16202276
	15718  -  MemoryUsage of job (MB)
	16094408  -  ResidentSetSize of job (KB)
...
006 (10609982.000.000) 11/06 15:14:39 Image size of job updated: 16230328
	15748  -  MemoryUsage of job (MB)
	16125748  -  ResidentSetSize of job (KB)
...
006 (10609982.000.000) 11/06 15:19:39 Image size of job updated: 16281424
	15795  -  MemoryUsage of job (MB)
	16173692  -  ResidentSetSize of job (KB)
...
006 (10609982.000.000) 11/06 15:24:40 Image size of job updated: 16317196
	15935  -  MemoryUsage of job (MB)
	16317196  -  ResidentSetSize of job (KB)
...
006 (10609982.000.000) 11/06 15:29:40 Image size of job updated: 16421496
	15935  -  MemoryUsage of job (MB)
	16317248  -  ResidentSetSize of job (KB)
...
006 (10609982.000.000) 11/06 15:34:41 Image size of job updated: 16479500
	15979  -  MemoryUsage of job (MB)
	16362060  -  ResidentSetSize of job (KB)
...
006 (10609982.000.000) 11/06 15:39:41 Image size of job updated: 16493872
	16026  -  MemoryUsage of job (MB)
	16410168  -  ResidentSetSize of job (KB)
...
006 (10609982.000.000) 11/06 15:44:42 Image size of job updated: 16518584
	16112  -  MemoryUsage of job (MB)
	16498436  -  ResidentSetSize of job (KB)
...
006 (10609982.000.000) 11/06 15:49:42 Image size of job updated: 16632348
	16156  -  MemoryUsage of job (MB)
	16543740  -  ResidentSetSize of job (KB)
...
006 (10609982.000.000) 11/06 15:54:42 Image size of job updated: 16666340
	16156  -  MemoryUsage of job (MB)
	16543740  -  ResidentSetSize of job (KB)
...
006 (10609982.000.000) 11/06 15:59:43 Image size of job updated: 16688108
	16199  -  MemoryUsage of job (MB)
	16586940  -  ResidentSetSize of job (KB)
...
006 (10609982.000.000) 11/06 16:04:43 Image size of job updated: 16789704
	16332  -  MemoryUsage of job (MB)
	16723332  -  ResidentSetSize of job (KB)
...
006 (10609982.000.000) 11/06 16:09:44 Image size of job updated: 16805248
	16332  -  MemoryUsage of job (MB)
	16723332  -  ResidentSetSize of job (KB)
...
006 (10609982.000.000) 11/06 16:14:44 Image size of job updated: 16815000
	16332  -  MemoryUsage of job (MB)
	16723332  -  ResidentSetSize of job (KB)
...
006 (10609982.000.000) 11/06 16:19:45 Image size of job updated: 16833616
	16333  -  MemoryUsage of job (MB)
	16724872  -  ResidentSetSize of job (KB)
...
006 (10609982.000.000) 11/06 16:24:46 Image size of job updated: 16881764
	16383  -  MemoryUsage of job (MB)
	16775624  -  ResidentSetSize of job (KB)
...
006 (10609982.000.000) 11/06 16:29:46 Image size of job updated: 16908028
	16431  -  MemoryUsage of job (MB)
	16825172  -  ResidentSetSize of job (KB)
...
006 (10609982.000.000) 11/06 16:34:47 Image size of job updated: 16949876
	16553  -  MemoryUsage of job (MB)
	16949876  -  ResidentSetSize of job (KB)
...
006 (10609982.000.000) 11/06 16:39:47 Image size of job updated: 17001180
	16553  -  MemoryUsage of job (MB)
	16949876  -  ResidentSetSize of job (KB)
...
006 (10609982.000.000) 11/06 16:49:48 Image size of job updated: 17063728
	16599  -  MemoryUsage of job (MB)
	16996444  -  ResidentSetSize of job (KB)
...
006 (10609982.000.000) 11/06 16:54:48 Image size of job updated: 17089092
	16608  -  MemoryUsage of job (MB)
	17006288  -  ResidentSetSize of job (KB)
...
006 (10609982.000.000) 11/06 16:59:49 Image size of job updated: 17107288
	16608  -  MemoryUsage of job (MB)
	17006288  -  ResidentSetSize of job (KB)
...
006 (10609982.000.000) 11/06 17:04:49 Image size of job updated: 17124876
	16627  -  MemoryUsage of job (MB)
	17025792  -  ResidentSetSize of job (KB)
...
006 (10609982.000.000) 11/06 17:09:50 Image size of job updated: 17136848
	16734  -  MemoryUsage of job (MB)
	17135524  -  ResidentSetSize of job (KB)
...
006 (10609982.000.000) 11/06 17:14:51 Image size of job updated: 17263692
	16734  -  MemoryUsage of job (MB)
	17135524  -  ResidentSetSize of job (KB)
...
006 (10609982.000.000) 11/06 17:19:51 Image size of job updated: 17263692
	16743  -  MemoryUsage of job (MB)
	17144180  -  ResidentSetSize of job (KB)
...
006 (10609982.000.000) 11/06 17:24:52 Image size of job updated: 17263692
	16754  -  MemoryUsage of job (MB)
	17155184  -  ResidentSetSize of job (KB)
...
006 (10609982.000.000) 11/06 17:29:52 Image size of job updated: 17298748
	16804  -  MemoryUsage of job (MB)
	17206956  -  ResidentSetSize of job (KB)
...
006 (10609982.000.000) 11/06 17:34:52 Image size of job updated: 17369180
	16841  -  MemoryUsage of job (MB)
	17244480  -  ResidentSetSize of job (KB)
...
006 (10609982.000.000) 11/06 17:39:53 Image size of job updated: 17369180
	16873  -  MemoryUsage of job (MB)
	17277600  -  ResidentSetSize of job (KB)
...
006 (10609982.000.000) 11/06 17:44:53 Image size of job updated: 17379944
	16880  -  MemoryUsage of job (MB)
	17285084  -  ResidentSetSize of job (KB)
...
006 (10609982.000.000) 11/06 17:49:54 Image size of job updated: 17394832
	16907  -  MemoryUsage of job (MB)
	17312748  -  ResidentSetSize of job (KB)
...
006 (10609982.000.000) 11/06 17:54:55 Image size of job updated: 17449836
	17041  -  MemoryUsage of job (MB)
	17449836  -  ResidentSetSize of job (KB)
...
006 (10609982.000.000) 11/06 17:59:55 Image size of job updated: 17458392
	17041  -  MemoryUsage of job (MB)
	17449836  -  ResidentSetSize of job (KB)
...
006 (10609982.000.000) 11/06 18:04:56 Image size of job updated: 17542956
	17041  -  MemoryUsage of job (MB)
	17449836  -  ResidentSetSize of job (KB)
...
006 (10609982.000.000) 11/06 18:19:57 Image size of job updated: 17542956
	17086  -  MemoryUsage of job (MB)
	17495288  -  ResidentSetSize of job (KB)
...
006 (10609982.000.000) 11/06 18:24:57 Image size of job updated: 17551428
	17086  -  MemoryUsage of job (MB)
	17495288  -  ResidentSetSize of job (KB)
...
006 (10609982.000.000) 11/06 18:29:58 Image size of job updated: 17590024
	17149  -  MemoryUsage of job (MB)
	17560080  -  ResidentSetSize of job (KB)
...
006 (10609982.000.000) 11/06 18:34:59 Image size of job updated: 17645088
	17149  -  MemoryUsage of job (MB)
	17560080  -  ResidentSetSize of job (KB)
...
006 (10609982.000.000) 11/06 18:39:59 Image size of job updated: 17654184
	17217  -  MemoryUsage of job (MB)
	17629212  -  ResidentSetSize of job (KB)
...
040 (10609982.000.000) 11/06 18:52:28 Started transferring output files
...
040 (10609982.000.000) 11/06 18:52:31 Finished transferring output files
...
005 (10609982.000.000) 11/06 18:52:31 Job terminated.
	(1) Normal termination (return value 1)
		Usr 1 20:20:12, Sys 0 04:12:44  -  Run Remote Usage
		Usr 0 00:00:00, Sys 0 00:00:00  -  Run Local Usage
		Usr 1 20:20:12, Sys 0 04:12:44  -  Total Remote Usage
		Usr 0 00:00:00, Sys 0 00:00:00  -  Total Local Usage
	60671468  -  Run Bytes Sent By Job
	885  -  Run Bytes Received By Job
	60671468  -  Total Bytes Sent By Job
	885  -  Total Bytes Received By Job
	Partitionable Resources :    Usage  Request Allocated 
	   Cpus                 :     8.31       10        10 
	   Disk (KB)            : 59273    20971520  20974315 
	   GPUs                 :                           0 
	   Memory (MB)          : 17217       30720     30800 
	   TimeExecute (s)      : 17889                       
	   TimeSlotBusy (s)     : 17895                       

	Job terminated of its own accord at 2025-11-06T17:52:28Z with exit-code 1.
...
