000 (10609974.000.000) 11/06 12:27:16 Job submitted from host: <188.185.70.244:9618?addrs=188.185.70.244-9618+[2001-1458-d00-7--100-2ee]-9618&alias=bigbird10.cern.ch&noUDP&sock=schedd_3518298_5df3>
...
040 (10609974.000.000) 11/06 12:27:35 Started transferring input files
	Transferring to host: <188.185.209.7:9618?addrs=188.185.209.7-9618+[2001-1458-303-11--100-4]-9618&alias=b9p11p5611.cern.ch&noUDP&sock=slot1_3_6710_8d4a_43972>
...
040 (10609974.000.000) 11/06 12:27:35 Finished transferring input files
...
001 (10609974.000.000) 11/06 12:27:36 Job executing on host: <188.185.209.7:9618?addrs=188.185.209.7-9618+[2001-1458-303-11--100-4]-9618&alias=b9p11p5611.cern.ch&noUDP&sock=startd_5721_b568>
	SlotName: slot1_3@b9p11p5611.cern.ch
	CondorScratchDir = "/pool/condor/dir_1885968"
	Cpus = 14
	Disk = 20974205
	GPUs = 0
	Memory = 42000
...
006 (10609974.000.000) 11/06 12:27:49 Image size of job updated: 18064
	18  -  MemoryUsage of job (MB)
	18064  -  ResidentSetSize of job (KB)
...
006 (10609974.000.000) 11/06 12:28:33 Image size of job updated: 284240
	18  -  MemoryUsage of job (MB)
	18092  -  ResidentSetSize of job (KB)
...
040 (10609974.000.000) 11/06 12:28:33 Started transferring output files
...
040 (10609974.000.000) 11/06 12:28:33 Finished transferring output files
...
004 (10609974.000.000) 11/06 12:28:33 Job was evicted.
	(0) CPU times
		Usr 0 00:00:17, Sys 0 00:00:11  -  Run Remote Usage
		Usr 0 00:00:00, Sys 0 00:00:00  -  Run Local Usage
	1604  -  Run Bytes Sent By Job
	885  -  Run Bytes Received By Job
	Partitionable Resources :    Usage  Request Allocated 
	   Cpus                 :        0       14        14 
	   Disk (KB)            :       31 20971520  20974205 
	   GPUs                 :                           0 
	   Memory (MB)          :       18    42000     42000 
	   TimeExecute (s)      :       57                    
	   TimeSlotBusy (s)     :       63                    
...
009 (10609974.000.000) 11/06 12:28:33 Job was aborted.
	via condor_rm (by user evilla)
...
