000 (1651227.000.000) 11/04 17:11:27 Job submitted from host: <188.185.129.8:9618?addrs=188.185.129.8-9618+[2001-1458-d03-1--100-8a]-9618&alias=bigbird101.cern.ch&noUDP&sock=schedd_3613352_8137>
...
040 (1651227.000.000) 11/04 17:13:44 Started transferring input files
	Transferring to host: <128.142.241.90:9618?addrs=128.142.241.90-9618+[2001-1458-301-ce--100-1cf]-9618&alias=b9g47n5843.cern.ch&noUDP&sock=slot1_1_3716_0210_16848>
...
040 (1651227.000.000) 11/04 17:13:44 Finished transferring input files
...
001 (1651227.000.000) 11/04 17:13:45 Job executing on host: <128.142.241.90:9618?addrs=128.142.241.90-9618+[2001-1458-301-ce--100-1cf]-9618&alias=b9g47n5843.cern.ch&noUDP&sock=startd_3011_dfc0>
	SlotName: slot1_1@b9g47n5843.cern.ch
	AvailableGPUs = { GPUs_GPU_d93dc087 }
	CondorScratchDir = "/pool/condor/dir_2968886"
	Cpus = 4
	Disk = 2098176
	GPUs = 1
	GPUs_GPU_d93dc087 = [ Id = "GPU-d93dc087"; ClockMhz = 1380.0; Capability = 7.0; CoresPerCU = 64; DeviceName = "Tesla V100-PCIE-32GB"; DeviceUuid = "d93dc087-0f06-a7ee-241e-d0afdf77a74e"; ECCEnabled = true; ComputeUnits = 80; DriverVersion = 12.9; DevicePciBusId = "0000:07:00.0"; GlobalMemoryMb = 32494; MaxSupportedVersion = 12090 ]
	Memory = 12000
...
006 (1651227.000.000) 11/04 17:13:58 Image size of job updated: 40396
	12  -  MemoryUsage of job (MB)
	11604  -  ResidentSetSize of job (KB)
...
006 (1651227.000.000) 11/04 17:15:38 Image size of job updated: 361356
	12  -  MemoryUsage of job (MB)
	11644  -  ResidentSetSize of job (KB)
...
040 (1651227.000.000) 11/04 17:15:38 Started transferring output files
...
040 (1651227.000.000) 11/04 17:15:38 Finished transferring output files
...
005 (1651227.000.000) 11/04 17:15:38 Job terminated.
	(1) Normal termination (return value 1)
		Usr 0 00:00:30, Sys 0 00:00:27  -  Run Remote Usage
		Usr 0 00:00:00, Sys 0 00:00:00  -  Run Local Usage
		Usr 0 00:00:30, Sys 0 00:00:27  -  Total Remote Usage
		Usr 0 00:00:00, Sys 0 00:00:00  -  Total Local Usage
	14864  -  Run Bytes Sent By Job
	1842  -  Run Bytes Received By Job
	14864  -  Total Bytes Sent By Job
	1842  -  Total Bytes Received By Job
	Partitionable Resources :    Usage  Request Allocated Assigned
	   Cpus                 :        0        4         4 
	   Disk (KB)            :       45  2097152   2098176 
	   GPUs                 :                 1         1 "GPU-d93dc087"
	   Memory (MB)          :       12    12000     12000 
	   TimeExecute (s)      :      113                    
	   TimeSlotBusy (s)     :      115                    

	Job terminated of its own accord at 2025-11-04T16:15:38Z with exit-code 1.
...
