=========================================
HTCondor GPU Training Job
=========================================
Job started at: Thu Oct 30 04:08:07 PM CET 2025
Running on host: b9pgpun046.cern.ch
Plane: X
Max samples: all
=========================================
Setting up LCG environment: LCG_106_cuda/x86_64-el9-gcc11-opt
Using LCG Python: /cvmfs/sft.cern.ch/lcg/views/LCG_106_cuda/x86_64-el9-gcc11-opt/bin/python3
Python 3.11.9


GPU Information:
Thu Oct 30 16:08:19 2025       
+-----------------------------------------------------------------------------------------+
| NVIDIA-SMI 570.133.20             Driver Version: 570.133.20     CUDA Version: 12.8     |
|-----------------------------------------+------------------------+----------------------+
| GPU  Name                 Persistence-M | Bus-Id          Disp.A | Volatile Uncorr. ECC |
| Fan  Temp   Perf          Pwr:Usage/Cap |           Memory-Usage | GPU-Util  Compute M. |
|                                         |                        |               MIG M. |
|=========================================+========================+======================|
|   0  NVIDIA H100L-2-24C             On  |   00000000:06:00.0 Off |                   On |
| N/A   N/A    P0            N/A  /  N/A  |       1MiB /  24576MiB |     N/A      Default |
|                                         |                        |              Enabled |
+-----------------------------------------+------------------------+----------------------+

+-----------------------------------------------------------------------------------------+
| MIG devices:                                                                            |
+------------------+----------------------------------+-----------+-----------------------+
| GPU  GI  CI  MIG |                     Memory-Usage |        Vol|        Shared         |
|      ID  ID  Dev |                       BAR1-Usage | SM     Unc| CE ENC  DEC  OFA  JPG |
|                  |                                  |        ECC|                       |
|==================+==================================+===========+=======================|
|  0    0   0   0  |               1MiB / 21547MiB    | 32      0 |  2   0    2    0    2 |
|                  |                 0MiB /  4096MiB  |           |                       |
+------------------+----------------------------------+-----------+-----------------------+
                                                                                         
+-----------------------------------------------------------------------------------------+
| Processes:                                                                              |
|  GPU   GI   CI              PID   Type   Process name                        GPU Memory |
|        ID   ID                                                               Usage      |
|=========================================================================================|
|  No running processes found                                                             |
+-----------------------------------------------------------------------------------------+


Python version: Python 3.11.9
Python path: /cvmfs/sft.cern.ch/lcg/views/LCG_106_cuda/x86_64-el9-gcc11-opt/bin/python3
Checking TensorFlow...
2025-10-30 16:08:20.854966: I tensorflow/core/util/port.cc:113] oneDNN custom operations are on. You may see slightly different numerical results due to floating-point round-off errors from different computation orders. To turn them off, set the environment variable `TF_ENABLE_ONEDNN_OPTS=0`.
2025-10-30 16:08:22.969560: I tensorflow/core/platform/cpu_feature_guard.cc:210] This TensorFlow binary is optimized to use available CPU instructions in performance-critical operations.
To enable the following instructions: AVX2 AVX512F AVX512_VNNI AVX512_BF16 AVX512_FP16 AVX_VNNI AMX_TILE AMX_INT8 AMX_BF16 FMA, in other operations, rebuild TensorFlow with the appropriate compiler flags.
2025-10-30 16:08:27.871336: W tensorflow/compiler/tf2tensorrt/utils/py_utils.cc:38] TF-TRT Warning: Could not find TensorRT
TensorFlow version: 2.16.1
2025-10-30 16:08:32.884569: I external/local_xla/xla/stream_executor/cuda/cuda_executor.cc:998] successful NUMA node read from SysFS had negative value (-1), but there must be at least one NUMA node, so returning NUMA node zero. See more at https://github.com/torvalds/linux/blob/v6.0/Documentation/ABI/testing/sysfs-bus-pci#L344-L355
2025-10-30 16:08:33.050759: I external/local_xla/xla/stream_executor/cuda/cuda_executor.cc:998] successful NUMA node read from SysFS had negative value (-1), but there must be at least one NUMA node, so returning NUMA node zero. See more at https://github.com/torvalds/linux/blob/v6.0/Documentation/ABI/testing/sysfs-bus-pci#L344-L355
2025-10-30 16:08:33.061453: I external/local_xla/xla/stream_executor/cuda/cuda_executor.cc:998] successful NUMA node read from SysFS had negative value (-1), but there must be at least one NUMA node, so returning NUMA node zero. See more at https://github.com/torvalds/linux/blob/v6.0/Documentation/ABI/testing/sysfs-bus-pci#L344-L355
GPUs detected: 1
  - /physical_device:GPU:0

Running: ./scripts/train_mt_identifier.sh -j json/mt_identifier/production_training.json --plane X
=========================================
✓ Sourced LCG environment: LCG_106_cuda/x86_64-el9-gcc11-opt
✓ Added local packages to PYTHONPATH
[0;34m[INFO][0m ML for Pointing Environment
[0;34m[INFO][0m Repository: /afs/cern.ch/work/e/evilla/private/dune/ml_for_pointing
[0;34m[INFO][0m Python modules: /afs/cern.ch/work/e/evilla/private/dune/ml_for_pointing/python
[0;34m[INFO][0m Data directory: /eos/home-e/evilla/dune/sn-tps/images_test
[0;34m[INFO][0m Output directory: /eos/user/e/evilla/dune/sn-tps/neural_networks
[0;34m[INFO][0m Python version: 3.11.9
[0;32m[SUCCESS][0m TensorFlow 2.16.1 is available
[0;34m[INFO][0m Starting Main Track Identifier Training
[0;34m[INFO][0m Configuration: /afs/cern.ch/work/e/evilla/private/dune/ml_for_pointing/json/mt_identifier/production_training.json
[0;34m[INFO][0m Plane: X
[0;34m[INFO][0m Running training script...
[0;34m[INFO][0m Command: python mt_training.py --input_json /afs/cern.ch/work/e/evilla/private/dune/ml_for_pointing/json/mt_identifier/production_training.json --plane X


======================================================================
MAIN TRACK IDENTIFIER TRAINING
======================================================================

✓ GPU is available: 1 device(s)
  GPU 0: /physical_device:GPU:0

Loading configuration from: /afs/cern.ch/work/e/evilla/private/dune/ml_for_pointing/json/mt_identifier/production_training.json
Configuration loaded successfully

Output directory: /eos/user/e/evilla/dune/sn-tps/neural_networks/mt_identifier/hyperopt_simple_cnn/plane_X/20251030_160857
Configuration saved to: /eos/user/e/evilla/dune/sn-tps/neural_networks/mt_identifier/hyperopt_simple_cnn/plane_X/20251030_160857/config.json
Arguments saved to: /eos/user/e/evilla/dune/sn-tps/neural_networks/mt_identifier/hyperopt_simple_cnn/plane_X/20251030_160857/args.json
Selected model: hyperopt_simple_cnn
Using 2 data directories from JSON config:
  - /eos/user/e/evilla/dune/sn-tps/production_es/images_es_valid_bg_tick3_ch2_min2_tot3_e2p0
  - /eos/user/e/evilla/dune/sn-tps/production_cc/images_cc_valid_bg_tick3_ch2_min2_tot3_e2p0

======================================================================
STEP 1: DATA PREPARATION
======================================================================

Loading from directory 1/2: /eos/user/e/evilla/dune/sn-tps/production_es/images_es_valid_bg_tick3_ch2_min2_tot3_e2p0

============================================================
LOADING DATA FROM NPZ FILES
============================================================
Data directory: /eos/user/e/evilla/dune/sn-tps/production_es/images_es_valid_bg_tick3_ch2_min2_tot3_e2p0
Plane: X
Max samples: All
Found 448 batch file(s) for plane X
Loading clusters_planeX_batch0000.npz... loaded 2984 samples (total: 2984)
Loading clusters_planeX_batch0001.npz... loaded 3073 samples (total: 6057)
Loading clusters_planeX_batch0002.npz... loaded 3004 samples (total: 9061)
Loading clusters_planeX_batch0003.npz... 

✗ Error during training: [Errno 5] Input/output error
