=========================================
HTCondor GPU Training Job
=========================================
Job started at: Thu Oct 30 01:45:10 PM CET 2025
Running on host: b9pgpun032.cern.ch
Plane: X
Max samples: all
=========================================
Setting up LCG environment: LCG_106_cuda/x86_64-el9-gcc11-opt
Using LCG Python: /cvmfs/sft.cern.ch/lcg/views/LCG_106_cuda/x86_64-el9-gcc11-opt/bin/python3
Python 3.11.9


GPU Information:
Thu Oct 30 13:45:16 2025       
+-----------------------------------------------------------------------------------------+
| NVIDIA-SMI 570.133.20             Driver Version: 570.133.20     CUDA Version: 12.8     |
|-----------------------------------------+------------------------+----------------------+
| GPU  Name                 Persistence-M | Bus-Id          Disp.A | Volatile Uncorr. ECC |
| Fan  Temp   Perf          Pwr:Usage/Cap |           Memory-Usage | GPU-Util  Compute M. |
|                                         |                        |               MIG M. |
|=========================================+========================+======================|
|   0  NVIDIA H100L-2-24C             On  |   00000000:06:00.0 Off |                   On |
| N/A   N/A    P0            N/A  /  N/A  |       1MiB /  24576MiB |     N/A      Default |
|                                         |                        |              Enabled |
+-----------------------------------------+------------------------+----------------------+

+-----------------------------------------------------------------------------------------+
| MIG devices:                                                                            |
+------------------+----------------------------------+-----------+-----------------------+
| GPU  GI  CI  MIG |                     Memory-Usage |        Vol|        Shared         |
|      ID  ID  Dev |                       BAR1-Usage | SM     Unc| CE ENC  DEC  OFA  JPG |
|                  |                                  |        ECC|                       |
|==================+==================================+===========+=======================|
|  0    0   0   0  |               1MiB / 21547MiB    | 32      0 |  2   0    2    0    2 |
|                  |                 0MiB /  4096MiB  |           |                       |
+------------------+----------------------------------+-----------+-----------------------+
                                                                                         
+-----------------------------------------------------------------------------------------+
| Processes:                                                                              |
|  GPU   GI   CI              PID   Type   Process name                        GPU Memory |
|        ID   ID                                                               Usage      |
|=========================================================================================|
|  No running processes found                                                             |
+-----------------------------------------------------------------------------------------+


Python version: Python 3.11.9
Python path: /cvmfs/sft.cern.ch/lcg/views/LCG_106_cuda/x86_64-el9-gcc11-opt/bin/python3
Checking TensorFlow...
2025-10-30 13:45:19.244574: I tensorflow/core/util/port.cc:113] oneDNN custom operations are on. You may see slightly different numerical results due to floating-point round-off errors from different computation orders. To turn them off, set the environment variable `TF_ENABLE_ONEDNN_OPTS=0`.
2025-10-30 13:45:21.346823: I tensorflow/core/platform/cpu_feature_guard.cc:210] This TensorFlow binary is optimized to use available CPU instructions in performance-critical operations.
To enable the following instructions: AVX2 AVX512F AVX512_VNNI AVX512_BF16 AVX512_FP16 AVX_VNNI AMX_TILE AMX_INT8 AMX_BF16 FMA, in other operations, rebuild TensorFlow with the appropriate compiler flags.
2025-10-30 13:45:29.331383: W tensorflow/compiler/tf2tensorrt/utils/py_utils.cc:38] TF-TRT Warning: Could not find TensorRT
TensorFlow version: 2.16.1
2025-10-30 13:45:36.369116: I external/local_xla/xla/stream_executor/cuda/cuda_executor.cc:998] successful NUMA node read from SysFS had negative value (-1), but there must be at least one NUMA node, so returning NUMA node zero. See more at https://github.com/torvalds/linux/blob/v6.0/Documentation/ABI/testing/sysfs-bus-pci#L344-L355
2025-10-30 13:45:37.580885: I external/local_xla/xla/stream_executor/cuda/cuda_executor.cc:998] successful NUMA node read from SysFS had negative value (-1), but there must be at least one NUMA node, so returning NUMA node zero. See more at https://github.com/torvalds/linux/blob/v6.0/Documentation/ABI/testing/sysfs-bus-pci#L344-L355
2025-10-30 13:45:37.591163: I external/local_xla/xla/stream_executor/cuda/cuda_executor.cc:998] successful NUMA node read from SysFS had negative value (-1), but there must be at least one NUMA node, so returning NUMA node zero. See more at https://github.com/torvalds/linux/blob/v6.0/Documentation/ABI/testing/sysfs-bus-pci#L344-L355
GPUs detected: 1
  - /physical_device:GPU:0

Running: ./scripts/train_mt_identifier.sh -j json/mt_identifier/production_training.json --plane X
=========================================
✓ Sourced LCG environment: LCG_106_cuda/x86_64-el9-gcc11-opt
✓ Added local packages to PYTHONPATH
[0;34m[INFO][0m ML for Pointing Environment
[0;34m[INFO][0m Repository: /afs/cern.ch/work/e/evilla/private/dune/ml_for_pointing
[0;34m[INFO][0m Python modules: /afs/cern.ch/work/e/evilla/private/dune/ml_for_pointing/python
[0;34m[INFO][0m Data directory: /eos/home-e/evilla/dune/sn-tps/images_test
[0;34m[INFO][0m Output directory: /eos/user/e/evilla/dune/sn-tps/neural_networks
[0;34m[INFO][0m Python version: 3.11.9
[0;32m[SUCCESS][0m TensorFlow 2.16.1 is available
[0;34m[INFO][0m Starting Main Track Identifier Training
[0;34m[INFO][0m Configuration: /afs/cern.ch/work/e/evilla/private/dune/ml_for_pointing/json/mt_identifier/production_training.json
[0;34m[INFO][0m Plane: X
[0;34m[INFO][0m Running training script...
[0;34m[INFO][0m Command: python mt_training.py --input_json /afs/cern.ch/work/e/evilla/private/dune/ml_for_pointing/json/mt_identifier/production_training.json --plane X


======================================================================
MAIN TRACK IDENTIFIER TRAINING
======================================================================

✓ GPU is available: 1 device(s)
  GPU 0: /physical_device:GPU:0

Loading configuration from: /afs/cern.ch/work/e/evilla/private/dune/ml_for_pointing/json/mt_identifier/production_training.json
Configuration loaded successfully

Output directory: /eos/user/e/evilla/dune/sn-tps/neural_networks/mt_identifier/hyperopt_simple_cnn/plane_X/20251030_134609
Configuration saved to: /eos/user/e/evilla/dune/sn-tps/neural_networks/mt_identifier/hyperopt_simple_cnn/plane_X/20251030_134609/config.json
Arguments saved to: /eos/user/e/evilla/dune/sn-tps/neural_networks/mt_identifier/hyperopt_simple_cnn/plane_X/20251030_134609/args.json
Selected model: hyperopt_simple_cnn
Using 2 data directories from JSON config:
  - /eos/user/e/evilla/dune/sn-tps/production_es/images_es_valid_bg_tick3_ch2_min2_tot3_e2p0
  - /eos/user/e/evilla/dune/sn-tps/production_cc/images_cc_valid_bg_tick3_ch2_min2_tot3_e2p0

======================================================================
STEP 1: DATA PREPARATION
======================================================================

Loading from directory 1/2: /eos/user/e/evilla/dune/sn-tps/production_es/images_es_valid_bg_tick3_ch2_min2_tot3_e2p0

============================================================
LOADING DATA FROM NPZ FILES
============================================================
Data directory: /eos/user/e/evilla/dune/sn-tps/production_es/images_es_valid_bg_tick3_ch2_min2_tot3_e2p0
Plane: X
Max samples: All
Found 449 batch file(s) for plane X
Loading clusters_planeX_batch0000.npz... loaded 2984 samples (total: 2984)
Loading clusters_planeX_batch0001.npz... loaded 3073 samples (total: 6057)
Loading clusters_planeX_batch0002.npz... loaded 3004 samples (total: 9061)
Loading clusters_planeX_batch0003.npz... loaded 3025 samples (total: 12086)
Loading clusters_planeX_batch0004.npz... loaded 2985 samples (total: 15071)
Loading clusters_planeX_batch0005.npz... loaded 3088 samples (total: 18159)
Loading clusters_planeX_batch0006.npz... loaded 2956 samples (total: 21115)
Loading clusters_planeX_batch0007.npz... loaded 3012 samples (total: 24127)
Loading clusters_planeX_batch0008.npz... loaded 3046 samples (total: 27173)
Loading clusters_planeX_batch0009.npz... loaded 3039 samples (total: 30212)
Loading clusters_planeX_batch0010.npz... loaded 3095 samples (total: 33307)
Loading clusters_planeX_batch0011.npz... loaded 2929 samples (total: 36236)
Loading clusters_planeX_batch0012.npz... loaded 3040 samples (total: 39276)
Loading clusters_planeX_batch0013.npz... loaded 3057 samples (total: 42333)
Loading clusters_planeX_batch0014.npz... loaded 3012 samples (total: 45345)
Loading clusters_planeX_batch0015.npz... loaded 2995 samples (total: 48340)
Loading clusters_planeX_batch0016.npz... loaded 2999 samples (total: 51339)
Loading clusters_planeX_batch0017.npz... loaded 2968 samples (total: 54307)
Loading clusters_planeX_batch0018.npz... loaded 3081 samples (total: 57388)
Loading clusters_planeX_batch0019.npz... loaded 2972 samples (total: 60360)
Loading clusters_planeX_batch0020.npz... loaded 3036 samples (total: 63396)
Loading clusters_planeX_batch0021.npz... loaded 3049 samples (total: 66445)
Loading clusters_planeX_batch0022.npz... loaded 2928 samples (total: 69373)
Loading clusters_planeX_batch0023.npz... loaded 3085 samples (total: 72458)
Loading clusters_planeX_batch0024.npz... loaded 3015 samples (total: 75473)
Loading clusters_planeX_batch0025.npz... loaded 3098 samples (total: 78571)
Loading clusters_planeX_batch0026.npz... loaded 2955 samples (total: 81526)
Loading clusters_planeX_batch0027.npz... loaded 3030 samples (total: 84556)
Loading clusters_planeX_batch0028.npz... loaded 2940 samples (total: 87496)
Loading clusters_planeX_batch0029.npz... loaded 3066 samples (total: 90562)
Loading clusters_planeX_batch0030.npz... loaded 3005 samples (total: 93567)
Loading clusters_planeX_batch0031.npz... loaded 3005 samples (total: 96572)
Loading clusters_planeX_batch0032.npz... loaded 3062 samples (total: 99634)
Loading clusters_planeX_batch0033.npz... loaded 2907 samples (total: 102541)
Loading clusters_planeX_batch0034.npz... loaded 3082 samples (total: 105623)
Loading clusters_planeX_batch0035.npz... loaded 3114 samples (total: 108737)
Loading clusters_planeX_batch0036.npz... loaded 3090 samples (total: 111827)
Loading clusters_planeX_batch0037.npz... loaded 3029 samples (total: 114856)
Loading clusters_planeX_batch0038.npz... loaded 3096 samples (total: 117952)
Loading clusters_planeX_batch0039.npz... loaded 2985 samples (total: 120937)
Loading clusters_planeX_batch0040.npz... loaded 3057 samples (total: 123994)
Loading clusters_planeX_batch0041.npz... loaded 3041 samples (total: 127035)
Loading clusters_planeX_batch0042.npz... loaded 3076 samples (total: 130111)
Loading clusters_planeX_batch0043.npz... loaded 3018 samples (total: 133129)
Loading clusters_planeX_batch0044.npz... loaded 2911 samples (total: 136040)
Loading clusters_planeX_batch0045.npz... loaded 2936 samples (total: 138976)
Loading clusters_planeX_batch0046.npz... loaded 3013 samples (total: 141989)
Loading clusters_planeX_batch0047.npz... loaded 3069 samples (total: 145058)
Loading clusters_planeX_batch0048.npz... loaded 3044 samples (total: 148102)
Loading clusters_planeX_batch0049.npz... loaded 3012 samples (total: 151114)
Loading clusters_planeX_batch0050.npz... loaded 2962 samples (total: 154076)
Loading clusters_planeX_batch0051.npz... loaded 3069 samples (total: 157145)
Loading clusters_planeX_batch0052.npz... loaded 3004 samples (total: 160149)
Loading clusters_planeX_batch0053.npz... loaded 3055 samples (total: 163204)
Loading clusters_planeX_batch0054.npz... loaded 2947 samples (total: 166151)
Loading clusters_planeX_batch0055.npz... loaded 2884 samples (total: 169035)
Loading clusters_planeX_batch0056.npz... loaded 3013 samples (total: 172048)
Loading clusters_planeX_batch0057.npz... loaded 3081 samples (total: 175129)
Loading clusters_planeX_batch0058.npz... loaded 2991 samples (total: 178120)
Loading clusters_planeX_batch0059.npz... loaded 3047 samples (total: 181167)
Loading clusters_planeX_batch0060.npz... loaded 3029 samples (total: 184196)
Loading clusters_planeX_batch0061.npz... loaded 2949 samples (total: 187145)
Loading clusters_planeX_batch0062.npz... loaded 3036 samples (total: 190181)
Loading clusters_planeX_batch0063.npz... loaded 3039 samples (total: 193220)
Loading clusters_planeX_batch0064.npz... loaded 3087 samples (total: 196307)
Loading clusters_planeX_batch0065.npz... loaded 3010 samples (total: 199317)
Loading clusters_planeX_batch0066.npz... loaded 2989 samples (total: 202306)
Loading clusters_planeX_batch0067.npz... loaded 3008 samples (total: 205314)
Loading clusters_planeX_batch0068.npz... loaded 3026 samples (total: 208340)
Loading clusters_planeX_batch0069.npz... loaded 3048 samples (total: 211388)
Loading clusters_planeX_batch0070.npz... loaded 3054 samples (total: 214442)
Loading clusters_planeX_batch0071.npz... loaded 2944 samples (total: 217386)
Loading clusters_planeX_batch0072.npz... loaded 2951 samples (total: 220337)
Loading clusters_planeX_batch0073.npz... loaded 3034 samples (total: 223371)
Loading clusters_planeX_batch0074.npz... loaded 2985 samples (total: 226356)
Loading clusters_planeX_batch0075.npz... loaded 3013 samples (total: 229369)
Loading clusters_planeX_batch0076.npz... loaded 2949 samples (total: 232318)
Loading clusters_planeX_batch0077.npz... loaded 2913 samples (total: 235231)
Loading clusters_planeX_batch0078.npz... loaded 3054 samples (total: 238285)
Loading clusters_planeX_batch0079.npz... loaded 2981 samples (total: 241266)
Loading clusters_planeX_batch0080.npz... loaded 3024 samples (total: 244290)
Loading clusters_planeX_batch0081.npz... loaded 3054 samples (total: 247344)
Loading clusters_planeX_batch0082.npz... loaded 2994 samples (total: 250338)
Loading clusters_planeX_batch0083.npz... loaded 2955 samples (total: 253293)
Loading clusters_planeX_batch0084.npz... loaded 2986 samples (total: 256279)
Loading clusters_planeX_batch0085.npz... loaded 2952 samples (total: 259231)
Loading clusters_planeX_batch0086.npz... loaded 3075 samples (total: 262306)
Loading clusters_planeX_batch0087.npz... loaded 2952 samples (total: 265258)
Loading clusters_planeX_batch0088.npz... loaded 2975 samples (total: 268233)
Loading clusters_planeX_batch0089.npz... loaded 3025 samples (total: 271258)
Loading clusters_planeX_batch0090.npz... loaded 3034 samples (total: 274292)
Loading clusters_planeX_batch0091.npz... loaded 3037 samples (total: 277329)
Loading clusters_planeX_batch0092.npz... loaded 3050 samples (total: 280379)
Loading clusters_planeX_batch0093.npz... loaded 3066 samples (total: 283445)
Loading clusters_planeX_batch0094.npz... loaded 2944 samples (total: 286389)
Loading clusters_planeX_batch0095.npz... loaded 3147 samples (total: 289536)
Loading clusters_planeX_batch0096.npz... loaded 2956 samples (total: 292492)
Loading clusters_planeX_batch0097.npz... loaded 3047 samples (total: 295539)
Loading clusters_planeX_batch0098.npz... loaded 3067 samples (total: 298606)
Loading clusters_planeX_batch0099.npz... loaded 2920 samples (total: 301526)
Loading clusters_planeX_batch0100.npz... loaded 3000 samples (total: 304526)
Loading clusters_planeX_batch0101.npz... loaded 3063 samples (total: 307589)
Loading clusters_planeX_batch0102.npz... loaded 3008 samples (total: 310597)
Loading clusters_planeX_batch0103.npz... loaded 3120 samples (total: 313717)
Loading clusters_planeX_batch0104.npz... loaded 3018 samples (total: 316735)
Loading clusters_planeX_batch0105.npz... loaded 2967 samples (total: 319702)
Loading clusters_planeX_batch0106.npz... loaded 3004 samples (total: 322706)
Loading clusters_planeX_batch0107.npz... loaded 3057 samples (total: 325763)
Loading clusters_planeX_batch0108.npz... loaded 3056 samples (total: 328819)
Loading clusters_planeX_batch0109.npz... loaded 2967 samples (total: 331786)
Loading clusters_planeX_batch0110.npz... loaded 2925 samples (total: 334711)
Loading clusters_planeX_batch0111.npz... loaded 2969 samples (total: 337680)
Loading clusters_planeX_batch0112.npz... loaded 2889 samples (total: 340569)
Loading clusters_planeX_batch0113.npz... loaded 3018 samples (total: 343587)
Loading clusters_planeX_batch0114.npz... loaded 3031 samples (total: 346618)
Loading clusters_planeX_batch0115.npz... loaded 3045 samples (total: 349663)
Loading clusters_planeX_batch0116.npz... loaded 2927 samples (total: 352590)
Loading clusters_planeX_batch0117.npz... loaded 2963 samples (total: 355553)
Loading clusters_planeX_batch0118.npz... loaded 2997 samples (total: 358550)
Loading clusters_planeX_batch0119.npz... loaded 3040 samples (total: 361590)
Loading clusters_planeX_batch0120.npz... loaded 3025 samples (total: 364615)
Loading clusters_planeX_batch0121.npz... loaded 2968 samples (total: 367583)
Loading clusters_planeX_batch0122.npz... loaded 2946 samples (total: 370529)
Loading clusters_planeX_batch0123.npz... loaded 3018 samples (total: 373547)
Loading clusters_planeX_batch0124.npz... loaded 3031 samples (total: 376578)
Loading clusters_planeX_batch0125.npz... loaded 3043 samples (total: 379621)
Loading clusters_planeX_batch0126.npz... loaded 2965 samples (total: 382586)
Loading clusters_planeX_batch0127.npz... loaded 3040 samples (total: 385626)
Loading clusters_planeX_batch0128.npz... loaded 2971 samples (total: 388597)
Loading clusters_planeX_batch0129.npz... loaded 3011 samples (total: 391608)
Loading clusters_planeX_batch0130.npz... loaded 3026 samples (total: 394634)
Loading clusters_planeX_batch0131.npz... loaded 3063 samples (total: 397697)
Loading clusters_planeX_batch0132.npz... loaded 3130 samples (total: 400827)
Loading clusters_planeX_batch0133.npz... loaded 2945 samples (total: 403772)
Loading clusters_planeX_batch0134.npz... loaded 3010 samples (total: 406782)
Loading clusters_planeX_batch0135.npz... loaded 2993 samples (total: 409775)
Loading clusters_planeX_batch0136.npz... loaded 3039 samples (total: 412814)
Loading clusters_planeX_batch0137.npz... loaded 2981 samples (total: 415795)
Loading clusters_planeX_batch0138.npz... loaded 3065 samples (total: 418860)
Loading clusters_planeX_batch0139.npz... loaded 3075 samples (total: 421935)
Loading clusters_planeX_batch0140.npz... loaded 2930 samples (total: 424865)
Loading clusters_planeX_batch0141.npz... loaded 3107 samples (total: 427972)
Loading clusters_planeX_batch0142.npz... loaded 2921 samples (total: 430893)
Loading clusters_planeX_batch0143.npz... loaded 3046 samples (total: 433939)
Loading clusters_planeX_batch0144.npz... loaded 3117 samples (total: 437056)
Loading clusters_planeX_batch0145.npz... loaded 3054 samples (total: 440110)
Loading clusters_planeX_batch0146.npz... loaded 2956 samples (total: 443066)
Loading clusters_planeX_batch0147.npz... loaded 2928 samples (total: 445994)
Loading clusters_planeX_batch0148.npz... loaded 3063 samples (total: 449057)
Loading clusters_planeX_batch0149.npz... loaded 2984 samples (total: 452041)
Loading clusters_planeX_batch0150.npz... loaded 3072 samples (total: 455113)
Loading clusters_planeX_batch0151.npz... loaded 3043 samples (total: 458156)
Loading clusters_planeX_batch0152.npz... loaded 2919 samples (total: 461075)
Loading clusters_planeX_batch0153.npz... loaded 3024 samples (total: 464099)
Loading clusters_planeX_batch0154.npz... loaded 2994 samples (total: 467093)
Loading clusters_planeX_batch0155.npz... loaded 3117 samples (total: 470210)
Loading clusters_planeX_batch0156.npz... loaded 3054 samples (total: 473264)
Loading clusters_planeX_batch0157.npz... loaded 3025 samples (total: 476289)
Loading clusters_planeX_batch0158.npz... loaded 3014 samples (total: 479303)
Loading clusters_planeX_batch0159.npz... loaded 2892 samples (total: 482195)
Loading clusters_planeX_batch0160.npz... loaded 3057 samples (total: 485252)
Loading clusters_planeX_batch0161.npz... loaded 2918 samples (total: 488170)
Loading clusters_planeX_batch0162.npz... loaded 3074 samples (total: 491244)
Loading clusters_planeX_batch0163.npz... loaded 3040 samples (total: 494284)
Loading clusters_planeX_batch0164.npz... loaded 2986 samples (total: 497270)
Loading clusters_planeX_batch0165.npz... loaded 2858 samples (total: 500128)
Loading clusters_planeX_batch0166.npz... loaded 3051 samples (total: 503179)
Loading clusters_planeX_batch0167.npz... loaded 3047 samples (total: 506226)
Loading clusters_planeX_batch0168.npz... loaded 3037 samples (total: 509263)
Loading clusters_planeX_batch0169.npz... loaded 3064 samples (total: 512327)
Loading clusters_planeX_batch0170.npz... loaded 3015 samples (total: 515342)
Loading clusters_planeX_batch0171.npz... loaded 2996 samples (total: 518338)
Loading clusters_planeX_batch0172.npz... loaded 2922 samples (total: 521260)
Loading clusters_planeX_batch0173.npz... loaded 3024 samples (total: 524284)
Loading clusters_planeX_batch0174.npz... loaded 2935 samples (total: 527219)
Loading clusters_planeX_batch0175.npz... loaded 3043 samples (total: 530262)
Loading clusters_planeX_batch0176.npz... loaded 3084 samples (total: 533346)
Loading clusters_planeX_batch0177.npz... loaded 2939 samples (total: 536285)
Loading clusters_planeX_batch0178.npz... loaded 2879 samples (total: 539164)
Loading clusters_planeX_batch0179.npz... loaded 2933 samples (total: 542097)
Loading clusters_planeX_batch0180.npz... loaded 3003 samples (total: 545100)
Loading clusters_planeX_batch0181.npz... loaded 3005 samples (total: 548105)
Loading clusters_planeX_batch0182.npz... loaded 3022 samples (total: 551127)
Loading clusters_planeX_batch0183.npz... loaded 3048 samples (total: 554175)
Loading clusters_planeX_batch0184.npz... loaded 2998 samples (total: 557173)
Loading clusters_planeX_batch0185.npz... loaded 2925 samples (total: 560098)
Loading clusters_planeX_batch0186.npz... loaded 3048 samples (total: 563146)
Loading clusters_planeX_batch0187.npz... loaded 3000 samples (total: 566146)
Loading clusters_planeX_batch0188.npz... loaded 3020 samples (total: 569166)
Loading clusters_planeX_batch0189.npz... loaded 3034 samples (total: 572200)
Loading clusters_planeX_batch0190.npz... loaded 3077 samples (total: 575277)
Loading clusters_planeX_batch0191.npz... loaded 3029 samples (total: 578306)
Loading clusters_planeX_batch0192.npz... loaded 2934 samples (total: 581240)
Loading clusters_planeX_batch0193.npz... loaded 3000 samples (total: 584240)
Loading clusters_planeX_batch0194.npz... loaded 3074 samples (total: 587314)
Loading clusters_planeX_batch0195.npz... loaded 3029 samples (total: 590343)
Loading clusters_planeX_batch0196.npz... loaded 2976 samples (total: 593319)
Loading clusters_planeX_batch0197.npz... loaded 3054 samples (total: 596373)
Loading clusters_planeX_batch0198.npz... loaded 3014 samples (total: 599387)
Loading clusters_planeX_batch0199.npz... loaded 2906 samples (total: 602293)
Loading clusters_planeX_batch0200.npz... loaded 2977 samples (total: 605270)
Loading clusters_planeX_batch0201.npz... loaded 3053 samples (total: 608323)
Loading clusters_planeX_batch0202.npz... loaded 3032 samples (total: 611355)
Loading clusters_planeX_batch0203.npz... loaded 3002 samples (total: 614357)
Loading clusters_planeX_batch0204.npz... loaded 3132 samples (total: 617489)
Loading clusters_planeX_batch0205.npz... loaded 2969 samples (total: 620458)
Loading clusters_planeX_batch0206.npz... loaded 2979 samples (total: 623437)
Loading clusters_planeX_batch0207.npz... loaded 3034 samples (total: 626471)
Loading clusters_planeX_batch0208.npz... loaded 2968 samples (total: 629439)
Loading clusters_planeX_batch0209.npz... loaded 3051 samples (total: 632490)
Loading clusters_planeX_batch0210.npz... loaded 3101 samples (total: 635591)
Loading clusters_planeX_batch0211.npz... loaded 3029 samples (total: 638620)
Loading clusters_planeX_batch0212.npz... loaded 3024 samples (total: 641644)
Loading clusters_planeX_batch0213.npz... loaded 2883 samples (total: 644527)
Loading clusters_planeX_batch0214.npz... loaded 2988 samples (total: 647515)
Loading clusters_planeX_batch0215.npz... loaded 3059 samples (total: 650574)
Loading clusters_planeX_batch0216.npz... loaded 3016 samples (total: 653590)
Loading clusters_planeX_batch0217.npz... loaded 3024 samples (total: 656614)
Loading clusters_planeX_batch0218.npz... loaded 3080 samples (total: 659694)
Loading clusters_planeX_batch0219.npz... loaded 2972 samples (total: 662666)
Loading clusters_planeX_batch0220.npz... loaded 3017 samples (total: 665683)
Loading clusters_planeX_batch0221.npz... loaded 3063 samples (total: 668746)
Loading clusters_planeX_batch0222.npz... loaded 2932 samples (total: 671678)
Loading clusters_planeX_batch0223.npz... loaded 3069 samples (total: 674747)
Loading clusters_planeX_batch0224.npz... loaded 3009 samples (total: 677756)
Loading clusters_planeX_batch0225.npz... loaded 3027 samples (total: 680783)
Loading clusters_planeX_batch0226.npz... loaded 3149 samples (total: 683932)
Loading clusters_planeX_batch0227.npz... loaded 2895 samples (total: 686827)
Loading clusters_planeX_batch0228.npz... loaded 2969 samples (total: 689796)
Loading clusters_planeX_batch0229.npz... loaded 3032 samples (total: 692828)
Loading clusters_planeX_batch0230.npz... loaded 3035 samples (total: 695863)
Loading clusters_planeX_batch0231.npz... loaded 3078 samples (total: 698941)
Loading clusters_planeX_batch0232.npz... loaded 3090 samples (total: 702031)
Loading clusters_planeX_batch0233.npz... loaded 3006 samples (total: 705037)
Loading clusters_planeX_batch0234.npz... loaded 3006 samples (total: 708043)
Loading clusters_planeX_batch0235.npz... loaded 2890 samples (total: 710933)
Loading clusters_planeX_batch0236.npz... loaded 3008 samples (total: 713941)
Loading clusters_planeX_batch0237.npz... loaded 3059 samples (total: 717000)
Loading clusters_planeX_batch0238.npz... loaded 3029 samples (total: 720029)
Loading clusters_planeX_batch0239.npz... loaded 3006 samples (total: 723035)
Loading clusters_planeX_batch0240.npz... loaded 3115 samples (total: 726150)
Loading clusters_planeX_batch0241.npz... loaded 2944 samples (total: 729094)
Loading clusters_planeX_batch0242.npz... loaded 2935 samples (total: 732029)
Loading clusters_planeX_batch0243.npz... loaded 3057 samples (total: 735086)
Loading clusters_planeX_batch0244.npz... loaded 2991 samples (total: 738077)
Loading clusters_planeX_batch0245.npz... loaded 2899 samples (total: 740976)
Loading clusters_planeX_batch0246.npz... loaded 3028 samples (total: 744004)
Loading clusters_planeX_batch0247.npz... loaded 3088 samples (total: 747092)
Loading clusters_planeX_batch0248.npz... loaded 2929 samples (total: 750021)
Loading clusters_planeX_batch0249.npz... loaded 2952 samples (total: 752973)
Loading clusters_planeX_batch0250.npz... loaded 3040 samples (total: 756013)
Loading clusters_planeX_batch0251.npz... loaded 3009 samples (total: 759022)
Loading clusters_planeX_batch0252.npz... loaded 3069 samples (total: 762091)
Loading clusters_planeX_batch0253.npz... loaded 3066 samples (total: 765157)
Loading clusters_planeX_batch0254.npz... loaded 2986 samples (total: 768143)
Loading clusters_planeX_batch0255.npz... loaded 2935 samples (total: 771078)
Loading clusters_planeX_batch0256.npz... loaded 3026 samples (total: 774104)
Loading clusters_planeX_batch0257.npz... loaded 3042 samples (total: 777146)
Loading clusters_planeX_batch0258.npz... loaded 3061 samples (total: 780207)
Loading clusters_planeX_batch0259.npz... loaded 3054 samples (total: 783261)
Loading clusters_planeX_batch0260.npz... loaded 3002 samples (total: 786263)
Loading clusters_planeX_batch0261.npz... loaded 3127 samples (total: 789390)
Loading clusters_planeX_batch0262.npz... loaded 2924 samples (total: 792314)
Loading clusters_planeX_batch0263.npz... loaded 2988 samples (total: 795302)
Loading clusters_planeX_batch0264.npz... loaded 3025 samples (total: 798327)
Loading clusters_planeX_batch0265.npz... loaded 3014 samples (total: 801341)
Loading clusters_planeX_batch0266.npz... loaded 3068 samples (total: 804409)
Loading clusters_planeX_batch0267.npz... loaded 2989 samples (total: 807398)
Loading clusters_planeX_batch0268.npz... loaded 3086 samples (total: 810484)
Loading clusters_planeX_batch0269.npz... loaded 2952 samples (total: 813436)
Loading clusters_planeX_batch0270.npz... loaded 2985 samples (total: 816421)
Loading clusters_planeX_batch0271.npz... loaded 3005 samples (total: 819426)
Loading clusters_planeX_batch0272.npz... loaded 2991 samples (total: 822417)
Loading clusters_planeX_batch0273.npz... loaded 3041 samples (total: 825458)
Loading clusters_planeX_batch0274.npz... loaded 3042 samples (total: 828500)
Loading clusters_planeX_batch0275.npz... loaded 3021 samples (total: 831521)
Loading clusters_planeX_batch0276.npz... loaded 2929 samples (total: 834450)
Loading clusters_planeX_batch0277.npz... loaded 3004 samples (total: 837454)
Loading clusters_planeX_batch0278.npz... loaded 3084 samples (total: 840538)
Loading clusters_planeX_batch0279.npz... loaded 3047 samples (total: 843585)
Loading clusters_planeX_batch0280.npz... loaded 3003 samples (total: 846588)
Loading clusters_planeX_batch0281.npz... loaded 3028 samples (total: 849616)
Loading clusters_planeX_batch0282.npz... loaded 3083 samples (total: 852699)
Loading clusters_planeX_batch0283.npz... loaded 2956 samples (total: 855655)
Loading clusters_planeX_batch0284.npz... loaded 2931 samples (total: 858586)
Loading clusters_planeX_batch0285.npz... loaded 3042 samples (total: 861628)
Loading clusters_planeX_batch0286.npz... loaded 3039 samples (total: 864667)
Loading clusters_planeX_batch0287.npz... loaded 3017 samples (total: 867684)
Loading clusters_planeX_batch0288.npz... loaded 3101 samples (total: 870785)
Loading clusters_planeX_batch0289.npz... loaded 3036 samples (total: 873821)
Loading clusters_planeX_batch0290.npz... loaded 2941 samples (total: 876762)
Loading clusters_planeX_batch0291.npz... loaded 2950 samples (total: 879712)
Loading clusters_planeX_batch0292.npz... loaded 3066 samples (total: 882778)
Loading clusters_planeX_batch0293.npz... loaded 2963 samples (total: 885741)
Loading clusters_planeX_batch0294.npz... loaded 3060 samples (total: 888801)
Loading clusters_planeX_batch0295.npz... loaded 3050 samples (total: 891851)
Loading clusters_planeX_batch0296.npz... loaded 3019 samples (total: 894870)
Loading clusters_planeX_batch0297.npz... loaded 2915 samples (total: 897785)
Loading clusters_planeX_batch0298.npz... loaded 3038 samples (total: 900823)
Loading clusters_planeX_batch0299.npz... loaded 3033 samples (total: 903856)
Loading clusters_planeX_batch0300.npz... loaded 3025 samples (total: 906881)
Loading clusters_planeX_batch0301.npz... loaded 3004 samples (total: 909885)
Loading clusters_planeX_batch0302.npz... loaded 3050 samples (total: 912935)
Loading clusters_planeX_batch0303.npz... loaded 3061 samples (total: 915996)
Loading clusters_planeX_batch0304.npz... loaded 2895 samples (total: 918891)
Loading clusters_planeX_batch0305.npz... loaded 2986 samples (total: 921877)
Loading clusters_planeX_batch0306.npz... loaded 3089 samples (total: 924966)
Loading clusters_planeX_batch0307.npz... loaded 3024 samples (total: 927990)
Loading clusters_planeX_batch0308.npz... loaded 2961 samples (total: 930951)
Loading clusters_planeX_batch0309.npz... loaded 3081 samples (total: 934032)
Loading clusters_planeX_batch0310.npz... loaded 2925 samples (total: 936957)
Loading clusters_planeX_batch0311.npz... loaded 2899 samples (total: 939856)
Loading clusters_planeX_batch0312.npz... loaded 2918 samples (total: 942774)
Loading clusters_planeX_batch0313.npz... loaded 3071 samples (total: 945845)
Loading clusters_planeX_batch0314.npz... loaded 2974 samples (total: 948819)
Loading clusters_planeX_batch0315.npz... loaded 3063 samples (total: 951882)
Loading clusters_planeX_batch0316.npz... loaded 3086 samples (total: 954968)
Loading clusters_planeX_batch0317.npz... loaded 3003 samples (total: 957971)
Loading clusters_planeX_batch0318.npz... loaded 2931 samples (total: 960902)
Loading clusters_planeX_batch0319.npz... loaded 3050 samples (total: 963952)
Loading clusters_planeX_batch0320.npz... loaded 3005 samples (total: 966957)
Loading clusters_planeX_batch0321.npz... loaded 3013 samples (total: 969970)
Loading clusters_planeX_batch0322.npz... loaded 3118 samples (total: 973088)
Loading clusters_planeX_batch0323.npz... loaded 3073 samples (total: 976161)
Loading clusters_planeX_batch0324.npz... loaded 3013 samples (total: 979174)
Loading clusters_planeX_batch0325.npz... loaded 2959 samples (total: 982133)
Loading clusters_planeX_batch0326.npz... loaded 3106 samples (total: 985239)
Loading clusters_planeX_batch0327.npz... loaded 3041 samples (total: 988280)
Loading clusters_planeX_batch0328.npz... loaded 3018 samples (total: 991298)
Loading clusters_planeX_batch0329.npz... loaded 3081 samples (total: 994379)
Loading clusters_planeX_batch0330.npz... loaded 2953 samples (total: 997332)
Loading clusters_planeX_batch0331.npz... loaded 2935 samples (total: 1000267)
Loading clusters_planeX_batch0332.npz... loaded 3114 samples (total: 1003381)
Loading clusters_planeX_batch0333.npz... loaded 3030 samples (total: 1006411)
Loading clusters_planeX_batch0334.npz... loaded 3074 samples (total: 1009485)
Loading clusters_planeX_batch0335.npz... loaded 2971 samples (total: 1012456)
Loading clusters_planeX_batch0336.npz... loaded 3026 samples (total: 1015482)
Loading clusters_planeX_batch0337.npz... loaded 3061 samples (total: 1018543)
Loading clusters_planeX_batch0338.npz... loaded 2996 samples (total: 1021539)
Loading clusters_planeX_batch0339.npz... loaded 2878 samples (total: 1024417)
Loading clusters_planeX_batch0340.npz... loaded 2990 samples (total: 1027407)
Loading clusters_planeX_batch0341.npz... loaded 3016 samples (total: 1030423)
Loading clusters_planeX_batch0342.npz... loaded 3032 samples (total: 1033455)
Loading clusters_planeX_batch0343.npz... loaded 3045 samples (total: 1036500)
Loading clusters_planeX_batch0344.npz... loaded 2995 samples (total: 1039495)
Loading clusters_planeX_batch0345.npz... loaded 3083 samples (total: 1042578)
Loading clusters_planeX_batch0346.npz... loaded 2903 samples (total: 1045481)
Loading clusters_planeX_batch0347.npz... loaded 2963 samples (total: 1048444)
Loading clusters_planeX_batch0348.npz... loaded 3073 samples (total: 1051517)
Loading clusters_planeX_batch0349.npz... loaded 3019 samples (total: 1054536)
Loading clusters_planeX_batch0350.npz... loaded 3013 samples (total: 1057549)
Loading clusters_planeX_batch0351.npz... loaded 3093 samples (total: 1060642)
Loading clusters_planeX_batch0352.npz... loaded 2931 samples (total: 1063573)
Loading clusters_planeX_batch0353.npz... loaded 2956 samples (total: 1066529)
Loading clusters_planeX_batch0354.npz... loaded 3023 samples (total: 1069552)
Loading clusters_planeX_batch0355.npz... loaded 3055 samples (total: 1072607)
Loading clusters_planeX_batch0356.npz... loaded 3010 samples (total: 1075617)
Loading clusters_planeX_batch0357.npz... loaded 3025 samples (total: 1078642)
Loading clusters_planeX_batch0358.npz... loaded 3063 samples (total: 1081705)
Loading clusters_planeX_batch0359.npz... loaded 2949 samples (total: 1084654)
Loading clusters_planeX_batch0360.npz... loaded 2943 samples (total: 1087597)
Loading clusters_planeX_batch0361.npz... loaded 3026 samples (total: 1090623)
Loading clusters_planeX_batch0362.npz... loaded 2994 samples (total: 1093617)
Loading clusters_planeX_batch0363.npz... loaded 3093 samples (total: 1096710)
Loading clusters_planeX_batch0364.npz... loaded 3090 samples (total: 1099800)
Loading clusters_planeX_batch0365.npz... loaded 3002 samples (total: 1102802)
Loading clusters_planeX_batch0366.npz... loaded 2946 samples (total: 1105748)
Loading clusters_planeX_batch0367.npz... loaded 2880 samples (total: 1108628)
Loading clusters_planeX_batch0368.npz... loaded 2998 samples (total: 1111626)
Loading clusters_planeX_batch0369.npz... loaded 3059 samples (total: 1114685)
Loading clusters_planeX_batch0370.npz... loaded 2971 samples (total: 1117656)
Loading clusters_planeX_batch0371.npz... loaded 2997 samples (total: 1120653)
Loading clusters_planeX_batch0372.npz... loaded 3086 samples (total: 1123739)
Loading clusters_planeX_batch0373.npz... loaded 2929 samples (total: 1126668)
Loading clusters_planeX_batch0374.npz... loaded 2936 samples (total: 1129604)
Loading clusters_planeX_batch0375.npz... loaded 3074 samples (total: 1132678)
Loading clusters_planeX_batch0376.npz... loaded 2988 samples (total: 1135666)
Loading clusters_planeX_batch0377.npz... loaded 3052 samples (total: 1138718)
Loading clusters_planeX_batch0378.npz... loaded 2994 samples (total: 1141712)
Loading clusters_planeX_batch0379.npz... loaded 3135 samples (total: 1144847)
Loading clusters_planeX_batch0380.npz... loaded 2976 samples (total: 1147823)
Loading clusters_planeX_batch0381.npz... loaded 2933 samples (total: 1150756)
Loading clusters_planeX_batch0382.npz... loaded 3019 samples (total: 1153775)
Loading clusters_planeX_batch0383.npz... loaded 3018 samples (total: 1156793)
Loading clusters_planeX_batch0384.npz... loaded 3056 samples (total: 1159849)
Loading clusters_planeX_batch0385.npz... loaded 3080 samples (total: 1162929)
Loading clusters_planeX_batch0386.npz... loaded 3004 samples (total: 1165933)
Loading clusters_planeX_batch0387.npz... loaded 2847 samples (total: 1168780)
Loading clusters_planeX_batch0388.npz... loaded 2979 samples (total: 1171759)
Loading clusters_planeX_batch0389.npz... loaded 2970 samples (total: 1174729)
Loading clusters_planeX_batch0390.npz... loaded 3049 samples (total: 1177778)
Loading clusters_planeX_batch0391.npz... loaded 3047 samples (total: 1180825)
Loading clusters_planeX_batch0392.npz... loaded 2990 samples (total: 1183815)
Loading clusters_planeX_batch0393.npz... loaded 2949 samples (total: 1186764)
Loading clusters_planeX_batch0394.npz... loaded 2964 samples (total: 1189728)
Loading clusters_planeX_batch0395.npz... loaded 2983 samples (total: 1192711)
Loading clusters_planeX_batch0396.npz... loaded 3017 samples (total: 1195728)
Loading clusters_planeX_batch0397.npz... loaded 3127 samples (total: 1198855)
Loading clusters_planeX_batch0398.npz... loaded 2967 samples (total: 1201822)
Loading clusters_planeX_batch0399.npz... loaded 3040 samples (total: 1204862)
Loading clusters_planeX_batch0400.npz... loaded 2994 samples (total: 1207856)
Loading clusters_planeX_batch0401.npz... loaded 3059 samples (total: 1210915)
Loading clusters_planeX_batch0402.npz... loaded 3054 samples (total: 1213969)
Loading clusters_planeX_batch0403.npz... loaded 2893 samples (total: 1216862)
Loading clusters_planeX_batch0404.npz... loaded 3112 samples (total: 1219974)
Loading clusters_planeX_batch0405.npz... loaded 3033 samples (total: 1223007)
Loading clusters_planeX_batch0406.npz... loaded 3033 samples (total: 1226040)
Loading clusters_planeX_batch0407.npz... loaded 3088 samples (total: 1229128)
Loading clusters_planeX_batch0408.npz... loaded 2963 samples (total: 1232091)
Loading clusters_planeX_batch0409.npz... loaded 2943 samples (total: 1235034)
Loading clusters_planeX_batch0410.npz... loaded 3029 samples (total: 1238063)
Loading clusters_planeX_batch0411.npz... loaded 3049 samples (total: 1241112)
Loading clusters_planeX_batch0412.npz... loaded 3099 samples (total: 1244211)
Loading clusters_planeX_batch0413.npz... loaded 3083 samples (total: 1247294)
Loading clusters_planeX_batch0414.npz... loaded 3054 samples (total: 1250348)
Loading clusters_planeX_batch0415.npz... loaded 2940 samples (total: 1253288)
Loading clusters_planeX_batch0416.npz... loaded 3011 samples (total: 1256299)
Loading clusters_planeX_batch0417.npz... loaded 3101 samples (total: 1259400)
Loading clusters_planeX_batch0418.npz... loaded 2993 samples (total: 1262393)
Loading clusters_planeX_batch0419.npz... loaded 3104 samples (total: 1265497)
Loading clusters_planeX_batch0420.npz... loaded 3042 samples (total: 1268539)
Loading clusters_planeX_batch0421.npz... loaded 2958 samples (total: 1271497)
Loading clusters_planeX_batch0422.npz... loaded 2977 samples (total: 1274474)
Loading clusters_planeX_batch0423.npz... loaded 3013 samples (total: 1277487)
Loading clusters_planeX_batch0424.npz... loaded 3031 samples (total: 1280518)
Loading clusters_planeX_batch0425.npz... loaded 3096 samples (total: 1283614)
Loading clusters_planeX_batch0426.npz... loaded 2911 samples (total: 1286525)
Loading clusters_planeX_batch0427.npz... loaded 3030 samples (total: 1289555)
Loading clusters_planeX_batch0428.npz... loaded 2930 samples (total: 1292485)
Loading clusters_planeX_batch0429.npz... loaded 3016 samples (total: 1295501)
Loading clusters_planeX_batch0430.npz... loaded 3059 samples (total: 1298560)
Loading clusters_planeX_batch0431.npz... loaded 3044 samples (total: 1301604)
Loading clusters_planeX_batch0432.npz... loaded 2909 samples (total: 1304513)
Loading clusters_planeX_batch0433.npz... loaded 3052 samples (total: 1307565)
Loading clusters_planeX_batch0434.npz... loaded 2963 samples (total: 1310528)
Loading clusters_planeX_batch0435.npz... loaded 3049 samples (total: 1313577)
Loading clusters_planeX_batch0436.npz... loaded 3041 samples (total: 1316618)
Loading clusters_planeX_batch0437.npz... loaded 2974 samples (total: 1319592)
Loading clusters_planeX_batch0438.npz... loaded 3023 samples (total: 1322615)
Loading clusters_planeX_batch0439.npz... loaded 3032 samples (total: 1325647)
Loading clusters_planeX_batch0440.npz... loaded 3054 samples (total: 1328701)
Loading clusters_planeX_batch0441.npz... loaded 3111 samples (total: 1331812)
Loading clusters_planeX_batch0442.npz... loaded 3046 samples (total: 1334858)
Loading clusters_planeX_batch0443.npz... loaded 2905 samples (total: 1337763)
Loading clusters_planeX_batch0444.npz... loaded 2897 samples (total: 1340660)
Loading clusters_planeX_batch0445.npz... loaded 3057 samples (total: 1343717)
Loading clusters_planeX_batch0446.npz... loaded 3015 samples (total: 1346732)
Loading clusters_planeX_batch0447.npz... loaded 3061 samples (total: 1349793)
Loading clusters_planeX_batch0448.npz... loaded 2975 samples (total: 1352768)

Total loaded: 1352768 samples from plane X
Image shape: (1352768, 128, 16)
Metadata shape: (1352768, 12)

============================================================
Dataset Statistics
============================================================
Total samples: 1352768

Marley events: 297591 (22.0%)
Main tracks: 191752 (14.2%)
Background: 1161016 (85.8%)

Interaction type:
  ES: 0 (0.0%)
  CC/UNKNOWN: 1352768 (100.0%)

Plane distribution:
  U: 4493 (0.3%)
  V: 7771 (0.6%)
  X: 1056592 (78.1%)
============================================================

Dataset shape after preprocessing: (1352768, 128, 16, 1)
Labels shape: (1352768,)
Unique labels: [0. 1.]

Shuffling the dataset...
Dataset shuffled.

Saving sample images to /eos/user/e/evilla/dune/sn-tps/neural_networks/mt_identifier/hyperopt_simple_cnn/plane_X/20251030_134609/samples...
Sample images saved.

Splitting the dataset...
Training set: 946937 samples
Validation set: 202915 samples
Test set: 202916 samples
============================================================
DATA PREPARATION COMPLETE
============================================================


Loading from directory 2/2: /eos/user/e/evilla/dune/sn-tps/production_cc/images_cc_valid_bg_tick3_ch2_min2_tot3_e2p0

============================================================
LOADING DATA FROM NPZ FILES
============================================================
Data directory: /eos/user/e/evilla/dune/sn-tps/production_cc/images_cc_valid_bg_tick3_ch2_min2_tot3_e2p0
Plane: X
Max samples: All
Found 397 batch file(s) for plane X
Loading clusters_planeX_batch0000.npz... loaded 3448 samples (total: 3448)
Loading clusters_planeX_batch0001.npz... loaded 3461 samples (total: 6909)
Loading clusters_planeX_batch0002.npz... loaded 3414 samples (total: 10323)
Loading clusters_planeX_batch0003.npz... loaded 3335 samples (total: 13658)
Loading clusters_planeX_batch0004.npz... loaded 3453 samples (total: 17111)
Loading clusters_planeX_batch0005.npz... loaded 3403 samples (total: 20514)
Loading clusters_planeX_batch0006.npz... loaded 3490 samples (total: 24004)
Loading clusters_planeX_batch0007.npz... loaded 3445 samples (total: 27449)
Loading clusters_planeX_batch0008.npz... loaded 3417 samples (total: 30866)
Loading clusters_planeX_batch0009.npz... loaded 3424 samples (total: 34290)
Loading clusters_planeX_batch0010.npz... loaded 3427 samples (total: 37717)
Loading clusters_planeX_batch0011.npz... loaded 3449 samples (total: 41166)
Loading clusters_planeX_batch0012.npz... loaded 3540 samples (total: 44706)
Loading clusters_planeX_batch0013.npz... loaded 3457 samples (total: 48163)
Loading clusters_planeX_batch0014.npz... loaded 3228 samples (total: 51391)
Loading clusters_planeX_batch0015.npz... loaded 3460 samples (total: 54851)
Loading clusters_planeX_batch0016.npz... loaded 3425 samples (total: 58276)
Loading clusters_planeX_batch0017.npz... loaded 3432 samples (total: 61708)
Loading clusters_planeX_batch0018.npz... loaded 3526 samples (total: 65234)
Loading clusters_planeX_batch0019.npz... loaded 3297 samples (total: 68531)
Loading clusters_planeX_batch0020.npz... loaded 3505 samples (total: 72036)
Loading clusters_planeX_batch0021.npz... loaded 3542 samples (total: 75578)
Loading clusters_planeX_batch0022.npz... loaded 3363 samples (total: 78941)
Loading clusters_planeX_batch0023.npz... loaded 3478 samples (total: 82419)
Loading clusters_planeX_batch0024.npz... loaded 3372 samples (total: 85791)
Loading clusters_planeX_batch0025.npz... loaded 3478 samples (total: 89269)
Loading clusters_planeX_batch0026.npz... loaded 3518 samples (total: 92787)
Loading clusters_planeX_batch0027.npz... loaded 3336 samples (total: 96123)
Loading clusters_planeX_batch0028.npz... loaded 3485 samples (total: 99608)
Loading clusters_planeX_batch0029.npz... loaded 3379 samples (total: 102987)
Loading clusters_planeX_batch0030.npz... loaded 3443 samples (total: 106430)
Loading clusters_planeX_batch0031.npz... loaded 3491 samples (total: 109921)
Loading clusters_planeX_batch0032.npz... loaded 3317 samples (total: 113238)
Loading clusters_planeX_batch0033.npz... loaded 3482 samples (total: 116720)
Loading clusters_planeX_batch0034.npz... loaded 3491 samples (total: 120211)
Loading clusters_planeX_batch0035.npz... loaded 3413 samples (total: 123624)
Loading clusters_planeX_batch0036.npz... loaded 3475 samples (total: 127099)
Loading clusters_planeX_batch0037.npz... loaded 3512 samples (total: 130611)
Loading clusters_planeX_batch0038.npz... loaded 3419 samples (total: 134030)
Loading clusters_planeX_batch0039.npz... loaded 3475 samples (total: 137505)
Loading clusters_planeX_batch0040.npz... loaded 3400 samples (total: 140905)
Loading clusters_planeX_batch0041.npz... loaded 3440 samples (total: 144345)
Loading clusters_planeX_batch0042.npz... loaded 3415 samples (total: 147760)
Loading clusters_planeX_batch0043.npz... loaded 3419 samples (total: 151179)
Loading clusters_planeX_batch0044.npz... loaded 3390 samples (total: 154569)
Loading clusters_planeX_batch0045.npz... loaded 3444 samples (total: 158013)
Loading clusters_planeX_batch0046.npz... loaded 3415 samples (total: 161428)
Loading clusters_planeX_batch0047.npz... loaded 3517 samples (total: 164945)
Loading clusters_planeX_batch0048.npz... loaded 3431 samples (total: 168376)
Loading clusters_planeX_batch0049.npz... loaded 3331 samples (total: 171707)
Loading clusters_planeX_batch0050.npz... loaded 3378 samples (total: 175085)
Loading clusters_planeX_batch0051.npz... loaded 3489 samples (total: 178574)
Loading clusters_planeX_batch0052.npz... loaded 3466 samples (total: 182040)
Loading clusters_planeX_batch0053.npz... loaded 3502 samples (total: 185542)
Loading clusters_planeX_batch0054.npz... loaded 3324 samples (total: 188866)
Loading clusters_planeX_batch0055.npz... loaded 3410 samples (total: 192276)
Loading clusters_planeX_batch0056.npz... loaded 3282 samples (total: 195558)
Loading clusters_planeX_batch0057.npz... loaded 3480 samples (total: 199038)
Loading clusters_planeX_batch0058.npz... loaded 3454 samples (total: 202492)
Loading clusters_planeX_batch0059.npz... loaded 3495 samples (total: 205987)
Loading clusters_planeX_batch0060.npz... loaded 3357 samples (total: 209344)
Loading clusters_planeX_batch0061.npz... loaded 3314 samples (total: 212658)
Loading clusters_planeX_batch0062.npz... loaded 3394 samples (total: 216052)
Loading clusters_planeX_batch0063.npz... loaded 3510 samples (total: 219562)
Loading clusters_planeX_batch0064.npz... loaded 3320 samples (total: 222882)
Loading clusters_planeX_batch0065.npz... loaded 3481 samples (total: 226363)
Loading clusters_planeX_batch0066.npz... loaded 3379 samples (total: 229742)
Loading clusters_planeX_batch0067.npz... loaded 3397 samples (total: 233139)
Loading clusters_planeX_batch0068.npz... loaded 3383 samples (total: 236522)
Loading clusters_planeX_batch0069.npz... loaded 3482 samples (total: 240004)
Loading clusters_planeX_batch0070.npz... loaded 3342 samples (total: 243346)
Loading clusters_planeX_batch0071.npz... loaded 3507 samples (total: 246853)
Loading clusters_planeX_batch0072.npz... loaded 3423 samples (total: 250276)
Loading clusters_planeX_batch0073.npz... loaded 3435 samples (total: 253711)
Loading clusters_planeX_batch0074.npz... loaded 3498 samples (total: 257209)
Loading clusters_planeX_batch0075.npz... loaded 3352 samples (total: 260561)
Loading clusters_planeX_batch0076.npz... loaded 3427 samples (total: 263988)
Loading clusters_planeX_batch0077.npz... loaded 3462 samples (total: 267450)
Loading clusters_planeX_batch0078.npz... loaded 3542 samples (total: 270992)
Loading clusters_planeX_batch0079.npz... loaded 3473 samples (total: 274465)
Loading clusters_planeX_batch0080.npz... loaded 3515 samples (total: 277980)
Loading clusters_planeX_batch0081.npz... loaded 3336 samples (total: 281316)
Loading clusters_planeX_batch0082.npz... loaded 3417 samples (total: 284733)
Loading clusters_planeX_batch0083.npz... loaded 3559 samples (total: 288292)
Loading clusters_planeX_batch0084.npz... loaded 3374 samples (total: 291666)
Loading clusters_planeX_batch0085.npz... loaded 3357 samples (total: 295023)
Loading clusters_planeX_batch0086.npz... loaded 3496 samples (total: 298519)
Loading clusters_planeX_batch0087.npz... loaded 3459 samples (total: 301978)
Loading clusters_planeX_batch0088.npz... loaded 3431 samples (total: 305409)
Loading clusters_planeX_batch0089.npz... loaded 3424 samples (total: 308833)
Loading clusters_planeX_batch0090.npz... loaded 3511 samples (total: 312344)
Loading clusters_planeX_batch0091.npz... loaded 3420 samples (total: 315764)
Loading clusters_planeX_batch0092.npz... loaded 3443 samples (total: 319207)
Loading clusters_planeX_batch0093.npz... loaded 3439 samples (total: 322646)
Loading clusters_planeX_batch0094.npz... loaded 3407 samples (total: 326053)
Loading clusters_planeX_batch0095.npz... loaded 3548 samples (total: 329601)
Loading clusters_planeX_batch0096.npz... loaded 3395 samples (total: 332996)
Loading clusters_planeX_batch0097.npz... loaded 3421 samples (total: 336417)
Loading clusters_planeX_batch0098.npz... loaded 3430 samples (total: 339847)
Loading clusters_planeX_batch0099.npz... loaded 3452 samples (total: 343299)
Loading clusters_planeX_batch0100.npz... loaded 3343 samples (total: 346642)
Loading clusters_planeX_batch0101.npz... loaded 3425 samples (total: 350067)
Loading clusters_planeX_batch0102.npz... loaded 3393 samples (total: 353460)
Loading clusters_planeX_batch0103.npz... loaded 3476 samples (total: 356936)
Loading clusters_planeX_batch0104.npz... loaded 3421 samples (total: 360357)
Loading clusters_planeX_batch0105.npz... loaded 3399 samples (total: 363756)
Loading clusters_planeX_batch0106.npz... loaded 3348 samples (total: 367104)
Loading clusters_planeX_batch0107.npz... loaded 3462 samples (total: 370566)
Loading clusters_planeX_batch0108.npz... loaded 3442 samples (total: 374008)
Loading clusters_planeX_batch0109.npz... loaded 3408 samples (total: 377416)
Loading clusters_planeX_batch0110.npz... loaded 3372 samples (total: 380788)
Loading clusters_planeX_batch0111.npz... loaded 3542 samples (total: 384330)
Loading clusters_planeX_batch0112.npz... loaded 3443 samples (total: 387773)
Loading clusters_planeX_batch0113.npz... loaded 3438 samples (total: 391211)
Loading clusters_planeX_batch0114.npz... loaded 3336 samples (total: 394547)
Loading clusters_planeX_batch0115.npz... loaded 3451 samples (total: 397998)
Loading clusters_planeX_batch0116.npz... loaded 3375 samples (total: 401373)
Loading clusters_planeX_batch0117.npz... loaded 3490 samples (total: 404863)
Loading clusters_planeX_batch0118.npz... loaded 3350 samples (total: 408213)
Loading clusters_planeX_batch0119.npz... loaded 3248 samples (total: 411461)
Loading clusters_planeX_batch0120.npz... loaded 3472 samples (total: 414933)
Loading clusters_planeX_batch0121.npz... loaded 3597 samples (total: 418530)
Loading clusters_planeX_batch0122.npz... loaded 3349 samples (total: 421879)
Loading clusters_planeX_batch0123.npz... loaded 3394 samples (total: 425273)
Loading clusters_planeX_batch0124.npz... loaded 3371 samples (total: 428644)
Loading clusters_planeX_batch0125.npz... loaded 3475 samples (total: 432119)
Loading clusters_planeX_batch0126.npz... loaded 3423 samples (total: 435542)
Loading clusters_planeX_batch0127.npz... loaded 3392 samples (total: 438934)
Loading clusters_planeX_batch0128.npz... loaded 3341 samples (total: 442275)
Loading clusters_planeX_batch0129.npz... loaded 3469 samples (total: 445744)
Loading clusters_planeX_batch0130.npz... loaded 3437 samples (total: 449181)
Loading clusters_planeX_batch0131.npz... loaded 3398 samples (total: 452579)
Loading clusters_planeX_batch0132.npz... loaded 3419 samples (total: 455998)
Loading clusters_planeX_batch0133.npz... loaded 3382 samples (total: 459380)
Loading clusters_planeX_batch0134.npz... loaded 3483 samples (total: 462863)
Loading clusters_planeX_batch0135.npz... 

✗ Error during training: [Errno 5] Input/output error
