000 (1640388.000.000) 11/04 11:02:38 Job submitted from host: <188.185.129.8:9618?addrs=188.185.129.8-9618+[2001-1458-d03-1--100-8a]-9618&alias=bigbird101.cern.ch&noUDP&sock=schedd_3613352_8137>
...
040 (1640388.000.000) 11/04 11:03:41 Started transferring input files
	Transferring to host: <188.185.238.11:9618?addrs=188.185.238.11-9618+[2001-1458-303-28--100-7]-9618&alias=b9pgpun003.cern.ch&noUDP&sock=slot1_1_5233_df2e_28582>
...
040 (1640388.000.000) 11/04 11:03:41 Finished transferring input files
...
001 (1640388.000.000) 11/04 11:03:42 Job executing on host: <188.185.238.11:9618?addrs=188.185.238.11-9618+[2001-1458-303-28--100-7]-9618&alias=b9pgpun003.cern.ch&noUDP&sock=startd_4739_2367>
	SlotName: slot1_1@b9pgpun003.cern.ch
	AvailableGPUs = { GPUs_GPU_485ca3da }
	CondorScratchDir = "/pool/condor/dir_4139623"
	Cpus = 7
	Disk = 6955
	GPUs = 1
	GPUs_GPU_485ca3da = [ Id = "GPU-485ca3da"; ClockMhz = 1785.0; Capability = 9.0; CoresPerCU = 128; DeviceName = "NVIDIA H100 NVL"; DeviceUuid = "485ca3da-3471-f6d4-291e-91ecf9613abd"; ECCEnabled = true; ComputeUnits = 132; DriverVersion = 12.9; DevicePciBusId = "0000:3A:00.0"; GlobalMemoryMb = 95320; MaxSupportedVersion = 12090 ]
	Memory = 21000
...
006 (1640388.000.000) 11/04 11:03:55 Image size of job updated: 176972
	11  -  MemoryUsage of job (MB)
	11136  -  ResidentSetSize of job (KB)
...
006 (1640388.000.000) 11/04 11:04:25 Image size of job updated: 439232
	12  -  MemoryUsage of job (MB)
	11564  -  ResidentSetSize of job (KB)
...
040 (1640388.000.000) 11/04 11:04:25 Started transferring output files
...
040 (1640388.000.000) 11/04 11:04:25 Finished transferring output files
...
005 (1640388.000.000) 11/04 11:04:25 Job terminated.
	(1) Normal termination (return value 1)
		Usr 0 00:00:12, Sys 0 00:00:07  -  Run Remote Usage
		Usr 0 00:00:00, Sys 0 00:00:00  -  Run Local Usage
		Usr 0 00:00:12, Sys 0 00:00:07  -  Total Remote Usage
		Usr 0 00:00:00, Sys 0 00:00:00  -  Total Local Usage
	15088  -  Run Bytes Sent By Job
	2194  -  Run Bytes Received By Job
	15088  -  Total Bytes Sent By Job
	2194  -  Total Bytes Received By Job
	Partitionable Resources :    Usage  Request Allocated Assigned
	   Cpus                 :        0        7         7 
	   Disk (KB)            :       42        3      6955 
	   GPUs                 :                 1         1 "GPU-485ca3da"
	   Memory (MB)          :       12    21000     21000 
	   TimeExecute (s)      :       43                    
	   TimeSlotBusy (s)     :       45                    

	Job terminated of its own accord at 2025-11-04T10:04:25Z with exit-code 1.
...
