000 (10608269.000.000) 11/05 17:53:55 Job submitted from host: <188.185.70.244:9618?addrs=188.185.70.244-9618+[2001-1458-d00-7--100-2ee]-9618&alias=bigbird10.cern.ch&noUDP&sock=schedd_3518298_5df3>
...
040 (10608269.000.000) 11/05 17:54:15 Started transferring input files
	Transferring to host: <188.185.194.98:9618?addrs=188.185.194.98-9618+[2001-1458-303-21--100-5e]-9618&alias=b9p20p1491.cern.ch&noUDP&sock=slot1_1_7848_6038_40347>
...
040 (10608269.000.000) 11/05 17:54:15 Finished transferring input files
...
001 (10608269.000.000) 11/05 17:54:16 Job executing on host: <188.185.194.98:9618?addrs=188.185.194.98-9618+[2001-1458-303-21--100-5e]-9618&alias=b9p20p1491.cern.ch&noUDP&sock=startd_6526_df25>
	SlotName: slot1_1@b9p20p1491.cern.ch
	CondorScratchDir = "/pool/condor/dir_114507"
	Cpus = 14
	Disk = 20974482
	GPUs = 0
	Memory = 42000
...
006 (10608269.000.000) 11/05 17:54:30 Image size of job updated: 38888
	38  -  MemoryUsage of job (MB)
	38888  -  ResidentSetSize of job (KB)
...
006 (10608269.000.000) 11/05 17:59:31 Image size of job updated: 9473368
	2549  -  MemoryUsage of job (MB)
	2609816  -  ResidentSetSize of job (KB)
...
006 (10608269.000.000) 11/05 18:04:32 Image size of job updated: 14288236
	10474  -  MemoryUsage of job (MB)
	10724576  -  ResidentSetSize of job (KB)
...
006 (10608269.000.000) 11/05 18:09:32 Image size of job updated: 14288236
	10839  -  MemoryUsage of job (MB)
	11098976  -  ResidentSetSize of job (KB)
...
006 (10608269.000.000) 11/05 18:14:32 Image size of job updated: 14288236
	10861  -  MemoryUsage of job (MB)
	11120720  -  ResidentSetSize of job (KB)
...
006 (10608269.000.000) 11/05 18:19:33 Image size of job updated: 14288236
	10873  -  MemoryUsage of job (MB)
	11133808  -  ResidentSetSize of job (KB)
...
006 (10608269.000.000) 11/05 18:24:33 Image size of job updated: 14288236
	10891  -  MemoryUsage of job (MB)
	11151608  -  ResidentSetSize of job (KB)
...
006 (10608269.000.000) 11/05 18:29:33 Image size of job updated: 14288236
	10908  -  MemoryUsage of job (MB)
	11168792  -  ResidentSetSize of job (KB)
...
006 (10608269.000.000) 11/05 18:34:34 Image size of job updated: 14288236
	10923  -  MemoryUsage of job (MB)
	11184472  -  ResidentSetSize of job (KB)
...
006 (10608269.000.000) 11/05 18:39:34 Image size of job updated: 14288236
	10938  -  MemoryUsage of job (MB)
	11199528  -  ResidentSetSize of job (KB)
...
006 (10608269.000.000) 11/05 18:44:35 Image size of job updated: 14288236
	10953  -  MemoryUsage of job (MB)
	11214988  -  ResidentSetSize of job (KB)
...
006 (10608269.000.000) 11/05 18:49:36 Image size of job updated: 14288236
	10964  -  MemoryUsage of job (MB)
	11226744  -  ResidentSetSize of job (KB)
...
006 (10608269.000.000) 11/05 18:54:36 Image size of job updated: 14288236
	10979  -  MemoryUsage of job (MB)
	11241712  -  ResidentSetSize of job (KB)
...
040 (10608269.000.000) 11/05 18:59:12 Started transferring output files
...
040 (10608269.000.000) 11/05 18:59:12 Finished transferring output files
...
005 (10608269.000.000) 11/05 18:59:12 Job terminated.
	(1) Normal termination (return value 0)
		Usr 0 13:46:01, Sys 0 01:23:12  -  Run Remote Usage
		Usr 0 00:00:00, Sys 0 00:00:00  -  Run Local Usage
		Usr 0 13:46:01, Sys 0 01:23:12  -  Total Remote Usage
		Usr 0 00:00:00, Sys 0 00:00:00  -  Total Local Usage
	12367441  -  Run Bytes Sent By Job
	2194  -  Run Bytes Received By Job
	12367441  -  Total Bytes Sent By Job
	2194  -  Total Bytes Received By Job
	Partitionable Resources :    Usage  Request Allocated 
	   Cpus                 :    16.60       14        14 
	   Disk (KB)            : 12102    20971520  20974482 
	   GPUs                 :                           0 
	   Memory (MB)          : 10979       42000     42000 
	   TimeExecute (s)      :  3896                       
	   TimeSlotBusy (s)     :  3898                       

	Job terminated of its own accord at 2025-11-05T17:59:12Z with exit-code 0.
...
