000 (1639625.000.000) 11/04 01:07:13 Job submitted from host: <188.185.129.8:9618?addrs=188.185.129.8-9618+[2001-1458-d03-1--100-8a]-9618&alias=bigbird101.cern.ch&noUDP&sock=schedd_3613352_8137>
...
040 (1639625.000.000) 11/04 01:39:56 Started transferring input files
	Transferring to host: <188.185.238.10:9618?addrs=188.185.238.10-9618+[2001-1458-303-28--100-6]-9618&alias=b9pgpun002.cern.ch&noUDP&sock=slot1_1_6435_ca1f_28052>
...
040 (1639625.000.000) 11/04 01:39:56 Finished transferring input files
...
001 (1639625.000.000) 11/04 01:39:57 Job executing on host: <188.185.238.10:9618?addrs=188.185.238.10-9618+[2001-1458-303-28--100-6]-9618&alias=b9pgpun002.cern.ch&noUDP&sock=startd_5467_7c5a>
	SlotName: slot1_1@b9pgpun002.cern.ch
	AvailableGPUs = { GPUs_GPU_1164dceb }
	CondorScratchDir = "/pool/condor/dir_2823549"
	Cpus = 7
	Disk = 6925
	GPUs = 1
	GPUs_GPU_1164dceb = [ Id = "GPU-1164dceb"; ClockMhz = 1785.0; Capability = 9.0; CoresPerCU = 128; DeviceName = "NVIDIA H100 NVL"; DeviceUuid = "1164dceb-fef9-9731-e6b7-4c427dea8cb4"; ECCEnabled = true; ComputeUnits = 132; DriverVersion = 12.9; DevicePciBusId = "0000:3A:00.0"; GlobalMemoryMb = 95320; MaxSupportedVersion = 12090 ]
	Memory = 21000
...
006 (1639625.000.000) 11/04 01:40:11 Image size of job updated: 188972
	34  -  MemoryUsage of job (MB)
	34384  -  ResidentSetSize of job (KB)
...
006 (1639625.000.000) 11/04 01:41:12 Image size of job updated: 1419140
	34  -  MemoryUsage of job (MB)
	34684  -  ResidentSetSize of job (KB)
...
040 (1639625.000.000) 11/04 01:41:12 Started transferring output files
...
040 (1639625.000.000) 11/04 01:41:12 Finished transferring output files
...
005 (1639625.000.000) 11/04 01:41:12 Job terminated.
	(1) Normal termination (return value 1)
		Usr 0 00:00:13, Sys 0 00:00:08  -  Run Remote Usage
		Usr 0 00:00:00, Sys 0 00:00:00  -  Run Local Usage
		Usr 0 00:00:13, Sys 0 00:00:08  -  Total Remote Usage
		Usr 0 00:00:00, Sys 0 00:00:00  -  Total Local Usage
	89307  -  Run Bytes Sent By Job
	2194  -  Run Bytes Received By Job
	89307  -  Total Bytes Sent By Job
	2194  -  Total Bytes Received By Job
	Partitionable Resources :    Usage  Request Allocated Assigned
	   Cpus                 :     0.07        7         7 
	   Disk (KB)            :   142           3      6925 
	   GPUs                 :     0           1         1 "GPU-1164dceb"
	   GpusMemory (MB)      :   514                       
	   Memory (MB)          :    34       21000     21000 
	   TimeExecute (s)      :    75                       
	   TimeSlotBusy (s)     :    77                       

	Job terminated of its own accord at 2025-11-04T00:41:12Z with exit-code 1.
...
