000 (17832101.000.000) 10/30 00:24:01 Job submitted from host: <188.185.72.155:9618?addrs=188.185.72.155-9618+[2001-1458-d00-8--100-95]-9618&alias=bigbird08.cern.ch&noUDP&sock=schedd_3361999_40de>
...
040 (17832101.000.000) 10/30 00:25:00 Started transferring input files
	Transferring to host: <188.185.190.24:9618?addrs=188.185.190.24-9618+[2001-1458-d03-b--100-d9]-9618&alias=b9pgpun058.cern.ch&noUDP&sock=slot1_1_250348_903d_9757>
...
040 (17832101.000.000) 10/30 00:25:00 Finished transferring input files
...
001 (17832101.000.000) 10/30 00:25:01 Job executing on host: <188.185.190.24:9618?addrs=188.185.190.24-9618+[2001-1458-d03-b--100-d9]-9618&alias=b9pgpun058.cern.ch&noUDP&sock=startd_247771_e032>
	SlotName: slot1_1@b9pgpun058.cern.ch
	AvailableGPUs = { GPUs_MIG_0e4bc51a_b96a_5bcc_be3f_2b4f22604acb }
	CondorScratchDir = "/pool/condor/dir_911116"
	Cpus = 7
	Disk = 2098160
	GPUs = 1
	GPUs_MIG_0e4bc51a_b96a_5bcc_be3f_2b4f22604acb = [ Id = "MIG-0e4bc51a-b96a-5bcc-be3f-2b4f22604acb"; DeviceName = "NVIDIA H100L-2-24C MIG 2g.24gb"; DeviceUuid = "MIG-0e4bc51a-b96a-5bcc-be3f-2b4f22604acb"; ComputeUnits = 32; GlobalMemoryMb = 21547 ]
	Memory = 21000
...
006 (17832101.000.000) 10/30 00:25:14 Image size of job updated: 17132
	17  -  MemoryUsage of job (MB)
	17132  -  ResidentSetSize of job (KB)
...
006 (17832101.000.000) 10/30 00:30:14 Image size of job updated: 21568268
	11240  -  MemoryUsage of job (MB)
	11509192  -  ResidentSetSize of job (KB)
...
006 (17832101.000.000) 10/30 00:34:33 Image size of job updated: 22011940
	11240  -  MemoryUsage of job (MB)
	11509192  -  ResidentSetSize of job (KB)
...
040 (17832101.000.000) 10/30 00:34:33 Started transferring output files
...
040 (17832101.000.000) 10/30 00:34:33 Finished transferring output files
...
005 (17832101.000.000) 10/30 00:34:33 Job terminated.
	(1) Normal termination (return value 1)
		Usr 0 00:00:46, Sys 0 00:00:50  -  Run Remote Usage
		Usr 0 00:00:00, Sys 0 00:00:00  -  Run Local Usage
		Usr 0 00:00:46, Sys 0 00:00:50  -  Total Remote Usage
		Usr 0 00:00:00, Sys 0 00:00:00  -  Total Local Usage
	84129  -  Run Bytes Sent By Job
	1768  -  Run Bytes Received By Job
	84129  -  Total Bytes Sent By Job
	1768  -  Total Bytes Received By Job
	Partitionable Resources :    Usage  Request Allocated Assigned
	   Cpus                 :     0.43        7         7 
	   Disk (KB)            :   112     2097152   2098160 
	   GPUs                 :                 1         1 "MIG-0e4bc51a-b96a-5bcc-be3f-2b4f22604acb"
	   Memory (MB)          : 11240       21000     21000 
	   TimeExecute (s)      :   572                       
	   TimeSlotBusy (s)     :   574                       

	Job terminated of its own accord at 2025-10-29T23:34:33Z with exit-code 1.
...
