000 (1632667.000.000) 11/02 00:28:22 Job submitted from host: <188.185.129.8:9618?addrs=188.185.129.8-9618+[2001-1458-d03-1--100-8a]-9618&alias=bigbird101.cern.ch&noUDP&sock=schedd_3613352_8137>
...
040 (1632667.000.000) 11/02 00:28:32 Started transferring input files
	Transferring to host: <188.185.190.45:9618?addrs=188.185.190.45-9618+[2001-1458-d03-b--100-3]-9618&alias=b9pgpun039.cern.ch&noUDP&sock=slot1_1_8987_e787_21574>
...
040 (1632667.000.000) 11/02 00:28:32 Finished transferring input files
...
001 (1632667.000.000) 11/02 00:28:33 Job executing on host: <188.185.190.45:9618?addrs=188.185.190.45-9618+[2001-1458-d03-b--100-3]-9618&alias=b9pgpun039.cern.ch&noUDP&sock=startd_8943_bb8d>
	SlotName: slot1_1@b9pgpun039.cern.ch
	AvailableGPUs = { GPUs_MIG_c2919906_b631_576d_8412_af7f0c9661f4 }
	CondorScratchDir = "/pool/condor/dir_363190"
	Cpus = 14
	Disk = 2098179
	GPUs = 1
	GPUs_MIG_c2919906_b631_576d_8412_af7f0c9661f4 = [ Id = "MIG-c2919906-b631-576d-8412-af7f0c9661f4"; DeviceName = "NVIDIA H100L-2-24C MIG 2g.24gb"; DeviceUuid = "MIG-c2919906-b631-576d-8412-af7f0c9661f4"; ComputeUnits = 32; GlobalMemoryMb = 21547 ]
	Memory = 42000
...
006 (1632667.000.000) 11/02 00:28:46 Image size of job updated: 183256
	36  -  MemoryUsage of job (MB)
	36020  -  ResidentSetSize of job (KB)
...
006 (1632667.000.000) 11/02 00:33:46 Image size of job updated: 8417348
	8221  -  MemoryUsage of job (MB)
	8417348  -  ResidentSetSize of job (KB)
...
006 (1632667.000.000) 11/02 00:38:47 Image size of job updated: 24879268
	16454  -  MemoryUsage of job (MB)
	16848880  -  ResidentSetSize of job (KB)
...
006 (1632667.000.000) 11/02 00:43:48 Image size of job updated: 36971996
	36106  -  MemoryUsage of job (MB)
	36971996  -  ResidentSetSize of job (KB)
...
006 (1632667.000.000) 11/02 00:48:48 Image size of job updated: 37228928
	36106  -  MemoryUsage of job (MB)
	36971996  -  ResidentSetSize of job (KB)
...
040 (1632667.000.000) 11/02 11:38:01 Started transferring output files
...
040 (1632667.000.000) 11/02 11:38:01 Finished transferring output files
...
005 (1632667.000.000) 11/02 11:38:01 Job terminated.
	(1) Normal termination (return value 127)
		Usr 0 10:03:35, Sys 0 02:02:05  -  Run Remote Usage
		Usr 0 00:00:00, Sys 0 00:00:00  -  Run Local Usage
		Usr 0 10:03:35, Sys 0 02:02:05  -  Total Remote Usage
		Usr 0 00:00:00, Sys 0 00:00:00  -  Total Local Usage
	2596301  -  Run Bytes Sent By Job
	2210  -  Run Bytes Received By Job
	2596301  -  Total Bytes Sent By Job
	2210  -  Total Bytes Received By Job
	Partitionable Resources :    Usage  Request Allocated Assigned
	   Cpus                 :     1.27       14        14 
	   Disk (KB)            :  2566     2097152   2098179 
	   GPUs                 :                 1         1 "MIG-c2919906-b631-576d-8412-af7f0c9661f4"
	   Memory (MB)          : 36106       42000     42000 
	   TimeExecute (s)      : 40168                       
	   TimeSlotBusy (s)     : 40169                       

	Job terminated of its own accord at 2025-11-02T10:38:01Z with exit-code 127.
...
