000 (17832069.000.000) 10/29 23:32:12 Job submitted from host: <188.185.72.155:9618?addrs=188.185.72.155-9618+[2001-1458-d00-8--100-95]-9618&alias=bigbird08.cern.ch&noUDP&sock=schedd_3361999_40de>
...
040 (17832069.000.000) 10/29 23:32:56 Started transferring input files
	Transferring to host: <188.185.190.72:9618?addrs=188.185.190.72-9618+[2001-1458-d03-b--100-24d]-9618&alias=b9pgpun045.cern.ch&noUDP&sock=slot1_1_8895_1503_24274>
...
040 (17832069.000.000) 10/29 23:32:56 Finished transferring input files
...
001 (17832069.000.000) 10/29 23:32:57 Job executing on host: <188.185.190.72:9618?addrs=188.185.190.72-9618+[2001-1458-d03-b--100-24d]-9618&alias=b9pgpun045.cern.ch&noUDP&sock=startd_8703_1cd2>
	SlotName: slot1_1@b9pgpun045.cern.ch
	AvailableGPUs = { GPUs_MIG_6c240fa3_ddc8_5e85_b35f_9f3ad50cd32c }
	CondorScratchDir = "/pool/condor/dir_2251501"
	Cpus = 7
	Disk = 2098169
	GPUs = 1
	GPUs_MIG_6c240fa3_ddc8_5e85_b35f_9f3ad50cd32c = [ Id = "MIG-6c240fa3-ddc8-5e85-b35f-9f3ad50cd32c"; DeviceName = "NVIDIA H100L-2-24C MIG 2g.24gb"; DeviceUuid = "MIG-6c240fa3-ddc8-5e85-b35f-9f3ad50cd32c"; ComputeUnits = 32; GlobalMemoryMb = 21547 ]
	Memory = 21000
...
006 (17832069.000.000) 10/29 23:33:11 Image size of job updated: 203952
	200  -  MemoryUsage of job (MB)
	203952  -  ResidentSetSize of job (KB)
...
006 (17832069.000.000) 10/29 23:38:12 Image size of job updated: 20160776
	19689  -  MemoryUsage of job (MB)
	20160776  -  ResidentSetSize of job (KB)
...
006 (17832069.000.000) 10/29 23:43:12 Image size of job updated: 37181620
	21272  -  MemoryUsage of job (MB)
	21782440  -  ResidentSetSize of job (KB)
...
006 (17832069.000.000) 10/29 23:48:13 Image size of job updated: 37181620
	28135  -  MemoryUsage of job (MB)
	28809516  -  ResidentSetSize of job (KB)
...
006 (17832069.000.000) 10/29 23:53:14 Image size of job updated: 37181620
	28137  -  MemoryUsage of job (MB)
	28811968  -  ResidentSetSize of job (KB)
...
006 (17832069.000.000) 10/29 23:58:14 Image size of job updated: 37181620
	28138  -  MemoryUsage of job (MB)
	28812732  -  ResidentSetSize of job (KB)
...
006 (17832069.000.000) 10/30 00:03:14 Image size of job updated: 37181620
	28139  -  MemoryUsage of job (MB)
	28814052  -  ResidentSetSize of job (KB)
...
006 (17832069.000.000) 10/30 00:08:15 Image size of job updated: 37181620
	28140  -  MemoryUsage of job (MB)
	28814792  -  ResidentSetSize of job (KB)
...
006 (17832069.000.000) 10/30 00:13:15 Image size of job updated: 37181620
	28140  -  MemoryUsage of job (MB)
	28815112  -  ResidentSetSize of job (KB)
...
006 (17832069.000.000) 10/30 00:18:15 Image size of job updated: 37181620
	28141  -  MemoryUsage of job (MB)
	28815612  -  ResidentSetSize of job (KB)
...
006 (17832069.000.000) 10/30 00:23:16 Image size of job updated: 37181620
	28141  -  MemoryUsage of job (MB)
	28816204  -  ResidentSetSize of job (KB)
...
006 (17832069.000.000) 10/30 00:28:16 Image size of job updated: 37181620
	28142  -  MemoryUsage of job (MB)
	28816592  -  ResidentSetSize of job (KB)
...
006 (17832069.000.000) 10/30 00:33:16 Image size of job updated: 37181620
	28142  -  MemoryUsage of job (MB)
	28817124  -  ResidentSetSize of job (KB)
...
006 (17832069.000.000) 10/30 00:38:17 Image size of job updated: 37181620
	28143  -  MemoryUsage of job (MB)
	28817588  -  ResidentSetSize of job (KB)
...
006 (17832069.000.000) 10/30 00:43:18 Image size of job updated: 37181620
	28143  -  MemoryUsage of job (MB)
	28818256  -  ResidentSetSize of job (KB)
...
006 (17832069.000.000) 10/30 00:48:18 Image size of job updated: 37181620
	35910  -  MemoryUsage of job (MB)
	36771788  -  ResidentSetSize of job (KB)
...
006 (17832069.000.000) 10/30 00:49:48 Image size of job updated: 37986472
	35910  -  MemoryUsage of job (MB)
	36771788  -  ResidentSetSize of job (KB)
...
021 (17832069.000.000) 10/30 00:49:48 Error from starter on slot1_1@b9pgpun045.cern.ch:
	Job has gone over cgroup memory limit of 21000 megabytes. Last measured usage: 37096 megabytes.  Consider resubmitting with a higher request_memory.
	Code 34 Subcode 0
...
004 (17832069.000.000) 10/30 00:49:48 Job was evicted.
	(0) CPU times
		Usr 0 01:05:58, Sys 0 00:25:28  -  Run Remote Usage
		Usr 0 00:00:00, Sys 0 00:00:00  -  Run Local Usage
	0  -  Run Bytes Sent By Job
	1768  -  Run Bytes Received By Job
	Error from slot1_1@b9pgpun045.cern.ch: Job has gone over cgroup memory limit of 21000 megabytes. Last measured usage: 37096 megabytes.  Consider resubmitting with a higher request_memory.
	Partitionable Resources :    Usage  Request Allocated Assigned
	   Cpus                 :     0.38        7         7 
	   Disk (KB)            :   224     2097152   2098169 
	   GPUs                 :                 1         1 "MIG-6c240fa3-ddc8-5e85-b35f-9f3ad50cd32c"
	   Memory (MB)          : 35910       21000     21000 
	   TimeSlotBusy (s)     :  4613                       
...
012 (17832069.000.000) 10/30 00:49:48 Job was held.
	Error from slot1_1@b9pgpun045.cern.ch: Job has gone over cgroup memory limit of 21000 megabytes. Last measured usage: 37096 megabytes.  Consider resubmitting with a higher request_memory.
	Code 34 Subcode 0
...
009 (17832069.000.000) 10/30 10:00:11 Job was aborted.
	via condor_rm (by user evilla)
...
