000 (17825298.000.000) 10/29 14:14:31 Job submitted from host: <188.185.72.155:9618?addrs=188.185.72.155-9618+[2001-1458-d00-8--100-95]-9618&alias=bigbird08.cern.ch&noUDP&sock=schedd_3361999_40de>
...
040 (17825298.000.000) 10/29 14:16:13 Started transferring input files
	Transferring to host: <188.184.195.190:9618?addrs=188.184.195.190-9618+[2001-1458-301-72--100-30a]-9618&alias=b9g47n9082.cern.ch&noUDP&sock=slot1_1_6187_0d15_25565>
...
040 (17825298.000.000) 10/29 14:16:13 Finished transferring input files
...
001 (17825298.000.000) 10/29 14:16:14 Job executing on host: <188.184.195.190:9618?addrs=188.184.195.190-9618+[2001-1458-301-72--100-30a]-9618&alias=b9g47n9082.cern.ch&noUDP&sock=startd_5341_0f6b>
	SlotName: slot1_1@b9g47n9082.cern.ch
	AvailableGPUs = { GPUs_GPU_e82e3e5b }
	CondorScratchDir = "/pool/condor/dir_447161"
	Cpus = 4
	Disk = 2098177
	GPUs = 1
	GPUs_GPU_e82e3e5b = [ Id = "GPU-e82e3e5b"; ClockMhz = 1597.0; Capability = 7.0; CoresPerCU = 64; DeviceName = "Tesla V100S-PCIE-32GB"; DeviceUuid = "e82e3e5b-d23d-aa93-7c9b-ee3c3819a690"; ECCEnabled = true; ComputeUnits = 80; DriverVersion = 12.9; DevicePciBusId = "0000:07:00.0"; GlobalMemoryMb = 32494; MaxSupportedVersion = 12090 ]
	Memory = 12000
...
006 (17825298.000.000) 10/29 14:16:28 Image size of job updated: 115060
	113  -  MemoryUsage of job (MB)
	115060  -  ResidentSetSize of job (KB)
...
006 (17825298.000.000) 10/29 14:21:29 Image size of job updated: 13293888
	12826  -  MemoryUsage of job (MB)
	13132836  -  ResidentSetSize of job (KB)
...
006 (17825298.000.000) 10/29 14:26:29 Image size of job updated: 13329088
	12826  -  MemoryUsage of job (MB)
	13132836  -  ResidentSetSize of job (KB)
...
006 (17825298.000.000) 10/29 14:31:29 Image size of job updated: 13405380
	12902  -  MemoryUsage of job (MB)
	13211124  -  ResidentSetSize of job (KB)
...
006 (17825298.000.000) 10/29 15:26:35 Image size of job updated: 14022108
	13687  -  MemoryUsage of job (MB)
	14014680  -  ResidentSetSize of job (KB)
...
006 (17825298.000.000) 10/29 15:31:47 Image size of job updated: 14433692
	14096  -  MemoryUsage of job (MB)
	14433692  -  ResidentSetSize of job (KB)
...
006 (17825298.000.000) 10/29 15:36:57 Image size of job updated: 14460644
	14122  -  MemoryUsage of job (MB)
	14460644  -  ResidentSetSize of job (KB)
...
006 (17825298.000.000) 10/29 15:42:27 Image size of job updated: 14488668
	14148  -  MemoryUsage of job (MB)
	14487328  -  ResidentSetSize of job (KB)
...
006 (17825298.000.000) 10/29 15:48:57 Image size of job updated: 14541328
	14166  -  MemoryUsage of job (MB)
	14505416  -  ResidentSetSize of job (KB)
...
021 (17825298.000.000) 10/29 15:48:57 Error from starter on slot1_1@b9g47n9082.cern.ch:
	Job has gone over cgroup memory limit of 12000 megabytes. Last measured usage: 14200 megabytes.  Consider resubmitting with a higher request_memory.
	Code 34 Subcode 0
...
004 (17825298.000.000) 10/29 15:48:57 Job was evicted.
	(0) CPU times
		Usr 0 00:51:13, Sys 0 00:17:17  -  Run Remote Usage
		Usr 0 00:00:00, Sys 0 00:00:00  -  Run Local Usage
	0  -  Run Bytes Sent By Job
	1768  -  Run Bytes Received By Job
	Error from slot1_1@b9g47n9082.cern.ch: Job has gone over cgroup memory limit of 12000 megabytes. Last measured usage: 14200 megabytes.  Consider resubmitting with a higher request_memory.
	Partitionable Resources :    Usage  Request Allocated Assigned
	   Cpus                 :     0.01        4         4 
	   Disk (KB)            :   183     2097152   2098177 
	   GPUs                 :     0.43        1         1 "GPU-e82e3e5b"
	   GpusMemory (MB)      : 31746                       
	   Memory (MB)          : 14166       12000     12000 
	   TimeSlotBusy (s)     :  5565                       
...
012 (17825298.000.000) 10/29 15:48:57 Job was held.
	Error from slot1_1@b9g47n9082.cern.ch: Job has gone over cgroup memory limit of 12000 megabytes. Last measured usage: 14200 megabytes.  Consider resubmitting with a higher request_memory.
	Code 34 Subcode 0
...
009 (17825298.000.000) 10/29 16:15:09 Job was aborted.
	via condor_rm (by user evilla)
...
