000 (17825392.000.000) 10/29 16:02:15 Job submitted from host: <188.185.72.155:9618?addrs=188.185.72.155-9618+[2001-1458-d00-8--100-95]-9618&alias=bigbird08.cern.ch&noUDP&sock=schedd_3361999_40de>
...
040 (17825392.000.000) 10/29 16:03:01 Started transferring input files
	Transferring to host: <188.185.190.72:9618?addrs=188.185.190.72-9618+[2001-1458-d03-b--100-24d]-9618&alias=b9pgpun045.cern.ch&noUDP&sock=slot1_1_8895_1503_24057>
...
040 (17825392.000.000) 10/29 16:03:01 Finished transferring input files
...
001 (17825392.000.000) 10/29 16:03:02 Job executing on host: <188.185.190.72:9618?addrs=188.185.190.72-9618+[2001-1458-d03-b--100-24d]-9618&alias=b9pgpun045.cern.ch&noUDP&sock=startd_8703_1cd2>
	SlotName: slot1_1@b9pgpun045.cern.ch
	AvailableGPUs = { GPUs_MIG_6c240fa3_ddc8_5e85_b35f_9f3ad50cd32c }
	CondorScratchDir = "/pool/condor/dir_2087183"
	Cpus = 7
	Disk = 2098175
	GPUs = 1
	GPUs_MIG_6c240fa3_ddc8_5e85_b35f_9f3ad50cd32c = [ Id = "MIG-6c240fa3-ddc8-5e85-b35f-9f3ad50cd32c"; DeviceName = "NVIDIA H100L-2-24C MIG 2g.24gb"; DeviceUuid = "MIG-6c240fa3-ddc8-5e85-b35f-9f3ad50cd32c"; ComputeUnits = 32; GlobalMemoryMb = 21547 ]
	Memory = 21000
...
006 (17825392.000.000) 10/29 16:03:15 Image size of job updated: 38988
	39  -  MemoryUsage of job (MB)
	38988  -  ResidentSetSize of job (KB)
...
006 (17825392.000.000) 10/29 16:08:15 Image size of job updated: 25034056
	19847  -  MemoryUsage of job (MB)
	20322736  -  ResidentSetSize of job (KB)
...
006 (17825392.000.000) 10/29 16:13:15 Image size of job updated: 25034056
	21768  -  MemoryUsage of job (MB)
	22290104  -  ResidentSetSize of job (KB)
...
006 (17825392.000.000) 10/29 16:18:16 Image size of job updated: 25034056
	21770  -  MemoryUsage of job (MB)
	22291640  -  ResidentSetSize of job (KB)
...
006 (17825392.000.000) 10/29 16:23:16 Image size of job updated: 32888052
	27676  -  MemoryUsage of job (MB)
	28339940  -  ResidentSetSize of job (KB)
...
006 (17825392.000.000) 10/29 16:28:16 Image size of job updated: 32888052
	27677  -  MemoryUsage of job (MB)
	28340996  -  ResidentSetSize of job (KB)
...
006 (17825392.000.000) 10/29 16:33:17 Image size of job updated: 32888052
	27678  -  MemoryUsage of job (MB)
	28341752  -  ResidentSetSize of job (KB)
...
006 (17825392.000.000) 10/29 16:38:18 Image size of job updated: 35109436
	27678  -  MemoryUsage of job (MB)
	28341752  -  ResidentSetSize of job (KB)
...
006 (17825392.000.000) 10/29 17:03:20 Image size of job updated: 35854976
	27687  -  MemoryUsage of job (MB)
	28351200  -  ResidentSetSize of job (KB)
...
006 (17825392.000.000) 10/29 17:08:21 Image size of job updated: 35854976
	27688  -  MemoryUsage of job (MB)
	28351860  -  ResidentSetSize of job (KB)
...
006 (17825392.000.000) 10/29 17:13:21 Image size of job updated: 35854976
	27688  -  MemoryUsage of job (MB)
	28352140  -  ResidentSetSize of job (KB)
...
006 (17825392.000.000) 10/29 17:18:21 Image size of job updated: 35854976
	29176  -  MemoryUsage of job (MB)
	29875568  -  ResidentSetSize of job (KB)
...
006 (17825392.000.000) 10/29 17:18:40 Image size of job updated: 35854976
	29186  -  MemoryUsage of job (MB)
	29885808  -  ResidentSetSize of job (KB)
...
040 (17825392.000.000) 10/29 17:18:40 Started transferring output files
...
040 (17825392.000.000) 10/29 17:18:41 Finished transferring output files
...
005 (17825392.000.000) 10/29 17:18:41 Job terminated.
	(1) Normal termination (return value 0)
		Usr 0 01:16:07, Sys 0 00:23:31  -  Run Remote Usage
		Usr 0 00:00:00, Sys 0 00:00:00  -  Run Local Usage
		Usr 0 01:16:07, Sys 0 00:23:31  -  Total Remote Usage
		Usr 0 00:00:00, Sys 0 00:00:00  -  Total Local Usage
	267040  -  Run Bytes Sent By Job
	1768  -  Run Bytes Received By Job
	267040  -  Total Bytes Sent By Job
	1768  -  Total Bytes Received By Job
	Partitionable Resources :    Usage  Request Allocated Assigned
	   Cpus                 :     1.46        7         7 
	   Disk (KB)            :   299     2097152   2098175 
	   GPUs                 :                 1         1 "MIG-6c240fa3-ddc8-5e85-b35f-9f3ad50cd32c"
	   Memory (MB)          : 29186       21000     21000 
	   TimeExecute (s)      :  4538                       
	   TimeSlotBusy (s)     :  4542                       

	Job terminated of its own accord at 2025-10-29T16:18:40Z with exit-code 0.
...
