=========================================
HTCondor GPU Training Job
=========================================
Job started at: Tue Nov  4 10:27:14 AM CET 2025
Running on host: b9pgpun002.cern.ch
Plane: X
Max samples: all
JSON config: json/mt_identifier/production_training_prod_main_v4.json
=========================================
Setting up LCG environment: LCG_106_cuda/x86_64-el9-gcc11-opt
Using LCG Python: /cvmfs/sft.cern.ch/lcg/views/LCG_106_cuda/x86_64-el9-gcc11-opt/bin/python3
Python 3.11.9


GPU Information:
Tue Nov  4 10:27:15 2025       
+-----------------------------------------------------------------------------------------+
| NVIDIA-SMI 575.51.03              Driver Version: 575.51.03      CUDA Version: 12.9     |
|-----------------------------------------+------------------------+----------------------+
| GPU  Name                 Persistence-M | Bus-Id          Disp.A | Volatile Uncorr. ECC |
| Fan  Temp   Perf          Pwr:Usage/Cap |           Memory-Usage | GPU-Util  Compute M. |
|                                         |                        |               MIG M. |
|=========================================+========================+======================|
|   0  NVIDIA H100 NVL                Off |   00000000:3A:00.0 Off |                    0 |
| N/A   32C    P0             62W /  400W |       4MiB /  95830MiB |      0%      Default |
|                                         |                        |             Disabled |
+-----------------------------------------+------------------------+----------------------+
                                                                                         
+-----------------------------------------------------------------------------------------+
| Processes:                                                                              |
|  GPU   GI   CI              PID   Type   Process name                        GPU Memory |
|        ID   ID                                                               Usage      |
|=========================================================================================|
|  No running processes found                                                             |
+-----------------------------------------------------------------------------------------+


Python version: Python 3.11.9
Python path: /cvmfs/sft.cern.ch/lcg/views/LCG_106_cuda/x86_64-el9-gcc11-opt/bin/python3
Checking TensorFlow...
2025-11-04 10:27:16.095475: I tensorflow/core/util/port.cc:113] oneDNN custom operations are on. You may see slightly different numerical results due to floating-point round-off errors from different computation orders. To turn them off, set the environment variable `TF_ENABLE_ONEDNN_OPTS=0`.
2025-11-04 10:27:16.240385: I tensorflow/core/platform/cpu_feature_guard.cc:210] This TensorFlow binary is optimized to use available CPU instructions in performance-critical operations.
To enable the following instructions: AVX2 AVX512F AVX512_VNNI AVX512_BF16 AVX512_FP16 AVX_VNNI AMX_TILE AMX_INT8 AMX_BF16 FMA, in other operations, rebuild TensorFlow with the appropriate compiler flags.
2025-11-04 10:27:17.977050: W tensorflow/compiler/tf2tensorrt/utils/py_utils.cc:38] TF-TRT Warning: Could not find TensorRT
TensorFlow version: 2.16.1
GPUs detected: 1
  - /physical_device:GPU:0

Running: ./scripts/train_mt_identifier.sh -j json/mt_identifier/production_training_prod_main_v4.json --plane X
=========================================
✓ Sourced LCG environment: LCG_106_cuda/x86_64-el9-gcc11-opt
✓ Added local packages to PYTHONPATH
[0;34m[INFO][0m ML for Pointing Environment
[0;34m[INFO][0m Repository: /afs/cern.ch/work/e/evilla/private/dune/ml_for_pointing
[0;34m[INFO][0m Python modules: /afs/cern.ch/work/e/evilla/private/dune/ml_for_pointing/python
[0;34m[INFO][0m Data directory: /eos/home-e/evilla/dune/sn-tps/images_test
[0;34m[INFO][0m Output directory: /eos/user/e/evilla/dune/sn-tps/neural_networks
[0;34m[INFO][0m Python version: 3.11.9
[0;32m[SUCCESS][0m TensorFlow 2.16.1 is available
[0;34m[INFO][0m Starting Main Track Identifier Training
[0;34m[INFO][0m Configuration: /afs/cern.ch/work/e/evilla/private/dune/ml_for_pointing/json/mt_identifier/production_training_prod_main_v4.json
[0;34m[INFO][0m Plane: X
[0;34m[INFO][0m Running training script...
[0;34m[INFO][0m Command: python3 mt_training.py --input_json /afs/cern.ch/work/e/evilla/private/dune/ml_for_pointing/json/mt_identifier/production_training_prod_main_v4.json --plane X


======================================================================
MAIN TRACK IDENTIFIER TRAINING
======================================================================

✓ GPU is available: 1 device(s)
  GPU 0: /physical_device:GPU:0

Loading configuration from: /afs/cern.ch/work/e/evilla/private/dune/ml_for_pointing/json/mt_identifier/production_training_prod_main_v4.json
Configuration loaded successfully

Output directory: /eos/user/e/evilla/dune/sn-tps/neural_networks/mt_identifier/hyperopt_simple_cnn/plane_X/20251104_102734
Configuration saved to: /eos/user/e/evilla/dune/sn-tps/neural_networks/mt_identifier/hyperopt_simple_cnn/plane_X/20251104_102734/config.json
Arguments saved to: /eos/user/e/evilla/dune/sn-tps/neural_networks/mt_identifier/hyperopt_simple_cnn/plane_X/20251104_102734/args.json
Selected model: hyperopt_simple_cnn
Using 2 data directories from JSON config:
  - /eos/user/e/evilla/dune/sn-tps/production_es/images_es_prod_main_tick3_ch2_min2_tot3_e2p0
  - /eos/user/e/evilla/dune/sn-tps/production_cc/images_cc_prod_main_tick3_ch2_min2_tot3_e2p0

======================================================================
STEP 1: DATA PREPARATION
======================================================================

Loading from directory 1/2: /eos/user/e/evilla/dune/sn-tps/production_es/images_es_prod_main_tick3_ch2_min2_tot3_e2p0

============================================================
LOADING DATA FROM NPZ FILES
============================================================
Data directory: /eos/user/e/evilla/dune/sn-tps/production_es/images_es_prod_main_tick3_ch2_min2_tot3_e2p0
Plane: X
Max samples: All
Found 4455 batch file(s) for plane X (pattern: *_planeX.npz)
Loading prodmarley_nue_flat_es_dune10kt_1x2x2_20250826T082329Z_gen_000001_supernova_g4_detsim_ana_2025-10-21T_090355Z_bg_matched_planeX.npz... loaded 284 samples (total: 284)
Loading prodmarley_nue_flat_es_dune10kt_1x2x2_20250826T082329Z_gen_000002_supernova_g4_detsim_ana_2025-10-21T_092404Z_bg_matched_planeX.npz... loaded 283 samples (total: 567)
Loading prodmarley_nue_flat_es_dune10kt_1x2x2_20250826T082330Z_gen_000003_supernova_g4_detsim_ana_2025-10-21T_092418Z_bg_matched_planeX.npz... loaded 319 samples (total: 886)
Loading prodmarley_nue_flat_es_dune10kt_1x2x2_20250826T082334Z_gen_000005_supernova_g4_detsim_ana_2025-10-21T_092851Z_bg_matched_planeX.npz... loaded 296 samples (total: 1182)
Loading prodmarley_nue_flat_es_dune10kt_1x2x2_20250826T082334Z_gen_000006_supernova_g4_detsim_ana_2025-10-21T_090305Z_bg_matched_planeX.npz... loaded 301 samples (total: 1483)
Loading prodmarley_nue_flat_es_dune10kt_1x2x2_20250826T082334Z_gen_000007_supernova_g4_detsim_ana_2025-10-21T_094505Z_bg_matched_planeX.npz... loaded 295 samples (total: 1778)
Loading prodmarley_nue_flat_es_dune10kt_1x2x2_20250826T082335Z_gen_000008_supernova_g4_detsim_ana_2025-10-21T_084435Z_bg_matched_planeX.npz... loaded 294 samples (total: 2072)
Loading prodmarley_nue_flat_es_dune10kt_1x2x2_20250826T082336Z_gen_000009_supernova_g4_detsim_ana_2025-10-21T_094414Z_bg_matched_planeX.npz... loaded 292 samples (total: 2364)
Loading prodmarley_nue_flat_es_dune10kt_1x2x2_20250826T082336Z_gen_000010_supernova_g4_detsim_ana_2025-10-21T_094453Z_bg_matched_planeX.npz... loaded 291 samples (total: 2655)
Loading prodmarley_nue_flat_es_dune10kt_1x2x2_20250826T082337Z_gen_000012_supernova_g4_detsim_ana_2025-10-21T_092825Z_bg_matched_planeX.npz... loaded 317 samples (total: 2972)
Loading prodmarley_nue_flat_es_dune10kt_1x2x2_20250826T082338Z_gen_000014_supernova_g4_detsim_ana_2025-10-21T_092821Z_bg_matched_planeX.npz... loaded 316 samples (total: 3288)
Loading prodmarley_nue_flat_es_dune10kt_1x2x2_20250826T082338Z_gen_000015_supernova_g4_detsim_ana_2025-10-21T_092459Z_bg_matched_planeX.npz... loaded 281 samples (total: 3569)
Loading prodmarley_nue_flat_es_dune10kt_1x2x2_20250826T082338Z_gen_000016_supernova_g4_detsim_ana_2025-10-21T_092345Z_bg_matched_planeX.npz... loaded 306 samples (total: 3875)
Loading prodmarley_nue_flat_es_dune10kt_1x2x2_20250826T082339Z_gen_000018_supernova_g4_detsim_ana_2025-10-21T_092754Z_bg_matched_planeX.npz... loaded 308 samples (total: 4183)
Loading prodmarley_nue_flat_es_dune10kt_1x2x2_20250826T082344Z_gen_000026_supernova_g4_detsim_ana_2025-10-21T_094445Z_bg_matched_planeX.npz... loaded 286 samples (total: 4469)
Loading prodmarley_nue_flat_es_dune10kt_1x2x2_20250826T082344Z_gen_000027_supernova_g4_detsim_ana_2025-10-21T_084427Z_bg_matched_planeX.npz... loaded 333 samples (total: 4802)
Loading prodmarley_nue_flat_es_dune10kt_1x2x2_20250826T082346Z_gen_000028_supernova_g4_detsim_ana_2025-10-21T_092755Z_bg_matched_planeX.npz... loaded 278 samples (total: 5080)
Loading prodmarley_nue_flat_es_dune10kt_1x2x2_20250826T082348Z_gen_000030_supernova_g4_detsim_ana_2025-10-21T_090302Z_bg_matched_planeX.npz... loaded 306 samples (total: 5386)
Loading prodmarley_nue_flat_es_dune10kt_1x2x2_20250826T082348Z_gen_000031_supernova_g4_detsim_ana_2025-10-21T_090257Z_bg_matched_planeX.npz... loaded 313 samples (total: 5699)
Loading prodmarley_nue_flat_es_dune10kt_1x2x2_20250826T082349Z_gen_000032_supernova_g4_detsim_ana_2025-10-21T_092740Z_bg_matched_planeX.npz... loaded 305 samples (total: 6004)
Loading prodmarley_nue_flat_es_dune10kt_1x2x2_20250826T082350Z_gen_000034_supernova_g4_detsim_ana_2025-10-21T_090428Z_bg_matched_planeX.npz... loaded 308 samples (total: 6312)
Loading prodmarley_nue_flat_es_dune10kt_1x2x2_20250826T082350Z_gen_000035_supernova_g4_detsim_ana_2025-10-21T_092501Z_bg_matched_planeX.npz... loaded 306 samples (total: 6618)
Loading prodmarley_nue_flat_es_dune10kt_1x2x2_20250826T082350Z_gen_000036_supernova_g4_detsim_ana_2025-10-21T_092302Z_bg_matched_planeX.npz... loaded 321 samples (total: 6939)
Loading prodmarley_nue_flat_es_dune10kt_1x2x2_20250826T082350Z_gen_000038_supernova_g4_detsim_ana_2025-10-21T_084444Z_bg_matched_planeX.npz... loaded 316 samples (total: 7255)
Loading prodmarley_nue_flat_es_dune10kt_1x2x2_20250826T082351Z_gen_000039_supernova_g4_detsim_ana_2025-10-21T_084428Z_bg_matched_planeX.npz... loaded 295 samples (total: 7550)
Loading prodmarley_nue_flat_es_dune10kt_1x2x2_20250826T082351Z_gen_000040_supernova_g4_detsim_ana_2025-10-21T_094503Z_bg_matched_planeX.npz... loaded 311 samples (total: 7861)
Loading prodmarley_nue_flat_es_dune10kt_1x2x2_20250826T082352Z_gen_000041_supernova_g4_detsim_ana_2025-10-21T_092510Z_bg_matched_planeX.npz... loaded 315 samples (total: 8176)
Loading prodmarley_nue_flat_es_dune10kt_1x2x2_20250826T082356Z_gen_000042_supernova_g4_detsim_ana_2025-10-21T_090255Z_bg_matched_planeX.npz... loaded 308 samples (total: 8484)
Loading prodmarley_nue_flat_es_dune10kt_1x2x2_20250826T082356Z_gen_000043_supernova_g4_detsim_ana_2025-10-21T_092535Z_bg_matched_planeX.npz... loaded 260 samples (total: 8744)
Loading prodmarley_nue_flat_es_dune10kt_1x2x2_20250826T082357Z_gen_000044_supernova_g4_detsim_ana_2025-10-21T_092950Z_bg_matched_planeX.npz... loaded 298 samples (total: 9042)
Loading prodmarley_nue_flat_es_dune10kt_1x2x2_20250826T082358Z_gen_000045_supernova_g4_detsim_ana_2025-10-21T_092246Z_bg_matched_planeX.npz... loaded 302 samples (total: 9344)
Loading prodmarley_nue_flat_es_dune10kt_1x2x2_20250826T082358Z_gen_000046_supernova_g4_detsim_ana_2025-10-21T_092554Z_bg_matched_planeX.npz... loaded 295 samples (total: 9639)
Loading prodmarley_nue_flat_es_dune10kt_1x2x2_20250826T082359Z_gen_000047_supernova_g4_detsim_ana_2025-10-21T_094513Z_bg_matched_planeX.npz... loaded 291 samples (total: 9930)
Loading prodmarley_nue_flat_es_dune10kt_1x2x2_20250826T082359Z_gen_000048_supernova_g4_detsim_ana_2025-10-21T_084424Z_bg_matched_planeX.npz... loaded 297 samples (total: 10227)
Loading prodmarley_nue_flat_es_dune10kt_1x2x2_20250826T082400Z_gen_000049_supernova_g4_detsim_ana_2025-10-21T_092836Z_bg_matched_planeX.npz... loaded 316 samples (total: 10543)
Loading prodmarley_nue_flat_es_dune10kt_1x2x2_20250826T082400Z_gen_000050_supernova_g4_detsim_ana_2025-10-21T_090414Z_bg_matched_planeX.npz... loaded 338 samples (total: 10881)
Loading prodmarley_nue_flat_es_dune10kt_1x2x2_20250826T082400Z_gen_000051_supernova_g4_detsim_ana_2025-10-21T_092750Z_bg_matched_planeX.npz... loaded 306 samples (total: 11187)
Loading prodmarley_nue_flat_es_dune10kt_1x2x2_20250826T082400Z_gen_000052_supernova_g4_detsim_ana_2025-10-21T_092331Z_bg_matched_planeX.npz... loaded 328 samples (total: 11515)
Loading prodmarley_nue_flat_es_dune10kt_1x2x2_20250826T082401Z_gen_000053_supernova_g4_detsim_ana_2025-10-21T_084431Z_bg_matched_planeX.npz... loaded 280 samples (total: 11795)
Loading prodmarley_nue_flat_es_dune10kt_1x2x2_20250826T082401Z_gen_000055_supernova_g4_detsim_ana_2025-10-21T_094445Z_bg_matched_planeX.npz... loaded 290 samples (total: 12085)
Loading prodmarley_nue_flat_es_dune10kt_1x2x2_20250826T082401Z_gen_000056_supernova_g4_detsim_ana_2025-10-21T_092846Z_bg_matched_planeX.npz... loaded 305 samples (total: 12390)
Loading prodmarley_nue_flat_es_dune10kt_1x2x2_20250826T082402Z_gen_000058_supernova_g4_detsim_ana_2025-10-21T_092752Z_bg_matched_planeX.npz... loaded 302 samples (total: 12692)
Loading prodmarley_nue_flat_es_dune10kt_1x2x2_20250826T082402Z_gen_000059_supernova_g4_detsim_ana_2025-10-21T_094516Z_bg_matched_planeX.npz... loaded 281 samples (total: 12973)
Loading prodmarley_nue_flat_es_dune10kt_1x2x2_20250826T082402Z_gen_000060_supernova_g4_detsim_ana_2025-10-21T_092535Z_bg_matched_planeX.npz... loaded 303 samples (total: 13276)
Loading prodmarley_nue_flat_es_dune10kt_1x2x2_20250826T082402Z_gen_000061_supernova_g4_detsim_ana_2025-10-21T_092442Z_bg_matched_planeX.npz... loaded 281 samples (total: 13557)
Loading prodmarley_nue_flat_es_dune10kt_1x2x2_20250826T082403Z_gen_000062_supernova_g4_detsim_ana_2025-10-21T_092303Z_bg_matched_planeX.npz... loaded 298 samples (total: 13855)
Loading prodmarley_nue_flat_es_dune10kt_1x2x2_20250826T082403Z_gen_000063_supernova_g4_detsim_ana_2025-10-21T_092429Z_bg_matched_planeX.npz... loaded 313 samples (total: 14168)
Loading prodmarley_nue_flat_es_dune10kt_1x2x2_20250826T082403Z_gen_000064_supernova_g4_detsim_ana_2025-10-21T_092830Z_bg_matched_planeX.npz... loaded 300 samples (total: 14468)
Loading prodmarley_nue_flat_es_dune10kt_1x2x2_20250826T082403Z_gen_000065_supernova_g4_detsim_ana_2025-10-21T_092927Z_bg_matched_planeX.npz... loaded 300 samples (total: 14768)
Loading prodmarley_nue_flat_es_dune10kt_1x2x2_20250826T082404Z_gen_000067_supernova_g4_detsim_ana_2025-10-21T_092443Z_bg_matched_planeX.npz... loaded 288 samples (total: 15056)
Loading prodmarley_nue_flat_es_dune10kt_1x2x2_20250826T082405Z_gen_000071_supernova_g4_detsim_ana_2025-10-21T_091825Z_bg_matched_planeX.npz... loaded 317 samples (total: 15373)
Loading prodmarley_nue_flat_es_dune10kt_1x2x2_20250826T082406Z_gen_000073_supernova_g4_detsim_ana_2025-10-21T_092500Z_bg_matched_planeX.npz... loaded 295 samples (total: 15668)
Loading prodmarley_nue_flat_es_dune10kt_1x2x2_20250826T082406Z_gen_000074_supernova_g4_detsim_ana_2025-10-21T_092508Z_bg_matched_planeX.npz... loaded 314 samples (total: 15982)
Loading prodmarley_nue_flat_es_dune10kt_1x2x2_20250826T082406Z_gen_000075_supernova_g4_detsim_ana_2025-10-21T_092829Z_bg_matched_planeX.npz... loaded 312 samples (total: 16294)
Loading prodmarley_nue_flat_es_dune10kt_1x2x2_20250826T082407Z_gen_000077_supernova_g4_detsim_ana_2025-10-21T_091831Z_bg_matched_planeX.npz... loaded 303 samples (total: 16597)
Loading prodmarley_nue_flat_es_dune10kt_1x2x2_20250826T082407Z_gen_000078_supernova_g4_detsim_ana_2025-10-21T_084422Z_bg_matched_planeX.npz... loaded 263 samples (total: 16860)
Loading prodmarley_nue_flat_es_dune10kt_1x2x2_20250826T082408Z_gen_000081_supernova_g4_detsim_ana_2025-10-21T_094501Z_bg_matched_planeX.npz... loaded 288 samples (total: 17148)
Loading prodmarley_nue_flat_es_dune10kt_1x2x2_20250826T082410Z_gen_000083_supernova_g4_detsim_ana_2025-10-21T_090346Z_bg_matched_planeX.npz... loaded 298 samples (total: 17446)
Loading prodmarley_nue_flat_es_dune10kt_1x2x2_20250826T082410Z_gen_000084_supernova_g4_detsim_ana_2025-10-21T_092235Z_bg_matched_planeX.npz... loaded 292 samples (total: 17738)
Loading prodmarley_nue_flat_es_dune10kt_1x2x2_20250826T082411Z_gen_000085_supernova_g4_detsim_ana_2025-10-21T_092252Z_bg_matched_planeX.npz... loaded 332 samples (total: 18070)
Loading prodmarley_nue_flat_es_dune10kt_1x2x2_20250826T082412Z_gen_000086_supernova_g4_detsim_ana_2025-10-21T_084428Z_bg_matched_planeX.npz... loaded 296 samples (total: 18366)
Loading prodmarley_nue_flat_es_dune10kt_1x2x2_20250826T082412Z_gen_000087_supernova_g4_detsim_ana_2025-10-21T_092913Z_bg_matched_planeX.npz... loaded 313 samples (total: 18679)
Loading prodmarley_nue_flat_es_dune10kt_1x2x2_20250826T082412Z_gen_000088_supernova_g4_detsim_ana_2025-10-21T_090305Z_bg_matched_planeX.npz... loaded 311 samples (total: 18990)
Loading prodmarley_nue_flat_es_dune10kt_1x2x2_20250826T082413Z_gen_000090_supernova_g4_detsim_ana_2025-10-21T_094459Z_bg_matched_planeX.npz... loaded 301 samples (total: 19291)
Loading prodmarley_nue_flat_es_dune10kt_1x2x2_20250826T082413Z_gen_000091_supernova_g4_detsim_ana_2025-10-21T_091800Z_bg_matched_planeX.npz... loaded 296 samples (total: 19587)
Loading prodmarley_nue_flat_es_dune10kt_1x2x2_20250826T082413Z_gen_000092_supernova_g4_detsim_ana_2025-10-21T_094451Z_bg_matched_planeX.npz... loaded 308 samples (total: 19895)
Loading prodmarley_nue_flat_es_dune10kt_1x2x2_20250826T082414Z_gen_000093_supernova_g4_detsim_ana_2025-10-21T_092855Z_bg_matched_planeX.npz... loaded 303 samples (total: 20198)
Loading prodmarley_nue_flat_es_dune10kt_1x2x2_20250826T082415Z_gen_000094_supernova_g4_detsim_ana_2025-10-21T_092542Z_bg_matched_planeX.npz... loaded 287 samples (total: 20485)
Loading prodmarley_nue_flat_es_dune10kt_1x2x2_20250826T082415Z_gen_000096_supernova_g4_detsim_ana_2025-10-21T_094457Z_bg_matched_planeX.npz... loaded 285 samples (total: 20770)
Loading prodmarley_nue_flat_es_dune10kt_1x2x2_20250826T082415Z_gen_000097_supernova_g4_detsim_ana_2025-10-21T_092326Z_bg_matched_planeX.npz... loaded 291 samples (total: 21061)
Loading prodmarley_nue_flat_es_dune10kt_1x2x2_20250826T082416Z_gen_000098_supernova_g4_detsim_ana_2025-10-21T_094452Z_bg_matched_planeX.npz... loaded 285 samples (total: 21346)
Loading prodmarley_nue_flat_es_dune10kt_1x2x2_20250826T082416Z_gen_000099_supernova_g4_detsim_ana_2025-10-21T_094515Z_bg_matched_planeX.npz... loaded 322 samples (total: 21668)
Loading prodmarley_nue_flat_es_dune10kt_1x2x2_20250826T082416Z_gen_000100_supernova_g4_detsim_ana_2025-10-21T_090257Z_bg_matched_planeX.npz... loaded 278 samples (total: 21946)
Loading prodmarley_nue_flat_es_dune10kt_1x2x2_20250826T082417Z_gen_000101_supernova_g4_detsim_ana_2025-10-21T_094404Z_bg_matched_planeX.npz... loaded 302 samples (total: 22248)
Loading prodmarley_nue_flat_es_dune10kt_1x2x2_20250826T082417Z_gen_000102_supernova_g4_detsim_ana_2025-10-21T_092419Z_bg_matched_planeX.npz... loaded 315 samples (total: 22563)
Loading prodmarley_nue_flat_es_dune10kt_1x2x2_20250826T082418Z_gen_000103_supernova_g4_detsim_ana_2025-10-21T_092851Z_bg_matched_planeX.npz... loaded 321 samples (total: 22884)
Loading prodmarley_nue_flat_es_dune10kt_1x2x2_20250826T082418Z_gen_000104_supernova_g4_detsim_ana_2025-10-21T_090426Z_bg_matched_planeX.npz... loaded 300 samples (total: 23184)
Loading prodmarley_nue_flat_es_dune10kt_1x2x2_20250826T082419Z_gen_000105_supernova_g4_detsim_ana_2025-10-21T_094514Z_bg_matched_planeX.npz... loaded 279 samples (total: 23463)
Loading prodmarley_nue_flat_es_dune10kt_1x2x2_20250826T082419Z_gen_000107_supernova_g4_detsim_ana_2025-10-21T_091122Z_bg_matched_planeX.npz... loaded 283 samples (total: 23746)
Loading prodmarley_nue_flat_es_dune10kt_1x2x2_20250826T082420Z_gen_000109_supernova_g4_detsim_ana_2025-10-21T_093221Z_bg_matched_planeX.npz... loaded 287 samples (total: 24033)
Loading prodmarley_nue_flat_es_dune10kt_1x2x2_20250826T082420Z_gen_000110_supernova_g4_detsim_ana_2025-10-21T_092941Z_bg_matched_planeX.npz... loaded 292 samples (total: 24325)
Loading prodmarley_nue_flat_es_dune10kt_1x2x2_20250826T082421Z_gen_000111_supernova_g4_detsim_ana_2025-10-21T_092846Z_bg_matched_planeX.npz... loaded 303 samples (total: 24628)
Loading prodmarley_nue_flat_es_dune10kt_1x2x2_20250826T082421Z_gen_000112_supernova_g4_detsim_ana_2025-10-21T_084431Z_bg_matched_planeX.npz... loaded 315 samples (total: 24943)
Loading prodmarley_nue_flat_es_dune10kt_1x2x2_20250826T082422Z_gen_000113_supernova_g4_detsim_ana_2025-10-21T_094423Z_bg_matched_planeX.npz... loaded 307 samples (total: 25250)
Loading prodmarley_nue_flat_es_dune10kt_1x2x2_20250826T082423Z_gen_000115_supernova_g4_detsim_ana_2025-10-21T_092942Z_bg_matched_planeX.npz... loaded 310 samples (total: 25560)
Loading prodmarley_nue_flat_es_dune10kt_1x2x2_20250826T082424Z_gen_000116_supernova_g4_detsim_ana_2025-10-21T_090413Z_bg_matched_planeX.npz... loaded 300 samples (total: 25860)
Loading prodmarley_nue_flat_es_dune10kt_1x2x2_20250826T082424Z_gen_000117_supernova_g4_detsim_ana_2025-10-21T_092844Z_bg_matched_planeX.npz... loaded 319 samples (total: 26179)
Loading prodmarley_nue_flat_es_dune10kt_1x2x2_20250826T082425Z_gen_000118_supernova_g4_detsim_ana_2025-10-21T_092314Z_bg_matched_planeX.npz... loaded 313 samples (total: 26492)
Loading prodmarley_nue_flat_es_dune10kt_1x2x2_20250826T082425Z_gen_000119_supernova_g4_detsim_ana_2025-10-21T_092323Z_bg_matched_planeX.npz... loaded 334 samples (total: 26826)
Loading prodmarley_nue_flat_es_dune10kt_1x2x2_20250826T082425Z_gen_000120_supernova_g4_detsim_ana_2025-10-21T_084425Z_bg_matched_planeX.npz... loaded 284 samples (total: 27110)
Loading prodmarley_nue_flat_es_dune10kt_1x2x2_20250826T082426Z_gen_000121_supernova_g4_detsim_ana_2025-10-21T_090430Z_bg_matched_planeX.npz... loaded 290 samples (total: 27400)
Loading prodmarley_nue_flat_es_dune10kt_1x2x2_20250826T082428Z_gen_000122_supernova_g4_detsim_ana_2025-10-21T_090337Z_bg_matched_planeX.npz... loaded 288 samples (total: 27688)
Loading prodmarley_nue_flat_es_dune10kt_1x2x2_20250826T082429Z_gen_000124_supernova_g4_detsim_ana_2025-10-21T_092236Z_bg_matched_planeX.npz... loaded 315 samples (total: 28003)
Loading prodmarley_nue_flat_es_dune10kt_1x2x2_20250826T082431Z_gen_000125_supernova_g4_detsim_ana_2025-10-21T_092806Z_bg_matched_planeX.npz... loaded 312 samples (total: 28315)
Loading prodmarley_nue_flat_es_dune10kt_1x2x2_20250826T082432Z_gen_000126_supernova_g4_detsim_ana_2025-10-21T_094453Z_bg_matched_planeX.npz... loaded 303 samples (total: 28618)
Loading prodmarley_nue_flat_es_dune10kt_1x2x2_20250826T082433Z_gen_000127_supernova_g4_detsim_ana_2025-10-21T_094510Z_bg_matched_planeX.npz... loaded 308 samples (total: 28926)
Loading prodmarley_nue_flat_es_dune10kt_1x2x2_20250826T082434Z_gen_000128_supernova_g4_detsim_ana_2025-10-21T_084552Z_bg_matched_planeX.npz... loaded 290 samples (total: 29216)
Loading prodmarley_nue_flat_es_dune10kt_1x2x2_20250826T082435Z_gen_000129_supernova_g4_detsim_ana_2025-10-21T_094457Z_bg_matched_planeX.npz... loaded 288 samples (total: 29504)
Loading prodmarley_nue_flat_es_dune10kt_1x2x2_20250826T082435Z_gen_000130_supernova_g4_detsim_ana_2025-10-21T_084434Z_bg_matched_planeX.npz... loaded 291 samples (total: 29795)
Loading prodmarley_nue_flat_es_dune10kt_1x2x2_20250826T082438Z_gen_000133_supernova_g4_detsim_ana_2025-10-21T_092807Z_bg_matched_planeX.npz... loaded 293 samples (total: 30088)
Loading prodmarley_nue_flat_es_dune10kt_1x2x2_20250826T082439Z_gen_000134_supernova_g4_detsim_ana_2025-10-21T_092422Z_bg_matched_planeX.npz... loaded 294 samples (total: 30382)
Loading prodmarley_nue_flat_es_dune10kt_1x2x2_20250826T082439Z_gen_000135_supernova_g4_detsim_ana_2025-10-21T_092451Z_bg_matched_planeX.npz... loaded 286 samples (total: 30668)
Loading prodmarley_nue_flat_es_dune10kt_1x2x2_20250826T082441Z_gen_000136_supernova_g4_detsim_ana_2025-10-21T_090431Z_bg_matched_planeX.npz... loaded 308 samples (total: 30976)
Loading prodmarley_nue_flat_es_dune10kt_1x2x2_20250826T082442Z_gen_000137_supernova_g4_detsim_ana_2025-10-21T_094449Z_bg_matched_planeX.npz... loaded 309 samples (total: 31285)
Loading prodmarley_nue_flat_es_dune10kt_1x2x2_20250826T082446Z_gen_000138_supernova_g4_detsim_ana_2025-10-21T_094450Z_bg_matched_planeX.npz... loaded 318 samples (total: 31603)
Loading prodmarley_nue_flat_es_dune10kt_1x2x2_20250826T082447Z_gen_000141_supernova_g4_detsim_ana_2025-10-21T_091802Z_bg_matched_planeX.npz... loaded 294 samples (total: 31897)
Loading prodmarley_nue_flat_es_dune10kt_1x2x2_20250826T082449Z_gen_000142_supernova_g4_detsim_ana_2025-10-21T_084420Z_bg_matched_planeX.npz... loaded 300 samples (total: 32197)
Loading prodmarley_nue_flat_es_dune10kt_1x2x2_20250826T082449Z_gen_000143_supernova_g4_detsim_ana_2025-10-21T_092537Z_bg_matched_planeX.npz... loaded 331 samples (total: 32528)
Loading prodmarley_nue_flat_es_dune10kt_1x2x2_20250826T082450Z_gen_000144_supernova_g4_detsim_ana_2025-10-21T_092813Z_bg_matched_planeX.npz... loaded 322 samples (total: 32850)
Loading prodmarley_nue_flat_es_dune10kt_1x2x2_20250826T082450Z_gen_000145_supernova_g4_detsim_ana_2025-10-21T_092923Z_bg_matched_planeX.npz... loaded 294 samples (total: 33144)
Loading prodmarley_nue_flat_es_dune10kt_1x2x2_20250826T082453Z_gen_000147_supernova_g4_detsim_ana_2025-10-21T_094507Z_bg_matched_planeX.npz... loaded 312 samples (total: 33456)
Loading prodmarley_nue_flat_es_dune10kt_1x2x2_20250826T082456Z_gen_000149_supernova_g4_detsim_ana_2025-10-21T_094455Z_bg_matched_planeX.npz... loaded 268 samples (total: 33724)
Loading prodmarley_nue_flat_es_dune10kt_1x2x2_20250826T082457Z_gen_000150_supernova_g4_detsim_ana_2025-10-21T_092356Z_bg_matched_planeX.npz... loaded 295 samples (total: 34019)
Loading prodmarley_nue_flat_es_dune10kt_1x2x2_20250826T082458Z_gen_000151_supernova_g4_detsim_ana_2025-10-21T_092240Z_bg_matched_planeX.npz... loaded 294 samples (total: 34313)
Loading prodmarley_nue_flat_es_dune10kt_1x2x2_20250826T082459Z_gen_000152_supernova_g4_detsim_ana_2025-10-21T_093224Z_bg_matched_planeX.npz... loaded 287 samples (total: 34600)
Loading prodmarley_nue_flat_es_dune10kt_1x2x2_20250826T082500Z_gen_000153_supernova_g4_detsim_ana_2025-10-21T_091923Z_bg_matched_planeX.npz... loaded 299 samples (total: 34899)
Loading prodmarley_nue_flat_es_dune10kt_1x2x2_20250826T082501Z_gen_000154_supernova_g4_detsim_ana_2025-10-21T_094448Z_bg_matched_planeX.npz... loaded 315 samples (total: 35214)
Loading prodmarley_nue_flat_es_dune10kt_1x2x2_20250826T082502Z_gen_000155_supernova_g4_detsim_ana_2025-10-21T_092317Z_bg_matched_planeX.npz... loaded 295 samples (total: 35509)
Loading prodmarley_nue_flat_es_dune10kt_1x2x2_20250826T082502Z_gen_000156_supernova_g4_detsim_ana_2025-10-21T_092553Z_bg_matched_planeX.npz... loaded 291 samples (total: 35800)
Loading prodmarley_nue_flat_es_dune10kt_1x2x2_20250826T082503Z_gen_000157_supernova_g4_detsim_ana_2025-10-21T_090406Z_bg_matched_planeX.npz... loaded 316 samples (total: 36116)
Loading prodmarley_nue_flat_es_dune10kt_1x2x2_20250826T082503Z_gen_000158_supernova_g4_detsim_ana_2025-10-21T_092506Z_bg_matched_planeX.npz... loaded 297 samples (total: 36413)
Loading prodmarley_nue_flat_es_dune10kt_1x2x2_20250826T082504Z_gen_000159_supernova_g4_detsim_ana_2025-10-21T_084433Z_bg_matched_planeX.npz... loaded 315 samples (total: 36728)
Loading prodmarley_nue_flat_es_dune10kt_1x2x2_20250826T082504Z_gen_000160_supernova_g4_detsim_ana_2025-10-21T_092459Z_bg_matched_planeX.npz... loaded 327 samples (total: 37055)
Loading prodmarley_nue_flat_es_dune10kt_1x2x2_20250826T082505Z_gen_000162_supernova_g4_detsim_ana_2025-10-21T_091755Z_bg_matched_planeX.npz... loaded 270 samples (total: 37325)
Loading prodmarley_nue_flat_es_dune10kt_1x2x2_20250826T082505Z_gen_000163_supernova_g4_detsim_ana_2025-10-21T_094502Z_bg_matched_planeX.npz... loaded 315 samples (total: 37640)
Loading prodmarley_nue_flat_es_dune10kt_1x2x2_20250826T082506Z_gen_000164_supernova_g4_detsim_ana_2025-10-21T_090402Z_bg_matched_planeX.npz... loaded 302 samples (total: 37942)
Loading prodmarley_nue_flat_es_dune10kt_1x2x2_20250826T082506Z_gen_000165_supernova_g4_detsim_ana_2025-10-21T_092831Z_bg_matched_planeX.npz... loaded 299 samples (total: 38241)
Loading prodmarley_nue_flat_es_dune10kt_1x2x2_20250826T082507Z_gen_000167_supernova_g4_detsim_ana_2025-10-21T_092923Z_bg_matched_planeX.npz... loaded 296 samples (total: 38537)
Loading prodmarley_nue_flat_es_dune10kt_1x2x2_20250826T082507Z_gen_000168_supernova_g4_detsim_ana_2025-10-21T_094501Z_bg_matched_planeX.npz... loaded 300 samples (total: 38837)
Loading prodmarley_nue_flat_es_dune10kt_1x2x2_20250826T082509Z_gen_000169_supernova_g4_detsim_ana_2025-10-21T_084423Z_bg_matched_planeX.npz... loaded 308 samples (total: 39145)
Loading prodmarley_nue_flat_es_dune10kt_1x2x2_20250826T082512Z_gen_000172_supernova_g4_detsim_ana_2025-10-21T_094436Z_bg_matched_planeX.npz... loaded 317 samples (total: 39462)
Loading prodmarley_nue_flat_es_dune10kt_1x2x2_20250826T082513Z_gen_000173_supernova_g4_detsim_ana_2025-10-21T_092755Z_bg_matched_planeX.npz... loaded 311 samples (total: 39773)
Loading prodmarley_nue_flat_es_dune10kt_1x2x2_20250826T082513Z_gen_000175_supernova_g4_detsim_ana_2025-10-21T_092901Z_bg_matched_planeX.npz... loaded 298 samples (total: 40071)
Loading prodmarley_nue_flat_es_dune10kt_1x2x2_20250826T082513Z_gen_000176_supernova_g4_detsim_ana_2025-10-21T_084552Z_bg_matched_planeX.npz... loaded 311 samples (total: 40382)
Loading prodmarley_nue_flat_es_dune10kt_1x2x2_20250826T082513Z_gen_000177_supernova_g4_detsim_ana_2025-10-21T_092531Z_bg_matched_planeX.npz... loaded 279 samples (total: 40661)
Loading prodmarley_nue_flat_es_dune10kt_1x2x2_20250826T082513Z_gen_000179_supernova_g4_detsim_ana_2025-10-21T_092806Z_bg_matched_planeX.npz... loaded 274 samples (total: 40935)
Loading prodmarley_nue_flat_es_dune10kt_1x2x2_20250826T082514Z_gen_000180_supernova_g4_detsim_ana_2025-10-21T_092906Z_bg_matched_planeX.npz... loaded 298 samples (total: 41233)
Loading prodmarley_nue_flat_es_dune10kt_1x2x2_20250826T082514Z_gen_000182_supernova_g4_detsim_ana_2025-10-21T_094511Z_bg_matched_planeX.npz... loaded 317 samples (total: 41550)
Loading prodmarley_nue_flat_es_dune10kt_1x2x2_20250826T082514Z_gen_000183_supernova_g4_detsim_ana_2025-10-21T_092536Z_bg_matched_planeX.npz... loaded 319 samples (total: 41869)
Loading prodmarley_nue_flat_es_dune10kt_1x2x2_20250826T082514Z_gen_000184_supernova_g4_detsim_ana_2025-10-21T_092440Z_bg_matched_planeX.npz... loaded 306 samples (total: 42175)
Loading prodmarley_nue_flat_es_dune10kt_1x2x2_20250826T082515Z_gen_000185_supernova_g4_detsim_ana_2025-10-21T_090419Z_bg_matched_planeX.npz... loaded 314 samples (total: 42489)
Loading prodmarley_nue_flat_es_dune10kt_1x2x2_20250826T082515Z_gen_000187_supernova_g4_detsim_ana_2025-10-21T_092818Z_bg_matched_planeX.npz... loaded 273 samples (total: 42762)
Loading prodmarley_nue_flat_es_dune10kt_1x2x2_20250826T082516Z_gen_000188_supernova_g4_detsim_ana_2025-10-21T_092506Z_bg_matched_planeX.npz... loaded 323 samples (total: 43085)
Loading prodmarley_nue_flat_es_dune10kt_1x2x2_20250826T082516Z_gen_000189_supernova_g4_detsim_ana_2025-10-21T_094507Z_bg_matched_planeX.npz... loaded 300 samples (total: 43385)
Loading prodmarley_nue_flat_es_dune10kt_1x2x2_20250826T082519Z_gen_000196_supernova_g4_detsim_ana_2025-10-21T_092801Z_bg_matched_planeX.npz... loaded 292 samples (total: 43677)
Loading prodmarley_nue_flat_es_dune10kt_1x2x2_20250826T082521Z_gen_000197_supernova_g4_detsim_ana_2025-10-21T_092953Z_bg_matched_planeX.npz... loaded 291 samples (total: 43968)
Loading prodmarley_nue_flat_es_dune10kt_1x2x2_20250826T082521Z_gen_000198_supernova_g4_detsim_ana_2025-10-21T_092446Z_bg_matched_planeX.npz... loaded 287 samples (total: 44255)
Loading prodmarley_nue_flat_es_dune10kt_1x2x2_20250826T082522Z_gen_000200_supernova_g4_detsim_ana_2025-10-21T_084432Z_bg_matched_planeX.npz... loaded 306 samples (total: 44561)
Loading prodmarley_nue_flat_es_dune10kt_1x2x2_20250826T082524Z_gen_000201_supernova_g4_detsim_ana_2025-10-21T_092848Z_bg_matched_planeX.npz... loaded 295 samples (total: 44856)
Loading prodmarley_nue_flat_es_dune10kt_1x2x2_20250826T082525Z_gen_000203_supernova_g4_detsim_ana_2025-10-21T_094452Z_bg_matched_planeX.npz... loaded 287 samples (total: 45143)
Loading prodmarley_nue_flat_es_dune10kt_1x2x2_20250826T082525Z_gen_000204_supernova_g4_detsim_ana_2025-10-21T_092815Z_bg_matched_planeX.npz... loaded 300 samples (total: 45443)
Loading prodmarley_nue_flat_es_dune10kt_1x2x2_20250826T082525Z_gen_000205_supernova_g4_detsim_ana_2025-10-21T_092524Z_bg_matched_planeX.npz... loaded 332 samples (total: 45775)
Loading prodmarley_nue_flat_es_dune10kt_1x2x2_20250826T082526Z_gen_000206_supernova_g4_detsim_ana_2025-10-21T_092820Z_bg_matched_planeX.npz... loaded 285 samples (total: 46060)
Loading prodmarley_nue_flat_es_dune10kt_1x2x2_20250826T082527Z_gen_000208_supernova_g4_detsim_ana_2025-10-21T_092230Z_bg_matched_planeX.npz... loaded 281 samples (total: 46341)
Loading prodmarley_nue_flat_es_dune10kt_1x2x2_20250826T082528Z_gen_000209_supernova_g4_detsim_ana_2025-10-21T_090345Z_bg_matched_planeX.npz... loaded 302 samples (total: 46643)
Loading prodmarley_nue_flat_es_dune10kt_1x2x2_20250826T082528Z_gen_000210_supernova_g4_detsim_ana_2025-10-21T_084436Z_bg_matched_planeX.npz... loaded 306 samples (total: 46949)
Loading prodmarley_nue_flat_es_dune10kt_1x2x2_20250826T082528Z_gen_000211_supernova_g4_detsim_ana_2025-10-21T_090332Z_bg_matched_planeX.npz... loaded 312 samples (total: 47261)
Loading prodmarley_nue_flat_es_dune10kt_1x2x2_20250826T082529Z_gen_000212_supernova_g4_detsim_ana_2025-10-21T_094504Z_bg_matched_planeX.npz... loaded 303 samples (total: 47564)
Loading prodmarley_nue_flat_es_dune10kt_1x2x2_20250826T082529Z_gen_000213_supernova_g4_detsim_ana_2025-10-21T_092749Z_bg_matched_planeX.npz... loaded 310 samples (total: 47874)
Loading prodmarley_nue_flat_es_dune10kt_1x2x2_20250826T082530Z_gen_000215_supernova_g4_detsim_ana_2025-10-21T_094445Z_bg_matched_planeX.npz... loaded 276 samples (total: 48150)
Loading prodmarley_nue_flat_es_dune10kt_1x2x2_20250826T082533Z_gen_000217_supernova_g4_detsim_ana_2025-10-21T_092830Z_bg_matched_planeX.npz... loaded 316 samples (total: 48466)
Loading prodmarley_nue_flat_es_dune10kt_1x2x2_20250826T082534Z_gen_000219_supernova_g4_detsim_ana_2025-10-21T_094512Z_bg_matched_planeX.npz... loaded 299 samples (total: 48765)
Loading prodmarley_nue_flat_es_dune10kt_1x2x2_20250826T082535Z_gen_000221_supernova_g4_detsim_ana_2025-10-21T_092536Z_bg_matched_planeX.npz... loaded 312 samples (total: 49077)
Loading prodmarley_nue_flat_es_dune10kt_1x2x2_20250826T082535Z_gen_000222_supernova_g4_detsim_ana_2025-10-21T_092814Z_bg_matched_planeX.npz... loaded 300 samples (total: 49377)
Loading prodmarley_nue_flat_es_dune10kt_1x2x2_20250826T082535Z_gen_000223_supernova_g4_detsim_ana_2025-10-21T_090312Z_bg_matched_planeX.npz... loaded 323 samples (total: 49700)
Loading prodmarley_nue_flat_es_dune10kt_1x2x2_20250826T082539Z_gen_000226_supernova_g4_detsim_ana_2025-10-21T_090230Z_bg_matched_planeX.npz... loaded 317 samples (total: 50017)
Loading prodmarley_nue_flat_es_dune10kt_1x2x2_20250826T082541Z_gen_000227_supernova_g4_detsim_ana_2025-10-21T_094452Z_bg_matched_planeX.npz... loaded 293 samples (total: 50310)
Loading prodmarley_nue_flat_es_dune10kt_1x2x2_20250826T082542Z_gen_000228_supernova_g4_detsim_ana_2025-10-21T_091846Z_bg_matched_planeX.npz... loaded 319 samples (total: 50629)
Loading prodmarley_nue_flat_es_dune10kt_1x2x2_20250826T082551Z_gen_000232_supernova_g4_detsim_ana_2025-10-21T_092827Z_bg_matched_planeX.npz... loaded 285 samples (total: 50914)
Loading prodmarley_nue_flat_es_dune10kt_1x2x2_20250826T082554Z_gen_000233_supernova_g4_detsim_ana_2025-10-21T_085958Z_bg_matched_planeX.npz... loaded 329 samples (total: 51243)
Loading prodmarley_nue_flat_es_dune10kt_1x2x2_20250826T082554Z_gen_000234_supernova_g4_detsim_ana_2025-10-21T_092820Z_bg_matched_planeX.npz... loaded 303 samples (total: 51546)
Loading prodmarley_nue_flat_es_dune10kt_1x2x2_20250826T082554Z_gen_000235_supernova_g4_detsim_ana_2025-10-21T_091755Z_bg_matched_planeX.npz... loaded 304 samples (total: 51850)
Loading prodmarley_nue_flat_es_dune10kt_1x2x2_20250826T082554Z_gen_000236_supernova_g4_detsim_ana_2025-10-21T_092332Z_bg_matched_planeX.npz... loaded 292 samples (total: 52142)
Loading prodmarley_nue_flat_es_dune10kt_1x2x2_20250826T082555Z_gen_000238_supernova_g4_detsim_ana_2025-10-21T_092452Z_bg_matched_planeX.npz... loaded 303 samples (total: 52445)
Loading prodmarley_nue_flat_es_dune10kt_1x2x2_20250826T082556Z_gen_000239_supernova_g4_detsim_ana_2025-10-21T_092531Z_bg_matched_planeX.npz... loaded 305 samples (total: 52750)
Loading prodmarley_nue_flat_es_dune10kt_1x2x2_20250826T082558Z_gen_000241_supernova_g4_detsim_ana_2025-10-21T_092837Z_bg_matched_planeX.npz... loaded 294 samples (total: 53044)
Loading prodmarley_nue_flat_es_dune10kt_1x2x2_20250826T082559Z_gen_000242_supernova_g4_detsim_ana_2025-10-21T_091831Z_bg_matched_planeX.npz... loaded 308 samples (total: 53352)
Loading prodmarley_nue_flat_es_dune10kt_1x2x2_20250826T082559Z_gen_000243_supernova_g4_detsim_ana_2025-10-21T_084437Z_bg_matched_planeX.npz... loaded 313 samples (total: 53665)
Loading prodmarley_nue_flat_es_dune10kt_1x2x2_20250826T082600Z_gen_000244_supernova_g4_detsim_ana_2025-10-21T_092525Z_bg_matched_planeX.npz... loaded 309 samples (total: 53974)
Loading prodmarley_nue_flat_es_dune10kt_1x2x2_20250826T082601Z_gen_000245_supernova_g4_detsim_ana_2025-10-21T_094447Z_bg_matched_planeX.npz... loaded 281 samples (total: 54255)
Loading prodmarley_nue_flat_es_dune10kt_1x2x2_20250826T082602Z_gen_000246_supernova_g4_detsim_ana_2025-10-21T_094447Z_bg_matched_planeX.npz... loaded 337 samples (total: 54592)
Loading prodmarley_nue_flat_es_dune10kt_1x2x2_20250826T082602Z_gen_000247_supernova_g4_detsim_ana_2025-10-21T_092544Z_bg_matched_planeX.npz... loaded 295 samples (total: 54887)
Loading prodmarley_nue_flat_es_dune10kt_1x2x2_20250826T082609Z_gen_000251_supernova_g4_detsim_ana_2025-10-21T_093149Z_bg_matched_planeX.npz... loaded 305 samples (total: 55192)
Loading prodmarley_nue_flat_es_dune10kt_1x2x2_20250826T082612Z_gen_000253_supernova_g4_detsim_ana_2025-10-21T_092546Z_bg_matched_planeX.npz... loaded 295 samples (total: 55487)
Loading prodmarley_nue_flat_es_dune10kt_1x2x2_20250826T082614Z_gen_000254_supernova_g4_detsim_ana_2025-10-21T_091832Z_bg_matched_planeX.npz... loaded 300 samples (total: 55787)
Loading prodmarley_nue_flat_es_dune10kt_1x2x2_20250826T082617Z_gen_000255_supernova_g4_detsim_ana_2025-10-21T_092821Z_bg_matched_planeX.npz... loaded 320 samples (total: 56107)
Loading prodmarley_nue_flat_es_dune10kt_1x2x2_20250826T082617Z_gen_000256_supernova_g4_detsim_ana_2025-10-21T_090415Z_bg_matched_planeX.npz... loaded 302 samples (total: 56409)
Loading prodmarley_nue_flat_es_dune10kt_1x2x2_20250826T082618Z_gen_000257_supernova_g4_detsim_ana_2025-10-21T_092545Z_bg_matched_planeX.npz... loaded 295 samples (total: 56704)
Loading prodmarley_nue_flat_es_dune10kt_1x2x2_20250826T082622Z_gen_000258_supernova_g4_detsim_ana_2025-10-21T_092548Z_bg_matched_planeX.npz... loaded 287 samples (total: 56991)
Loading prodmarley_nue_flat_es_dune10kt_1x2x2_20250826T082622Z_gen_000259_supernova_g4_detsim_ana_2025-10-21T_092430Z_bg_matched_planeX.npz... loaded 316 samples (total: 57307)
Loading prodmarley_nue_flat_es_dune10kt_1x2x2_20250826T082628Z_gen_000261_supernova_g4_detsim_ana_2025-10-21T_094446Z_bg_matched_planeX.npz... loaded 301 samples (total: 57608)
Loading prodmarley_nue_flat_es_dune10kt_1x2x2_20250826T082629Z_gen_000262_supernova_g4_detsim_ana_2025-10-21T_092902Z_bg_matched_planeX.npz... loaded 289 samples (total: 57897)
Loading prodmarley_nue_flat_es_dune10kt_1x2x2_20250826T082633Z_gen_000263_supernova_g4_detsim_ana_2025-10-21T_092823Z_bg_matched_planeX.npz... loaded 286 samples (total: 58183)
Loading prodmarley_nue_flat_es_dune10kt_1x2x2_20250826T082635Z_gen_000265_supernova_g4_detsim_ana_2025-10-21T_092549Z_bg_matched_planeX.npz... loaded 330 samples (total: 58513)
Loading prodmarley_nue_flat_es_dune10kt_1x2x2_20250826T082638Z_gen_000266_supernova_g4_detsim_ana_2025-10-21T_092459Z_bg_matched_planeX.npz... loaded 302 samples (total: 58815)
Loading prodmarley_nue_flat_es_dune10kt_1x2x2_20250826T082733Z_gen_000268_supernova_g4_detsim_ana_2025-10-21T_091755Z_bg_matched_planeX.npz... loaded 275 samples (total: 59090)
Loading prodmarley_nue_flat_es_dune10kt_1x2x2_20250826T082733Z_gen_000269_supernova_g4_detsim_ana_2025-10-21T_092744Z_bg_matched_planeX.npz... loaded 294 samples (total: 59384)
Loading prodmarley_nue_flat_es_dune10kt_1x2x2_20250826T082733Z_gen_000271_supernova_g4_detsim_ana_2025-10-21T_092805Z_bg_matched_planeX.npz... loaded 310 samples (total: 59694)
Loading prodmarley_nue_flat_es_dune10kt_1x2x2_20250826T082942Z_gen_000273_supernova_g4_detsim_ana_2025-10-21T_092759Z_bg_matched_planeX.npz... loaded 280 samples (total: 59974)
Loading prodmarley_nue_flat_es_dune10kt_1x2x2_20250826T082943Z_gen_000274_supernova_g4_detsim_ana_2025-10-21T_090437Z_bg_matched_planeX.npz... loaded 286 samples (total: 60260)
Loading prodmarley_nue_flat_es_dune10kt_1x2x2_20250826T083000Z_gen_000275_supernova_g4_detsim_ana_2025-10-21T_092521Z_bg_matched_planeX.npz... loaded 313 samples (total: 60573)
Loading prodmarley_nue_flat_es_dune10kt_1x2x2_20250826T083001Z_gen_000276_supernova_g4_detsim_ana_2025-10-21T_091750Z_bg_matched_planeX.npz... loaded 297 samples (total: 60870)
Loading prodmarley_nue_flat_es_dune10kt_1x2x2_20250826T083001Z_gen_000277_supernova_g4_detsim_ana_2025-10-21T_090331Z_bg_matched_planeX.npz... loaded 293 samples (total: 61163)
Loading prodmarley_nue_flat_es_dune10kt_1x2x2_20250826T083012Z_gen_000278_supernova_g4_detsim_ana_2025-10-21T_084435Z_bg_matched_planeX.npz... loaded 311 samples (total: 61474)
Loading prodmarley_nue_flat_es_dune10kt_1x2x2_20250826T083014Z_gen_000279_supernova_g4_detsim_ana_2025-10-21T_092817Z_bg_matched_planeX.npz... loaded 303 samples (total: 61777)
Loading prodmarley_nue_flat_es_dune10kt_1x2x2_20250826T083016Z_gen_000280_supernova_g4_detsim_ana_2025-10-21T_094451Z_bg_matched_planeX.npz... loaded 309 samples (total: 62086)
Loading prodmarley_nue_flat_es_dune10kt_1x2x2_20250826T083022Z_gen_000282_supernova_g4_detsim_ana_2025-10-21T_094459Z_bg_matched_planeX.npz... loaded 323 samples (total: 62409)
Loading prodmarley_nue_flat_es_dune10kt_1x2x2_20250826T083027Z_gen_000283_supernova_g4_detsim_ana_2025-10-21T_090341Z_bg_matched_planeX.npz... loaded 292 samples (total: 62701)
Loading prodmarley_nue_flat_es_dune10kt_1x2x2_20250826T083027Z_gen_000285_supernova_g4_detsim_ana_2025-10-21T_092515Z_bg_matched_planeX.npz... loaded 293 samples (total: 62994)
Loading prodmarley_nue_flat_es_dune10kt_1x2x2_20250826T083028Z_gen_000284_supernova_g4_detsim_ana_2025-10-21T_094516Z_bg_matched_planeX.npz... loaded 294 samples (total: 63288)
Loading prodmarley_nue_flat_es_dune10kt_1x2x2_20250826T083029Z_gen_000286_supernova_g4_detsim_ana_2025-10-21T_094506Z_bg_matched_planeX.npz... loaded 286 samples (total: 63574)
Loading prodmarley_nue_flat_es_dune10kt_1x2x2_20250826T083029Z_gen_000287_supernova_g4_detsim_ana_2025-10-21T_092258Z_bg_matched_planeX.npz... loaded 333 samples (total: 63907)
Loading prodmarley_nue_flat_es_dune10kt_1x2x2_20250826T083029Z_gen_000288_supernova_g4_detsim_ana_2025-10-21T_094456Z_bg_matched_planeX.npz... loaded 319 samples (total: 64226)
Loading prodmarley_nue_flat_es_dune10kt_1x2x2_20250826T083030Z_gen_000289_supernova_g4_detsim_ana_2025-10-21T_094458Z_bg_matched_planeX.npz... loaded 285 samples (total: 64511)
Loading prodmarley_nue_flat_es_dune10kt_1x2x2_20250826T083031Z_gen_000290_supernova_g4_detsim_ana_2025-10-21T_094516Z_bg_matched_planeX.npz... loaded 285 samples (total: 64796)
Loading prodmarley_nue_flat_es_dune10kt_1x2x2_20250826T083031Z_gen_000291_supernova_g4_detsim_ana_2025-10-21T_092752Z_bg_matched_planeX.npz... loaded 300 samples (total: 65096)
Loading prodmarley_nue_flat_es_dune10kt_1x2x2_20250826T083032Z_gen_000292_supernova_g4_detsim_ana_2025-10-21T_090014Z_bg_matched_planeX.npz... loaded 287 samples (total: 65383)
Loading prodmarley_nue_flat_es_dune10kt_1x2x2_20250826T083034Z_gen_000293_supernova_g4_detsim_ana_2025-10-21T_093140Z_bg_matched_planeX.npz... loaded 320 samples (total: 65703)
Loading prodmarley_nue_flat_es_dune10kt_1x2x2_20250826T083034Z_gen_000294_supernova_g4_detsim_ana_2025-10-21T_094459Z_bg_matched_planeX.npz... loaded 278 samples (total: 65981)
Loading prodmarley_nue_flat_es_dune10kt_1x2x2_20250826T083038Z_gen_000296_supernova_g4_detsim_ana_2025-10-21T_092307Z_bg_matched_planeX.npz... loaded 300 samples (total: 66281)
Loading prodmarley_nue_flat_es_dune10kt_1x2x2_20250826T083039Z_gen_000297_supernova_g4_detsim_ana_2025-10-21T_092534Z_bg_matched_planeX.npz... loaded 284 samples (total: 66565)
Loading prodmarley_nue_flat_es_dune10kt_1x2x2_20250826T083040Z_gen_000298_supernova_g4_detsim_ana_2025-10-21T_092428Z_bg_matched_planeX.npz... loaded 309 samples (total: 66874)
Loading prodmarley_nue_flat_es_dune10kt_1x2x2_20250826T083040Z_gen_000299_supernova_g4_detsim_ana_2025-10-21T_090259Z_bg_matched_planeX.npz... loaded 273 samples (total: 67147)
Loading prodmarley_nue_flat_es_dune10kt_1x2x2_20250826T083040Z_gen_000300_supernova_g4_detsim_ana_2025-10-21T_093222Z_bg_matched_planeX.npz... loaded 283 samples (total: 67430)
Loading prodmarley_nue_flat_es_dune10kt_1x2x2_20250826T083043Z_gen_000301_supernova_g4_detsim_ana_2025-10-21T_092808Z_bg_matched_planeX.npz... loaded 316 samples (total: 67746)
Loading prodmarley_nue_flat_es_dune10kt_1x2x2_20250826T083047Z_gen_000302_supernova_g4_detsim_ana_2025-10-21T_090353Z_bg_matched_planeX.npz... loaded 297 samples (total: 68043)
Loading prodmarley_nue_flat_es_dune10kt_1x2x2_20250826T083050Z_gen_000304_supernova_g4_detsim_ana_2025-10-21T_092933Z_bg_matched_planeX.npz... loaded 278 samples (total: 68321)
Loading prodmarley_nue_flat_es_dune10kt_1x2x2_20250826T083053Z_gen_000305_supernova_g4_detsim_ana_2025-10-21T_094423Z_bg_matched_planeX.npz... loaded 325 samples (total: 68646)
Loading prodmarley_nue_flat_es_dune10kt_1x2x2_20250826T083053Z_gen_000306_supernova_g4_detsim_ana_2025-10-21T_094508Z_bg_matched_planeX.npz... loaded 303 samples (total: 68949)
Loading prodmarley_nue_flat_es_dune10kt_1x2x2_20250826T083054Z_gen_000307_supernova_g4_detsim_ana_2025-10-21T_094457Z_bg_matched_planeX.npz... loaded 311 samples (total: 69260)
Loading prodmarley_nue_flat_es_dune10kt_1x2x2_20250826T083057Z_gen_000309_supernova_g4_detsim_ana_2025-10-21T_092554Z_bg_matched_planeX.npz... loaded 300 samples (total: 69560)
Loading prodmarley_nue_flat_es_dune10kt_1x2x2_20250826T083058Z_gen_000310_supernova_g4_detsim_ana_2025-10-21T_092803Z_bg_matched_planeX.npz... loaded 266 samples (total: 69826)
Loading prodmarley_nue_flat_es_dune10kt_1x2x2_20250826T083058Z_gen_000311_supernova_g4_detsim_ana_2025-10-21T_091830Z_bg_matched_planeX.npz... loaded 299 samples (total: 70125)
Loading prodmarley_nue_flat_es_dune10kt_1x2x2_20250826T083058Z_gen_000312_supernova_g4_detsim_ana_2025-10-21T_092909Z_bg_matched_planeX.npz... loaded 297 samples (total: 70422)
Loading prodmarley_nue_flat_es_dune10kt_1x2x2_20250826T083058Z_gen_000313_supernova_g4_detsim_ana_2025-10-21T_084552Z_bg_matched_planeX.npz... loaded 320 samples (total: 70742)
Loading prodmarley_nue_flat_es_dune10kt_1x2x2_20250826T083108Z_gen_000315_supernova_g4_detsim_ana_2025-10-21T_092733Z_bg_matched_planeX.npz... loaded 288 samples (total: 71030)
Loading prodmarley_nue_flat_es_dune10kt_1x2x2_20250826T083112Z_gen_000317_supernova_g4_detsim_ana_2025-10-21T_091823Z_bg_matched_planeX.npz... loaded 312 samples (total: 71342)
Loading prodmarley_nue_flat_es_dune10kt_1x2x2_20250826T083112Z_gen_000318_supernova_g4_detsim_ana_2025-10-21T_092825Z_bg_matched_planeX.npz... loaded 299 samples (total: 71641)
Loading prodmarley_nue_flat_es_dune10kt_1x2x2_20250826T083115Z_gen_000319_supernova_g4_detsim_ana_2025-10-21T_093147Z_bg_matched_planeX.npz... loaded 296 samples (total: 71937)
Loading prodmarley_nue_flat_es_dune10kt_1x2x2_20250826T083117Z_gen_000321_supernova_g4_detsim_ana_2025-10-21T_084421Z_bg_matched_planeX.npz... loaded 306 samples (total: 72243)
Loading prodmarley_nue_flat_es_dune10kt_1x2x2_20250826T083121Z_gen_000324_supernova_g4_detsim_ana_2025-10-21T_092421Z_bg_matched_planeX.npz... loaded 287 samples (total: 72530)
Loading prodmarley_nue_flat_es_dune10kt_1x2x2_20250826T083121Z_gen_000325_supernova_g4_detsim_ana_2025-10-21T_092832Z_bg_matched_planeX.npz... loaded 318 samples (total: 72848)
Loading prodmarley_nue_flat_es_dune10kt_1x2x2_20250826T083123Z_gen_000327_supernova_g4_detsim_ana_2025-10-21T_092539Z_bg_matched_planeX.npz... loaded 292 samples (total: 73140)
Loading prodmarley_nue_flat_es_dune10kt_1x2x2_20250826T083124Z_gen_000328_supernova_g4_detsim_ana_2025-10-21T_092746Z_bg_matched_planeX.npz... loaded 281 samples (total: 73421)
Loading prodmarley_nue_flat_es_dune10kt_1x2x2_20250826T083124Z_gen_000329_supernova_g4_detsim_ana_2025-10-21T_084552Z_bg_matched_planeX.npz... loaded 316 samples (total: 73737)
Loading prodmarley_nue_flat_es_dune10kt_1x2x2_20250826T083126Z_gen_000330_supernova_g4_detsim_ana_2025-10-21T_092822Z_bg_matched_planeX.npz... loaded 294 samples (total: 74031)
Loading prodmarley_nue_flat_es_dune10kt_1x2x2_20250826T083126Z_gen_000331_supernova_g4_detsim_ana_2025-10-21T_085959Z_bg_matched_planeX.npz... loaded 291 samples (total: 74322)
Loading prodmarley_nue_flat_es_dune10kt_1x2x2_20250826T083126Z_gen_000332_supernova_g4_detsim_ana_2025-10-21T_093211Z_bg_matched_planeX.npz... loaded 296 samples (total: 74618)
Loading prodmarley_nue_flat_es_dune10kt_1x2x2_20250826T083129Z_gen_000333_supernova_g4_detsim_ana_2025-10-21T_094501Z_bg_matched_planeX.npz... loaded 300 samples (total: 74918)
Loading prodmarley_nue_flat_es_dune10kt_1x2x2_20250826T083132Z_gen_000334_supernova_g4_detsim_ana_2025-10-21T_090302Z_bg_matched_planeX.npz... loaded 301 samples (total: 75219)
Loading prodmarley_nue_flat_es_dune10kt_1x2x2_20250826T083134Z_gen_000335_supernova_g4_detsim_ana_2025-10-21T_092816Z_bg_matched_planeX.npz... loaded 312 samples (total: 75531)
Loading prodmarley_nue_flat_es_dune10kt_1x2x2_20250826T083135Z_gen_000337_supernova_g4_detsim_ana_2025-10-21T_084428Z_bg_matched_planeX.npz... loaded 302 samples (total: 75833)
Loading prodmarley_nue_flat_es_dune10kt_1x2x2_20250826T083140Z_gen_000339_supernova_g4_detsim_ana_2025-10-21T_092848Z_bg_matched_planeX.npz... loaded 302 samples (total: 76135)
Loading prodmarley_nue_flat_es_dune10kt_1x2x2_20250826T083143Z_gen_000340_supernova_g4_detsim_ana_2025-10-21T_090428Z_bg_matched_planeX.npz... loaded 289 samples (total: 76424)
Loading prodmarley_nue_flat_es_dune10kt_1x2x2_20250826T083145Z_gen_000341_supernova_g4_detsim_ana_2025-10-21T_092753Z_bg_matched_planeX.npz... loaded 281 samples (total: 76705)
Loading prodmarley_nue_flat_es_dune10kt_1x2x2_20250826T083145Z_gen_000342_supernova_g4_detsim_ana_2025-10-21T_084432Z_bg_matched_planeX.npz... loaded 308 samples (total: 77013)
Loading prodmarley_nue_flat_es_dune10kt_1x2x2_20250826T083151Z_gen_000343_supernova_g4_detsim_ana_2025-10-21T_094441Z_bg_matched_planeX.npz... loaded 308 samples (total: 77321)
Loading prodmarley_nue_flat_es_dune10kt_1x2x2_20250826T083154Z_gen_000344_supernova_g4_detsim_ana_2025-10-21T_084552Z_bg_matched_planeX.npz... loaded 294 samples (total: 77615)
Loading prodmarley_nue_flat_es_dune10kt_1x2x2_20250826T083156Z_gen_000345_supernova_g4_detsim_ana_2025-10-21T_091826Z_bg_matched_planeX.npz... loaded 326 samples (total: 77941)
Loading prodmarley_nue_flat_es_dune10kt_1x2x2_20250826T083157Z_gen_000346_supernova_g4_detsim_ana_2025-10-21T_084431Z_bg_matched_planeX.npz... loaded 294 samples (total: 78235)
Loading prodmarley_nue_flat_es_dune10kt_1x2x2_20250826T083159Z_gen_000347_supernova_g4_detsim_ana_2025-10-21T_092545Z_bg_matched_planeX.npz... loaded 306 samples (total: 78541)
Loading prodmarley_nue_flat_es_dune10kt_1x2x2_20250826T083206Z_gen_000348_supernova_g4_detsim_ana_2025-10-21T_092834Z_bg_matched_planeX.npz... loaded 310 samples (total: 78851)
Loading prodmarley_nue_flat_es_dune10kt_1x2x2_20250826T083209Z_gen_000350_supernova_g4_detsim_ana_2025-10-21T_093207Z_bg_matched_planeX.npz... loaded 274 samples (total: 79125)
Loading prodmarley_nue_flat_es_dune10kt_1x2x2_20250826T083213Z_gen_000352_supernova_g4_detsim_ana_2025-10-21T_092257Z_bg_matched_planeX.npz... loaded 310 samples (total: 79435)
Loading prodmarley_nue_flat_es_dune10kt_1x2x2_20250826T083215Z_gen_000353_supernova_g4_detsim_ana_2025-10-21T_094501Z_bg_matched_planeX.npz... loaded 315 samples (total: 79750)
Loading prodmarley_nue_flat_es_dune10kt_1x2x2_20250826T083216Z_gen_000354_supernova_g4_detsim_ana_2025-10-21T_092833Z_bg_matched_planeX.npz... loaded 293 samples (total: 80043)
Loading prodmarley_nue_flat_es_dune10kt_1x2x2_20250826T083222Z_gen_000356_supernova_g4_detsim_ana_2025-10-21T_092517Z_bg_matched_planeX.npz... loaded 304 samples (total: 80347)
Loading prodmarley_nue_flat_es_dune10kt_1x2x2_20250826T083229Z_gen_000358_supernova_g4_detsim_ana_2025-10-21T_091809Z_bg_matched_planeX.npz... loaded 325 samples (total: 80672)
Loading prodmarley_nue_flat_es_dune10kt_1x2x2_20250826T083229Z_gen_000360_supernova_g4_detsim_ana_2025-10-21T_094518Z_bg_matched_planeX.npz... loaded 282 samples (total: 80954)
Loading prodmarley_nue_flat_es_dune10kt_1x2x2_20250826T083229Z_gen_000362_supernova_g4_detsim_ana_2025-10-21T_084431Z_bg_matched_planeX.npz... loaded 290 samples (total: 81244)
Loading prodmarley_nue_flat_es_dune10kt_1x2x2_20250826T083240Z_gen_000363_supernova_g4_detsim_ana_2025-10-21T_092746Z_bg_matched_planeX.npz... loaded 307 samples (total: 81551)
Loading prodmarley_nue_flat_es_dune10kt_1x2x2_20250826T083247Z_gen_000364_supernova_g4_detsim_ana_2025-10-21T_090341Z_bg_matched_planeX.npz... loaded 301 samples (total: 81852)
Loading prodmarley_nue_flat_es_dune10kt_1x2x2_20250826T083251Z_gen_000365_supernova_g4_detsim_ana_2025-10-21T_090316Z_bg_matched_planeX.npz... loaded 280 samples (total: 82132)
Loading prodmarley_nue_flat_es_dune10kt_1x2x2_20250826T083252Z_gen_000366_supernova_g4_detsim_ana_2025-10-21T_092812Z_bg_matched_planeX.npz... loaded 314 samples (total: 82446)
Loading prodmarley_nue_flat_es_dune10kt_1x2x2_20250826T083254Z_gen_000367_supernova_g4_detsim_ana_2025-10-21T_092814Z_bg_matched_planeX.npz... loaded 282 samples (total: 82728)
Loading prodmarley_nue_flat_es_dune10kt_1x2x2_20250826T083258Z_gen_000368_supernova_g4_detsim_ana_2025-10-21T_092301Z_bg_matched_planeX.npz... loaded 323 samples (total: 83051)
Loading prodmarley_nue_flat_es_dune10kt_1x2x2_20250826T083259Z_gen_000369_supernova_g4_detsim_ana_2025-10-21T_092828Z_bg_matched_planeX.npz... loaded 301 samples (total: 83352)
Loading prodmarley_nue_flat_es_dune10kt_1x2x2_20250826T083300Z_gen_000370_supernova_g4_detsim_ana_2025-10-21T_090414Z_bg_matched_planeX.npz... loaded 298 samples (total: 83650)
Loading prodmarley_nue_flat_es_dune10kt_1x2x2_20250826T083301Z_gen_000371_supernova_g4_detsim_ana_2025-10-21T_092542Z_bg_matched_planeX.npz... loaded 283 samples (total: 83933)
Loading prodmarley_nue_flat_es_dune10kt_1x2x2_20250826T083329Z_gen_000372_supernova_g4_detsim_ana_2025-10-21T_092817Z_bg_matched_planeX.npz... loaded 291 samples (total: 84224)
Loading prodmarley_nue_flat_es_dune10kt_1x2x2_20250826T083340Z_gen_000375_supernova_g4_detsim_ana_2025-10-21T_091824Z_bg_matched_planeX.npz... loaded 270 samples (total: 84494)
Loading prodmarley_nue_flat_es_dune10kt_1x2x2_20250826T083340Z_gen_000376_supernova_g4_detsim_ana_2025-10-21T_092723Z_bg_matched_planeX.npz... loaded 288 samples (total: 84782)
Loading prodmarley_nue_flat_es_dune10kt_1x2x2_20250826T083341Z_gen_000378_supernova_g4_detsim_ana_2025-10-21T_094450Z_bg_matched_planeX.npz... loaded 301 samples (total: 85083)
Loading prodmarley_nue_flat_es_dune10kt_1x2x2_20250826T083341Z_gen_000379_supernova_g4_detsim_ana_2025-10-21T_084423Z_bg_matched_planeX.npz... loaded 290 samples (total: 85373)
Loading prodmarley_nue_flat_es_dune10kt_1x2x2_20250826T083345Z_gen_000381_supernova_g4_detsim_ana_2025-10-21T_084432Z_bg_matched_planeX.npz... loaded 291 samples (total: 85664)
Loading prodmarley_nue_flat_es_dune10kt_1x2x2_20250826T083354Z_gen_000382_supernova_g4_detsim_ana_2025-10-21T_084428Z_bg_matched_planeX.npz... loaded 287 samples (total: 85951)
Loading prodmarley_nue_flat_es_dune10kt_1x2x2_20250826T083358Z_gen_000384_supernova_g4_detsim_ana_2025-10-21T_092759Z_bg_matched_planeX.npz... loaded 324 samples (total: 86275)
Loading prodmarley_nue_flat_es_dune10kt_1x2x2_20250826T083405Z_gen_000386_supernova_g4_detsim_ana_2025-10-21T_092555Z_bg_matched_planeX.npz... loaded 315 samples (total: 86590)
Loading prodmarley_nue_flat_es_dune10kt_1x2x2_20250826T083406Z_gen_000388_supernova_g4_detsim_ana_2025-10-21T_092536Z_bg_matched_planeX.npz... loaded 295 samples (total: 86885)
Loading prodmarley_nue_flat_es_dune10kt_1x2x2_20250826T083406Z_gen_000389_supernova_g4_detsim_ana_2025-10-21T_092831Z_bg_matched_planeX.npz... loaded 282 samples (total: 87167)
Loading prodmarley_nue_flat_es_dune10kt_1x2x2_20250826T083415Z_gen_000390_supernova_g4_detsim_ana_2025-10-21T_092546Z_bg_matched_planeX.npz... loaded 294 samples (total: 87461)
Loading prodmarley_nue_flat_es_dune10kt_1x2x2_20250826T083422Z_gen_000392_supernova_g4_detsim_ana_2025-10-21T_092955Z_bg_matched_planeX.npz... loaded 304 samples (total: 87765)
Loading prodmarley_nue_flat_es_dune10kt_1x2x2_20250826T083423Z_gen_000393_supernova_g4_detsim_ana_2025-10-21T_092421Z_bg_matched_planeX.npz... loaded 304 samples (total: 88069)
Loading prodmarley_nue_flat_es_dune10kt_1x2x2_20250826T083428Z_gen_000394_supernova_g4_detsim_ana_2025-10-21T_092512Z_bg_matched_planeX.npz... loaded 304 samples (total: 88373)
Loading prodmarley_nue_flat_es_dune10kt_1x2x2_20250826T083430Z_gen_000396_supernova_g4_detsim_ana_2025-10-21T_092811Z_bg_matched_planeX.npz... loaded 332 samples (total: 88705)
Loading prodmarley_nue_flat_es_dune10kt_1x2x2_20250826T083439Z_gen_000397_supernova_g4_detsim_ana_2025-10-21T_092849Z_bg_matched_planeX.npz... loaded 286 samples (total: 88991)
Loading prodmarley_nue_flat_es_dune10kt_1x2x2_20250826T083453Z_gen_000400_supernova_g4_detsim_ana_2025-10-21T_094501Z_bg_matched_planeX.npz... loaded 280 samples (total: 89271)
Loading prodmarley_nue_flat_es_dune10kt_1x2x2_20250826T083459Z_gen_000401_supernova_g4_detsim_ana_2025-10-21T_084433Z_bg_matched_planeX.npz... loaded 325 samples (total: 89596)
Loading prodmarley_nue_flat_es_dune10kt_1x2x2_20250826T083506Z_gen_000402_supernova_g4_detsim_ana_2025-10-21T_092756Z_bg_matched_planeX.npz... loaded 307 samples (total: 89903)
Loading prodmarley_nue_flat_es_dune10kt_1x2x2_20250826T083508Z_gen_000403_supernova_g4_detsim_ana_2025-10-21T_092926Z_bg_matched_planeX.npz... loaded 329 samples (total: 90232)
Loading prodmarley_nue_flat_es_dune10kt_1x2x2_20250826T083508Z_gen_000404_supernova_g4_detsim_ana_2025-10-21T_094447Z_bg_matched_planeX.npz... loaded 276 samples (total: 90508)
Loading prodmarley_nue_flat_es_dune10kt_1x2x2_20250826T083509Z_gen_000405_supernova_g4_detsim_ana_2025-10-21T_094501Z_bg_matched_planeX.npz... loaded 283 samples (total: 90791)
Loading prodmarley_nue_flat_es_dune10kt_1x2x2_20250826T083514Z_gen_000407_supernova_g4_detsim_ana_2025-10-21T_092922Z_bg_matched_planeX.npz... loaded 296 samples (total: 91087)
Loading prodmarley_nue_flat_es_dune10kt_1x2x2_20250826T083516Z_gen_000408_supernova_g4_detsim_ana_2025-10-21T_092522Z_bg_matched_planeX.npz... loaded 324 samples (total: 91411)
Loading prodmarley_nue_flat_es_dune10kt_1x2x2_20250826T083518Z_gen_000409_supernova_g4_detsim_ana_2025-10-21T_093217Z_bg_matched_planeX.npz... loaded 297 samples (total: 91708)
Loading prodmarley_nue_flat_es_dune10kt_1x2x2_20250826T083519Z_gen_000410_supernova_g4_detsim_ana_2025-10-21T_092304Z_bg_matched_planeX.npz... loaded 322 samples (total: 92030)
Loading prodmarley_nue_flat_es_dune10kt_1x2x2_20250826T083521Z_gen_000411_supernova_g4_detsim_ana_2025-10-21T_084434Z_bg_matched_planeX.npz... loaded 298 samples (total: 92328)
Loading prodmarley_nue_flat_es_dune10kt_1x2x2_20250826T083521Z_gen_000412_supernova_g4_detsim_ana_2025-10-21T_092744Z_bg_matched_planeX.npz... loaded 320 samples (total: 92648)
Loading prodmarley_nue_flat_es_dune10kt_1x2x2_20250826T083521Z_gen_000413_supernova_g4_detsim_ana_2025-10-21T_094507Z_bg_matched_planeX.npz... loaded 300 samples (total: 92948)
Loading prodmarley_nue_flat_es_dune10kt_1x2x2_20250826T083523Z_gen_000414_supernova_g4_detsim_ana_2025-10-21T_091804Z_bg_matched_planeX.npz... loaded 320 samples (total: 93268)
Loading prodmarley_nue_flat_es_dune10kt_1x2x2_20250826T083525Z_gen_000415_supernova_g4_detsim_ana_2025-10-21T_094439Z_bg_matched_planeX.npz... loaded 287 samples (total: 93555)
Loading prodmarley_nue_flat_es_dune10kt_1x2x2_20250826T083526Z_gen_000416_supernova_g4_detsim_ana_2025-10-21T_092819Z_bg_matched_planeX.npz... loaded 287 samples (total: 93842)
Loading prodmarley_nue_flat_es_dune10kt_1x2x2_20250826T083527Z_gen_000417_supernova_g4_detsim_ana_2025-10-21T_094435Z_bg_matched_planeX.npz... loaded 316 samples (total: 94158)
Loading prodmarley_nue_flat_es_dune10kt_1x2x2_20250826T083527Z_gen_000418_supernova_g4_detsim_ana_2025-10-21T_092503Z_bg_matched_planeX.npz... loaded 309 samples (total: 94467)
Loading prodmarley_nue_flat_es_dune10kt_1x2x2_20250826T083532Z_gen_000419_supernova_g4_detsim_ana_2025-10-21T_092318Z_bg_matched_planeX.npz... loaded 284 samples (total: 94751)
Loading prodmarley_nue_flat_es_dune10kt_1x2x2_20250826T083532Z_gen_000420_supernova_g4_detsim_ana_2025-10-21T_092459Z_bg_matched_planeX.npz... loaded 312 samples (total: 95063)
Loading prodmarley_nue_flat_es_dune10kt_1x2x2_20250826T083536Z_gen_000421_supernova_g4_detsim_ana_2025-10-21T_092250Z_bg_matched_planeX.npz... loaded 297 samples (total: 95360)
Loading prodmarley_nue_flat_es_dune10kt_1x2x2_20250826T083539Z_gen_000422_supernova_g4_detsim_ana_2025-10-21T_092424Z_bg_matched_planeX.npz... loaded 286 samples (total: 95646)
Loading prodmarley_nue_flat_es_dune10kt_1x2x2_20250826T083545Z_gen_000425_supernova_g4_detsim_ana_2025-10-21T_094516Z_bg_matched_planeX.npz... loaded 312 samples (total: 95958)
Loading prodmarley_nue_flat_es_dune10kt_1x2x2_20250826T083545Z_gen_000426_supernova_g4_detsim_ana_2025-10-21T_092342Z_bg_matched_planeX.npz... loaded 295 samples (total: 96253)
Loading prodmarley_nue_flat_es_dune10kt_1x2x2_20250826T083546Z_gen_000428_supernova_g4_detsim_ana_2025-10-21T_092904Z_bg_matched_planeX.npz... loaded 294 samples (total: 96547)
Loading prodmarley_nue_flat_es_dune10kt_1x2x2_20250826T083547Z_gen_000429_supernova_g4_detsim_ana_2025-10-21T_092810Z_bg_matched_planeX.npz... loaded 264 samples (total: 96811)
Loading prodmarley_nue_flat_es_dune10kt_1x2x2_20250826T083549Z_gen_000430_supernova_g4_detsim_ana_2025-10-21T_092519Z_bg_matched_planeX.npz... loaded 304 samples (total: 97115)
Loading prodmarley_nue_flat_es_dune10kt_1x2x2_20250826T083549Z_gen_000431_supernova_g4_detsim_ana_2025-10-21T_084432Z_bg_matched_planeX.npz... loaded 279 samples (total: 97394)
Loading prodmarley_nue_flat_es_dune10kt_1x2x2_20250826T083552Z_gen_000432_supernova_g4_detsim_ana_2025-10-21T_092344Z_bg_matched_planeX.npz... loaded 279 samples (total: 97673)
Loading prodmarley_nue_flat_es_dune10kt_1x2x2_20250826T083557Z_gen_000434_supernova_g4_detsim_ana_2025-10-21T_094510Z_bg_matched_planeX.npz... loaded 316 samples (total: 97989)
Loading prodmarley_nue_flat_es_dune10kt_1x2x2_20250826T083559Z_gen_000435_supernova_g4_detsim_ana_2025-10-21T_092826Z_bg_matched_planeX.npz... loaded 327 samples (total: 98316)
Loading prodmarley_nue_flat_es_dune10kt_1x2x2_20250826T083559Z_gen_000436_supernova_g4_detsim_ana_2025-10-21T_092522Z_bg_matched_planeX.npz... loaded 330 samples (total: 98646)
Loading prodmarley_nue_flat_es_dune10kt_1x2x2_20250826T083609Z_gen_000439_supernova_g4_detsim_ana_2025-10-21T_092739Z_bg_matched_planeX.npz... loaded 292 samples (total: 98938)
Loading prodmarley_nue_flat_es_dune10kt_1x2x2_20250826T083609Z_gen_000440_supernova_g4_detsim_ana_2025-10-21T_093148Z_bg_matched_planeX.npz... loaded 314 samples (total: 99252)
Loading prodmarley_nue_flat_es_dune10kt_1x2x2_20250826T083610Z_gen_000441_supernova_g4_detsim_ana_2025-10-21T_092355Z_bg_matched_planeX.npz... loaded 319 samples (total: 99571)
Loading prodmarley_nue_flat_es_dune10kt_1x2x2_20250826T083611Z_gen_000442_supernova_g4_detsim_ana_2025-10-21T_094456Z_bg_matched_planeX.npz... loaded 311 samples (total: 99882)
Loading prodmarley_nue_flat_es_dune10kt_1x2x2_20250826T083612Z_gen_000443_supernova_g4_detsim_ana_2025-10-21T_092828Z_bg_matched_planeX.npz... loaded 307 samples (total: 100189)
Loading prodmarley_nue_flat_es_dune10kt_1x2x2_20250826T083613Z_gen_000444_supernova_g4_detsim_ana_2025-10-21T_092829Z_bg_matched_planeX.npz... loaded 286 samples (total: 100475)
Loading prodmarley_nue_flat_es_dune10kt_1x2x2_20250826T083614Z_gen_000445_supernova_g4_detsim_ana_2025-10-21T_092757Z_bg_matched_planeX.npz... loaded 280 samples (total: 100755)
Loading prodmarley_nue_flat_es_dune10kt_1x2x2_20250826T083615Z_gen_000446_supernova_g4_detsim_ana_2025-10-21T_092554Z_bg_matched_planeX.npz... loaded 285 samples (total: 101040)
Loading prodmarley_nue_flat_es_dune10kt_1x2x2_20250826T083618Z_gen_000448_supernova_g4_detsim_ana_2025-10-21T_091826Z_bg_matched_planeX.npz... loaded 325 samples (total: 101365)
Loading prodmarley_nue_flat_es_dune10kt_1x2x2_20250826T083618Z_gen_000449_supernova_g4_detsim_ana_2025-10-21T_092821Z_bg_matched_planeX.npz... loaded 287 samples (total: 101652)
Loading prodmarley_nue_flat_es_dune10kt_1x2x2_20250826T083620Z_gen_000450_supernova_g4_detsim_ana_2025-10-21T_091811Z_bg_matched_planeX.npz... loaded 309 samples (total: 101961)
Loading prodmarley_nue_flat_es_dune10kt_1x2x2_20250826T083620Z_gen_000451_supernova_g4_detsim_ana_2025-10-21T_090439Z_bg_matched_planeX.npz... loaded 282 samples (total: 102243)
Loading prodmarley_nue_flat_es_dune10kt_1x2x2_20250826T083620Z_gen_000452_supernova_g4_detsim_ana_2025-10-21T_092751Z_bg_matched_planeX.npz... loaded 275 samples (total: 102518)
Loading prodmarley_nue_flat_es_dune10kt_1x2x2_20250826T083627Z_gen_000453_supernova_g4_detsim_ana_2025-10-21T_094444Z_bg_matched_planeX.npz... loaded 297 samples (total: 102815)
Loading prodmarley_nue_flat_es_dune10kt_1x2x2_20250826T083632Z_gen_000454_supernova_g4_detsim_ana_2025-10-21T_094507Z_bg_matched_planeX.npz... loaded 280 samples (total: 103095)
Loading prodmarley_nue_flat_es_dune10kt_1x2x2_20250826T083633Z_gen_000455_supernova_g4_detsim_ana_2025-10-21T_092754Z_bg_matched_planeX.npz... loaded 321 samples (total: 103416)
Loading prodmarley_nue_flat_es_dune10kt_1x2x2_20250826T083634Z_gen_000456_supernova_g4_detsim_ana_2025-10-21T_084435Z_bg_matched_planeX.npz... loaded 301 samples (total: 103717)
Loading prodmarley_nue_flat_es_dune10kt_1x2x2_20250826T083637Z_gen_000457_supernova_g4_detsim_ana_2025-10-21T_091750Z_bg_matched_planeX.npz... loaded 286 samples (total: 104003)
Loading prodmarley_nue_flat_es_dune10kt_1x2x2_20250826T083637Z_gen_000458_supernova_g4_detsim_ana_2025-10-21T_092925Z_bg_matched_planeX.npz... loaded 279 samples (total: 104282)
Loading prodmarley_nue_flat_es_dune10kt_1x2x2_20250826T083643Z_gen_000460_supernova_g4_detsim_ana_2025-10-21T_084552Z_bg_matched_planeX.npz... loaded 296 samples (total: 104578)
Loading prodmarley_nue_flat_es_dune10kt_1x2x2_20250826T083651Z_gen_000461_supernova_g4_detsim_ana_2025-10-21T_090421Z_bg_matched_planeX.npz... loaded 304 samples (total: 104882)
Loading prodmarley_nue_flat_es_dune10kt_1x2x2_20250826T083652Z_gen_000462_supernova_g4_detsim_ana_2025-10-21T_090350Z_bg_matched_planeX.npz... loaded 310 samples (total: 105192)
Loading prodmarley_nue_flat_es_dune10kt_1x2x2_20250826T083653Z_gen_000463_supernova_g4_detsim_ana_2025-10-21T_084437Z_bg_matched_planeX.npz... loaded 314 samples (total: 105506)
Loading prodmarley_nue_flat_es_dune10kt_1x2x2_20250826T083700Z_gen_000465_supernova_g4_detsim_ana_2025-10-21T_092829Z_bg_matched_planeX.npz... loaded 311 samples (total: 105817)
Loading prodmarley_nue_flat_es_dune10kt_1x2x2_20250826T083707Z_gen_000467_supernova_g4_detsim_ana_2025-10-21T_084442Z_bg_matched_planeX.npz... loaded 321 samples (total: 106138)
Loading prodmarley_nue_flat_es_dune10kt_1x2x2_20250826T083709Z_gen_000468_supernova_g4_detsim_ana_2025-10-21T_094459Z_bg_matched_planeX.npz... loaded 311 samples (total: 106449)
Loading prodmarley_nue_flat_es_dune10kt_1x2x2_20250826T083710Z_gen_000470_supernova_g4_detsim_ana_2025-10-21T_092825Z_bg_matched_planeX.npz... loaded 280 samples (total: 106729)
Loading prodmarley_nue_flat_es_dune10kt_1x2x2_20250826T083711Z_gen_000471_supernova_g4_detsim_ana_2025-10-21T_092407Z_bg_matched_planeX.npz... loaded 295 samples (total: 107024)
Loading prodmarley_nue_flat_es_dune10kt_1x2x2_20250826T083711Z_gen_000472_supernova_g4_detsim_ana_2025-10-21T_092302Z_bg_matched_planeX.npz... loaded 305 samples (total: 107329)
Loading prodmarley_nue_flat_es_dune10kt_1x2x2_20250826T083714Z_gen_000474_supernova_g4_detsim_ana_2025-10-21T_085139Z_bg_matched_planeX.npz... loaded 331 samples (total: 107660)
Loading prodmarley_nue_flat_es_dune10kt_1x2x2_20250826T083715Z_gen_000476_supernova_g4_detsim_ana_2025-10-21T_092551Z_bg_matched_planeX.npz... loaded 321 samples (total: 107981)
Loading prodmarley_nue_flat_es_dune10kt_1x2x2_20250826T083717Z_gen_000478_supernova_g4_detsim_ana_2025-10-21T_090400Z_bg_matched_planeX.npz... loaded 297 samples (total: 108278)
Loading prodmarley_nue_flat_es_dune10kt_1x2x2_20250826T083720Z_gen_000479_supernova_g4_detsim_ana_2025-10-21T_092856Z_bg_matched_planeX.npz... loaded 319 samples (total: 108597)
Loading prodmarley_nue_flat_es_dune10kt_1x2x2_20250826T083725Z_gen_000480_supernova_g4_detsim_ana_2025-10-21T_084444Z_bg_matched_planeX.npz... loaded 289 samples (total: 108886)
Loading prodmarley_nue_flat_es_dune10kt_1x2x2_20250826T083726Z_gen_000481_supernova_g4_detsim_ana_2025-10-21T_084428Z_bg_matched_planeX.npz... loaded 297 samples (total: 109183)
Loading prodmarley_nue_flat_es_dune10kt_1x2x2_20250826T083730Z_gen_000482_supernova_g4_detsim_ana_2025-10-21T_094511Z_bg_matched_planeX.npz... loaded 270 samples (total: 109453)
Loading prodmarley_nue_flat_es_dune10kt_1x2x2_20250826T083733Z_gen_000483_supernova_g4_detsim_ana_2025-10-21T_092906Z_bg_matched_planeX.npz... loaded 287 samples (total: 109740)
Loading prodmarley_nue_flat_es_dune10kt_1x2x2_20250826T083733Z_gen_000484_supernova_g4_detsim_ana_2025-10-21T_085159Z_bg_matched_planeX.npz... loaded 280 samples (total: 110020)
Loading prodmarley_nue_flat_es_dune10kt_1x2x2_20250826T083735Z_gen_000485_supernova_g4_detsim_ana_2025-10-21T_094443Z_bg_matched_planeX.npz... loaded 297 samples (total: 110317)
Loading prodmarley_nue_flat_es_dune10kt_1x2x2_20250826T083735Z_gen_000486_supernova_g4_detsim_ana_2025-10-21T_092545Z_bg_matched_planeX.npz... loaded 284 samples (total: 110601)
Loading prodmarley_nue_flat_es_dune10kt_1x2x2_20250826T083737Z_gen_000487_supernova_g4_detsim_ana_2025-10-21T_084439Z_bg_matched_planeX.npz... loaded 287 samples (total: 110888)
Loading prodmarley_nue_flat_es_dune10kt_1x2x2_20250826T083741Z_gen_000488_supernova_g4_detsim_ana_2025-10-21T_092827Z_bg_matched_planeX.npz... loaded 292 samples (total: 111180)
Loading prodmarley_nue_flat_es_dune10kt_1x2x2_20250826T083747Z_gen_000490_supernova_g4_detsim_ana_2025-10-21T_094445Z_bg_matched_planeX.npz... loaded 318 samples (total: 111498)
Loading prodmarley_nue_flat_es_dune10kt_1x2x2_20250826T083747Z_gen_000491_supernova_g4_detsim_ana_2025-10-21T_092535Z_bg_matched_planeX.npz... loaded 321 samples (total: 111819)
Loading prodmarley_nue_flat_es_dune10kt_1x2x2_20250826T083755Z_gen_000493_supernova_g4_detsim_ana_2025-10-21T_092833Z_bg_matched_planeX.npz... loaded 302 samples (total: 112121)
Loading prodmarley_nue_flat_es_dune10kt_1x2x2_20250826T083755Z_gen_000494_supernova_g4_detsim_ana_2025-10-21T_092817Z_bg_matched_planeX.npz... loaded 346 samples (total: 112467)
Loading prodmarley_nue_flat_es_dune10kt_1x2x2_20250826T083756Z_gen_000495_supernova_g4_detsim_ana_2025-10-21T_091835Z_bg_matched_planeX.npz... loaded 309 samples (total: 112776)
Loading prodmarley_nue_flat_es_dune10kt_1x2x2_20250826T083804Z_gen_000497_supernova_g4_detsim_ana_2025-10-21T_094458Z_bg_matched_planeX.npz... loaded 336 samples (total: 113112)
Loading prodmarley_nue_flat_es_dune10kt_1x2x2_20250826T083805Z_gen_000498_supernova_g4_detsim_ana_2025-10-21T_092826Z_bg_matched_planeX.npz... loaded 283 samples (total: 113395)
Loading prodmarley_nue_flat_es_dune10kt_1x2x2_20250826T083806Z_gen_000499_supernova_g4_detsim_ana_2025-10-21T_090432Z_bg_matched_planeX.npz... loaded 350 samples (total: 113745)
Loading prodmarley_nue_flat_es_dune10kt_1x2x2_20250826T083806Z_gen_000500_supernova_g4_detsim_ana_2025-10-21T_092732Z_bg_matched_planeX.npz... loaded 303 samples (total: 114048)
Loading prodmarley_nue_flat_es_dune10kt_1x2x2_20250826T092708Z_gen_000181_supernova_g4_detsim_ana_2025-10-21T_092301Z_bg_matched_planeX.npz... loaded 287 samples (total: 114335)
Loading prodmarley_nue_flat_es_dune10kt_1x2x2_20250826T092719Z_gen_000190_supernova_g4_detsim_ana_2025-10-21T_084433Z_bg_matched_planeX.npz... loaded 298 samples (total: 114633)
Loading prodmarley_nue_flat_es_dune10kt_1x2x2_20250826T092727Z_gen_000191_supernova_g4_detsim_ana_2025-10-21T_094515Z_bg_matched_planeX.npz... loaded 297 samples (total: 114930)
Loading prodmarley_nue_flat_es_dune10kt_1x2x2_20250826T092733Z_gen_000194_supernova_g4_detsim_ana_2025-10-21T_090336Z_bg_matched_planeX.npz... loaded 297 samples (total: 115227)
Loading prodmarley_nue_flat_es_dune10kt_1x2x2_20250826T092747Z_gen_000195_supernova_g4_detsim_ana_2025-10-21T_094448Z_bg_matched_planeX.npz... loaded 291 samples (total: 115518)
Loading prodmarley_nue_flat_es_dune10kt_1x2x2_20250826T092747Z_gen_000218_supernova_g4_detsim_ana_2025-10-21T_092821Z_bg_matched_planeX.npz... loaded 287 samples (total: 115805)
Loading prodmarley_nue_flat_es_dune10kt_1x2x2_20250826T092751Z_gen_000237_supernova_g4_detsim_ana_2025-10-21T_092411Z_bg_matched_planeX.npz... loaded 299 samples (total: 116104)
Loading prodmarley_nue_flat_es_dune10kt_1x2x2_20250826T092757Z_gen_000240_supernova_g4_detsim_ana_2025-10-21T_092301Z_bg_matched_planeX.npz... loaded 311 samples (total: 116415)
Loading prodmarley_nue_flat_es_dune10kt_1x2x2_20250926T155625Z_gen_000001_supernova_g4_detsim_ana_2025-10-21T_092407Z_bg_matched_planeX.npz... loaded 312 samples (total: 116727)
Loading prodmarley_nue_flat_es_dune10kt_1x2x2_20250926T155628Z_gen_000002_supernova_g4_detsim_ana_2025-10-21T_091152Z_bg_matched_planeX.npz... loaded 309 samples (total: 117036)
Loading prodmarley_nue_flat_es_dune10kt_1x2x2_20250926T155633Z_gen_000003_supernova_g4_detsim_ana_2025-10-21T_091016Z_bg_matched_planeX.npz... loaded 300 samples (total: 117336)
Loading prodmarley_nue_flat_es_dune10kt_1x2x2_20250926T155642Z_gen_000008_supernova_g4_detsim_ana_2025-10-21T_093344Z_bg_matched_planeX.npz... loaded 289 samples (total: 117625)
Loading prodmarley_nue_flat_es_dune10kt_1x2x2_20250926T155645Z_gen_000009_supernova_g4_detsim_ana_2025-10-21T_091157Z_bg_matched_planeX.npz... loaded 278 samples (total: 117903)
Loading prodmarley_nue_flat_es_dune10kt_1x2x2_20250926T155648Z_gen_000011_supernova_g4_detsim_ana_2025-10-21T_092643Z_bg_matched_planeX.npz... loaded 312 samples (total: 118215)
Loading prodmarley_nue_flat_es_dune10kt_1x2x2_20250926T155649Z_gen_000013_supernova_g4_detsim_ana_2025-10-21T_090912Z_bg_matched_planeX.npz... loaded 305 samples (total: 118520)
Loading prodmarley_nue_flat_es_dune10kt_1x2x2_20250926T155653Z_gen_000014_supernova_g4_detsim_ana_2025-10-21T_085242Z_bg_matched_planeX.npz... loaded 319 samples (total: 118839)
Loading prodmarley_nue_flat_es_dune10kt_1x2x2_20250926T155654Z_gen_000015_supernova_g4_detsim_ana_2025-10-21T_092759Z_bg_matched_planeX.npz... loaded 283 samples (total: 119122)
Loading prodmarley_nue_flat_es_dune10kt_1x2x2_20250926T155656Z_gen_000017_supernova_g4_detsim_ana_2025-10-21T_095044Z_bg_matched_planeX.npz... loaded 278 samples (total: 119400)
Loading prodmarley_nue_flat_es_dune10kt_1x2x2_20250926T155659Z_gen_000018_supernova_g4_detsim_ana_2025-10-21T_092816Z_bg_matched_planeX.npz... loaded 289 samples (total: 119689)
Loading prodmarley_nue_flat_es_dune10kt_1x2x2_20250926T155702Z_gen_000021_supernova_g4_detsim_ana_2025-10-21T_095237Z_bg_matched_planeX.npz... loaded 274 samples (total: 119963)
Loading prodmarley_nue_flat_es_dune10kt_1x2x2_20250926T155705Z_gen_000022_supernova_g4_detsim_ana_2025-10-21T_091544Z_bg_matched_planeX.npz... loaded 285 samples (total: 120248)
Loading prodmarley_nue_flat_es_dune10kt_1x2x2_20250926T155708Z_gen_000024_supernova_g4_detsim_ana_2025-10-21T_094624Z_bg_matched_planeX.npz... loaded 304 samples (total: 120552)
Loading prodmarley_nue_flat_es_dune10kt_1x2x2_20250926T155709Z_gen_000025_supernova_g4_detsim_ana_2025-10-21T_092402Z_bg_matched_planeX.npz... loaded 295 samples (total: 120847)
Loading prodmarley_nue_flat_es_dune10kt_1x2x2_20250926T155714Z_gen_000027_supernova_g4_detsim_ana_2025-10-21T_093350Z_bg_matched_planeX.npz... loaded 293 samples (total: 121140)
Loading prodmarley_nue_flat_es_dune10kt_1x2x2_20250926T155715Z_gen_000028_supernova_g4_detsim_ana_2025-10-21T_095014Z_bg_matched_planeX.npz... loaded 340 samples (total: 121480)
Loading prodmarley_nue_flat_es_dune10kt_1x2x2_20250926T155715Z_gen_000029_supernova_g4_detsim_ana_2025-10-21T_090902Z_bg_matched_planeX.npz... loaded 295 samples (total: 121775)
Loading prodmarley_nue_flat_es_dune10kt_1x2x2_20250926T155718Z_gen_000030_supernova_g4_detsim_ana_2025-10-21T_094652Z_bg_matched_planeX.npz... loaded 295 samples (total: 122070)
Loading prodmarley_nue_flat_es_dune10kt_1x2x2_20250926T155726Z_gen_000032_supernova_g4_detsim_ana_2025-10-21T_091135Z_bg_matched_planeX.npz... loaded 318 samples (total: 122388)
Loading prodmarley_nue_flat_es_dune10kt_1x2x2_20250926T155729Z_gen_000034_supernova_g4_detsim_ana_2025-10-21T_091658Z_bg_matched_planeX.npz... loaded 338 samples (total: 122726)
Loading prodmarley_nue_flat_es_dune10kt_1x2x2_20250926T155838Z_gen_000038_supernova_g4_detsim_ana_2025-10-21T_094012Z_bg_matched_planeX.npz... loaded 270 samples (total: 122996)
Loading prodmarley_nue_flat_es_dune10kt_1x2x2_20250926T155849Z_gen_000039_supernova_g4_detsim_ana_2025-10-21T_094452Z_bg_matched_planeX.npz... loaded 293 samples (total: 123289)
Loading prodmarley_nue_flat_es_dune10kt_1x2x2_20250926T155856Z_gen_000040_supernova_g4_detsim_ana_2025-10-21T_090015Z_bg_matched_planeX.npz... loaded 299 samples (total: 123588)
Loading prodmarley_nue_flat_es_dune10kt_1x2x2_20250926T155936Z_gen_000042_supernova_g4_detsim_ana_2025-10-21T_090100Z_bg_matched_planeX.npz... loaded 307 samples (total: 123895)
Loading prodmarley_nue_flat_es_dune10kt_1x2x2_20250926T155945Z_gen_000043_supernova_g4_detsim_ana_2025-10-21T_092618Z_bg_matched_planeX.npz... loaded 284 samples (total: 124179)
Loading prodmarley_nue_flat_es_dune10kt_1x2x2_20250926T155950Z_gen_000044_supernova_g4_detsim_ana_2025-10-21T_094805Z_bg_matched_planeX.npz... loaded 310 samples (total: 124489)
Loading prodmarley_nue_flat_es_dune10kt_1x2x2_20250926T155953Z_gen_000045_supernova_g4_detsim_ana_2025-10-21T_095110Z_bg_matched_planeX.npz... loaded 331 samples (total: 124820)
Loading prodmarley_nue_flat_es_dune10kt_1x2x2_20250926T160509Z_gen_000047_supernova_g4_detsim_ana_2025-10-21T_090138Z_bg_matched_planeX.npz... loaded 283 samples (total: 125103)
Loading prodmarley_nue_flat_es_dune10kt_1x2x2_20250926T160527Z_gen_000048_supernova_g4_detsim_ana_2025-10-21T_095037Z_bg_matched_planeX.npz... loaded 313 samples (total: 125416)
Loading prodmarley_nue_flat_es_dune10kt_1x2x2_20250926T160539Z_gen_000049_supernova_g4_detsim_ana_2025-10-21T_092830Z_bg_matched_planeX.npz... loaded 323 samples (total: 125739)
Loading prodmarley_nue_flat_es_dune10kt_1x2x2_20250926T160541Z_gen_000050_supernova_g4_detsim_ana_2025-10-21T_093929Z_bg_matched_planeX.npz... loaded 312 samples (total: 126051)
Loading prodmarley_nue_flat_es_dune10kt_1x2x2_20250926T160547Z_gen_000051_supernova_g4_detsim_ana_2025-10-21T_092915Z_bg_matched_planeX.npz... loaded 307 samples (total: 126358)
Loading prodmarley_nue_flat_es_dune10kt_1x2x2_20250926T160547Z_gen_000052_supernova_g4_detsim_ana_2025-10-21T_094258Z_bg_matched_planeX.npz... loaded 291 samples (total: 126649)
Loading prodmarley_nue_flat_es_dune10kt_1x2x2_20250926T160643Z_gen_000055_supernova_g4_detsim_ana_2025-10-21T_094019Z_bg_matched_planeX.npz... loaded 307 samples (total: 126956)
Loading prodmarley_nue_flat_es_dune10kt_1x2x2_20250926T160713Z_gen_000057_supernova_g4_detsim_ana_2025-10-21T_094801Z_bg_matched_planeX.npz... loaded 309 samples (total: 127265)
Loading prodmarley_nue_flat_es_dune10kt_1x2x2_20250926T160713Z_gen_000058_supernova_g4_detsim_ana_2025-10-21T_090813Z_bg_matched_planeX.npz... loaded 286 samples (total: 127551)
Loading prodmarley_nue_flat_es_dune10kt_1x2x2_20250926T160735Z_gen_000059_supernova_g4_detsim_ana_2025-10-21T_093747Z_bg_matched_planeX.npz... loaded 308 samples (total: 127859)
Loading prodmarley_nue_flat_es_dune10kt_1x2x2_20250926T160738Z_gen_000060_supernova_g4_detsim_ana_2025-10-21T_093444Z_bg_matched_planeX.npz... loaded 313 samples (total: 128172)
Loading prodmarley_nue_flat_es_dune10kt_1x2x2_20250926T160836Z_gen_000062_supernova_g4_detsim_ana_2025-10-21T_092724Z_bg_matched_planeX.npz... loaded 272 samples (total: 128444)
Loading prodmarley_nue_flat_es_dune10kt_1x2x2_20250926T160850Z_gen_000063_supernova_g4_detsim_ana_2025-10-21T_092441Z_bg_matched_planeX.npz... loaded 321 samples (total: 128765)
Loading prodmarley_nue_flat_es_dune10kt_1x2x2_20250926T160959Z_gen_000065_supernova_g4_detsim_ana_2025-10-21T_094412Z_bg_matched_planeX.npz... loaded 298 samples (total: 129063)
Loading prodmarley_nue_flat_es_dune10kt_1x2x2_20250926T161006Z_gen_000066_supernova_g4_detsim_ana_2025-10-21T_094405Z_bg_matched_planeX.npz... loaded 297 samples (total: 129360)
Loading prodmarley_nue_flat_es_dune10kt_1x2x2_20250926T161008Z_gen_000067_supernova_g4_detsim_ana_2025-10-21T_095309Z_bg_matched_planeX.npz... loaded 310 samples (total: 129670)
Loading prodmarley_nue_flat_es_dune10kt_1x2x2_20250926T161016Z_gen_000068_supernova_g4_detsim_ana_2025-10-21T_095329Z_bg_matched_planeX.npz... loaded 345 samples (total: 130015)
Loading prodmarley_nue_flat_es_dune10kt_1x2x2_20250926T161031Z_gen_000069_supernova_g4_detsim_ana_2025-10-21T_095013Z_bg_matched_planeX.npz... loaded 314 samples (total: 130329)
Loading prodmarley_nue_flat_es_dune10kt_1x2x2_20250926T161038Z_gen_000071_supernova_g4_detsim_ana_2025-10-21T_092747Z_bg_matched_planeX.npz... loaded 294 samples (total: 130623)
Loading prodmarley_nue_flat_es_dune10kt_1x2x2_20250926T161113Z_gen_000073_supernova_g4_detsim_ana_2025-10-21T_093354Z_bg_matched_planeX.npz... loaded 282 samples (total: 130905)
Loading prodmarley_nue_flat_es_dune10kt_1x2x2_20250926T161137Z_gen_000075_supernova_g4_detsim_ana_2025-10-21T_090158Z_bg_matched_planeX.npz... loaded 310 samples (total: 131215)
Loading prodmarley_nue_flat_es_dune10kt_1x2x2_20250926T161141Z_gen_000078_supernova_g4_detsim_ana_2025-10-21T_090035Z_bg_matched_planeX.npz... loaded 294 samples (total: 131509)
Loading prodmarley_nue_flat_es_dune10kt_1x2x2_20250926T161153Z_gen_000081_supernova_g4_detsim_ana_2025-10-21T_095104Z_bg_matched_planeX.npz... loaded 282 samples (total: 131791)
Loading prodmarley_nue_flat_es_dune10kt_1x2x2_20250926T161210Z_gen_000083_supernova_g4_detsim_ana_2025-10-21T_092659Z_bg_matched_planeX.npz... loaded 286 samples (total: 132077)
Loading prodmarley_nue_flat_es_dune10kt_1x2x2_20250926T161237Z_gen_000085_supernova_g4_detsim_ana_2025-10-21T_090206Z_bg_matched_planeX.npz... loaded 312 samples (total: 132389)
Loading prodmarley_nue_flat_es_dune10kt_1x2x2_20250926T161254Z_gen_000086_supernova_g4_detsim_ana_2025-10-21T_092450Z_bg_matched_planeX.npz... loaded 295 samples (total: 132684)
Loading prodmarley_nue_flat_es_dune10kt_1x2x2_20250926T161312Z_gen_000088_supernova_g4_detsim_ana_2025-10-21T_095320Z_bg_matched_planeX.npz... loaded 286 samples (total: 132970)
Loading prodmarley_nue_flat_es_dune10kt_1x2x2_20250926T161316Z_gen_000089_supernova_g4_detsim_ana_2025-10-21T_090309Z_bg_matched_planeX.npz... loaded 331 samples (total: 133301)
Loading prodmarley_nue_flat_es_dune10kt_1x2x2_20250926T161319Z_gen_000090_supernova_g4_detsim_ana_2025-10-21T_093512Z_bg_matched_planeX.npz... loaded 309 samples (total: 133610)
Loading prodmarley_nue_flat_es_dune10kt_1x2x2_20250926T161339Z_gen_000091_supernova_g4_detsim_ana_2025-10-21T_093532Z_bg_matched_planeX.npz... loaded 303 samples (total: 133913)
Loading prodmarley_nue_flat_es_dune10kt_1x2x2_20250926T161406Z_gen_000092_supernova_g4_detsim_ana_2025-10-21T_094443Z_bg_matched_planeX.npz... loaded 312 samples (total: 134225)
Loading prodmarley_nue_flat_es_dune10kt_1x2x2_20250926T161431Z_gen_000093_supernova_g4_detsim_ana_2025-10-21T_092946Z_bg_matched_planeX.npz... loaded 304 samples (total: 134529)
Loading prodmarley_nue_flat_es_dune10kt_1x2x2_20250926T161457Z_gen_000094_supernova_g4_detsim_ana_2025-10-21T_094937Z_bg_matched_planeX.npz... loaded 285 samples (total: 134814)
Loading prodmarley_nue_flat_es_dune10kt_1x2x2_20250926T161501Z_gen_000095_supernova_g4_detsim_ana_2025-10-21T_085055Z_bg_matched_planeX.npz... loaded 311 samples (total: 135125)
Loading prodmarley_nue_flat_es_dune10kt_1x2x2_20250926T161501Z_gen_000096_supernova_g4_detsim_ana_2025-10-21T_094014Z_bg_matched_planeX.npz... loaded 305 samples (total: 135430)
Loading prodmarley_nue_flat_es_dune10kt_1x2x2_20250926T161509Z_gen_000098_supernova_g4_detsim_ana_2025-10-21T_090034Z_bg_matched_planeX.npz... loaded 295 samples (total: 135725)
Loading prodmarley_nue_flat_es_dune10kt_1x2x2_20250926T161509Z_gen_000099_supernova_g4_detsim_ana_2025-10-21T_090023Z_bg_matched_planeX.npz... loaded 294 samples (total: 136019)
Loading prodmarley_nue_flat_es_dune10kt_1x2x2_20250926T161513Z_gen_000100_supernova_g4_detsim_ana_2025-10-21T_091045Z_bg_matched_planeX.npz... loaded 302 samples (total: 136321)
Loading prodmarley_nue_flat_es_dune10kt_1x2x2_20250926T161517Z_gen_000101_supernova_g4_detsim_ana_2025-10-21T_092736Z_bg_matched_planeX.npz... loaded 316 samples (total: 136637)
Loading prodmarley_nue_flat_es_dune10kt_1x2x2_20250926T161521Z_gen_000103_supernova_g4_detsim_ana_2025-10-21T_095300Z_bg_matched_planeX.npz... loaded 295 samples (total: 136932)
Loading prodmarley_nue_flat_es_dune10kt_1x2x2_20250926T161521Z_gen_000104_supernova_g4_detsim_ana_2025-10-21T_091008Z_bg_matched_planeX.npz... loaded 300 samples (total: 137232)
Loading prodmarley_nue_flat_es_dune10kt_1x2x2_20250926T161526Z_gen_000106_supernova_g4_detsim_ana_2025-10-21T_094753Z_bg_matched_planeX.npz... loaded 293 samples (total: 137525)
Loading prodmarley_nue_flat_es_dune10kt_1x2x2_20250926T161536Z_gen_000109_supernova_g4_detsim_ana_2025-10-21T_094517Z_bg_matched_planeX.npz... loaded 315 samples (total: 137840)
Loading prodmarley_nue_flat_es_dune10kt_1x2x2_20250926T161545Z_gen_000111_supernova_g4_detsim_ana_2025-10-21T_092831Z_bg_matched_planeX.npz... loaded 308 samples (total: 138148)
Loading prodmarley_nue_flat_es_dune10kt_1x2x2_20250926T161545Z_gen_000112_supernova_g4_detsim_ana_2025-10-21T_095045Z_bg_matched_planeX.npz... loaded 305 samples (total: 138453)
Loading prodmarley_nue_flat_es_dune10kt_1x2x2_20250926T161547Z_gen_000113_supernova_g4_detsim_ana_2025-10-21T_094458Z_bg_matched_planeX.npz... loaded 310 samples (total: 138763)
Loading prodmarley_nue_flat_es_dune10kt_1x2x2_20250926T161548Z_gen_000114_supernova_g4_detsim_ana_2025-10-21T_092601Z_bg_matched_planeX.npz... loaded 306 samples (total: 139069)
Loading prodmarley_nue_flat_es_dune10kt_1x2x2_20250926T161555Z_gen_000116_supernova_g4_detsim_ana_2025-10-21T_091254Z_bg_matched_planeX.npz... loaded 320 samples (total: 139389)
Loading prodmarley_nue_flat_es_dune10kt_1x2x2_20250926T161605Z_gen_000117_supernova_g4_detsim_ana_2025-10-21T_085949Z_bg_matched_planeX.npz... loaded 316 samples (total: 139705)
Loading prodmarley_nue_flat_es_dune10kt_1x2x2_20250926T161611Z_gen_000118_supernova_g4_detsim_ana_2025-10-21T_095140Z_bg_matched_planeX.npz... loaded 301 samples (total: 140006)
Loading prodmarley_nue_flat_es_dune10kt_1x2x2_20250926T161611Z_gen_000119_supernova_g4_detsim_ana_2025-10-21T_091154Z_bg_matched_planeX.npz... loaded 300 samples (total: 140306)
Loading prodmarley_nue_flat_es_dune10kt_1x2x2_20250926T161614Z_gen_000120_supernova_g4_detsim_ana_2025-10-21T_092739Z_bg_matched_planeX.npz... loaded 282 samples (total: 140588)
Loading prodmarley_nue_flat_es_dune10kt_1x2x2_20250926T161625Z_gen_000122_supernova_g4_detsim_ana_2025-10-21T_094002Z_bg_matched_planeX.npz... loaded 279 samples (total: 140867)
Loading prodmarley_nue_flat_es_dune10kt_1x2x2_20250926T161626Z_gen_000123_supernova_g4_detsim_ana_2025-10-21T_090121Z_bg_matched_planeX.npz... loaded 305 samples (total: 141172)
Loading prodmarley_nue_flat_es_dune10kt_1x2x2_20250926T161628Z_gen_000124_supernova_g4_detsim_ana_2025-10-21T_094641Z_bg_matched_planeX.npz... loaded 295 samples (total: 141467)
Loading prodmarley_nue_flat_es_dune10kt_1x2x2_20250926T161637Z_gen_000126_supernova_g4_detsim_ana_2025-10-21T_093800Z_bg_matched_planeX.npz... loaded 327 samples (total: 141794)
Loading prodmarley_nue_flat_es_dune10kt_1x2x2_20250926T161644Z_gen_000127_supernova_g4_detsim_ana_2025-10-21T_095110Z_bg_matched_planeX.npz... loaded 308 samples (total: 142102)
Loading prodmarley_nue_flat_es_dune10kt_1x2x2_20250926T161647Z_gen_000128_supernova_g4_detsim_ana_2025-10-21T_094946Z_bg_matched_planeX.npz... loaded 300 samples (total: 142402)
Loading prodmarley_nue_flat_es_dune10kt_1x2x2_20250926T161654Z_gen_000129_supernova_g4_detsim_ana_2025-10-21T_092916Z_bg_matched_planeX.npz... loaded 279 samples (total: 142681)
Loading prodmarley_nue_flat_es_dune10kt_1x2x2_20250926T161656Z_gen_000130_supernova_g4_detsim_ana_2025-10-21T_094721Z_bg_matched_planeX.npz... loaded 313 samples (total: 142994)
Loading prodmarley_nue_flat_es_dune10kt_1x2x2_20250926T161700Z_gen_000131_supernova_g4_detsim_ana_2025-10-21T_092725Z_bg_matched_planeX.npz... loaded 279 samples (total: 143273)
Loading prodmarley_nue_flat_es_dune10kt_1x2x2_20250926T161726Z_gen_000132_supernova_g4_detsim_ana_2025-10-22T_125828Z_bg_matched_planeX.npz... loaded 279 samples (total: 143552)
Loading prodmarley_nue_flat_es_dune10kt_1x2x2_20250926T161757Z_gen_000133_supernova_g4_detsim_ana_2025-10-21T_094109Z_bg_matched_planeX.npz... 

✗ Error during training: No data left in file
