000 (10608232.000.000) 11/05 17:22:41 Job submitted from host: <188.185.70.244:9618?addrs=188.185.70.244-9618+[2001-1458-d00-7--100-2ee]-9618&alias=bigbird10.cern.ch&noUDP&sock=schedd_3518298_5df3>
...
040 (10608232.000.000) 11/05 17:24:18 Started transferring input files
	Transferring to host: <188.185.206.77:9618?addrs=188.185.206.77-9618+[2001-1458-303-b--100-4a]-9618&alias=b9p05p8888.cern.ch&noUDP&sock=slot1_7_10788_df30_42150>
...
040 (10608232.000.000) 11/05 17:24:18 Finished transferring input files
...
001 (10608232.000.000) 11/05 17:24:19 Job executing on host: <188.185.206.77:9618?addrs=188.185.206.77-9618+[2001-1458-303-b--100-4a]-9618&alias=b9p05p8888.cern.ch&noUDP&sock=startd_10289_fa07>
	SlotName: slot1_7@b9p05p8888.cern.ch
	CondorScratchDir = "/pool/condor/dir_1950397"
	Cpus = 14
	Disk = 20974269
	GPUs = 0
	Memory = 42000
...
006 (10608232.000.000) 11/05 17:24:33 Image size of job updated: 55740
	55  -  MemoryUsage of job (MB)
	55740  -  ResidentSetSize of job (KB)
...
006 (10608232.000.000) 11/05 17:25:37 Image size of job updated: 353216
	55  -  MemoryUsage of job (MB)
	55740  -  ResidentSetSize of job (KB)
...
040 (10608232.000.000) 11/05 17:25:37 Started transferring output files
...
040 (10608232.000.000) 11/05 17:25:37 Finished transferring output files
...
005 (10608232.000.000) 11/05 17:25:37 Job terminated.
	(1) Normal termination (return value 1)
		Usr 0 00:00:25, Sys 0 00:00:18  -  Run Remote Usage
		Usr 0 00:00:00, Sys 0 00:00:00  -  Run Local Usage
		Usr 0 00:00:25, Sys 0 00:00:18  -  Total Remote Usage
		Usr 0 00:00:00, Sys 0 00:00:00  -  Total Local Usage
	4503  -  Run Bytes Sent By Job
	2194  -  Run Bytes Received By Job
	4503  -  Total Bytes Sent By Job
	2194  -  Total Bytes Received By Job
	Partitionable Resources :    Usage  Request Allocated 
	   Cpus                 :                14        14 
	   Disk (KB)            :       26 20971520  20974269 
	   GPUs                 :                           0 
	   Memory (MB)          :       55    42000     42000 
	   TimeExecute (s)      :       78                    
	   TimeSlotBusy (s)     :       80                    

	Job terminated of its own accord at 2025-11-05T16:25:37Z with exit-code 1.
...
