000 (1632666.000.000) 11/02 00:21:42 Job submitted from host: <188.185.129.8:9618?addrs=188.185.129.8-9618+[2001-1458-d03-1--100-8a]-9618&alias=bigbird101.cern.ch&noUDP&sock=schedd_3613352_8137>
...
040 (1632666.000.000) 11/02 00:22:33 Started transferring input files
	Transferring to host: <188.185.190.45:9618?addrs=188.185.190.45-9618+[2001-1458-d03-b--100-3]-9618&alias=b9pgpun039.cern.ch&noUDP&sock=slot1_1_8987_e787_21572>
...
040 (1632666.000.000) 11/02 00:22:33 Finished transferring input files
...
001 (1632666.000.000) 11/02 00:22:34 Job executing on host: <188.185.190.45:9618?addrs=188.185.190.45-9618+[2001-1458-d03-b--100-3]-9618&alias=b9pgpun039.cern.ch&noUDP&sock=startd_8943_bb8d>
	SlotName: slot1_1@b9pgpun039.cern.ch
	AvailableGPUs = { GPUs_MIG_c2919906_b631_576d_8412_af7f0c9661f4 }
	CondorScratchDir = "/pool/condor/dir_362092"
	Cpus = 14
	Disk = 2097882
	GPUs = 1
	GPUs_MIG_c2919906_b631_576d_8412_af7f0c9661f4 = [ Id = "MIG-c2919906-b631-576d-8412-af7f0c9661f4"; DeviceName = "NVIDIA H100L-2-24C MIG 2g.24gb"; DeviceUuid = "MIG-c2919906-b631-576d-8412-af7f0c9661f4"; ComputeUnits = 32; GlobalMemoryMb = 21547 ]
	Memory = 42000
...
006 (1632666.000.000) 11/02 00:22:48 Image size of job updated: 35356
	35  -  MemoryUsage of job (MB)
	35356  -  ResidentSetSize of job (KB)
...
006 (1632666.000.000) 11/02 00:24:40 Image size of job updated: 347008
	35  -  MemoryUsage of job (MB)
	35356  -  ResidentSetSize of job (KB)
...
040 (1632666.000.000) 11/02 00:24:40 Started transferring output files
...
040 (1632666.000.000) 11/02 00:24:40 Finished transferring output files
...
005 (1632666.000.000) 11/02 00:24:40 Job terminated.
	(1) Normal termination (return value 2)
		Usr 0 00:00:15, Sys 0 00:00:13  -  Run Remote Usage
		Usr 0 00:00:00, Sys 0 00:00:00  -  Run Local Usage
		Usr 0 00:00:15, Sys 0 00:00:13  -  Total Remote Usage
		Usr 0 00:00:00, Sys 0 00:00:00  -  Total Local Usage
	8043  -  Run Bytes Sent By Job
	1842  -  Run Bytes Received By Job
	8043  -  Total Bytes Sent By Job
	1842  -  Total Bytes Received By Job
	Partitionable Resources :    Usage  Request Allocated Assigned
	   Cpus                 :        0       14        14 
	   Disk (KB)            :       65  2097152   2097882 
	   GPUs                 :                 1         1 "MIG-c2919906-b631-576d-8412-af7f0c9661f4"
	   Memory (MB)          :       35    42000     42000 
	   TimeExecute (s)      :      126                    
	   TimeSlotBusy (s)     :      128                    

	Job terminated of its own accord at 2025-11-01T23:24:40Z with exit-code 2.
...
