000 (17825436.000.000) 10/29 17:42:01 Job submitted from host: <188.185.72.155:9618?addrs=188.185.72.155-9618+[2001-1458-d00-8--100-95]-9618&alias=bigbird08.cern.ch&noUDP&sock=schedd_3361999_40de>
...
040 (17825436.000.000) 10/29 18:24:05 Started transferring input files
	Transferring to host: <188.184.195.42:9618?addrs=188.184.195.42-9618+[2001-1458-301-72--100-f4]-9618&alias=b9g47n4522.cern.ch&noUDP&sock=slot1_1_8073_e8a1_27328>
...
040 (17825436.000.000) 10/29 18:24:05 Finished transferring input files
...
001 (17825436.000.000) 10/29 18:24:06 Job executing on host: <188.184.195.42:9618?addrs=188.184.195.42-9618+[2001-1458-301-72--100-f4]-9618&alias=b9g47n4522.cern.ch&noUDP&sock=startd_7657_a4c2>
	SlotName: slot1_1@b9g47n4522.cern.ch
	AvailableGPUs = { GPUs_GPU_c9f471ea }
	CondorScratchDir = "/pool/condor/dir_2900800"
	Cpus = 4
	Disk = 2098079
	GPUs = 1
	GPUs_GPU_c9f471ea = [ Id = "GPU-c9f471ea"; ClockMhz = 1597.0; Capability = 7.0; CoresPerCU = 64; DeviceName = "Tesla V100S-PCIE-32GB"; DeviceUuid = "c9f471ea-6207-ceab-ae93-076ee8f46c78"; ECCEnabled = true; ComputeUnits = 80; DriverVersion = 12.9; DevicePciBusId = "0000:07:00.0"; GlobalMemoryMb = 32494; MaxSupportedVersion = 12090 ]
	Memory = 12000
...
006 (17825436.000.000) 10/29 18:24:19 Image size of job updated: 37692
	37  -  MemoryUsage of job (MB)
	37692  -  ResidentSetSize of job (KB)
...
006 (17825436.000.000) 10/29 18:29:19 Image size of job updated: 10624052
	10376  -  MemoryUsage of job (MB)
	10624052  -  ResidentSetSize of job (KB)
...
006 (17825436.000.000) 10/29 18:34:19 Image size of job updated: 12356260
	10376  -  MemoryUsage of job (MB)
	10624052  -  ResidentSetSize of job (KB)
...
006 (17825436.000.000) 10/29 18:39:20 Image size of job updated: 13130764
	12753  -  MemoryUsage of job (MB)
	13058916  -  ResidentSetSize of job (KB)
...
006 (17825436.000.000) 10/29 18:42:53 Image size of job updated: 13347252
	12753  -  MemoryUsage of job (MB)
	13058916  -  ResidentSetSize of job (KB)
...
040 (17825436.000.000) 10/29 18:42:53 Started transferring output files
...
040 (17825436.000.000) 10/29 18:42:53 Finished transferring output files
...
005 (17825436.000.000) 10/29 18:42:53 Job terminated.
	(1) Normal termination (return value 1)
		Usr 0 00:01:03, Sys 0 00:03:22  -  Run Remote Usage
		Usr 0 00:00:00, Sys 0 00:00:00  -  Run Local Usage
		Usr 0 00:01:03, Sys 0 00:03:22  -  Total Remote Usage
		Usr 0 00:00:00, Sys 0 00:00:00  -  Total Local Usage
	87022  -  Run Bytes Sent By Job
	1768  -  Run Bytes Received By Job
	87022  -  Total Bytes Sent By Job
	1768  -  Total Bytes Received By Job
	Partitionable Resources :    Usage  Request Allocated Assigned
	   Cpus                 :     0.11        4         4 
	   Disk (KB)            :   125     2097152   2098079 
	   GPUs                 :     0           1         1 "GPU-c9f471ea"
	   GpusMemory (MB)      :   278                       
	   Memory (MB)          : 12753       12000     12000 
	   TimeExecute (s)      :  1127                       
	   TimeSlotBusy (s)     :  1130                       

	Job terminated of its own accord at 2025-10-29T17:42:53Z with exit-code 1.
...
