000 (1632687.000.000) 11/02 10:11:58 Job submitted from host: <188.185.129.8:9618?addrs=188.185.129.8-9618+[2001-1458-d03-1--100-8a]-9618&alias=bigbird101.cern.ch&noUDP&sock=schedd_3613352_8137>
...
040 (1632687.000.000) 11/02 10:12:03 Started transferring input files
	Transferring to host: <188.185.190.72:9618?addrs=188.185.190.72-9618+[2001-1458-d03-b--100-24d]-9618&alias=b9pgpun045.cern.ch&noUDP&sock=slot1_1_8895_1503_26624>
...
040 (1632687.000.000) 11/02 10:12:03 Finished transferring input files
...
001 (1632687.000.000) 11/02 10:12:04 Job executing on host: <188.185.190.72:9618?addrs=188.185.190.72-9618+[2001-1458-d03-b--100-24d]-9618&alias=b9pgpun045.cern.ch&noUDP&sock=startd_8703_1cd2>
	SlotName: slot1_1@b9pgpun045.cern.ch
	AvailableGPUs = { GPUs_MIG_6c240fa3_ddc8_5e85_b35f_9f3ad50cd32c }
	CondorScratchDir = "/pool/condor/dir_3299006"
	Cpus = 14
	Disk = 2098162
	GPUs = 1
	GPUs_MIG_6c240fa3_ddc8_5e85_b35f_9f3ad50cd32c = [ Id = "MIG-6c240fa3-ddc8-5e85-b35f-9f3ad50cd32c"; DeviceName = "NVIDIA H100L-2-24C MIG 2g.24gb"; DeviceUuid = "MIG-6c240fa3-ddc8-5e85-b35f-9f3ad50cd32c"; ComputeUnits = 32; GlobalMemoryMb = 21547 ]
	Memory = 42000
...
006 (1632687.000.000) 11/02 10:12:17 Image size of job updated: 40920
	40  -  MemoryUsage of job (MB)
	40920  -  ResidentSetSize of job (KB)
...
006 (1632687.000.000) 11/02 10:17:17 Image size of job updated: 6375616
	6227  -  MemoryUsage of job (MB)
	6375616  -  ResidentSetSize of job (KB)
...
006 (1632687.000.000) 11/02 10:22:18 Image size of job updated: 21903896
	15174  -  MemoryUsage of job (MB)
	15537892  -  ResidentSetSize of job (KB)
...
006 (1632687.000.000) 11/02 10:27:19 Image size of job updated: 37175524
	34013  -  MemoryUsage of job (MB)
	34828972  -  ResidentSetSize of job (KB)
...
006 (1632687.000.000) 11/02 10:32:19 Image size of job updated: 37696308
	34013  -  MemoryUsage of job (MB)
	34828972  -  ResidentSetSize of job (KB)
...
006 (1632687.000.000) 11/02 11:17:24 Image size of job updated: 37696308
	36224  -  MemoryUsage of job (MB)
	37092592  -  ResidentSetSize of job (KB)
...
006 (1632687.000.000) 11/02 11:22:24 Image size of job updated: 37696308
	36224  -  MemoryUsage of job (MB)
	37093108  -  ResidentSetSize of job (KB)
...
040 (1632687.000.000) 11/02 16:46:44 Started transferring output files
...
040 (1632687.000.000) 11/02 16:46:44 Finished transferring output files
...
005 (1632687.000.000) 11/02 16:46:44 Job terminated.
	(1) Normal termination (return value 0)
		Usr 0 05:31:43, Sys 0 01:09:32  -  Run Remote Usage
		Usr 0 00:00:00, Sys 0 00:00:00  -  Run Local Usage
		Usr 0 05:31:43, Sys 0 01:09:32  -  Total Remote Usage
		Usr 0 00:00:00, Sys 0 00:00:00  -  Total Local Usage
	2436024  -  Run Bytes Sent By Job
	2194  -  Run Bytes Received By Job
	2436024  -  Total Bytes Sent By Job
	2194  -  Total Bytes Received By Job
	Partitionable Resources :    Usage  Request Allocated Assigned
	   Cpus                 :     1.09       14        14 
	   Disk (KB)            :  2409     2097152   2098162 
	   GPUs                 :                 1         1 "MIG-6c240fa3-ddc8-5e85-b35f-9f3ad50cd32c"
	   Memory (MB)          : 36224       42000     42000 
	   TimeExecute (s)      : 23680                       
	   TimeSlotBusy (s)     : 23682                       

	Job terminated of its own accord at 2025-11-02T15:46:44Z with exit-code 0.
...
