000 (17828170.000.000) 10/29 18:58:42 Job submitted from host: <188.185.72.155:9618?addrs=188.185.72.155-9618+[2001-1458-d00-8--100-95]-9618&alias=bigbird08.cern.ch&noUDP&sock=schedd_3361999_40de>
...
040 (17828170.000.000) 10/29 18:59:56 Started transferring input files
	Transferring to host: <128.142.241.28:9618?addrs=128.142.241.28-9618+[2001-1458-301-ce--100-388]-9618&alias=b9g47n9362.cern.ch&noUDP&sock=slot1_1_6707_702a_7266>
...
040 (17828170.000.000) 10/29 18:59:56 Finished transferring input files
...
001 (17828170.000.000) 10/29 18:59:57 Job executing on host: <128.142.241.28:9618?addrs=128.142.241.28-9618+[2001-1458-301-ce--100-388]-9618&alias=b9g47n9362.cern.ch&noUDP&sock=startd_6526_df25>
	SlotName: slot1_1@b9g47n9362.cern.ch
	AvailableGPUs = { GPUs_GPU_23518b71 }
	CondorScratchDir = "/pool/condor/dir_2065084"
	Cpus = 4
	Disk = 2098176
	GPUs = 1
	GPUs_GPU_23518b71 = [ Id = "GPU-23518b71"; ClockMhz = 1380.0; Capability = 7.0; CoresPerCU = 64; DeviceName = "Tesla V100-PCIE-32GB"; DeviceUuid = "23518b71-0af9-e7eb-3eac-1d655b2966d7"; ECCEnabled = false; ComputeUnits = 80; DriverVersion = 12.9; DevicePciBusId = "0000:07:00.0"; GlobalMemoryMb = 32494; MaxSupportedVersion = 12090 ]
	Memory = 12000
...
006 (17828170.000.000) 10/29 19:00:10 Image size of job updated: 33832
	2  -  MemoryUsage of job (MB)
	1168  -  ResidentSetSize of job (KB)
...
006 (17828170.000.000) 10/29 19:05:10 Image size of job updated: 13573080
	13160  -  MemoryUsage of job (MB)
	13475356  -  ResidentSetSize of job (KB)
...
006 (17828170.000.000) 10/29 19:21:53 Image size of job updated: 14597020
	14251  -  MemoryUsage of job (MB)
	14592888  -  ResidentSetSize of job (KB)
...
021 (17828170.000.000) 10/29 19:40:01 Error from starter on slot1_1@b9g47n9362.cern.ch:
	Job has gone over cgroup memory limit of 12000 megabytes. Last measured usage: 14254 megabytes.  Consider resubmitting with a higher request_memory.
	Code 34 Subcode 0
...
004 (17828170.000.000) 10/29 19:40:01 Job was evicted.
	(0) CPU times
		Usr 0 00:01:08, Sys 0 00:04:24  -  Run Remote Usage
		Usr 0 00:00:00, Sys 0 00:00:00  -  Run Local Usage
	0  -  Run Bytes Sent By Job
	1768  -  Run Bytes Received By Job
	Error from slot1_1@b9g47n9362.cern.ch: Job has gone over cgroup memory limit of 12000 megabytes. Last measured usage: 14254 megabytes.  Consider resubmitting with a higher request_memory.
	Partitionable Resources :    Usage  Request Allocated Assigned
	   Cpus                 :     0.24        4         4 
	   Disk (KB)            :   119     2097152   2098176 
	   GPUs                 :     0           1         1 "GPU-23518b71"
	   GpusMemory (MB)      :   278                       
	   Memory (MB)          : 14251       12000     12000 
	   TimeSlotBusy (s)     :  2406                       
...
012 (17828170.000.000) 10/29 19:40:01 Job was held.
	Error from slot1_1@b9g47n9362.cern.ch: Job has gone over cgroup memory limit of 12000 megabytes. Last measured usage: 14254 megabytes.  Consider resubmitting with a higher request_memory.
	Code 34 Subcode 0
...
009 (17828170.000.000) 10/29 20:04:01 Job was aborted.
	via condor_rm (by user evilla)
...
