000 (17837029.000.000) 10/30 16:07:32 Job submitted from host: <188.185.72.155:9618?addrs=188.185.72.155-9618+[2001-1458-d00-8--100-95]-9618&alias=bigbird08.cern.ch&noUDP&sock=schedd_3361999_40de>
...
040 (17837029.000.000) 10/30 16:08:00 Started transferring input files
	Transferring to host: <188.185.190.42:9618?addrs=188.185.190.42-9618+[2001-1458-d03-b--100-250]-9618&alias=b9pgpun046.cern.ch&noUDP&sock=slot1_1_7072_9d19_24777>
...
040 (17837029.000.000) 10/30 16:08:00 Finished transferring input files
...
001 (17837029.000.000) 10/30 16:08:01 Job executing on host: <188.185.190.42:9618?addrs=188.185.190.42-9618+[2001-1458-d03-b--100-250]-9618&alias=b9pgpun046.cern.ch&noUDP&sock=startd_6271_f67f>
	SlotName: slot1_1@b9pgpun046.cern.ch
	AvailableGPUs = { GPUs_MIG_ba4cbc72_fdf3_5396_9b04_b442f7904edb }
	CondorScratchDir = "/pool/condor/dir_1072808"
	Cpus = 14
	Disk = 2098123
	GPUs = 1
	GPUs_MIG_ba4cbc72_fdf3_5396_9b04_b442f7904edb = [ Id = "MIG-ba4cbc72-fdf3-5396-9b04-b442f7904edb"; DeviceName = "NVIDIA H100L-2-24C MIG 2g.24gb"; DeviceUuid = "MIG-ba4cbc72-fdf3-5396-9b04-b442f7904edb"; ComputeUnits = 32; GlobalMemoryMb = 21547 ]
	Memory = 42000
...
006 (17837029.000.000) 10/30 16:08:14 Image size of job updated: 33996
	1  -  MemoryUsage of job (MB)
	804  -  ResidentSetSize of job (KB)
...
006 (17837029.000.000) 10/30 16:09:53 Image size of job updated: 521216
	1  -  MemoryUsage of job (MB)
	804  -  ResidentSetSize of job (KB)
...
040 (17837029.000.000) 10/30 16:09:53 Started transferring output files
...
040 (17837029.000.000) 10/30 16:09:53 Finished transferring output files
...
005 (17837029.000.000) 10/30 16:09:54 Job terminated.
	(1) Normal termination (return value 1)
		Usr 0 00:00:15, Sys 0 00:00:16  -  Run Remote Usage
		Usr 0 00:00:00, Sys 0 00:00:00  -  Run Local Usage
		Usr 0 00:00:15, Sys 0 00:00:16  -  Total Remote Usage
		Usr 0 00:00:00, Sys 0 00:00:00  -  Total Local Usage
	18501  -  Run Bytes Sent By Job
	1768  -  Run Bytes Received By Job
	18501  -  Total Bytes Sent By Job
	1768  -  Total Bytes Received By Job
	Partitionable Resources :    Usage  Request Allocated Assigned
	   Cpus                 :        0       14        14 
	   Disk (KB)            :       48  2097152   2098123 
	   GPUs                 :                 1         1 "MIG-ba4cbc72-fdf3-5396-9b04-b442f7904edb"
	   Memory (MB)          :        1    42000     42000 
	   TimeExecute (s)      :      112                    
	   TimeSlotBusy (s)     :      114                    

	Job terminated of its own accord at 2025-10-30T15:09:53Z with exit-code 1.
...
