000 (17828044.000.000) 10/29 18:56:18 Job submitted from host: <188.185.72.155:9618?addrs=188.185.72.155-9618+[2001-1458-d00-8--100-95]-9618&alias=bigbird08.cern.ch&noUDP&sock=schedd_3361999_40de>
...
040 (17828044.000.000) 10/29 18:58:36 Started transferring input files
	Transferring to host: <188.184.195.29:9618?addrs=188.184.195.29-9618+[2001-1458-301-72--100-226]-9618&alias=b9g47n8432.cern.ch&noUDP&sock=slot1_1_5307_02f1_25866>
...
001 (17828044.000.000) 10/29 18:58:40 Job executing on host: <188.184.195.29:9618?addrs=188.184.195.29-9618+[2001-1458-301-72--100-226]-9618&alias=b9g47n8432.cern.ch&noUDP&sock=startd_4201_1d74>
	SlotName: slot1_1@b9g47n8432.cern.ch
	AvailableGPUs = { GPUs_GPU_52d18a8c }
	CondorScratchDir = "/pool/condor/dir_3712700"
	Cpus = 4
	Disk = 2098176
	GPUs = 1
	GPUs_GPU_52d18a8c = [ Id = "GPU-52d18a8c"; ClockMhz = 1597.0; Capability = 7.0; CoresPerCU = 64; DeviceName = "Tesla V100S-PCIE-32GB"; DeviceUuid = "52d18a8c-e9fe-346e-4034-df2dff2358b1"; ECCEnabled = true; ComputeUnits = 80; DriverVersion = 12.9; DevicePciBusId = "0000:07:00.0"; GlobalMemoryMb = 32494; MaxSupportedVersion = 12090 ]
	Memory = 12000
...
040 (17828044.000.000) 10/29 18:58:40 Finished transferring input files
...
006 (17828044.000.000) 10/29 18:58:53 Image size of job updated: 126412
	124  -  MemoryUsage of job (MB)
	126412  -  ResidentSetSize of job (KB)
...
006 (17828044.000.000) 10/29 19:03:53 Image size of job updated: 13668596
	13269  -  MemoryUsage of job (MB)
	13587268  -  ResidentSetSize of job (KB)
...
006 (17828044.000.000) 10/29 19:13:54 Image size of job updated: 13941148
	13269  -  MemoryUsage of job (MB)
	13587268  -  ResidentSetSize of job (KB)
...
040 (17828044.000.000) 10/29 20:16:19 Started transferring output files
...
040 (17828044.000.000) 10/29 20:16:20 Finished transferring output files
...
005 (17828044.000.000) 10/29 20:16:20 Job terminated.
	(1) Normal termination (return value 0)
		Usr 0 00:59:08, Sys 0 00:20:38  -  Run Remote Usage
		Usr 0 00:00:00, Sys 0 00:00:00  -  Run Local Usage
		Usr 0 00:59:08, Sys 0 00:20:38  -  Total Remote Usage
		Usr 0 00:00:00, Sys 0 00:00:00  -  Total Local Usage
	264812  -  Run Bytes Sent By Job
	1768  -  Run Bytes Received By Job
	264812  -  Total Bytes Sent By Job
	1768  -  Total Bytes Received By Job
	Partitionable Resources :    Usage  Request Allocated Assigned
	   Cpus                 :     0.87        4         4 
	   Disk (KB)            :   298     2097152   2098176 
	   GPUs                 :     0.45        1         1 "GPU-52d18a8c"
	   GpusMemory (MB)      : 31746                       
	   Memory (MB)          : 13269       12000     12000 
	   TimeExecute (s)      :  4660                       
	   TimeSlotBusy (s)     :  4667                       

	Job terminated of its own accord at 2025-10-29T19:16:19Z with exit-code 0.
...
