000 (17836994.000.000) 10/30 15:08:14 Job submitted from host: <188.185.72.155:9618?addrs=188.185.72.155-9618+[2001-1458-d00-8--100-95]-9618&alias=bigbird08.cern.ch&noUDP&sock=schedd_3361999_40de>
...
040 (17836994.000.000) 10/30 15:08:56 Started transferring input files
	Transferring to host: <188.185.190.13:9618?addrs=188.185.190.13-9618+[2001-1458-d03-b--100-54]-9618&alias=b9pgpun048.cern.ch&noUDP&sock=slot1_1_5476_1658_437>
...
040 (17836994.000.000) 10/30 15:08:56 Finished transferring input files
...
001 (17836994.000.000) 10/30 15:08:58 Job executing on host: <188.185.190.13:9618?addrs=188.185.190.13-9618+[2001-1458-d03-b--100-54]-9618&alias=b9pgpun048.cern.ch&noUDP&sock=startd_4142_a55d>
	SlotName: slot1_1@b9pgpun048.cern.ch
	AvailableGPUs = { GPUs_MIG_5cd524b3_0652_5729_a502_f42bfe4bd09d }
	CondorScratchDir = "/pool/condor/dir_401216"
	Cpus = 14
	Disk = 2098054
	GPUs = 1
	GPUs_MIG_5cd524b3_0652_5729_a502_f42bfe4bd09d = [ Id = "MIG-5cd524b3-0652-5729-a502-f42bfe4bd09d"; DeviceName = "NVIDIA H100L-2-24C MIG 2g.24gb"; DeviceUuid = "MIG-5cd524b3-0652-5729-a502-f42bfe4bd09d"; ComputeUnits = 32; GlobalMemoryMb = 21547 ]
	Memory = 42000
...
006 (17836994.000.000) 10/30 15:09:11 Image size of job updated: 552
	1  -  MemoryUsage of job (MB)
	552  -  ResidentSetSize of job (KB)
...
006 (17836994.000.000) 10/30 15:14:11 Image size of job updated: 8402280
	8206  -  MemoryUsage of job (MB)
	8402280  -  ResidentSetSize of job (KB)
...
006 (17836994.000.000) 10/30 15:17:17 Image size of job updated: 17838768
	8206  -  MemoryUsage of job (MB)
	8402280  -  ResidentSetSize of job (KB)
...
040 (17836994.000.000) 10/30 15:17:18 Started transferring output files
...
040 (17836994.000.000) 10/30 15:17:18 Finished transferring output files
...
005 (17836994.000.000) 10/30 15:17:18 Job terminated.
	(1) Normal termination (return value 1)
		Usr 0 00:00:42, Sys 0 00:00:43  -  Run Remote Usage
		Usr 0 00:00:00, Sys 0 00:00:00  -  Run Local Usage
		Usr 0 00:00:42, Sys 0 00:00:43  -  Total Remote Usage
		Usr 0 00:00:00, Sys 0 00:00:00  -  Total Local Usage
	68251  -  Run Bytes Sent By Job
	1768  -  Run Bytes Received By Job
	68251  -  Total Bytes Sent By Job
	1768  -  Total Bytes Received By Job
	Partitionable Resources :    Usage  Request Allocated Assigned
	   Cpus                 :     0.04       14        14 
	   Disk (KB)            :    96     2097152   2098054 
	   GPUs                 :                 1         1 "MIG-5cd524b3-0652-5729-a502-f42bfe4bd09d"
	   Memory (MB)          :  8206       42000     42000 
	   TimeExecute (s)      :   500                       
	   TimeSlotBusy (s)     :   503                       

	Job terminated of its own accord at 2025-10-30T14:17:17Z with exit-code 1.
...
