000 (10610304.000.000) 11/06 16:52:08 Job submitted from host: <188.185.70.244:9618?addrs=188.185.70.244-9618+[2001-1458-d00-7--100-2ee]-9618&alias=bigbird10.cern.ch&noUDP&sock=schedd_3518298_5df3>
...
040 (10610304.000.000) 11/06 16:54:19 Started transferring input files
	Transferring to host: <128.142.33.36:9618?addrs=128.142.33.36-9618+[2001-1458-301-53--100-21]-9618&alias=b9g34p5207.cern.ch&noUDP&sock=slot1_15_7069_7ff9_43832>
...
040 (10610304.000.000) 11/06 16:54:19 Finished transferring input files
...
001 (10610304.000.000) 11/06 16:54:20 Job executing on host: <128.142.33.36:9618?addrs=128.142.33.36-9618+[2001-1458-301-53--100-21]-9618&alias=b9g34p5207.cern.ch&noUDP&sock=startd_6177_7c98>
	SlotName: slot1_15@b9g34p5207.cern.ch
	CondorScratchDir = "/pool/condor/dir_2881006"
	Cpus = 7
	Disk = 3739
	GPUs = 0
	Memory = 21000
...
006 (10610304.000.000) 11/06 16:54:34 Image size of job updated: 38804
	38  -  MemoryUsage of job (MB)
	38804  -  ResidentSetSize of job (KB)
...
006 (10610304.000.000) 11/06 16:55:40 Image size of job updated: 345016
	38  -  MemoryUsage of job (MB)
	38804  -  ResidentSetSize of job (KB)
...
040 (10610304.000.000) 11/06 16:55:40 Started transferring output files
...
040 (10610304.000.000) 11/06 16:55:40 Finished transferring output files
...
005 (10610304.000.000) 11/06 16:55:40 Job terminated.
	(1) Normal termination (return value 2)
		Usr 0 00:00:35, Sys 0 00:00:11  -  Run Remote Usage
		Usr 0 00:00:00, Sys 0 00:00:00  -  Run Local Usage
		Usr 0 00:00:35, Sys 0 00:00:11  -  Total Remote Usage
		Usr 0 00:00:00, Sys 0 00:00:00  -  Total Local Usage
	3401  -  Run Bytes Sent By Job
	2194  -  Run Bytes Received By Job
	3401  -  Total Bytes Sent By Job
	2194  -  Total Bytes Received By Job
	Partitionable Resources :    Usage  Request Allocated 
	   Cpus                 :        0        7         7 
	   Disk (KB)            :       32        3      3739 
	   GPUs                 :                           0 
	   Memory (MB)          :       38    21000     21000 
	   TimeExecute (s)      :       80                    
	   TimeSlotBusy (s)     :       82                    

	Job terminated of its own accord at 2025-11-06T15:55:40Z with exit-code 2.
...
