✓ Sourced LCG environment: LCG_106_cuda/x86_64-el9-gcc11-opt
✓ Added local packages to PYTHONPATH
[0;34m[INFO][0m ML for Pointing Environment
[0;34m[INFO][0m Repository: /afs/cern.ch/work/e/evilla/private/dune/refactor_ml
[0;34m[INFO][0m Python modules: /afs/cern.ch/work/e/evilla/private/dune/refactor_ml/python
[0;34m[INFO][0m Data directory: /eos/home-e/evilla/dune/sn-tps/images_test
[0;34m[INFO][0m Output directory: /eos/user/e/evilla/dune/sn-tps/neural_networks
[0;34m[INFO][0m Python version: 3.11.9
[0;32m[SUCCESS][0m TensorFlow 2.16.1 is available
===========================================
Job started at: Sun Nov 16 04:06:41 AM CET 2025
Running on host: b9g47n3159.cern.ch
JSON config: /afs/cern.ch/work/e/evilla/private/dune/refactor_ml/channel_tagging/json/v60_three_plane.json
===========================================
Starting CT v60 three-plane training...
======================================================================
THREE-PLANE CHANNEL TAGGING TRAINING
======================================================================
Output folder: training_output/channel_tagging/ct_three_plane_v60_20251116_040655

======================================================================
LOADING THREE-PLANE CT DATA
======================================================================
Data directory: /eos/home-e/evilla/dune/sn-tps/matched_three_plane_ct/
