000 (10630044.000.000) 11/11 10:25:53 Job submitted from host: <188.185.70.244:9618?addrs=188.185.70.244-9618+[2001-1458-d00-7--100-2ee]-9618&alias=bigbird10.cern.ch&noUDP&sock=schedd_3518298_5df3>
...
040 (10630044.000.000) 11/11 10:25:57 Started transferring input files
	Transferring to host: <188.185.190.26:9618?addrs=188.185.190.26-9618&alias=b9pgpun052.cern.ch&noUDP&sock=slot1_1_5030_d706_32829>
...
040 (10630044.000.000) 11/11 10:25:57 Finished transferring input files
...
001 (10630044.000.000) 11/11 10:25:58 Job executing on host: <188.185.190.26:9618?addrs=188.185.190.26-9618&alias=b9pgpun052.cern.ch&noUDP&sock=startd_4309_31ae>
	SlotName: slot1_1@b9pgpun052.cern.ch
	AvailableGPUs = { GPUs_MIG_99c0e312_e880_5530_9165_5447e2d62996 }
	CondorScratchDir = "/pool/condor/dir_1084252"
	Cpus = 6
	Disk = 2049
	GPUs = 1
	GPUs_MIG_99c0e312_e880_5530_9165_5447e2d62996 = [ Id = "MIG-99c0e312-e880-5530-9165-5447e2d62996"; DeviceName = "NVIDIA H100L-1-12C MIG 1g.12gb"; DeviceUuid = "MIG-99c0e312-e880-5530-9165-5447e2d62996"; ComputeUnits = 16; GlobalMemoryMb = 10564 ]
	Memory = 18000
...
006 (10630044.000.000) 11/11 10:26:11 Image size of job updated: 74048
	73  -  MemoryUsage of job (MB)
	74048  -  ResidentSetSize of job (KB)
...
006 (10630044.000.000) 11/11 10:30:44 Image size of job updated: 7506816
	73  -  MemoryUsage of job (MB)
	74176  -  ResidentSetSize of job (KB)
...
040 (10630044.000.000) 11/11 10:30:44 Started transferring output files
...
040 (10630044.000.000) 11/11 10:30:44 Finished transferring output files
...
005 (10630044.000.000) 11/11 10:30:44 Job terminated.
	(1) Normal termination (return value 1)
		Usr 0 00:00:18, Sys 0 00:00:17  -  Run Remote Usage
		Usr 0 00:00:00, Sys 0 00:00:00  -  Run Local Usage
		Usr 0 00:00:18, Sys 0 00:00:17  -  Total Remote Usage
		Usr 0 00:00:00, Sys 0 00:00:00  -  Total Local Usage
	17922  -  Run Bytes Sent By Job
	1598  -  Run Bytes Received By Job
	17922  -  Total Bytes Sent By Job
	1598  -  Total Bytes Received By Job
	Partitionable Resources :    Usage  Request Allocated Assigned
	   Cpus                 :                 6         6 
	   Disk (KB)            :       34        2      2049 
	   GPUs                 :                 1         1 "MIG-99c0e312-e880-5530-9165-5447e2d62996"
	   Memory (MB)          :       73    18000     18000 
	   TimeExecute (s)      :      286                    
	   TimeSlotBusy (s)     :      288                    

	Job terminated of its own accord at 2025-11-11T09:30:44Z with exit-code 1.
...
