000 (10630043.000.000) 11/11 10:25:52 Job submitted from host: <188.185.70.244:9618?addrs=188.185.70.244-9618+[2001-1458-d00-7--100-2ee]-9618&alias=bigbird10.cern.ch&noUDP&sock=schedd_3518298_5df3>
...
040 (10630043.000.000) 11/11 10:25:57 Started transferring input files
	Transferring to host: <188.185.190.90:9618?addrs=188.185.190.90-9618+[2001-1458-d03-b--100-4b]-9618&alias=b9pgpun050.cern.ch&noUDP&sock=slot1_1_8721_7bbc_9082>
...
040 (10630043.000.000) 11/11 10:25:57 Finished transferring input files
...
001 (10630043.000.000) 11/11 10:25:58 Job executing on host: <188.185.190.90:9618?addrs=188.185.190.90-9618+[2001-1458-d03-b--100-4b]-9618&alias=b9pgpun050.cern.ch&noUDP&sock=startd_8675_e82b>
	SlotName: slot1_1@b9pgpun050.cern.ch
	AvailableGPUs = { GPUs_MIG_9e11ea22_b8f3_5c99_926e_cd3a6fa0f1f1 }
	CondorScratchDir = "/pool/condor/dir_2731765"
	Cpus = 6
	Disk = 2049
	GPUs = 1
	GPUs_MIG_9e11ea22_b8f3_5c99_926e_cd3a6fa0f1f1 = [ Id = "MIG-9e11ea22-b8f3-5c99-926e-cd3a6fa0f1f1"; DeviceName = "NVIDIA H100L-1-12C MIG 1g.12gb"; DeviceUuid = "MIG-9e11ea22-b8f3-5c99-926e-cd3a6fa0f1f1"; ComputeUnits = 16; GlobalMemoryMb = 10564 ]
	Memory = 18000
...
006 (10630043.000.000) 11/11 10:26:11 Image size of job updated: 259440
	254  -  MemoryUsage of job (MB)
	259440  -  ResidentSetSize of job (KB)
...
006 (10630043.000.000) 11/11 10:31:11 Image size of job updated: 7750112
	7569  -  MemoryUsage of job (MB)
	7750112  -  ResidentSetSize of job (KB)
...
006 (10630043.000.000) 11/11 10:36:12 Image size of job updated: 7768312
	7587  -  MemoryUsage of job (MB)
	7768312  -  ResidentSetSize of job (KB)
...
006 (10630043.000.000) 11/11 10:36:54 Image size of job updated: 7770072
	7587  -  MemoryUsage of job (MB)
	7768312  -  ResidentSetSize of job (KB)
...
040 (10630043.000.000) 11/11 10:36:54 Started transferring output files
...
040 (10630043.000.000) 11/11 10:36:54 Finished transferring output files
...
005 (10630043.000.000) 11/11 10:36:54 Job terminated.
	(1) Normal termination (return value 0)
		Usr 0 00:06:52, Sys 0 00:01:16  -  Run Remote Usage
		Usr 0 00:00:00, Sys 0 00:00:00  -  Run Local Usage
		Usr 0 00:06:52, Sys 0 00:01:16  -  Total Remote Usage
		Usr 0 00:00:00, Sys 0 00:00:00  -  Total Local Usage
	1376125  -  Run Bytes Sent By Job
	1598  -  Run Bytes Received By Job
	1376125  -  Total Bytes Sent By Job
	1598  -  Total Bytes Received By Job
	Partitionable Resources :    Usage  Request Allocated Assigned
	   Cpus                 :                 6         6 
	   Disk (KB)            :     1361        2      2049 
	   GPUs                 :                 1         1 "MIG-9e11ea22-b8f3-5c99-926e-cd3a6fa0f1f1"
	   Memory (MB)          :     7587    18000     18000 
	   TimeExecute (s)      :      656                    
	   TimeSlotBusy (s)     :      658                    

	Job terminated of its own accord at 2025-11-11T09:36:54Z with exit-code 0.
...
