000 (10283196.000.000) 11/11 18:18:14 Job submitted from host: <188.185.71.83:9618?addrs=188.185.71.83-9618+[2001-1458-d00-7--100-34d]-9618&alias=bigbird18.cern.ch&noUDP&sock=schedd_5052_d48c>
...
040 (10283196.000.000) 11/11 18:26:25 Started transferring input files
	Transferring to host: <188.185.190.98:9618?addrs=188.185.190.98-9618+[2001-1458-d03-b--100-f4]-9618&alias=b9pgpun042.cern.ch&noUDP&sock=slot1_1_7639_1dd0_33117>
...
040 (10283196.000.000) 11/11 18:26:25 Finished transferring input files
...
001 (10283196.000.000) 11/11 18:26:26 Job executing on host: <188.185.190.98:9618?addrs=188.185.190.98-9618+[2001-1458-d03-b--100-f4]-9618&alias=b9pgpun042.cern.ch&noUDP&sock=startd_6403_80ff>
	SlotName: slot1_1@b9pgpun042.cern.ch
	AvailableGPUs = { GPUs_MIG_d82f0355_a1a1_5e34_966b_7b09e0941efc }
	CondorScratchDir = "/pool/condor/dir_472200"
	Cpus = 7
	Disk = 5244153
	GPUs = 1
	GPUs_MIG_d82f0355_a1a1_5e34_966b_7b09e0941efc = [ Id = "MIG-d82f0355-a1a1-5e34-966b-7b09e0941efc"; DeviceName = "NVIDIA H100L-2-24C MIG 2g.24gb"; DeviceUuid = "MIG-d82f0355-a1a1-5e34-966b-7b09e0941efc"; ComputeUnits = 32; GlobalMemoryMb = 21547 ]
	Memory = 21000
...
006 (10283196.000.000) 11/11 18:26:39 Image size of job updated: 242484
	237  -  MemoryUsage of job (MB)
	242484  -  ResidentSetSize of job (KB)
...
006 (10283196.000.000) 11/11 18:31:39 Image size of job updated: 3490436
	3409  -  MemoryUsage of job (MB)
	3490436  -  ResidentSetSize of job (KB)
...
006 (10283196.000.000) 11/11 18:36:40 Image size of job updated: 4600460
	4476  -  MemoryUsage of job (MB)
	4583284  -  ResidentSetSize of job (KB)
...
006 (10283196.000.000) 11/11 18:41:41 Image size of job updated: 5233788
	5112  -  MemoryUsage of job (MB)
	5233788  -  ResidentSetSize of job (KB)
...
006 (10283196.000.000) 11/11 18:42:22 Image size of job updated: 5244060
	5112  -  MemoryUsage of job (MB)
	5233788  -  ResidentSetSize of job (KB)
...
040 (10283196.000.000) 11/11 18:42:22 Started transferring output files
...
040 (10283196.000.000) 11/11 18:42:23 Finished transferring output files
...
005 (10283196.000.000) 11/11 18:42:23 Job terminated.
	(1) Normal termination (return value 0)
		Usr 0 03:33:02, Sys 0 00:05:11  -  Run Remote Usage
		Usr 0 00:00:00, Sys 0 00:00:00  -  Run Local Usage
		Usr 0 03:33:02, Sys 0 00:05:11  -  Total Remote Usage
		Usr 0 00:00:00, Sys 0 00:00:00  -  Total Local Usage
	1020707  -  Run Bytes Sent By Job
	1181  -  Run Bytes Received By Job
	1020707  -  Total Bytes Sent By Job
	1181  -  Total Bytes Received By Job
	Partitionable Resources :    Usage  Request Allocated Assigned
	   Cpus                 :    14.57        7         7 
	   Disk (KB)            :  1026     5242880   5244153 
	   GPUs                 :                 1         1 "MIG-d82f0355-a1a1-5e34-966b-7b09e0941efc"
	   Memory (MB)          :  5112       21000     21000 
	   TimeExecute (s)      :   956                       
	   TimeSlotBusy (s)     :   958                       

	Job terminated of its own accord at 2025-11-11T17:42:22Z with exit-code 0.
...
