000 (10630035.000.000) 11/11 08:48:02 Job submitted from host: <188.185.70.244:9618?addrs=188.185.70.244-9618+[2001-1458-d00-7--100-2ee]-9618&alias=bigbird10.cern.ch&noUDP&sock=schedd_3518298_5df3>
...
040 (10630035.000.000) 11/11 08:49:15 Started transferring input files
	Transferring to host: <128.142.33.54:9618?addrs=128.142.33.54-9618+[2001-1458-301-53--100-33]-9618&alias=b9g34p4236.cern.ch&noUDP&sock=slot1_14_4250_4266_50243>
...
040 (10630035.000.000) 11/11 08:49:15 Finished transferring input files
...
001 (10630035.000.000) 11/11 08:49:16 Job executing on host: <128.142.33.54:9618?addrs=128.142.33.54-9618+[2001-1458-301-53--100-33]-9618&alias=b9g34p4236.cern.ch&noUDP&sock=startd_3476_d34a>
	SlotName: slot1_14@b9g34p4236.cern.ch
	CondorScratchDir = "/pool/condor/dir_3733075"
	Cpus = 4
	Disk = 3727
	GPUs = 0
	Memory = 12300
...
006 (10630035.000.000) 11/11 08:49:29 Image size of job updated: 38716
	38  -  MemoryUsage of job (MB)
	38716  -  ResidentSetSize of job (KB)
...
006 (10630035.000.000) 11/11 08:50:08 Image size of job updated: 252076
	38  -  MemoryUsage of job (MB)
	38716  -  ResidentSetSize of job (KB)
...
040 (10630035.000.000) 11/11 08:50:08 Started transferring output files
...
040 (10630035.000.000) 11/11 08:50:08 Finished transferring output files
...
004 (10630035.000.000) 11/11 08:50:08 Job was evicted.
	(0) CPU times
		Usr 0 00:00:20, Sys 0 00:00:06  -  Run Remote Usage
		Usr 0 00:00:00, Sys 0 00:00:00  -  Run Local Usage
	2136  -  Run Bytes Sent By Job
	1598  -  Run Bytes Received By Job
	Partitionable Resources :    Usage  Request Allocated 
	   Cpus                 :                 4         4 
	   Disk (KB)            :       22        2      3727 
	   GPUs                 :                           0 
	   Memory (MB)          :       38    12288     12300 
	   TimeExecute (s)      :       52                    
	   TimeSlotBusy (s)     :       54                    
...
009 (10630035.000.000) 11/11 08:50:08 Job was aborted.
	via condor_rm (by user evilla)
...
