000 (10630036.000.000) 11/11 08:50:47 Job submitted from host: <188.185.70.244:9618?addrs=188.185.70.244-9618+[2001-1458-d00-7--100-2ee]-9618&alias=bigbird10.cern.ch&noUDP&sock=schedd_3518298_5df3>
...
040 (10630036.000.000) 11/11 08:51:04 Started transferring input files
	Transferring to host: <188.185.190.90:9618?addrs=188.185.190.90-9618+[2001-1458-d03-b--100-4b]-9618&alias=b9pgpun050.cern.ch&noUDP&sock=slot1_1_8721_7bbc_9038>
...
040 (10630036.000.000) 11/11 08:51:04 Finished transferring input files
...
001 (10630036.000.000) 11/11 08:51:05 Job executing on host: <188.185.190.90:9618?addrs=188.185.190.90-9618+[2001-1458-d03-b--100-4b]-9618&alias=b9pgpun050.cern.ch&noUDP&sock=startd_8675_e82b>
	SlotName: slot1_1@b9pgpun050.cern.ch
	AvailableGPUs = { GPUs_MIG_9e11ea22_b8f3_5c99_926e_cd3a6fa0f1f1 }
	CondorScratchDir = "/pool/condor/dir_2705327"
	Cpus = 4
	Disk = 2048
	GPUs = 1
	GPUs_MIG_9e11ea22_b8f3_5c99_926e_cd3a6fa0f1f1 = [ Id = "MIG-9e11ea22-b8f3-5c99-926e-cd3a6fa0f1f1"; DeviceName = "NVIDIA H100L-1-12C MIG 1g.12gb"; DeviceUuid = "MIG-9e11ea22-b8f3-5c99-926e-cd3a6fa0f1f1"; ComputeUnits = 16; GlobalMemoryMb = 10564 ]
	Memory = 12300
...
006 (10630036.000.000) 11/11 08:51:19 Image size of job updated: 220472
	216  -  MemoryUsage of job (MB)
	220472  -  ResidentSetSize of job (KB)
...
006 (10630036.000.000) 11/11 08:54:09 Image size of job updated: 2378588
	216  -  MemoryUsage of job (MB)
	220472  -  ResidentSetSize of job (KB)
...
040 (10630036.000.000) 11/11 08:54:09 Started transferring output files
...
040 (10630036.000.000) 11/11 08:54:09 Finished transferring output files
...
005 (10630036.000.000) 11/11 08:54:09 Job terminated.
	(1) Normal termination (return value 0)
		Usr 0 00:01:44, Sys 0 00:00:22  -  Run Remote Usage
		Usr 0 00:00:00, Sys 0 00:00:00  -  Run Local Usage
		Usr 0 00:01:44, Sys 0 00:00:22  -  Total Remote Usage
		Usr 0 00:00:00, Sys 0 00:00:00  -  Total Local Usage
	287238  -  Run Bytes Sent By Job
	1598  -  Run Bytes Received By Job
	287238  -  Total Bytes Sent By Job
	1598  -  Total Bytes Received By Job
	Partitionable Resources :    Usage  Request Allocated Assigned
	   Cpus                 :        0        4         4 
	   Disk (KB)            :      306        2      2048 
	   GPUs                 :                 1         1 "MIG-9e11ea22-b8f3-5c99-926e-cd3a6fa0f1f1"
	   Memory (MB)          :      216    12288     12300 
	   TimeExecute (s)      :      184                    
	   TimeSlotBusy (s)     :      186                    

	Job terminated of its own accord at 2025-11-11T07:54:09Z with exit-code 0.
...
