000 (10630093.000.000) 11/11 11:25:42 Job submitted from host: <188.185.70.244:9618?addrs=188.185.70.244-9618+[2001-1458-d00-7--100-2ee]-9618&alias=bigbird10.cern.ch&noUDP&sock=schedd_3518298_5df3>
...
040 (10630093.000.000) 11/11 11:26:17 Started transferring input files
	Transferring to host: <188.185.190.46:9618?addrs=188.185.190.46-9618+[2001-1458-d03-b--100-21b]-9618&alias=b9pgpun051.cern.ch&noUDP&sock=slot1_1_8546_2e15_33016>
...
040 (10630093.000.000) 11/11 11:26:17 Finished transferring input files
...
001 (10630093.000.000) 11/11 11:26:19 Job executing on host: <188.185.190.46:9618?addrs=188.185.190.46-9618+[2001-1458-d03-b--100-21b]-9618&alias=b9pgpun051.cern.ch&noUDP&sock=startd_7379_f56e>
	SlotName: slot1_1@b9pgpun051.cern.ch
	AvailableGPUs = { GPUs_MIG_0289a0df_3087_5601_9e41_cbb90ce88294 }
	CondorScratchDir = "/pool/condor/dir_705430"
	Cpus = 6
	Disk = 2048
	GPUs = 1
	GPUs_MIG_0289a0df_3087_5601_9e41_cbb90ce88294 = [ Id = "MIG-0289a0df-3087-5601-9e41-cbb90ce88294"; DeviceName = "NVIDIA H100L-1-12C MIG 1g.12gb"; DeviceUuid = "MIG-0289a0df-3087-5601-9e41-cbb90ce88294"; ComputeUnits = 16; GlobalMemoryMb = 10564 ]
	Memory = 18000
...
006 (10630093.000.000) 11/11 11:26:33 Image size of job updated: 144336
	141  -  MemoryUsage of job (MB)
	144336  -  ResidentSetSize of job (KB)
...
006 (10630093.000.000) 11/11 11:27:36 Image size of job updated: 2549848
	141  -  MemoryUsage of job (MB)
	144344  -  ResidentSetSize of job (KB)
...
040 (10630093.000.000) 11/11 11:27:36 Started transferring output files
...
040 (10630093.000.000) 11/11 11:27:36 Finished transferring output files
...
005 (10630093.000.000) 11/11 11:27:36 Job terminated.
	(1) Normal termination (return value 1)
		Usr 0 00:00:12, Sys 0 00:00:10  -  Run Remote Usage
		Usr 0 00:00:00, Sys 0 00:00:00  -  Run Local Usage
		Usr 0 00:00:12, Sys 0 00:00:10  -  Total Remote Usage
		Usr 0 00:00:00, Sys 0 00:00:00  -  Total Local Usage
	34337  -  Run Bytes Sent By Job
	1598  -  Run Bytes Received By Job
	34337  -  Total Bytes Sent By Job
	1598  -  Total Bytes Received By Job
	Partitionable Resources :    Usage  Request Allocated Assigned
	   Cpus                 :                 6         6 
	   Disk (KB)            :       50        2      2048 
	   GPUs                 :                 1         1 "MIG-0289a0df-3087-5601-9e41-cbb90ce88294"
	   Memory (MB)          :      141    18000     18000 
	   TimeExecute (s)      :       78                    
	   TimeSlotBusy (s)     :       80                    

	Job terminated of its own accord at 2025-11-11T10:27:36Z with exit-code 1.
...
