000 (10630295.000.000) 11/11 13:33:22 Job submitted from host: <188.185.70.244:9618?addrs=188.185.70.244-9618+[2001-1458-d00-7--100-2ee]-9618&alias=bigbird10.cern.ch&noUDP&sock=schedd_3518298_5df3>
...
040 (10630295.000.000) 11/11 13:33:31 Started transferring input files
	Transferring to host: <188.185.190.60:9618?addrs=188.185.190.60-9618+[2001-1458-d03-b--100-1cb]-9618&alias=b9pgpun202.cern.ch&noUDP&sock=slot1_1_252619_b03a_413>
...
040 (10630295.000.000) 11/11 13:33:31 Finished transferring input files
...
001 (10630295.000.000) 11/11 13:33:32 Job executing on host: <188.185.190.60:9618?addrs=188.185.190.60-9618+[2001-1458-d03-b--100-1cb]-9618&alias=b9pgpun202.cern.ch&noUDP&sock=startd_232823_ca84>
	SlotName: slot1_1@b9pgpun202.cern.ch
	AvailableGPUs = { GPUs_MIG_9a439bfe_8271_5aa1_bdbf_13889e814797 }
	CondorScratchDir = "/pool/condor/dir_358641"
	Cpus = 8
	Disk = 2048
	GPUs = 1
	GPUs_MIG_9a439bfe_8271_5aa1_bdbf_13889e814797 = [ Id = "MIG-9a439bfe-8271-5aa1-bdbf-13889e814797"; DeviceName = "NVIDIA H100L-2-24C MIG 2g.24gb"; DeviceUuid = "MIG-9a439bfe-8271-5aa1-bdbf-13889e814797"; ComputeUnits = 32; GlobalMemoryMb = 21547 ]
	Memory = 24600
...
006 (10630295.000.000) 11/11 13:33:45 Image size of job updated: 37284
	37  -  MemoryUsage of job (MB)
	37284  -  ResidentSetSize of job (KB)
...
006 (10630295.000.000) 11/11 13:38:45 Image size of job updated: 12512952
	12220  -  MemoryUsage of job (MB)
	12512952  -  ResidentSetSize of job (KB)
...
006 (10630295.000.000) 11/11 13:43:46 Image size of job updated: 29357628
	28670  -  MemoryUsage of job (MB)
	29357628  -  ResidentSetSize of job (KB)
...
040 (10630295.000.000) 11/11 14:10:54 Started transferring output files
...
040 (10630295.000.000) 11/11 14:10:55 Finished transferring output files
...
005 (10630295.000.000) 11/11 14:10:55 Job terminated.
	(1) Normal termination (return value 0)
		Usr 0 00:28:52, Sys 0 00:03:06  -  Run Remote Usage
		Usr 0 00:00:00, Sys 0 00:00:00  -  Run Local Usage
		Usr 0 00:28:52, Sys 0 00:03:06  -  Total Remote Usage
		Usr 0 00:00:00, Sys 0 00:00:00  -  Total Local Usage
	5535264  -  Run Bytes Sent By Job
	1598  -  Run Bytes Received By Job
	5535264  -  Total Bytes Sent By Job
	1598  -  Total Bytes Received By Job
	Partitionable Resources :    Usage  Request Allocated Assigned
	   Cpus                 :     1.11        8         8 
	   Disk (KB)            :  5431           2      2048 
	   GPUs                 :                 1         1 "MIG-9a439bfe-8271-5aa1-bdbf-13889e814797"
	   Memory (MB)          : 28670       24576     24600 
	   TimeExecute (s)      :  2242                       
	   TimeSlotBusy (s)     :  2245                       

	Job terminated of its own accord at 2025-11-11T13:10:54Z with exit-code 0.
...
