000 (10630293.000.000) 11/11 13:33:22 Job submitted from host: <188.185.70.244:9618?addrs=188.185.70.244-9618+[2001-1458-d00-7--100-2ee]-9618&alias=bigbird10.cern.ch&noUDP&sock=schedd_3518298_5df3>
...
040 (10630293.000.000) 11/11 13:33:30 Started transferring input files
	Transferring to host: <128.142.241.88:9618?addrs=128.142.241.88-9618+[2001-1458-301-ce--100-183]-9618&alias=b9g47n2314.cern.ch&noUDP&sock=slot1_1_14284_1ebe_3744>
...
040 (10630293.000.000) 11/11 13:33:30 Finished transferring input files
...
001 (10630293.000.000) 11/11 13:33:31 Job executing on host: <128.142.241.88:9618?addrs=128.142.241.88-9618+[2001-1458-301-ce--100-183]-9618&alias=b9g47n2314.cern.ch&noUDP&sock=startd_13649_a83e>
	SlotName: slot1_1@b9g47n2314.cern.ch
	AvailableGPUs = { GPUs_GPU_3d41bc53 }
	CondorScratchDir = "/pool/condor/dir_3328271"
	Cpus = 8
	Disk = 2048
	GPUs = 1
	GPUs_GPU_3d41bc53 = [ Id = "GPU-3d41bc53"; ClockMhz = 1380.0; Capability = 7.0; CoresPerCU = 64; DeviceName = "Tesla V100-PCIE-32GB"; DeviceUuid = "3d41bc53-1e61-dbf2-2a1c-0eafae9e0a08"; ECCEnabled = true; ComputeUnits = 80; DriverVersion = 13.0; DevicePciBusId = "0000:07:00.0"; GlobalMemoryMb = 32494; MaxSupportedVersion = 13000 ]
	Memory = 24600
...
006 (10630293.000.000) 11/11 13:33:44 Image size of job updated: 2508
	3  -  MemoryUsage of job (MB)
	2508  -  ResidentSetSize of job (KB)
...
006 (10630293.000.000) 11/11 13:38:44 Image size of job updated: 10772176
	10520  -  MemoryUsage of job (MB)
	10772176  -  ResidentSetSize of job (KB)
...
006 (10630293.000.000) 11/11 13:43:44 Image size of job updated: 11807596
	10520  -  MemoryUsage of job (MB)
	10772176  -  ResidentSetSize of job (KB)
...
040 (10630293.000.000) 11/11 13:59:52 Started transferring output files
...
040 (10630293.000.000) 11/11 13:59:52 Finished transferring output files
...
005 (10630293.000.000) 11/11 13:59:52 Job terminated.
	(1) Normal termination (return value 0)
		Usr 0 00:21:09, Sys 0 00:03:59  -  Run Remote Usage
		Usr 0 00:00:00, Sys 0 00:00:00  -  Run Local Usage
		Usr 0 00:21:09, Sys 0 00:03:59  -  Total Remote Usage
		Usr 0 00:00:00, Sys 0 00:00:00  -  Total Local Usage
	3836756  -  Run Bytes Sent By Job
	1598  -  Run Bytes Received By Job
	3836756  -  Total Bytes Sent By Job
	1598  -  Total Bytes Received By Job
	Partitionable Resources :    Usage  Request Allocated Assigned
	   Cpus                 :     1.16        8         8 
	   Disk (KB)            :  3773           2      2048 
	   GPUs                 :     0.40        1         1 "GPU-3d41bc53"
	   GpusMemory (MB)      : 31752                       
	   Memory (MB)          : 10520       24576     24600 
	   TimeExecute (s)      :  1581                       
	   TimeSlotBusy (s)     :  1583                       

	Job terminated of its own accord at 2025-11-11T12:59:52Z with exit-code 0.
...
