000 (10630099.000.000) 11/11 11:43:42 Job submitted from host: <188.185.70.244:9618?addrs=188.185.70.244-9618+[2001-1458-d00-7--100-2ee]-9618&alias=bigbird10.cern.ch&noUDP&sock=schedd_3518298_5df3>
...
040 (10630099.000.000) 11/11 11:44:17 Started transferring input files
	Transferring to host: <188.185.190.46:9618?addrs=188.185.190.46-9618+[2001-1458-d03-b--100-21b]-9618&alias=b9pgpun051.cern.ch&noUDP&sock=slot1_1_8546_2e15_33030>
...
040 (10630099.000.000) 11/11 11:44:17 Finished transferring input files
...
001 (10630099.000.000) 11/11 11:44:18 Job executing on host: <188.185.190.46:9618?addrs=188.185.190.46-9618+[2001-1458-d03-b--100-21b]-9618&alias=b9pgpun051.cern.ch&noUDP&sock=startd_7379_f56e>
	SlotName: slot1_1@b9pgpun051.cern.ch
	AvailableGPUs = { GPUs_MIG_0289a0df_3087_5601_9e41_cbb90ce88294 }
	CondorScratchDir = "/pool/condor/dir_708697"
	Cpus = 6
	Disk = 2048
	GPUs = 1
	GPUs_MIG_0289a0df_3087_5601_9e41_cbb90ce88294 = [ Id = "MIG-0289a0df-3087-5601-9e41-cbb90ce88294"; DeviceName = "NVIDIA H100L-1-12C MIG 1g.12gb"; DeviceUuid = "MIG-0289a0df-3087-5601-9e41-cbb90ce88294"; ComputeUnits = 16; GlobalMemoryMb = 10564 ]
	Memory = 18000
...
006 (10630099.000.000) 11/11 11:44:31 Image size of job updated: 205284
	102  -  MemoryUsage of job (MB)
	103896  -  ResidentSetSize of job (KB)
...
006 (10630099.000.000) 11/11 11:47:34 Image size of job updated: 2503544
	102  -  MemoryUsage of job (MB)
	103944  -  ResidentSetSize of job (KB)
...
040 (10630099.000.000) 11/11 11:47:34 Started transferring output files
...
040 (10630099.000.000) 11/11 11:47:34 Finished transferring output files
...
005 (10630099.000.000) 11/11 11:47:34 Job terminated.
	(1) Normal termination (return value 0)
		Usr 0 00:02:17, Sys 0 00:00:26  -  Run Remote Usage
		Usr 0 00:00:00, Sys 0 00:00:00  -  Run Local Usage
		Usr 0 00:02:17, Sys 0 00:00:26  -  Total Remote Usage
		Usr 0 00:00:00, Sys 0 00:00:00  -  Total Local Usage
	392731  -  Run Bytes Sent By Job
	1598  -  Run Bytes Received By Job
	392731  -  Total Bytes Sent By Job
	1598  -  Total Bytes Received By Job
	Partitionable Resources :    Usage  Request Allocated Assigned
	   Cpus                 :     1.12        6         6 
	   Disk (KB)            :   408           2      2048 
	   GPUs                 :                 1         1 "MIG-0289a0df-3087-5601-9e41-cbb90ce88294"
	   Memory (MB)          :   102       18000     18000 
	   TimeExecute (s)      :   196                       
	   TimeSlotBusy (s)     :   197                       

	Job terminated of its own accord at 2025-11-11T10:47:34Z with exit-code 0.
...
