000 (10630095.000.000) 11/11 11:25:53 Job submitted from host: <188.185.70.244:9618?addrs=188.185.70.244-9618+[2001-1458-d00-7--100-2ee]-9618&alias=bigbird10.cern.ch&noUDP&sock=schedd_3518298_5df3>
...
040 (10630095.000.000) 11/11 11:26:17 Started transferring input files
	Transferring to host: <188.185.190.44:9618?addrs=188.185.190.44-9618+[2001-1458-d03-b--100-18c]-9618&alias=b9pgpun054.cern.ch&noUDP&sock=slot1_1_8284_93ca_15160>
...
040 (10630095.000.000) 11/11 11:26:17 Finished transferring input files
...
001 (10630095.000.000) 11/11 11:26:19 Job executing on host: <188.185.190.44:9618?addrs=188.185.190.44-9618+[2001-1458-d03-b--100-18c]-9618&alias=b9pgpun054.cern.ch&noUDP&sock=startd_7122_ad97>
	SlotName: slot1_1@b9pgpun054.cern.ch
	AvailableGPUs = { GPUs_MIG_dc3768ee_55e9_54d9_994a_83088dca5c41 }
	CondorScratchDir = "/pool/condor/dir_912190"
	Cpus = 6
	Disk = 2048
	GPUs = 1
	GPUs_MIG_dc3768ee_55e9_54d9_994a_83088dca5c41 = [ Id = "MIG-dc3768ee-55e9-54d9-994a-83088dca5c41"; DeviceName = "NVIDIA H100L-1-12C MIG 1g.12gb"; DeviceUuid = "MIG-dc3768ee-55e9-54d9-994a-83088dca5c41"; ComputeUnits = 16; GlobalMemoryMb = 10564 ]
	Memory = 18000
...
006 (10630095.000.000) 11/11 11:26:33 Image size of job updated: 121044
	119  -  MemoryUsage of job (MB)
	121044  -  ResidentSetSize of job (KB)
...
006 (10630095.000.000) 11/11 11:27:33 Image size of job updated: 2553088
	119  -  MemoryUsage of job (MB)
	121108  -  ResidentSetSize of job (KB)
...
040 (10630095.000.000) 11/11 11:27:33 Started transferring output files
...
040 (10630095.000.000) 11/11 11:27:33 Finished transferring output files
...
005 (10630095.000.000) 11/11 11:27:33 Job terminated.
	(1) Normal termination (return value 1)
		Usr 0 00:00:12, Sys 0 00:00:09  -  Run Remote Usage
		Usr 0 00:00:00, Sys 0 00:00:00  -  Run Local Usage
		Usr 0 00:00:12, Sys 0 00:00:09  -  Total Remote Usage
		Usr 0 00:00:00, Sys 0 00:00:00  -  Total Local Usage
	17338  -  Run Bytes Sent By Job
	1598  -  Run Bytes Received By Job
	17338  -  Total Bytes Sent By Job
	1598  -  Total Bytes Received By Job
	Partitionable Resources :    Usage  Request Allocated Assigned
	   Cpus                 :        0        6         6 
	   Disk (KB)            :       42        2      2048 
	   GPUs                 :                 1         1 "MIG-dc3768ee-55e9-54d9-994a-83088dca5c41"
	   Memory (MB)          :      119    18000     18000 
	   TimeExecute (s)      :       75                    
	   TimeSlotBusy (s)     :       76                    

	Job terminated of its own accord at 2025-11-11T10:27:33Z with exit-code 1.
...
