000 (10282157.000.000) 11/11 17:49:38 Job submitted from host: <188.185.71.83:9618?addrs=188.185.71.83-9618+[2001-1458-d00-7--100-34d]-9618&alias=bigbird18.cern.ch&noUDP&sock=schedd_5052_d48c>
...
040 (10282157.000.000) 11/11 17:49:56 Started transferring input files
	Transferring to host: <188.185.190.68:9618?addrs=188.185.190.68-9618+[2001-1458-d03-b--100-270]-9618&alias=b9pgpun057.cern.ch&noUDP&sock=slot1_1_245122_5fa9_18112>
...
040 (10282157.000.000) 11/11 17:49:56 Finished transferring input files
...
001 (10282157.000.000) 11/11 17:49:57 Job executing on host: <188.185.190.68:9618?addrs=188.185.190.68-9618+[2001-1458-d03-b--100-270]-9618&alias=b9pgpun057.cern.ch&noUDP&sock=startd_239052_5df2>
	SlotName: slot1_1@b9pgpun057.cern.ch
	AvailableGPUs = { GPUs_MIG_4ee8c072_0e33_5af3_bffe_4452bef3705c }
	CondorScratchDir = "/pool/condor/dir_491427"
	Cpus = 7
	Disk = 2051
	GPUs = 1
	GPUs_MIG_4ee8c072_0e33_5af3_bffe_4452bef3705c = [ Id = "MIG-4ee8c072-0e33-5af3-bffe-4452bef3705c"; DeviceName = "NVIDIA H100L-2-24C MIG 2g.24gb"; DeviceUuid = "MIG-4ee8c072-0e33-5af3-bffe-4452bef3705c"; ComputeUnits = 32; GlobalMemoryMb = 21547 ]
	Memory = 21000
...
006 (10282157.000.000) 11/11 17:50:10 Image size of job updated: 175184
	172  -  MemoryUsage of job (MB)
	175184  -  ResidentSetSize of job (KB)
...
006 (10282157.000.000) 11/11 17:55:10 Image size of job updated: 2441824
	2383  -  MemoryUsage of job (MB)
	2439836  -  ResidentSetSize of job (KB)
...
006 (10282157.000.000) 11/11 18:00:11 Image size of job updated: 2464652
	2383  -  MemoryUsage of job (MB)
	2439836  -  ResidentSetSize of job (KB)
...
006 (10282157.000.000) 11/11 18:05:12 Image size of job updated: 2476500
	2399  -  MemoryUsage of job (MB)
	2456112  -  ResidentSetSize of job (KB)
...
006 (10282157.000.000) 11/11 18:10:12 Image size of job updated: 2512840
	2419  -  MemoryUsage of job (MB)
	2476208  -  ResidentSetSize of job (KB)
...
006 (10282157.000.000) 11/11 18:15:13 Image size of job updated: 2525512
	2467  -  MemoryUsage of job (MB)
	2525512  -  ResidentSetSize of job (KB)
...
006 (10282157.000.000) 11/11 18:20:14 Image size of job updated: 2532508
	2474  -  MemoryUsage of job (MB)
	2532508  -  ResidentSetSize of job (KB)
...
006 (10282157.000.000) 11/11 18:25:14 Image size of job updated: 2547116
	2488  -  MemoryUsage of job (MB)
	2547116  -  ResidentSetSize of job (KB)
...
006 (10282157.000.000) 11/11 18:30:14 Image size of job updated: 2553552
	2494  -  MemoryUsage of job (MB)
	2553552  -  ResidentSetSize of job (KB)
...
006 (10282157.000.000) 11/11 18:35:15 Image size of job updated: 2560064
	2501  -  MemoryUsage of job (MB)
	2560064  -  ResidentSetSize of job (KB)
...
006 (10282157.000.000) 11/11 18:36:52 Image size of job updated: 2563432
	2501  -  MemoryUsage of job (MB)
	2560064  -  ResidentSetSize of job (KB)
...
040 (10282157.000.000) 11/11 18:36:52 Started transferring output files
...
040 (10282157.000.000) 11/11 18:36:54 Finished transferring output files
...
005 (10282157.000.000) 11/11 18:36:54 Job terminated.
	(1) Normal termination (return value 0)
		Usr 0 10:07:09, Sys 0 00:19:28  -  Run Remote Usage
		Usr 0 00:00:00, Sys 0 00:00:00  -  Run Local Usage
		Usr 0 10:07:09, Sys 0 00:19:28  -  Total Remote Usage
		Usr 0 00:00:00, Sys 0 00:00:00  -  Total Local Usage
	4541327  -  Run Bytes Sent By Job
	1598  -  Run Bytes Received By Job
	4541327  -  Total Bytes Sent By Job
	1598  -  Total Bytes Received By Job
	Partitionable Resources :    Usage  Request Allocated Assigned
	   Cpus                 :    14.18        7         7 
	   Disk (KB)            :  4460           2      2051 
	   GPUs                 :                 1         1 "MIG-4ee8c072-0e33-5af3-bffe-4452bef3705c"
	   Memory (MB)          :  2501       21000     21000 
	   TimeExecute (s)      :  2815                       
	   TimeSlotBusy (s)     :  2819                       

	Job terminated of its own accord at 2025-11-11T17:36:52Z with exit-code 0.
...
