000 (10630094.000.000) 11/11 11:25:48 Job submitted from host: <188.185.70.244:9618?addrs=188.185.70.244-9618+[2001-1458-d00-7--100-2ee]-9618&alias=bigbird10.cern.ch&noUDP&sock=schedd_3518298_5df3>
...
040 (10630094.000.000) 11/11 11:26:17 Started transferring input files
	Transferring to host: <188.185.190.9:9618?addrs=188.185.190.9-9618+[2001-1458-d03-b--100-2ee]-9618&alias=b9pgpun017.cern.ch&noUDP&sock=slot1_1_5192_fbcc_32265>
...
040 (10630094.000.000) 11/11 11:26:17 Finished transferring input files
...
001 (10630094.000.000) 11/11 11:26:19 Job executing on host: <188.185.190.9:9618?addrs=188.185.190.9-9618+[2001-1458-d03-b--100-2ee]-9618&alias=b9pgpun017.cern.ch&noUDP&sock=startd_5143_3faa>
	SlotName: slot1_1@b9pgpun017.cern.ch
	AvailableGPUs = { GPUs_MIG_f1006707_8f31_5b15_89c9_24579fb9df7c }
	CondorScratchDir = "/pool/condor/dir_816049"
	Cpus = 6
	Disk = 2048
	GPUs = 1
	GPUs_MIG_f1006707_8f31_5b15_89c9_24579fb9df7c = [ Id = "MIG-f1006707-8f31-5b15-89c9-24579fb9df7c"; DeviceName = "NVIDIA H100L-1-12C MIG 1g.12gb"; DeviceUuid = "MIG-f1006707-8f31-5b15-89c9-24579fb9df7c"; ComputeUnits = 16; GlobalMemoryMb = 10564 ]
	Memory = 18000
...
006 (10630094.000.000) 11/11 11:26:28 Image size of job updated: 217492
	213  -  MemoryUsage of job (MB)
	217492  -  ResidentSetSize of job (KB)
...
006 (10630094.000.000) 11/11 11:27:35 Image size of job updated: 2545068
	213  -  MemoryUsage of job (MB)
	217492  -  ResidentSetSize of job (KB)
...
040 (10630094.000.000) 11/11 11:27:35 Started transferring output files
...
040 (10630094.000.000) 11/11 11:27:35 Finished transferring output files
...
005 (10630094.000.000) 11/11 11:27:35 Job terminated.
	(1) Normal termination (return value 1)
		Usr 0 00:00:12, Sys 0 00:00:09  -  Run Remote Usage
		Usr 0 00:00:00, Sys 0 00:00:00  -  Run Local Usage
		Usr 0 00:00:12, Sys 0 00:00:09  -  Total Remote Usage
		Usr 0 00:00:00, Sys 0 00:00:00  -  Total Local Usage
	17326  -  Run Bytes Sent By Job
	1598  -  Run Bytes Received By Job
	17326  -  Total Bytes Sent By Job
	1598  -  Total Bytes Received By Job
	Partitionable Resources :    Usage  Request Allocated Assigned
	   Cpus                 :        0        6         6 
	   Disk (KB)            :       42        2      2048 
	   GPUs                 :                 1         1 "MIG-f1006707-8f31-5b15-89c9-24579fb9df7c"
	   Memory (MB)          :      213    18000     18000 
	   TimeExecute (s)      :       77                    
	   TimeSlotBusy (s)     :       78                    

	Job terminated of its own accord at 2025-11-11T10:27:35Z with exit-code 1.
...
