000 (10630294.000.000) 11/11 13:33:22 Job submitted from host: <188.185.70.244:9618?addrs=188.185.70.244-9618+[2001-1458-d00-7--100-2ee]-9618&alias=bigbird10.cern.ch&noUDP&sock=schedd_3518298_5df3>
...
040 (10630294.000.000) 11/11 13:33:31 Started transferring input files
	Transferring to host: <188.185.190.56:9618?addrs=188.185.190.56-9618+[2001-1458-d03-b--100-20b]-9618&alias=b9pgpun204.cern.ch&noUDP&sock=slot1_1_5370_6693_519>
...
040 (10630294.000.000) 11/11 13:33:31 Finished transferring input files
...
001 (10630294.000.000) 11/11 13:33:32 Job executing on host: <188.185.190.56:9618?addrs=188.185.190.56-9618+[2001-1458-d03-b--100-20b]-9618&alias=b9pgpun204.cern.ch&noUDP&sock=startd_5323_b6b6>
	SlotName: slot1_1@b9pgpun204.cern.ch
	AvailableGPUs = { GPUs_MIG_785f1036_02a2_5242_b3ec_adc5d18df03d }
	CondorScratchDir = "/pool/condor/dir_224964"
	Cpus = 8
	Disk = 2048
	GPUs = 1
	GPUs_MIG_785f1036_02a2_5242_b3ec_adc5d18df03d = [ Id = "MIG-785f1036-02a2-5242-b3ec-adc5d18df03d"; DeviceName = "NVIDIA H100L-2-24C MIG 2g.24gb"; DeviceUuid = "MIG-785f1036-02a2-5242-b3ec-adc5d18df03d"; ComputeUnits = 32; GlobalMemoryMb = 21547 ]
	Memory = 24600
...
006 (10630294.000.000) 11/11 13:33:45 Image size of job updated: 254656
	249  -  MemoryUsage of job (MB)
	254656  -  ResidentSetSize of job (KB)
...
006 (10630294.000.000) 11/11 13:38:45 Image size of job updated: 11865108
	5796  -  MemoryUsage of job (MB)
	5934448  -  ResidentSetSize of job (KB)
...
006 (10630294.000.000) 11/11 13:43:46 Image size of job updated: 11865108
	6916  -  MemoryUsage of job (MB)
	7081420  -  ResidentSetSize of job (KB)
...
006 (10630294.000.000) 11/11 13:48:47 Image size of job updated: 11865108
	6928  -  MemoryUsage of job (MB)
	7094184  -  ResidentSetSize of job (KB)
...
040 (10630294.000.000) 11/11 13:52:38 Started transferring output files
...
040 (10630294.000.000) 11/11 13:52:38 Finished transferring output files
...
005 (10630294.000.000) 11/11 13:52:38 Job terminated.
	(1) Normal termination (return value 0)
		Usr 0 00:15:15, Sys 0 00:01:48  -  Run Remote Usage
		Usr 0 00:00:00, Sys 0 00:00:00  -  Run Local Usage
		Usr 0 00:15:15, Sys 0 00:01:48  -  Total Remote Usage
		Usr 0 00:00:00, Sys 0 00:00:00  -  Total Local Usage
	2822267  -  Run Bytes Sent By Job
	1598  -  Run Bytes Received By Job
	2822267  -  Total Bytes Sent By Job
	1598  -  Total Bytes Received By Job
	Partitionable Resources :    Usage  Request Allocated Assigned
	   Cpus                 :     1.14        8         8 
	   Disk (KB)            :  2781           2      2048 
	   GPUs                 :                 1         1 "MIG-785f1036-02a2-5242-b3ec-adc5d18df03d"
	   Memory (MB)          :  6928       24576     24600 
	   TimeExecute (s)      :  1146                       
	   TimeSlotBusy (s)     :  1148                       

	Job terminated of its own accord at 2025-11-11T12:52:38Z with exit-code 0.
...
