=========================================
3-PLANE ED TRAINING - HTCondor Job
=========================================
Job started at: Tue Nov 11 11:26:25 AM CET 2025
Running on host: b9pgpun054.cern.ch
JSON config: electron_direction/json/three_plane_v9_10k.json
=========================================
Setting up environment using init.sh...
✓ Sourced LCG environment: LCG_106_cuda/x86_64-el9-gcc11-opt
✓ Added local packages to PYTHONPATH
[0;34m[INFO][0m ML for Pointing Environment
[0;34m[INFO][0m Repository: /afs/cern.ch/work/e/evilla/private/dune/refactor_ml
[0;34m[INFO][0m Python modules: /afs/cern.ch/work/e/evilla/private/dune/refactor_ml/python
[0;34m[INFO][0m Data directory: /eos/home-e/evilla/dune/sn-tps/images_test
[0;34m[INFO][0m Output directory: /eos/user/e/evilla/dune/sn-tps/neural_networks
[0;34m[INFO][0m Python version: 3.11.9
[0;32m[SUCCESS][0m TensorFlow 2.16.1 is available

GPU Information:
Tue Nov 11 11:26:42 2025       
+-----------------------------------------------------------------------------------------+
| NVIDIA-SMI 570.133.20             Driver Version: 570.133.20     CUDA Version: 12.8     |
|-----------------------------------------+------------------------+----------------------+
| GPU  Name                 Persistence-M | Bus-Id          Disp.A | Volatile Uncorr. ECC |
| Fan  Temp   Perf          Pwr:Usage/Cap |           Memory-Usage | GPU-Util  Compute M. |
|                                         |                        |               MIG M. |
|=========================================+========================+======================|
|   0  NVIDIA H100L-1-12C             On  |   00000000:06:00.0 Off |                   On |
| N/A   N/A    P0            N/A  /  N/A  |       1MiB /  12288MiB |     N/A      Default |
|                                         |                        |              Enabled |
+-----------------------------------------+------------------------+----------------------+

+-----------------------------------------------------------------------------------------+
| MIG devices:                                                                            |
+------------------+----------------------------------+-----------+-----------------------+
| GPU  GI  CI  MIG |                     Memory-Usage |        Vol|        Shared         |
|      ID  ID  Dev |                       BAR1-Usage | SM     Unc| CE ENC  DEC  OFA  JPG |
|                  |                                  |        ECC|                       |
|==================+==================================+===========+=======================|
|  0    0   0   0  |               1MiB / 10565MiB    | 16      0 |  1   0    1    0    1 |
|                  |                 0MiB /  4096MiB  |           |                       |
+------------------+----------------------------------+-----------+-----------------------+
                                                                                         
+-----------------------------------------------------------------------------------------+
| Processes:                                                                              |
|  GPU   GI   CI              PID   Type   Process name                        GPU Memory |
|        ID   ID                                                               Usage      |
|=========================================================================================|
|  No running processes found                                                             |
+-----------------------------------------------------------------------------------------+

Working directory: /afs/cern.ch/work/e/evilla/private/dune/refactor_ml
PYTHONPATH: /afs/cern.ch/work/e/evilla/private/dune/refactor_ml/local_packages/lib/python3.11/site-packages:/afs/cern.ch/work/e/evilla/private/dune/refactor_ml/python:/cvmfs/sft.cern.ch/lcg/views/LCG_106_cuda/x86_64-el9-gcc11-opt/lib/python3.11/site-packages/itk:/cvmfs/sft.cern.ch/lcg/views/LCG_106_cuda/x86_64-el9-gcc11-opt/python:/cvmfs/sft.cern.ch/lcg/views/LCG_106_cuda/x86_64-el9-gcc11-opt/lib:/cvmfs/sft.cern.ch/lcg/views/LCG_106_cuda/x86_64-el9-gcc11-opt/lib/python3.11/site-packages

Starting training...
Command: python3 electron_direction/models/train_three_plane_simple.py -j electron_direction/json/three_plane_v9_10k.json

======================================================================
THREE-PLANE ELECTRON DIRECTION TRAINING (SIMPLE)
======================================================================
Config: electron_direction/json/three_plane_v9_10k.json
Version: v9_10k

======================================================================
STEP 1: LOADING DATA
======================================================================
Data directory: /eos/user/e/evilla/dune/sn-tps/production_es/cluster_images_nov11/
Max samples: 10000

Loading 3-plane matched data from: /eos/user/e/evilla/dune/sn-tps/production_es/cluster_images_nov11
Found 4239 X-plane files
  Processed 100/4239 files, found 4017 matched samples
  Processed 200/4239 files, found 8019 matched samples

✓ Loaded 10000 3-plane matched samples from 249 files
Shuffling dataset...

Data shapes:
  U images: (10000, 128, 32)
  V images: (10000, 128, 32)
  X images: (10000, 128, 32)
  Directions: (10000, 3)

Added channel dimension:
  New shapes: (10000, 128, 32, 1), (10000, 128, 32, 1), (10000, 128, 32, 1)

Train/Val split:
  Train: 8000 samples
  Val:   2000 samples

======================================================================
STEP 2: BUILDING MODEL
======================================================================
Architecture: 3-plane CNN with branches
  Conv layers per branch: 3
  Filters: 32
  Kernel size: 3
  Dense layers: 2
  Dense units: 256
  Loss: focal_angular
  Learning rate: 0.001

