000 (10630204.000.000) 11/11 12:21:50 Job submitted from host: <188.185.70.244:9618?addrs=188.185.70.244-9618+[2001-1458-d00-7--100-2ee]-9618&alias=bigbird10.cern.ch&noUDP&sock=schedd_3518298_5df3>
...
040 (10630204.000.000) 11/11 12:22:55 Started transferring input files
	Transferring to host: <188.185.190.56:9618?addrs=188.185.190.56-9618+[2001-1458-d03-b--100-20b]-9618&alias=b9pgpun204.cern.ch&noUDP&sock=slot1_1_5370_6693_486>
...
040 (10630204.000.000) 11/11 12:22:55 Finished transferring input files
...
001 (10630204.000.000) 11/11 12:22:56 Job executing on host: <188.185.190.56:9618?addrs=188.185.190.56-9618+[2001-1458-d03-b--100-20b]-9618&alias=b9pgpun204.cern.ch&noUDP&sock=startd_5323_b6b6>
	SlotName: slot1_1@b9pgpun204.cern.ch
	AvailableGPUs = { GPUs_MIG_785f1036_02a2_5242_b3ec_adc5d18df03d }
	CondorScratchDir = "/pool/condor/dir_219978"
	Cpus = 8
	Disk = 2048
	GPUs = 1
	GPUs_MIG_785f1036_02a2_5242_b3ec_adc5d18df03d = [ Id = "MIG-785f1036-02a2-5242-b3ec-adc5d18df03d"; DeviceName = "NVIDIA H100L-2-24C MIG 2g.24gb"; DeviceUuid = "MIG-785f1036-02a2-5242-b3ec-adc5d18df03d"; ComputeUnits = 32; GlobalMemoryMb = 21547 ]
	Memory = 24600
...
006 (10630204.000.000) 11/11 12:23:10 Image size of job updated: 440
	1  -  MemoryUsage of job (MB)
	440  -  ResidentSetSize of job (KB)
...
006 (10630204.000.000) 11/11 12:28:11 Image size of job updated: 1523992
	1489  -  MemoryUsage of job (MB)
	1523992  -  ResidentSetSize of job (KB)
...
006 (10630204.000.000) 11/11 12:32:04 Image size of job updated: 11799416
	1489  -  MemoryUsage of job (MB)
	1523992  -  ResidentSetSize of job (KB)
...
040 (10630204.000.000) 11/11 12:32:04 Started transferring output files
...
040 (10630204.000.000) 11/11 12:32:04 Finished transferring output files
...
005 (10630204.000.000) 11/11 12:32:04 Job terminated.
	(1) Normal termination (return value 1)
		Usr 0 00:00:28, Sys 0 00:00:19  -  Run Remote Usage
		Usr 0 00:00:00, Sys 0 00:00:00  -  Run Local Usage
		Usr 0 00:00:28, Sys 0 00:00:19  -  Total Remote Usage
		Usr 0 00:00:00, Sys 0 00:00:00  -  Total Local Usage
	37889  -  Run Bytes Sent By Job
	1598  -  Run Bytes Received By Job
	37889  -  Total Bytes Sent By Job
	1598  -  Total Bytes Received By Job
	Partitionable Resources :    Usage  Request Allocated Assigned
	   Cpus                 :        0        8         8 
	   Disk (KB)            :       62        2      2048 
	   GPUs                 :                 1         1 "MIG-785f1036-02a2-5242-b3ec-adc5d18df03d"
	   Memory (MB)          :     1489    24576     24600 
	   TimeExecute (s)      :      548                    
	   TimeSlotBusy (s)     :      553                    

	Job terminated of its own accord at 2025-11-11T11:32:04Z with exit-code 1.
...
