000 (10630205.000.000) 11/11 12:21:51 Job submitted from host: <188.185.70.244:9618?addrs=188.185.70.244-9618+[2001-1458-d00-7--100-2ee]-9618&alias=bigbird10.cern.ch&noUDP&sock=schedd_3518298_5df3>
...
040 (10630205.000.000) 11/11 12:22:52 Started transferring input files
	Transferring to host: <188.185.190.52:9618?addrs=188.185.190.52-9618+[2001-1458-d03-b--100-154]-9618&alias=b9pgpun201.cern.ch&noUDP&sock=slot1_1_601522_6a46_8687>
...
040 (10630205.000.000) 11/11 12:22:52 Finished transferring input files
...
001 (10630205.000.000) 11/11 12:22:53 Job executing on host: <188.185.190.52:9618?addrs=188.185.190.52-9618+[2001-1458-d03-b--100-154]-9618&alias=b9pgpun201.cern.ch&noUDP&sock=startd_260750_63e5>
	SlotName: slot1_1@b9pgpun201.cern.ch
	AvailableGPUs = { GPUs_MIG_d27f6952_8765_5e96_8f1d_b50ea6be44cb }
	CondorScratchDir = "/pool/condor/dir_784676"
	Cpus = 8
	Disk = 2049
	GPUs = 1
	GPUs_MIG_d27f6952_8765_5e96_8f1d_b50ea6be44cb = [ Id = "MIG-d27f6952-8765-5e96-8f1d-b50ea6be44cb"; DeviceName = "NVIDIA H100L-2-24C MIG 2g.24gb"; DeviceUuid = "MIG-d27f6952-8765-5e96-8f1d-b50ea6be44cb"; ComputeUnits = 32; GlobalMemoryMb = 21547 ]
	Memory = 24600
...
006 (10630205.000.000) 11/11 12:23:06 Image size of job updated: 261752
	256  -  MemoryUsage of job (MB)
	261752  -  ResidentSetSize of job (KB)
...
006 (10630205.000.000) 11/11 12:28:06 Image size of job updated: 1648396
	1610  -  MemoryUsage of job (MB)
	1648396  -  ResidentSetSize of job (KB)
...
006 (10630205.000.000) 11/11 12:32:02 Image size of job updated: 12625292
	1610  -  MemoryUsage of job (MB)
	1648396  -  ResidentSetSize of job (KB)
...
040 (10630205.000.000) 11/11 12:32:02 Started transferring output files
...
040 (10630205.000.000) 11/11 12:32:02 Finished transferring output files
...
005 (10630205.000.000) 11/11 12:32:02 Job terminated.
	(1) Normal termination (return value 1)
		Usr 0 00:00:26, Sys 0 00:00:19  -  Run Remote Usage
		Usr 0 00:00:00, Sys 0 00:00:00  -  Run Local Usage
		Usr 0 00:00:26, Sys 0 00:00:19  -  Total Remote Usage
		Usr 0 00:00:00, Sys 0 00:00:00  -  Total Local Usage
	38005  -  Run Bytes Sent By Job
	1598  -  Run Bytes Received By Job
	38005  -  Total Bytes Sent By Job
	1598  -  Total Bytes Received By Job
	Partitionable Resources :    Usage  Request Allocated Assigned
	   Cpus                 :                 8         8 
	   Disk (KB)            :       54        2      2049 
	   GPUs                 :                 1         1 "MIG-d27f6952-8765-5e96-8f1d-b50ea6be44cb"
	   Memory (MB)          :     1610    24576     24600 
	   TimeExecute (s)      :      549                    
	   TimeSlotBusy (s)     :      550                    

	Job terminated of its own accord at 2025-11-11T11:32:02Z with exit-code 1.
...
