000 (13737405.000.000) 11/12 11:23:12 Job submitted from host: <188.184.90.62:9618?addrs=188.184.90.62-9618+[2001-1458-201-e4--100-238]-9618&alias=bigbird16.cern.ch&noUDP&sock=schedd_2089_756e>
...
040 (13737405.000.000) 11/12 11:26:46 Started transferring input files
	Transferring to host: <188.185.190.108:9618?addrs=188.185.190.108-9618+[2001-1458-d03-b--100-2ff]-9618&alias=b9pgpun015.cern.ch&noUDP&sock=slot1_4_17166_bff3_4876>
...
040 (13737405.000.000) 11/12 11:26:47 Finished transferring input files
...
001 (13737405.000.000) 11/12 11:26:48 Job executing on host: <188.185.190.108:9618?addrs=188.185.190.108-9618+[2001-1458-d03-b--100-2ff]-9618&alias=b9pgpun015.cern.ch&noUDP&sock=startd_16497_25f7>
	SlotName: slot1_4@b9pgpun015.cern.ch
	AvailableGPUs = { GPUs_GPU_6c758778 }
	CondorScratchDir = "/pool/condor/dir_3933553"
	Cpus = 6
	Disk = 10491960
	GPUs = 1
	GPUs_GPU_6c758778 = [ Id = "GPU-6c758778"; ClockMhz = 1785.0; Capability = 9.0; CoresPerCU = 128; DeviceName = "NVIDIA H100 NVL"; DeviceUuid = "6c758778-f190-832d-194b-c3fac08a8c33"; ECCEnabled = true; ComputeUnits = 132; DriverVersion = 13.0; DevicePciBusId = "0000:AE:00.0"; GlobalMemoryMb = 95320; MaxSupportedVersion = 13000 ]
	Memory = 18000
...
006 (13737405.000.000) 11/12 11:27:01 Image size of job updated: 161540
	158  -  MemoryUsage of job (MB)
	161540  -  ResidentSetSize of job (KB)
...
006 (13737405.000.000) 11/12 11:32:01 Image size of job updated: 10645704
	10397  -  MemoryUsage of job (MB)
	10645704  -  ResidentSetSize of job (KB)
...
006 (13737405.000.000) 11/12 11:37:02 Image size of job updated: 21445504
	20943  -  MemoryUsage of job (MB)
	21445504  -  ResidentSetSize of job (KB)
...
006 (13737405.000.000) 11/12 11:42:02 Image size of job updated: 31394476
	30659  -  MemoryUsage of job (MB)
	31394476  -  ResidentSetSize of job (KB)
...
006 (13737405.000.000) 11/12 11:47:03 Image size of job updated: 36473296
	30659  -  MemoryUsage of job (MB)
	31394476  -  ResidentSetSize of job (KB)
...
040 (13737405.000.000) 11/12 12:06:35 Started transferring output files
...
040 (13737405.000.000) 11/12 12:06:49 Finished transferring output files
...
005 (13737405.000.000) 11/12 12:06:49 Job terminated.
	(1) Normal termination (return value 0)
		Usr 0 00:23:01, Sys 0 00:01:49  -  Run Remote Usage
		Usr 0 00:00:00, Sys 0 00:00:00  -  Run Local Usage
		Usr 0 00:23:01, Sys 0 00:01:49  -  Total Remote Usage
		Usr 0 00:00:00, Sys 0 00:00:00  -  Total Local Usage
	4189168  -  Run Bytes Sent By Job
	1598  -  Run Bytes Received By Job
	4189168  -  Total Bytes Sent By Job
	1598  -  Total Bytes Received By Job
	Partitionable Resources :    Usage  Request Allocated Assigned
	   Cpus                 :     1.16        6         6 
	   Disk (KB)            :  4118    10485760  10491960 
	   GPUs                 :     0.18        1         1 "GPU-6c758778"
	   GpusMemory (MB)      : 94188                       
	   Memory (MB)          : 30659       18000     18000 
	   TimeExecute (s)      :  2387                       
	   TimeSlotBusy (s)     :  2405                       

	Job terminated of its own accord at 2025-11-12T11:06:35Z with exit-code 0.
...
