000 (10630100.000.000) 11/11 11:43:46 Job submitted from host: <188.185.70.244:9618?addrs=188.185.70.244-9618+[2001-1458-d00-7--100-2ee]-9618&alias=bigbird10.cern.ch&noUDP&sock=schedd_3518298_5df3>
...
040 (10630100.000.000) 11/11 11:44:17 Started transferring input files
	Transferring to host: <188.185.190.9:9618?addrs=188.185.190.9-9618+[2001-1458-d03-b--100-2ee]-9618&alias=b9pgpun017.cern.ch&noUDP&sock=slot1_1_5192_fbcc_32279>
...
040 (10630100.000.000) 11/11 11:44:17 Finished transferring input files
...
001 (10630100.000.000) 11/11 11:44:18 Job executing on host: <188.185.190.9:9618?addrs=188.185.190.9-9618+[2001-1458-d03-b--100-2ee]-9618&alias=b9pgpun017.cern.ch&noUDP&sock=startd_5143_3faa>
	SlotName: slot1_1@b9pgpun017.cern.ch
	AvailableGPUs = { GPUs_MIG_f1006707_8f31_5b15_89c9_24579fb9df7c }
	CondorScratchDir = "/pool/condor/dir_818756"
	Cpus = 6
	Disk = 2048
	GPUs = 1
	GPUs_MIG_f1006707_8f31_5b15_89c9_24579fb9df7c = [ Id = "MIG-f1006707-8f31-5b15-89c9-24579fb9df7c"; DeviceName = "NVIDIA H100L-1-12C MIG 1g.12gb"; DeviceUuid = "MIG-f1006707-8f31-5b15-89c9-24579fb9df7c"; ComputeUnits = 16; GlobalMemoryMb = 10564 ]
	Memory = 18000
...
006 (10630100.000.000) 11/11 11:44:31 Image size of job updated: 258928
	253  -  MemoryUsage of job (MB)
	258928  -  ResidentSetSize of job (KB)
...
006 (10630100.000.000) 11/11 11:47:17 Image size of job updated: 2499612
	253  -  MemoryUsage of job (MB)
	258932  -  ResidentSetSize of job (KB)
...
040 (10630100.000.000) 11/11 11:47:17 Started transferring output files
...
040 (10630100.000.000) 11/11 11:47:17 Finished transferring output files
...
005 (10630100.000.000) 11/11 11:47:17 Job terminated.
	(1) Normal termination (return value 0)
		Usr 0 00:02:01, Sys 0 00:00:23  -  Run Remote Usage
		Usr 0 00:00:00, Sys 0 00:00:00  -  Run Local Usage
		Usr 0 00:02:01, Sys 0 00:00:23  -  Total Remote Usage
		Usr 0 00:00:00, Sys 0 00:00:00  -  Total Local Usage
	327937  -  Run Bytes Sent By Job
	1598  -  Run Bytes Received By Job
	327937  -  Total Bytes Sent By Job
	1598  -  Total Bytes Received By Job
	Partitionable Resources :    Usage  Request Allocated Assigned
	   Cpus                 :        0        6         6 
	   Disk (KB)            :      345        2      2048 
	   GPUs                 :                 1         1 "MIG-f1006707-8f31-5b15-89c9-24579fb9df7c"
	   Memory (MB)          :      253    18000     18000 
	   TimeExecute (s)      :      179                    
	   TimeSlotBusy (s)     :      180                    

	Job terminated of its own accord at 2025-11-11T10:47:17Z with exit-code 0.
...
