000 (10630296.000.000) 11/11 13:33:22 Job submitted from host: <188.185.70.244:9618?addrs=188.185.70.244-9618+[2001-1458-d00-7--100-2ee]-9618&alias=bigbird10.cern.ch&noUDP&sock=schedd_3518298_5df3>
...
040 (10630296.000.000) 11/11 13:33:30 Started transferring input files
	Transferring to host: <188.185.190.74:9618?addrs=188.185.190.74-9618+[2001-1458-d03-b--100-f1]-9618&alias=b9pgpun034.cern.ch&noUDP&sock=slot1_1_260873_60c9_806>
...
040 (10630296.000.000) 11/11 13:33:30 Finished transferring input files
...
001 (10630296.000.000) 11/11 13:33:31 Job executing on host: <188.185.190.74:9618?addrs=188.185.190.74-9618+[2001-1458-d03-b--100-f1]-9618&alias=b9pgpun034.cern.ch&noUDP&sock=startd_253996_b53f>
	SlotName: slot1_1@b9pgpun034.cern.ch
	AvailableGPUs = { GPUs_MIG_b4ddd37d_cd00_538d_b5f4_1595f38e7b79 }
	CondorScratchDir = "/pool/condor/dir_641549"
	Cpus = 8
	Disk = 2049
	GPUs = 1
	GPUs_MIG_b4ddd37d_cd00_538d_b5f4_1595f38e7b79 = [ Id = "MIG-b4ddd37d-cd00-538d-b5f4-1595f38e7b79"; DeviceName = "NVIDIA H100L-2-24C MIG 2g.24gb"; DeviceUuid = "MIG-b4ddd37d-cd00-538d-b5f4-1595f38e7b79"; ComputeUnits = 32; GlobalMemoryMb = 21547 ]
	Memory = 24600
...
006 (10630296.000.000) 11/11 13:33:45 Image size of job updated: 258708
	253  -  MemoryUsage of job (MB)
	258708  -  ResidentSetSize of job (KB)
...
006 (10630296.000.000) 11/11 13:38:45 Image size of job updated: 12503716
	12211  -  MemoryUsage of job (MB)
	12503716  -  ResidentSetSize of job (KB)
...
006 (10630296.000.000) 11/11 13:43:45 Image size of job updated: 28451592
	27785  -  MemoryUsage of job (MB)
	28451592  -  ResidentSetSize of job (KB)
...
006 (10630296.000.000) 11/11 13:48:46 Image size of job updated: 29441948
	27789  -  MemoryUsage of job (MB)
	28455688  -  ResidentSetSize of job (KB)
...
040 (10630296.000.000) 11/11 14:01:33 Started transferring output files
...
040 (10630296.000.000) 11/11 14:01:33 Finished transferring output files
...
005 (10630296.000.000) 11/11 14:01:34 Job terminated.
	(1) Normal termination (return value 0)
		Usr 0 00:19:14, Sys 0 00:02:22  -  Run Remote Usage
		Usr 0 00:00:00, Sys 0 00:00:00  -  Run Local Usage
		Usr 0 00:19:14, Sys 0 00:02:22  -  Total Remote Usage
		Usr 0 00:00:00, Sys 0 00:00:00  -  Total Local Usage
	3487508  -  Run Bytes Sent By Job
	1598  -  Run Bytes Received By Job
	3487508  -  Total Bytes Sent By Job
	1598  -  Total Bytes Received By Job
	Partitionable Resources :    Usage  Request Allocated Assigned
	   Cpus                 :     1.11        8         8 
	   Disk (KB)            :  3431           2      2049 
	   GPUs                 :                 1         1 "MIG-b4ddd37d-cd00-538d-b5f4-1595f38e7b79"
	   Memory (MB)          : 27789       24576     24600 
	   TimeExecute (s)      :  1682                       
	   TimeSlotBusy (s)     :  1684                       

	Job terminated of its own accord at 2025-11-11T13:01:33Z with exit-code 0.
...
