000 (10630207.000.000) 11/11 12:21:51 Job submitted from host: <188.185.70.244:9618?addrs=188.185.70.244-9618+[2001-1458-d00-7--100-2ee]-9618&alias=bigbird10.cern.ch&noUDP&sock=schedd_3518298_5df3>
...
040 (10630207.000.000) 11/11 12:22:54 Started transferring input files
	Transferring to host: <188.185.190.22:9618?addrs=188.185.190.22-9618+[2001-1458-d03-b--100-82]-9618&alias=b9pgpun032.cern.ch&noUDP&sock=slot1_1_260364_bdd5_2710>
...
040 (10630207.000.000) 11/11 12:22:54 Finished transferring input files
...
001 (10630207.000.000) 11/11 12:22:55 Job executing on host: <188.185.190.22:9618?addrs=188.185.190.22-9618+[2001-1458-d03-b--100-82]-9618&alias=b9pgpun032.cern.ch&noUDP&sock=startd_254650_4c2f>
	SlotName: slot1_1@b9pgpun032.cern.ch
	AvailableGPUs = { GPUs_MIG_10819267_cb2b_50db_8d37_3de01d2f3533 }
	CondorScratchDir = "/pool/condor/dir_990090"
	Cpus = 8
	Disk = 2048
	GPUs = 1
	GPUs_MIG_10819267_cb2b_50db_8d37_3de01d2f3533 = [ Id = "MIG-10819267-cb2b-50db-8d37-3de01d2f3533"; DeviceName = "NVIDIA H100L-2-24C MIG 2g.24gb"; DeviceUuid = "MIG-10819267-cb2b-50db-8d37-3de01d2f3533"; ComputeUnits = 32; GlobalMemoryMb = 21547 ]
	Memory = 24600
...
006 (10630207.000.000) 11/11 12:23:08 Image size of job updated: 257648
	252  -  MemoryUsage of job (MB)
	257648  -  ResidentSetSize of job (KB)
...
006 (10630207.000.000) 11/11 12:28:08 Image size of job updated: 1089232
	1064  -  MemoryUsage of job (MB)
	1089232  -  ResidentSetSize of job (KB)
...
006 (10630207.000.000) 11/11 12:33:09 Image size of job updated: 15112756
	14759  -  MemoryUsage of job (MB)
	15112756  -  ResidentSetSize of job (KB)
...
006 (10630207.000.000) 11/11 12:36:56 Image size of job updated: 28369736
	14760  -  MemoryUsage of job (MB)
	15113336  -  ResidentSetSize of job (KB)
...
040 (10630207.000.000) 11/11 12:36:56 Started transferring output files
...
040 (10630207.000.000) 11/11 12:36:56 Finished transferring output files
...
005 (10630207.000.000) 11/11 12:36:56 Job terminated.
	(1) Normal termination (return value 1)
		Usr 0 00:00:44, Sys 0 00:00:37  -  Run Remote Usage
		Usr 0 00:00:00, Sys 0 00:00:00  -  Run Local Usage
		Usr 0 00:00:44, Sys 0 00:00:37  -  Total Remote Usage
		Usr 0 00:00:00, Sys 0 00:00:00  -  Total Local Usage
	38785  -  Run Bytes Sent By Job
	1598  -  Run Bytes Received By Job
	38785  -  Total Bytes Sent By Job
	1598  -  Total Bytes Received By Job
	Partitionable Resources :    Usage  Request Allocated Assigned
	   Cpus                 :     0.12        8         8 
	   Disk (KB)            :    63           2      2048 
	   GPUs                 :                 1         1 "MIG-10819267-cb2b-50db-8d37-3de01d2f3533"
	   Memory (MB)          : 14760       24576     24600 
	   TimeExecute (s)      :   841                       
	   TimeSlotBusy (s)     :   844                       

	Job terminated of its own accord at 2025-11-11T11:36:56Z with exit-code 1.
...
