000 (13722800.000.000) 11/12 00:54:32 Job submitted from host: <188.184.90.62:9618?addrs=188.184.90.62-9618+[2001-1458-201-e4--100-238]-9618&alias=bigbird16.cern.ch&noUDP&sock=schedd_2089_756e>
...
040 (13722800.000.000) 11/12 00:59:45 Started transferring input files
	Transferring to host: <188.185.238.10:9618?addrs=188.185.238.10-9618+[2001-1458-303-28--100-6]-9618&alias=b9pgpun002.cern.ch&noUDP&sock=slot1_2_16931_2bca_4552>
...
040 (13722800.000.000) 11/12 00:59:45 Finished transferring input files
...
001 (13722800.000.000) 11/12 00:59:46 Job executing on host: <188.185.238.10:9618?addrs=188.185.238.10-9618+[2001-1458-303-28--100-6]-9618&alias=b9pgpun002.cern.ch&noUDP&sock=startd_16289_7a44>
	SlotName: slot1_2@b9pgpun002.cern.ch
	AvailableGPUs = { GPUs_GPU_195dba93 }
	CondorScratchDir = "/pool/condor/dir_554604"
	Cpus = 22
	Disk = 6923
	GPUs = 1
	GPUs_GPU_195dba93 = [ Id = "GPU-195dba93"; ClockMhz = 1785.0; Capability = 9.0; CoresPerCU = 128; DeviceName = "NVIDIA H100 NVL"; DeviceUuid = "195dba93-e951-b119-dea3-1f3b18bdda48"; ECCEnabled = true; ComputeUnits = 132; DriverVersion = 13.0; DevicePciBusId = "0000:3B:00.0"; GlobalMemoryMb = 95320; MaxSupportedVersion = 13000 ]
	Memory = 66000
...
006 (13722800.000.000) 11/12 01:00:00 Image size of job updated: 253180
	248  -  MemoryUsage of job (MB)
	253180  -  ResidentSetSize of job (KB)
...
006 (13722800.000.000) 11/12 01:05:01 Image size of job updated: 13504444
	13188  -  MemoryUsage of job (MB)
	13504444  -  ResidentSetSize of job (KB)
...
006 (13722800.000.000) 11/12 01:10:02 Image size of job updated: 25642452
	25042  -  MemoryUsage of job (MB)
	25642452  -  ResidentSetSize of job (KB)
...
006 (13722800.000.000) 11/12 01:15:02 Image size of job updated: 37246632
	36374  -  MemoryUsage of job (MB)
	37246632  -  ResidentSetSize of job (KB)
...
006 (13722800.000.000) 11/12 01:20:03 Image size of job updated: 42146136
	36374  -  MemoryUsage of job (MB)
	37246632  -  ResidentSetSize of job (KB)
...
040 (13722800.000.000) 11/12 01:25:00 Started transferring output files
...
040 (13722800.000.000) 11/12 01:25:00 Finished transferring output files
...
005 (13722800.000.000) 11/12 01:25:00 Job terminated.
	(1) Normal termination (return value 0)
		Usr 0 00:11:13, Sys 0 00:01:01  -  Run Remote Usage
		Usr 0 00:00:00, Sys 0 00:00:00  -  Run Local Usage
		Usr 0 00:11:13, Sys 0 00:01:01  -  Total Remote Usage
		Usr 0 00:00:00, Sys 0 00:00:00  -  Total Local Usage
	1789636  -  Run Bytes Sent By Job
	1598  -  Run Bytes Received By Job
	1789636  -  Total Bytes Sent By Job
	1598  -  Total Bytes Received By Job
	Partitionable Resources :    Usage  Request Allocated Assigned
	   Cpus                 :     1.12       22        22 
	   Disk (KB)            :  1774           2      6923 
	   GPUs                 :     0.18        1         1 "GPU-195dba93"
	   GpusMemory (MB)      : 94188                       
	   Memory (MB)          : 36374       66000     66000 
	   TimeExecute (s)      :  1513                       
	   TimeSlotBusy (s)     :  1516                       

	Job terminated of its own accord at 2025-11-12T00:24:59Z with exit-code 0.
...
