000 (10282540.000.000) 11/11 17:51:54 Job submitted from host: <188.185.71.83:9618?addrs=188.185.71.83-9618+[2001-1458-d00-7--100-34d]-9618&alias=bigbird18.cern.ch&noUDP&sock=schedd_5052_d48c>
...
040 (10282540.000.000) 11/11 19:15:39 Started transferring input files
	Transferring to host: <188.184.195.60:9618?addrs=188.184.195.60-9618+[2001-1458-301-72--100-40b]-9618&alias=b9g47n8368.cern.ch&noUDP&sock=slot1_1_17911_ab71_3676>
...
040 (10282540.000.000) 11/11 19:15:39 Finished transferring input files
...
001 (10282540.000.000) 11/11 19:15:40 Job executing on host: <188.184.195.60:9618?addrs=188.184.195.60-9618+[2001-1458-301-72--100-40b]-9618&alias=b9g47n8368.cern.ch&noUDP&sock=startd_17076_4b4d>
	SlotName: slot1_1@b9g47n8368.cern.ch
	AvailableGPUs = { GPUs_GPU_0d3184cb }
	CondorScratchDir = "/pool/condor/dir_1218810"
	Cpus = 11
	Disk = 2076
	GPUs = 1
	GPUs_GPU_0d3184cb = [ Id = "GPU-0d3184cb"; ClockMhz = 1590.0; Capability = 7.5; CoresPerCU = 64; DeviceName = "Tesla T4"; DeviceUuid = "0d3184cb-044b-6a85-e661-54a626111c00"; ECCEnabled = true; ComputeUnits = 40; DriverVersion = 13.0; DevicePciBusId = "0000:07:00.0"; GlobalMemoryMb = 14913; MaxSupportedVersion = 13000 ]
	Memory = 33000
...
006 (10282540.000.000) 11/11 19:15:53 Image size of job updated: 142344
	140  -  MemoryUsage of job (MB)
	142344  -  ResidentSetSize of job (KB)
...
006 (10282540.000.000) 11/11 19:20:53 Image size of job updated: 10089508
	9854  -  MemoryUsage of job (MB)
	10089508  -  ResidentSetSize of job (KB)
...
006 (10282540.000.000) 11/11 19:25:54 Image size of job updated: 21250172
	20753  -  MemoryUsage of job (MB)
	21250172  -  ResidentSetSize of job (KB)
...
006 (10282540.000.000) 11/11 19:30:55 Image size of job updated: 31124640
	30396  -  MemoryUsage of job (MB)
	31124640  -  ResidentSetSize of job (KB)
...
006 (10282540.000.000) 11/11 19:35:55 Image size of job updated: 49008164
	30396  -  MemoryUsage of job (MB)
	31124640  -  ResidentSetSize of job (KB)
...
040 (10282540.000.000) 11/11 22:21:55 Started transferring output files
...
040 (10282540.000.000) 11/11 22:21:56 Finished transferring output files
...
005 (10282540.000.000) 11/11 22:21:56 Job terminated.
	(1) Normal termination (return value 0)
		Usr 0 02:49:07, Sys 0 00:12:48  -  Run Remote Usage
		Usr 0 00:00:00, Sys 0 00:00:00  -  Run Local Usage
		Usr 0 02:49:07, Sys 0 00:12:48  -  Total Remote Usage
		Usr 0 00:00:00, Sys 0 00:00:00  -  Total Local Usage
	28988056  -  Run Bytes Sent By Job
	1598  -  Run Bytes Received By Job
	28988056  -  Total Bytes Sent By Job
	1598  -  Total Bytes Received By Job
	Partitionable Resources :    Usage  Request Allocated Assigned
	   Cpus                 :     1.06       11        11 
	   Disk (KB)            : 28334           2      2076 
	   GPUs                 :     0.77        1         1 "GPU-0d3184cb"
	   GpusMemory (MB)      : 14341                       
	   Memory (MB)          : 30396       33000     33000 
	   TimeExecute (s)      : 11175                       
	   TimeSlotBusy (s)     : 11178                       

	Job terminated of its own accord at 2025-11-11T21:21:55Z with exit-code 0.
...
