000 (10630096.000.000) 11/11 11:34:34 Job submitted from host: <188.185.70.244:9618?addrs=188.185.70.244-9618+[2001-1458-d00-7--100-2ee]-9618&alias=bigbird10.cern.ch&noUDP&sock=schedd_3518298_5df3>
...
040 (10630096.000.000) 11/11 11:35:15 Started transferring input files
	Transferring to host: <188.185.190.46:9618?addrs=188.185.190.46-9618+[2001-1458-d03-b--100-21b]-9618&alias=b9pgpun051.cern.ch&noUDP&sock=slot1_1_8546_2e15_33021>
...
040 (10630096.000.000) 11/11 11:35:15 Finished transferring input files
...
001 (10630096.000.000) 11/11 11:35:16 Job executing on host: <188.185.190.46:9618?addrs=188.185.190.46-9618+[2001-1458-d03-b--100-21b]-9618&alias=b9pgpun051.cern.ch&noUDP&sock=startd_7379_f56e>
	SlotName: slot1_1@b9pgpun051.cern.ch
	AvailableGPUs = { GPUs_MIG_0289a0df_3087_5601_9e41_cbb90ce88294 }
	CondorScratchDir = "/pool/condor/dir_706627"
	Cpus = 6
	Disk = 2048
	GPUs = 1
	GPUs_MIG_0289a0df_3087_5601_9e41_cbb90ce88294 = [ Id = "MIG-0289a0df-3087-5601-9e41-cbb90ce88294"; DeviceName = "NVIDIA H100L-1-12C MIG 1g.12gb"; DeviceUuid = "MIG-0289a0df-3087-5601-9e41-cbb90ce88294"; ComputeUnits = 16; GlobalMemoryMb = 10564 ]
	Memory = 18000
...
006 (10630096.000.000) 11/11 11:35:30 Image size of job updated: 194480
	130  -  MemoryUsage of job (MB)
	132568  -  ResidentSetSize of job (KB)
...
006 (10630096.000.000) 11/11 11:38:36 Image size of job updated: 2528192
	130  -  MemoryUsage of job (MB)
	132768  -  ResidentSetSize of job (KB)
...
040 (10630096.000.000) 11/11 11:38:36 Started transferring output files
...
040 (10630096.000.000) 11/11 11:38:37 Finished transferring output files
...
005 (10630096.000.000) 11/11 11:38:37 Job terminated.
	(1) Normal termination (return value 0)
		Usr 0 00:02:24, Sys 0 00:00:27  -  Run Remote Usage
		Usr 0 00:00:00, Sys 0 00:00:00  -  Run Local Usage
		Usr 0 00:02:24, Sys 0 00:00:27  -  Total Remote Usage
		Usr 0 00:00:00, Sys 0 00:00:00  -  Total Local Usage
	426130  -  Run Bytes Sent By Job
	1598  -  Run Bytes Received By Job
	426130  -  Total Bytes Sent By Job
	1598  -  Total Bytes Received By Job
	Partitionable Resources :    Usage  Request Allocated Assigned
	   Cpus                 :        0        6         6 
	   Disk (KB)            :      441        2      2048 
	   GPUs                 :                 1         1 "MIG-0289a0df-3087-5601-9e41-cbb90ce88294"
	   Memory (MB)          :      130    18000     18000 
	   TimeExecute (s)      :      200                    
	   TimeSlotBusy (s)     :      202                    

	Job terminated of its own accord at 2025-11-11T10:38:36Z with exit-code 0.
...
