000 (10630206.000.000) 11/11 12:21:51 Job submitted from host: <188.185.70.244:9618?addrs=188.185.70.244-9618+[2001-1458-d00-7--100-2ee]-9618&alias=bigbird10.cern.ch&noUDP&sock=schedd_3518298_5df3>
...
040 (10630206.000.000) 11/11 12:22:52 Started transferring input files
	Transferring to host: <188.185.190.48:9618?addrs=188.185.190.48-9618+[2001-1458-d03-b--100-230]-9618&alias=b9pgpun037.cern.ch&noUDP&sock=slot1_1_240271_67c4_769>
...
040 (10630206.000.000) 11/11 12:22:52 Finished transferring input files
...
001 (10630206.000.000) 11/11 12:22:54 Job executing on host: <188.185.190.48:9618?addrs=188.185.190.48-9618+[2001-1458-d03-b--100-230]-9618&alias=b9pgpun037.cern.ch&noUDP&sock=startd_233660_e749>
	SlotName: slot1_1@b9pgpun037.cern.ch
	AvailableGPUs = { GPUs_MIG_ecbdaa06_9a3b_5e38_acba_14914049b6d9 }
	CondorScratchDir = "/pool/condor/dir_557200"
	Cpus = 8
	Disk = 2048
	GPUs = 1
	GPUs_MIG_ecbdaa06_9a3b_5e38_acba_14914049b6d9 = [ Id = "MIG-ecbdaa06-9a3b-5e38-acba-14914049b6d9"; DeviceName = "NVIDIA H100L-2-24C MIG 2g.24gb"; DeviceUuid = "MIG-ecbdaa06-9a3b-5e38-acba-14914049b6d9"; ComputeUnits = 32; GlobalMemoryMb = 21547 ]
	Memory = 24600
...
006 (10630206.000.000) 11/11 12:23:07 Image size of job updated: 254708
	249  -  MemoryUsage of job (MB)
	254708  -  ResidentSetSize of job (KB)
...
006 (10630206.000.000) 11/11 12:28:07 Image size of job updated: 1521980
	1487  -  MemoryUsage of job (MB)
	1521980  -  ResidentSetSize of job (KB)
...
006 (10630206.000.000) 11/11 12:33:07 Image size of job updated: 14988808
	14638  -  MemoryUsage of job (MB)
	14988808  -  ResidentSetSize of job (KB)
...
006 (10630206.000.000) 11/11 12:37:06 Image size of job updated: 29335204
	14638  -  MemoryUsage of job (MB)
	14988808  -  ResidentSetSize of job (KB)
...
040 (10630206.000.000) 11/11 12:37:06 Started transferring output files
...
040 (10630206.000.000) 11/11 12:37:06 Finished transferring output files
...
005 (10630206.000.000) 11/11 12:37:06 Job terminated.
	(1) Normal termination (return value 1)
		Usr 0 00:00:44, Sys 0 00:00:42  -  Run Remote Usage
		Usr 0 00:00:00, Sys 0 00:00:00  -  Run Local Usage
		Usr 0 00:00:44, Sys 0 00:00:42  -  Total Remote Usage
		Usr 0 00:00:00, Sys 0 00:00:00  -  Total Local Usage
	38758  -  Run Bytes Sent By Job
	1598  -  Run Bytes Received By Job
	38758  -  Total Bytes Sent By Job
	1598  -  Total Bytes Received By Job
	Partitionable Resources :    Usage  Request Allocated Assigned
	   Cpus                 :     0.06        8         8 
	   Disk (KB)            :    63           2      2048 
	   GPUs                 :                 1         1 "MIG-ecbdaa06-9a3b-5e38-acba-14914049b6d9"
	   Memory (MB)          : 14638       24576     24600 
	   TimeExecute (s)      :   853                       
	   TimeSlotBusy (s)     :   855                       

	Job terminated of its own accord at 2025-11-11T11:37:06Z with exit-code 1.
...
